18-Nov-2019 09:30:20.458 INFORMAÇÕES [main] org.apache.catalina.startup.VersionLoggerListener.log Server version:        Apache Tomcat/8.0.53
18-Nov-2019 09:30:20.605 INFORMAÇÕES [main] org.apache.catalina.startup.VersionLoggerListener.log Server built:          Jun 29 2018 14:42:45 UTC
18-Nov-2019 09:30:20.606 INFORMAÇÕES [main] org.apache.catalina.startup.VersionLoggerListener.log Server number:         8.0.53.0
18-Nov-2019 09:30:20.606 INFORMAÇÕES [main] org.apache.catalina.startup.VersionLoggerListener.log OS Name:               Windows 10
18-Nov-2019 09:30:20.606 INFORMAÇÕES [main] org.apache.catalina.startup.VersionLoggerListener.log OS Version:            10.0
18-Nov-2019 09:30:20.606 INFORMAÇÕES [main] org.apache.catalina.startup.VersionLoggerListener.log Architecture:          amd64
18-Nov-2019 09:30:20.606 INFORMAÇÕES [main] org.apache.catalina.startup.VersionLoggerListener.log Java Home:             C:\Program Files\Java\jdk1.8.0_101\jre
18-Nov-2019 09:30:20.606 INFORMAÇÕES [main] org.apache.catalina.startup.VersionLoggerListener.log JVM Version:           1.8.0_101-b13
18-Nov-2019 09:30:20.607 INFORMAÇÕES [main] org.apache.catalina.startup.VersionLoggerListener.log JVM Vendor:            Oracle Corporation
18-Nov-2019 09:30:20.607 INFORMAÇÕES [main] org.apache.catalina.startup.VersionLoggerListener.log CATALINA_BASE:         C:\Users\lucas queroz\Documents\NetBeansProjects\ARGUS ACAD\lib\apache-tomcat-8.0.53
18-Nov-2019 09:30:20.607 INFORMAÇÕES [main] org.apache.catalina.startup.VersionLoggerListener.log CATALINA_HOME:         C:\Users\lucas queroz\Documents\NetBeansProjects\ARGUS ACAD\lib\apache-tomcat-8.0.53
18-Nov-2019 09:30:20.608 INFORMAÇÕES [main] org.apache.catalina.startup.VersionLoggerListener.log Command line argument: -Djava.util.logging.config.file=C:\Users\lucas queroz\Documents\NetBeansProjects\ARGUS ACAD\lib\apache-tomcat-8.0.53\conf\logging.properties
18-Nov-2019 09:30:20.609 INFORMAÇÕES [main] org.apache.catalina.startup.VersionLoggerListener.log Command line argument: -Djava.util.logging.manager=org.apache.juli.ClassLoaderLogManager
18-Nov-2019 09:30:20.609 INFORMAÇÕES [main] org.apache.catalina.startup.VersionLoggerListener.log Command line argument: -Djdk.tls.ephemeralDHKeySize=2048
18-Nov-2019 09:30:20.609 INFORMAÇÕES [main] org.apache.catalina.startup.VersionLoggerListener.log Command line argument: -Djava.protocol.handler.pkgs=org.apache.catalina.webresources
18-Nov-2019 09:30:20.609 INFORMAÇÕES [main] org.apache.catalina.startup.VersionLoggerListener.log Command line argument: -Dignore.endorsed.dirs=
18-Nov-2019 09:30:20.609 INFORMAÇÕES [main] org.apache.catalina.startup.VersionLoggerListener.log Command line argument: -Dcatalina.base=C:\Users\lucas queroz\Documents\NetBeansProjects\ARGUS ACAD\lib\apache-tomcat-8.0.53
18-Nov-2019 09:30:20.610 INFORMAÇÕES [main] org.apache.catalina.startup.VersionLoggerListener.log Command line argument: -Dcatalina.home=C:\Users\lucas queroz\Documents\NetBeansProjects\ARGUS ACAD\lib\apache-tomcat-8.0.53
18-Nov-2019 09:30:20.610 INFORMAÇÕES [main] org.apache.catalina.startup.VersionLoggerListener.log Command line argument: -Djava.io.tmpdir=C:\Users\lucas queroz\Documents\NetBeansProjects\ARGUS ACAD\lib\apache-tomcat-8.0.53\temp
18-Nov-2019 09:30:20.611 INFORMAÇÕES [main] org.apache.catalina.core.AprLifecycleListener.lifecycleEvent Loaded APR based Apache Tomcat Native library 1.2.17 using APR version 1.6.3.
18-Nov-2019 09:30:20.611 INFORMAÇÕES [main] org.apache.catalina.core.AprLifecycleListener.lifecycleEvent APR capabilities: IPv6 [true], sendfile [true], accept filters [false], random [true].
18-Nov-2019 09:30:22.207 INFORMAÇÕES [main] org.apache.catalina.core.AprLifecycleListener.initializeSSL OpenSSL successfully initialized (OpenSSL 1.0.2o  27 Mar 2018)
18-Nov-2019 09:30:24.904 INFORMAÇÕES [main] org.apache.coyote.AbstractProtocol.init Initializing ProtocolHandler ["http-apr-8080"]
18-Nov-2019 09:30:25.106 INFORMAÇÕES [main] org.apache.coyote.AbstractProtocol.init Initializing ProtocolHandler ["ajp-apr-8009"]
18-Nov-2019 09:30:25.110 INFORMAÇÕES [main] org.apache.catalina.startup.Catalina.load Initialization processed in 10710 ms
18-Nov-2019 09:30:25.528 INFORMAÇÕES [main] org.apache.catalina.core.StandardService.startInternal Starting service Catalina
18-Nov-2019 09:30:25.529 INFORMAÇÕES [main] org.apache.catalina.core.StandardEngine.startInternal Starting Servlet Engine: Apache Tomcat/8.0.53
18-Nov-2019 09:30:25.743 INFORMAÇÕES [localhost-startStop-1] org.apache.catalina.startup.HostConfig.deployDescriptor Deploying configuration descriptor C:\Users\lucas queroz\Documents\NetBeansProjects\ARGUS ACAD\lib\apache-tomcat-8.0.53\conf\Catalina\localhost\ARGUS_PBD.xml
18-Nov-2019 09:30:26.068 ADVERTÊNCIA [localhost-startStop-1] org.apache.catalina.startup.SetContextPropertiesRule.begin [SetContextPropertiesRule]{Context} Setting property 'antiJARLocking' to 'true' did not find a matching property.
18-Nov-2019 09:30:26.385 GRAVE [localhost-startStop-1] org.apache.catalina.core.ContainerBase.addChildInternal ContainerBase.addChild: start: 
 org.apache.catalina.LifecycleException: Failed to start component [StandardEngine[Catalina].StandardHost[localhost].StandardContext[/ARGUS_PBD]]
	at org.apache.catalina.util.LifecycleBase.start(LifecycleBase.java:162)
	at org.apache.catalina.core.ContainerBase.addChildInternal(ContainerBase.java:755)
	at org.apache.catalina.core.ContainerBase.addChild(ContainerBase.java:731)
	at org.apache.catalina.core.StandardHost.addChild(StandardHost.java:717)
	at org.apache.catalina.startup.HostConfig.deployDescriptor(HostConfig.java:620)
	at org.apache.catalina.startup.HostConfig$DeployDescriptor.run(HostConfig.java:1832)
	at java.util.concurrent.Executors$RunnableAdapter.call(Executors.java:511)
	at java.util.concurrent.FutureTask.run(FutureTask.java:266)
	at java.util.concurrent.ThreadPoolExecutor.runWorker(ThreadPoolExecutor.java:1142)
	at java.util.concurrent.ThreadPoolExecutor$Worker.run(ThreadPoolExecutor.java:617)
	at java.lang.Thread.run(Thread.java:745)
Caused by: org.apache.catalina.LifecycleException: Failed to start component [org.apache.catalina.webresources.StandardRoot@59277cbd]
	at org.apache.catalina.util.LifecycleBase.start(LifecycleBase.java:162)
	at org.apache.catalina.core.StandardContext.resourcesStart(StandardContext.java:5016)
	at org.apache.catalina.core.StandardContext.startInternal(StandardContext.java:5149)
	at org.apache.catalina.util.LifecycleBase.start(LifecycleBase.java:145)
	... 10 more
Caused by: java.lang.IllegalArgumentException: The main resource set specified [C:\Users\lucas queroz\Documents\NetBeansProjects\ARGUS PBD\build\web] is not valid
	at org.apache.catalina.webresources.StandardRoot.createMainResourceSet(StandardRoot.java:746)
	at org.apache.catalina.webresources.StandardRoot.startInternal(StandardRoot.java:704)
	at org.apache.catalina.util.LifecycleBase.start(LifecycleBase.java:145)
	... 13 more

18-Nov-2019 09:30:26.426 GRAVE [localhost-startStop-1] org.apache.catalina.startup.HostConfig.deployDescriptor Error deploying configuration descriptor C:\Users\lucas queroz\Documents\NetBeansProjects\ARGUS ACAD\lib\apache-tomcat-8.0.53\conf\Catalina\localhost\ARGUS_PBD.xml
 java.lang.IllegalStateException: ContainerBase.addChild: start: org.apache.catalina.LifecycleException: Failed to start component [StandardEngine[Catalina].StandardHost[localhost].StandardContext[/ARGUS_PBD]]
	at org.apache.catalina.core.ContainerBase.addChildInternal(ContainerBase.java:759)
	at org.apache.catalina.core.ContainerBase.addChild(ContainerBase.java:731)
	at org.apache.catalina.core.StandardHost.addChild(StandardHost.java:717)
	at org.apache.catalina.startup.HostConfig.deployDescriptor(HostConfig.java:620)
	at org.apache.catalina.startup.HostConfig$DeployDescriptor.run(HostConfig.java:1832)
	at java.util.concurrent.Executors$RunnableAdapter.call(Executors.java:511)
	at java.util.concurrent.FutureTask.run(FutureTask.java:266)
	at java.util.concurrent.ThreadPoolExecutor.runWorker(ThreadPoolExecutor.java:1142)
	at java.util.concurrent.ThreadPoolExecutor$Worker.run(ThreadPoolExecutor.java:617)
	at java.lang.Thread.run(Thread.java:745)

18-Nov-2019 09:30:26.453 INFORMAÇÕES [localhost-startStop-1] org.apache.catalina.startup.HostConfig.deployDescriptor Deployment of configuration descriptor C:\Users\lucas queroz\Documents\NetBeansProjects\ARGUS ACAD\lib\apache-tomcat-8.0.53\conf\Catalina\localhost\ARGUS_PBD.xml has finished in 692 ms
18-Nov-2019 09:30:26.454 INFORMAÇÕES [localhost-startStop-1] org.apache.catalina.startup.HostConfig.deployDescriptor Deploying configuration descriptor C:\Users\lucas queroz\Documents\NetBeansProjects\ARGUS ACAD\lib\apache-tomcat-8.0.53\conf\Catalina\localhost\PDelfos.xml
18-Nov-2019 09:30:26.467 GRAVE [localhost-startStop-1] org.apache.catalina.core.ContainerBase.addChildInternal ContainerBase.addChild: start: 
 org.apache.catalina.LifecycleException: Failed to start component [StandardEngine[Catalina].StandardHost[localhost].StandardContext[/PDelfos]]
	at org.apache.catalina.util.LifecycleBase.start(LifecycleBase.java:162)
	at org.apache.catalina.core.ContainerBase.addChildInternal(ContainerBase.java:755)
	at org.apache.catalina.core.ContainerBase.addChild(ContainerBase.java:731)
	at org.apache.catalina.core.StandardHost.addChild(StandardHost.java:717)
	at org.apache.catalina.startup.HostConfig.deployDescriptor(HostConfig.java:620)
	at org.apache.catalina.startup.HostConfig$DeployDescriptor.run(HostConfig.java:1832)
	at java.util.concurrent.Executors$RunnableAdapter.call(Executors.java:511)
	at java.util.concurrent.FutureTask.run(FutureTask.java:266)
	at java.util.concurrent.ThreadPoolExecutor.runWorker(ThreadPoolExecutor.java:1142)
	at java.util.concurrent.ThreadPoolExecutor$Worker.run(ThreadPoolExecutor.java:617)
	at java.lang.Thread.run(Thread.java:745)
Caused by: org.apache.catalina.LifecycleException: Failed to start component [org.apache.catalina.webresources.StandardRoot@54ebf9c0]
	at org.apache.catalina.util.LifecycleBase.start(LifecycleBase.java:162)
	at org.apache.catalina.core.StandardContext.resourcesStart(StandardContext.java:5016)
	at org.apache.catalina.core.StandardContext.startInternal(StandardContext.java:5149)
	at org.apache.catalina.util.LifecycleBase.start(LifecycleBase.java:145)
	... 10 more
Caused by: java.lang.IllegalArgumentException: The main resource set specified [C:\Users\eltho\Documents\PDelfos\build\web] is not valid
	at org.apache.catalina.webresources.StandardRoot.createMainResourceSet(StandardRoot.java:746)
	at org.apache.catalina.webresources.StandardRoot.startInternal(StandardRoot.java:704)
	at org.apache.catalina.util.LifecycleBase.start(LifecycleBase.java:145)
	... 13 more

18-Nov-2019 09:30:26.469 GRAVE [localhost-startStop-1] org.apache.catalina.startup.HostConfig.deployDescriptor Error deploying configuration descriptor C:\Users\lucas queroz\Documents\NetBeansProjects\ARGUS ACAD\lib\apache-tomcat-8.0.53\conf\Catalina\localhost\PDelfos.xml
 java.lang.IllegalStateException: ContainerBase.addChild: start: org.apache.catalina.LifecycleException: Failed to start component [StandardEngine[Catalina].StandardHost[localhost].StandardContext[/PDelfos]]
	at org.apache.catalina.core.ContainerBase.addChildInternal(ContainerBase.java:759)
	at org.apache.catalina.core.ContainerBase.addChild(ContainerBase.java:731)
	at org.apache.catalina.core.StandardHost.addChild(StandardHost.java:717)
	at org.apache.catalina.startup.HostConfig.deployDescriptor(HostConfig.java:620)
	at org.apache.catalina.startup.HostConfig$DeployDescriptor.run(HostConfig.java:1832)
	at java.util.concurrent.Executors$RunnableAdapter.call(Executors.java:511)
	at java.util.concurrent.FutureTask.run(FutureTask.java:266)
	at java.util.concurrent.ThreadPoolExecutor.runWorker(ThreadPoolExecutor.java:1142)
	at java.util.concurrent.ThreadPoolExecutor$Worker.run(ThreadPoolExecutor.java:617)
	at java.lang.Thread.run(Thread.java:745)

18-Nov-2019 09:30:26.470 INFORMAÇÕES [localhost-startStop-1] org.apache.catalina.startup.HostConfig.deployDescriptor Deployment of configuration descriptor C:\Users\lucas queroz\Documents\NetBeansProjects\ARGUS ACAD\lib\apache-tomcat-8.0.53\conf\Catalina\localhost\PDelfos.xml has finished in 16 ms
18-Nov-2019 09:30:27.245 INFORMAÇÕES [localhost-startStop-1] org.apache.catalina.startup.HostConfig.deployDescriptor Deploying configuration descriptor C:\Users\lucas queroz\Documents\NetBeansProjects\ARGUS ACAD\lib\apache-tomcat-8.0.53\conf\Catalina\localhost\ROOT.xml
18-Nov-2019 09:30:27.270 ADVERTÊNCIA [localhost-startStop-1] org.apache.catalina.startup.SetContextPropertiesRule.begin [SetContextPropertiesRule]{Context} Setting property 'antiJARLocking' to 'true' did not find a matching property.
18-Nov-2019 09:30:50.123 INFORMAÇÕES [localhost-startStop-1] org.apache.catalina.core.StandardContext.checkUnusualURLPattern Suspicious url pattern: "/protegido*" in context [] - see sections 12.1 and 12.2 of the Servlet specification
18-Nov-2019 09:30:51.358 ADVERTÊNCIA [localhost-startStop-1] org.apache.tomcat.dbcp.dbcp2.BasicDataSourceFactory.getObjectInstance Name = teste Property maxActive is not used in DBCP2, use maxTotal instead. maxTotal default value is 8. You have set value of "20" for "maxActive" property, which is being ignored.
18-Nov-2019 09:30:51.358 ADVERTÊNCIA [localhost-startStop-1] org.apache.tomcat.dbcp.dbcp2.BasicDataSourceFactory.getObjectInstance Name = teste Property maxWait is not used in DBCP2 , use maxWaitMillis instead. maxWaitMillis default value is -1. You have set value of "-1" for "maxWait" property, which is being ignored.
18-Nov-2019 09:30:52.520 INFORMAÇÕES [localhost-startStop-1] org.apache.jasper.servlet.TldScanner.scanJars At least one JAR was scanned for TLDs yet contained no TLDs. Enable debug logging for this logger for a complete list of JARs that were scanned but no TLDs were found in them. Skipping unneeded JARs during scanning can improve startup time and JSP compilation time.
18-Nov-2019 09:30:54.056 INFORMAÇÕES [localhost-startStop-1] com.sun.faces.config.ConfigureListener.contextInitialized Inicializando Mojarra 2.2.5 ( 20140108-1427 https://svn.java.net/svn/mojarra~svn/tags/2.2.5@12761) para o contexto ''
18-Nov-2019 09:30:55.398 INFORMAÇÕES [localhost-startStop-1] com.sun.faces.spi.InjectionProviderFactory.createInstance JSF1048: Anotações PostConstruct/PreDestroy presentes.  Os métodos ManagedBeans marcados com essas anotações informarão as anotações processadas.
18-Nov-2019 09:31:07.376 INFORMAÇÕES [localhost-startStop-1] org.primefaces.webapp.PostConstructApplicationEventListener.processEvent Running on PrimeFaces 6.1
18-Nov-2019 09:31:07.377 INFORMAÇÕES [localhost-startStop-1] org.omnifaces.VersionLoggerEventListener.processEvent Using OmniFaces version 1.14.1
18-Nov-2019 09:31:08.446 ADVERTÊNCIA [localhost-startStop-1] org.apache.catalina.util.SessionIdGeneratorBase.createSecureRandom Creation of SecureRandom instance for session ID generation using [SHA1PRNG] took [1,066] milliseconds.
18-Nov-2019 09:31:08.592 INFORMAÇÕES [localhost-startStop-1] org.apache.catalina.startup.HostConfig.deployDescriptor Deployment of configuration descriptor C:\Users\lucas queroz\Documents\NetBeansProjects\ARGUS ACAD\lib\apache-tomcat-8.0.53\conf\Catalina\localhost\ROOT.xml has finished in 41,347 ms
18-Nov-2019 09:31:08.598 INFORMAÇÕES [localhost-startStop-1] org.apache.catalina.startup.HostConfig.deployDirectory Deploying web application directory C:\Users\lucas queroz\Documents\NetBeansProjects\ARGUS ACAD\lib\apache-tomcat-8.0.53\webapps\docs
18-Nov-2019 09:31:08.813 INFORMAÇÕES [localhost-startStop-1] org.apache.catalina.startup.HostConfig.deployDirectory Deployment of web application directory C:\Users\lucas queroz\Documents\NetBeansProjects\ARGUS ACAD\lib\apache-tomcat-8.0.53\webapps\docs has finished in 214 ms
18-Nov-2019 09:31:08.813 INFORMAÇÕES [localhost-startStop-1] org.apache.catalina.startup.HostConfig.deployDirectory Deploying web application directory C:\Users\lucas queroz\Documents\NetBeansProjects\ARGUS ACAD\lib\apache-tomcat-8.0.53\webapps\examples
18-Nov-2019 09:31:11.317 INFORMAÇÕES [localhost-startStop-1] org.apache.catalina.startup.HostConfig.deployDirectory Deployment of web application directory C:\Users\lucas queroz\Documents\NetBeansProjects\ARGUS ACAD\lib\apache-tomcat-8.0.53\webapps\examples has finished in 2,503 ms
18-Nov-2019 09:31:11.317 INFORMAÇÕES [localhost-startStop-1] org.apache.catalina.startup.HostConfig.deployDirectory Deploying web application directory C:\Users\lucas queroz\Documents\NetBeansProjects\ARGUS ACAD\lib\apache-tomcat-8.0.53\webapps\host-manager
18-Nov-2019 09:31:11.704 INFORMAÇÕES [localhost-startStop-1] org.apache.catalina.startup.HostConfig.deployDirectory Deployment of web application directory C:\Users\lucas queroz\Documents\NetBeansProjects\ARGUS ACAD\lib\apache-tomcat-8.0.53\webapps\host-manager has finished in 387 ms
18-Nov-2019 09:31:11.704 INFORMAÇÕES [localhost-startStop-1] org.apache.catalina.startup.HostConfig.deployDirectory Deploying web application directory C:\Users\lucas queroz\Documents\NetBeansProjects\ARGUS ACAD\lib\apache-tomcat-8.0.53\webapps\manager
18-Nov-2019 09:31:11.850 INFORMAÇÕES [localhost-startStop-1] org.apache.catalina.startup.HostConfig.deployDirectory Deployment of web application directory C:\Users\lucas queroz\Documents\NetBeansProjects\ARGUS ACAD\lib\apache-tomcat-8.0.53\webapps\manager has finished in 146 ms
18-Nov-2019 09:31:11.864 INFORMAÇÕES [main] org.apache.coyote.AbstractProtocol.start Starting ProtocolHandler ["http-apr-8080"]
18-Nov-2019 09:31:12.034 INFORMAÇÕES [main] org.apache.coyote.AbstractProtocol.start Starting ProtocolHandler ["ajp-apr-8009"]
18-Nov-2019 09:31:12.071 INFORMAÇÕES [main] org.apache.catalina.startup.Catalina.start Server startup in 46960 ms
18-Nov-2019 09:31:15.403 INFORMAÇÕES [http-apr-8080-exec-7] org.apache.catalina.core.StandardContext.reload Reloading Context with name [] has started
18-Nov-2019 09:31:32.661 INFORMAÇÕES [http-apr-8080-exec-7] org.apache.catalina.core.StandardContext.checkUnusualURLPattern Suspicious url pattern: "/protegido*" in context [] - see sections 12.1 and 12.2 of the Servlet specification
18-Nov-2019 09:31:32.972 INFORMAÇÕES [http-apr-8080-exec-7] org.apache.jasper.servlet.TldScanner.scanJars At least one JAR was scanned for TLDs yet contained no TLDs. Enable debug logging for this logger for a complete list of JARs that were scanned but no TLDs were found in them. Skipping unneeded JARs during scanning can improve startup time and JSP compilation time.
18-Nov-2019 09:31:33.771 INFORMAÇÕES [http-apr-8080-exec-7] com.sun.faces.config.ConfigureListener.contextInitialized Inicializando Mojarra 2.2.5 ( 20140108-1427 https://svn.java.net/svn/mojarra~svn/tags/2.2.5@12761) para o contexto ''
18-Nov-2019 09:31:34.522 INFORMAÇÕES [http-apr-8080-exec-7] com.sun.faces.spi.InjectionProviderFactory.createInstance JSF1048: Anotações PostConstruct/PreDestroy presentes.  Os métodos ManagedBeans marcados com essas anotações informarão as anotações processadas.
18-Nov-2019 09:31:41.954 INFORMAÇÕES [http-apr-8080-exec-7] org.primefaces.webapp.PostConstructApplicationEventListener.processEvent Running on PrimeFaces 6.1
18-Nov-2019 09:31:41.955 INFORMAÇÕES [http-apr-8080-exec-7] org.omnifaces.VersionLoggerEventListener.processEvent Using OmniFaces version 1.14.1
18-Nov-2019 09:31:41.987 INFORMAÇÕES [http-apr-8080-exec-7] org.apache.catalina.core.StandardContext.reload Reloading Context with name [] is completed
18-Nov-2019 09:32:14.536 INFORMAÇÕES [http-apr-8080-exec-1] com.sun.faces.renderkit.RenderKitUtils.renderUnhandledMessages AVISO: FacesMessage(s) foram enfileirados, mas podem não ter sido exibidos.
sourceId=null[severity=(ERROR 2), summary=(Um ou mais recursos possuem o destino de 'head', mas nenhum componente de 'head' foi definido na exibição.), detail=(Um ou mais recursos possuem o destino de 'head', mas nenhum componente de 'head' foi definido na exibição.)]
18-Nov-2019 09:36:00.985 WARN [http-apr-8080-exec-12] org.hibernate.ejb.HibernatePersistence.logDeprecation HHH015016: Encountered a deprecated javax.persistence.spi.PersistenceProvider [org.hibernate.ejb.HibernatePersistence]; use [org.hibernate.jpa.HibernatePersistenceProvider] instead.
18-Nov-2019 09:36:00.988 WARN [http-apr-8080-exec-12] org.hibernate.ejb.HibernatePersistence.logDeprecation HHH015016: Encountered a deprecated javax.persistence.spi.PersistenceProvider [org.hibernate.ejb.HibernatePersistence]; use [org.hibernate.jpa.HibernatePersistenceProvider] instead.
18-Nov-2019 09:36:00.996 WARN [http-apr-8080-exec-12] org.hibernate.ejb.HibernatePersistence.logDeprecation HHH015016: Encountered a deprecated javax.persistence.spi.PersistenceProvider [org.hibernate.ejb.HibernatePersistence]; use [org.hibernate.jpa.HibernatePersistenceProvider] instead.
18-Nov-2019 09:36:03.926 INFO [http-apr-8080-exec-12] org.hibernate.jpa.internal.util.LogHelper.logPersistenceUnitInformation HHH000204: Processing PersistenceUnitInfo [
	name: teste
	...]
18-Nov-2019 09:36:05.866 INFO [http-apr-8080-exec-12] org.hibernate.Version.logVersion HHH000412: Hibernate Core {4.3.1.Final}
18-Nov-2019 09:36:05.887 INFO [http-apr-8080-exec-12] org.hibernate.cfg.Environment.<clinit> HHH000206: hibernate.properties not found
18-Nov-2019 09:36:05.896 INFO [http-apr-8080-exec-12] org.hibernate.cfg.Environment.buildBytecodeProvider HHH000021: Bytecode provider name : javassist
18-Nov-2019 10:01:09.540 INFORMAÇÕES [http-apr-8080-exec-12] org.apache.catalina.core.StandardContext.reload Reloading Context with name [] has started
18-Nov-2019 10:01:10.873 ADVERTÊNCIA [http-apr-8080-exec-12] org.apache.catalina.loader.WebappClassLoaderBase.clearReferencesJdbc The web application [ROOT] registered the JDBC driver [org.postgresql.Driver] but failed to unregister it when the web application was stopped. To prevent a memory leak, the JDBC Driver has been forcibly unregistered.
18-Nov-2019 10:01:39.455 INFORMAÇÕES [http-apr-8080-exec-12] org.apache.catalina.core.StandardContext.checkUnusualURLPattern Suspicious url pattern: "/protegido*" in context [] - see sections 12.1 and 12.2 of the Servlet specification
18-Nov-2019 10:01:40.062 INFORMAÇÕES [http-apr-8080-exec-12] org.apache.jasper.servlet.TldScanner.scanJars At least one JAR was scanned for TLDs yet contained no TLDs. Enable debug logging for this logger for a complete list of JARs that were scanned but no TLDs were found in them. Skipping unneeded JARs during scanning can improve startup time and JSP compilation time.
18-Nov-2019 10:01:41.021 INFORMAÇÕES [http-apr-8080-exec-12] com.sun.faces.config.ConfigureListener.contextInitialized Inicializando Mojarra 2.2.5 ( 20140108-1427 https://svn.java.net/svn/mojarra~svn/tags/2.2.5@12761) para o contexto ''
18-Nov-2019 10:01:42.371 INFORMAÇÕES [http-apr-8080-exec-12] com.sun.faces.spi.InjectionProviderFactory.createInstance JSF1048: Anotações PostConstruct/PreDestroy presentes.  Os métodos ManagedBeans marcados com essas anotações informarão as anotações processadas.
18-Nov-2019 10:02:00.340 INFORMAÇÕES [http-apr-8080-exec-12] org.primefaces.webapp.PostConstructApplicationEventListener.processEvent Running on PrimeFaces 6.1
18-Nov-2019 10:02:00.343 INFORMAÇÕES [http-apr-8080-exec-12] org.omnifaces.VersionLoggerEventListener.processEvent Using OmniFaces version 1.14.1
18-Nov-2019 10:02:00.564 INFORMAÇÕES [http-apr-8080-exec-12] org.apache.catalina.core.StandardContext.reload Reloading Context with name [] is completed
18-Nov-2019 10:08:12.461 INFORMAÇÕES [http-apr-8080-exec-15] org.apache.catalina.core.StandardContext.reload Reloading Context with name [] has started
18-Nov-2019 10:08:43.329 INFORMAÇÕES [http-apr-8080-exec-15] org.apache.catalina.core.StandardContext.checkUnusualURLPattern Suspicious url pattern: "/protegido*" in context [] - see sections 12.1 and 12.2 of the Servlet specification
18-Nov-2019 10:08:43.549 INFORMAÇÕES [http-apr-8080-exec-15] org.apache.jasper.servlet.TldScanner.scanJars At least one JAR was scanned for TLDs yet contained no TLDs. Enable debug logging for this logger for a complete list of JARs that were scanned but no TLDs were found in them. Skipping unneeded JARs during scanning can improve startup time and JSP compilation time.
18-Nov-2019 10:08:44.323 INFORMAÇÕES [http-apr-8080-exec-15] com.sun.faces.config.ConfigureListener.contextInitialized Inicializando Mojarra 2.2.5 ( 20140108-1427 https://svn.java.net/svn/mojarra~svn/tags/2.2.5@12761) para o contexto ''
18-Nov-2019 10:08:45.902 INFORMAÇÕES [http-apr-8080-exec-15] com.sun.faces.spi.InjectionProviderFactory.createInstance JSF1048: Anotações PostConstruct/PreDestroy presentes.  Os métodos ManagedBeans marcados com essas anotações informarão as anotações processadas.
18-Nov-2019 10:08:50.583 INFORMAÇÕES [http-apr-8080-exec-15] org.primefaces.webapp.PostConstructApplicationEventListener.processEvent Running on PrimeFaces 6.1
18-Nov-2019 10:08:50.584 INFORMAÇÕES [http-apr-8080-exec-15] org.omnifaces.VersionLoggerEventListener.processEvent Using OmniFaces version 1.14.1
18-Nov-2019 10:08:50.593 INFORMAÇÕES [http-apr-8080-exec-15] org.apache.catalina.core.StandardContext.reload Reloading Context with name [] is completed
18-Nov-2019 10:15:09.788 INFORMAÇÕES [http-apr-8080-exec-31] com.sun.faces.renderkit.RenderKitUtils.renderUnhandledMessages AVISO: FacesMessage(s) foram enfileirados, mas podem não ter sido exibidos.
sourceId=null[severity=(ERROR 2), summary=(Um ou mais recursos possuem o destino de 'head', mas nenhum componente de 'head' foi definido na exibição.), detail=(Um ou mais recursos possuem o destino de 'head', mas nenhum componente de 'head' foi definido na exibição.)]
18-Nov-2019 10:15:15.837 ADVERTÊNCIA [http-apr-8080-exec-33] com.sun.faces.context.ExternalContextImpl.getMimeType JSF1091: Nenhum tipo de mime pôde ser encontrado para o arquivo /HNAP1/login.jsp.  Para resolver isso, adicione um mapeamento de mime-type ao web.xml do aplicativo.
18-Nov-2019 10:15:15.850 ADVERTÊNCIA [http-apr-8080-exec-33] com.sun.faces.context.ExternalContextImpl.getMimeType JSF1091: Nenhum tipo de mime pôde ser encontrado para o arquivo /HNAP1/login.jsp.  Para resolver isso, adicione um mapeamento de mime-type ao web.xml do aplicativo.
18-Nov-2019 10:45:36.659 INFORMAÇÕES [http-apr-8080-exec-32] org.apache.catalina.core.StandardContext.reload Reloading Context with name [] has started
18-Nov-2019 10:46:34.307 INFORMAÇÕES [http-apr-8080-exec-32] org.apache.catalina.core.StandardContext.checkUnusualURLPattern Suspicious url pattern: "/protegido*" in context [] - see sections 12.1 and 12.2 of the Servlet specification
18-Nov-2019 10:46:37.370 INFORMAÇÕES [http-apr-8080-exec-32] org.apache.jasper.servlet.TldScanner.scanJars At least one JAR was scanned for TLDs yet contained no TLDs. Enable debug logging for this logger for a complete list of JARs that were scanned but no TLDs were found in them. Skipping unneeded JARs during scanning can improve startup time and JSP compilation time.
18-Nov-2019 10:46:39.932 INFORMAÇÕES [http-apr-8080-exec-32] com.sun.faces.config.ConfigureListener.contextInitialized Inicializando Mojarra 2.2.5 ( 20140108-1427 https://svn.java.net/svn/mojarra~svn/tags/2.2.5@12761) para o contexto ''
18-Nov-2019 10:46:51.087 INFORMAÇÕES [http-apr-8080-exec-32] com.sun.faces.spi.InjectionProviderFactory.createInstance JSF1048: Anotações PostConstruct/PreDestroy presentes.  Os métodos ManagedBeans marcados com essas anotações informarão as anotações processadas.
18-Nov-2019 10:47:03.758 INFORMAÇÕES [http-apr-8080-exec-32] org.primefaces.webapp.PostConstructApplicationEventListener.processEvent Running on PrimeFaces 6.1
18-Nov-2019 10:47:03.758 INFORMAÇÕES [http-apr-8080-exec-32] org.omnifaces.VersionLoggerEventListener.processEvent Using OmniFaces version 1.14.1
18-Nov-2019 10:47:04.633 INFORMAÇÕES [http-apr-8080-exec-32] org.apache.catalina.core.StandardContext.reload Reloading Context with name [] is completed
