20-Oct-2019 17:17:06.377 INFORMAÇÕES [main] org.apache.catalina.startup.VersionLoggerListener.log Server version:        Apache Tomcat/8.0.53
20-Oct-2019 17:17:07.231 INFORMAÇÕES [main] org.apache.catalina.startup.VersionLoggerListener.log Server built:          Jun 29 2018 14:42:45 UTC
20-Oct-2019 17:17:07.231 INFORMAÇÕES [main] org.apache.catalina.startup.VersionLoggerListener.log Server number:         8.0.53.0
20-Oct-2019 17:17:07.231 INFORMAÇÕES [main] org.apache.catalina.startup.VersionLoggerListener.log OS Name:               Windows 10
20-Oct-2019 17:17:07.231 INFORMAÇÕES [main] org.apache.catalina.startup.VersionLoggerListener.log OS Version:            10.0
20-Oct-2019 17:17:07.231 INFORMAÇÕES [main] org.apache.catalina.startup.VersionLoggerListener.log Architecture:          amd64
20-Oct-2019 17:17:07.231 INFORMAÇÕES [main] org.apache.catalina.startup.VersionLoggerListener.log Java Home:             C:\Program Files\Java\jdk1.8.0_101\jre
20-Oct-2019 17:17:07.231 INFORMAÇÕES [main] org.apache.catalina.startup.VersionLoggerListener.log JVM Version:           1.8.0_101-b13
20-Oct-2019 17:17:07.231 INFORMAÇÕES [main] org.apache.catalina.startup.VersionLoggerListener.log JVM Vendor:            Oracle Corporation
20-Oct-2019 17:17:07.231 INFORMAÇÕES [main] org.apache.catalina.startup.VersionLoggerListener.log CATALINA_BASE:         C:\Users\lucas queroz\Documents\NetBeansProjects\ARGUS ACAD\lib\apache-tomcat-8.0.53
20-Oct-2019 17:17:07.231 INFORMAÇÕES [main] org.apache.catalina.startup.VersionLoggerListener.log CATALINA_HOME:         C:\Users\lucas queroz\Documents\NetBeansProjects\ARGUS ACAD\lib\apache-tomcat-8.0.53
20-Oct-2019 17:17:07.231 INFORMAÇÕES [main] org.apache.catalina.startup.VersionLoggerListener.log Command line argument: -Djava.util.logging.config.file=C:\Users\lucas queroz\Documents\NetBeansProjects\ARGUS ACAD\lib\apache-tomcat-8.0.53\conf\logging.properties
20-Oct-2019 17:17:07.231 INFORMAÇÕES [main] org.apache.catalina.startup.VersionLoggerListener.log Command line argument: -Djava.util.logging.manager=org.apache.juli.ClassLoaderLogManager
20-Oct-2019 17:17:07.231 INFORMAÇÕES [main] org.apache.catalina.startup.VersionLoggerListener.log Command line argument: -Djdk.tls.ephemeralDHKeySize=2048
20-Oct-2019 17:17:07.231 INFORMAÇÕES [main] org.apache.catalina.startup.VersionLoggerListener.log Command line argument: -Djava.protocol.handler.pkgs=org.apache.catalina.webresources
20-Oct-2019 17:17:07.231 INFORMAÇÕES [main] org.apache.catalina.startup.VersionLoggerListener.log Command line argument: -Dignore.endorsed.dirs=
20-Oct-2019 17:17:07.231 INFORMAÇÕES [main] org.apache.catalina.startup.VersionLoggerListener.log Command line argument: -Dcatalina.base=C:\Users\lucas queroz\Documents\NetBeansProjects\ARGUS ACAD\lib\apache-tomcat-8.0.53
20-Oct-2019 17:17:07.231 INFORMAÇÕES [main] org.apache.catalina.startup.VersionLoggerListener.log Command line argument: -Dcatalina.home=C:\Users\lucas queroz\Documents\NetBeansProjects\ARGUS ACAD\lib\apache-tomcat-8.0.53
20-Oct-2019 17:17:07.231 INFORMAÇÕES [main] org.apache.catalina.startup.VersionLoggerListener.log Command line argument: -Djava.io.tmpdir=C:\Users\lucas queroz\Documents\NetBeansProjects\ARGUS ACAD\lib\apache-tomcat-8.0.53\temp
20-Oct-2019 17:17:07.231 INFORMAÇÕES [main] org.apache.catalina.core.AprLifecycleListener.lifecycleEvent Loaded APR based Apache Tomcat Native library 1.2.17 using APR version 1.6.3.
20-Oct-2019 17:17:07.231 INFORMAÇÕES [main] org.apache.catalina.core.AprLifecycleListener.lifecycleEvent APR capabilities: IPv6 [true], sendfile [true], accept filters [false], random [true].
20-Oct-2019 17:17:09.761 INFORMAÇÕES [main] org.apache.catalina.core.AprLifecycleListener.initializeSSL OpenSSL successfully initialized (OpenSSL 1.0.2o  27 Mar 2018)
20-Oct-2019 17:17:21.667 INFORMAÇÕES [main] org.apache.coyote.AbstractProtocol.init Initializing ProtocolHandler ["http-apr-8080"]
20-Oct-2019 17:17:21.759 INFORMAÇÕES [main] org.apache.coyote.AbstractProtocol.init Initializing ProtocolHandler ["ajp-apr-8009"]
20-Oct-2019 17:17:21.767 INFORMAÇÕES [main] org.apache.catalina.startup.Catalina.load Initialization processed in 27190 ms
20-Oct-2019 17:17:22.211 INFORMAÇÕES [main] org.apache.catalina.core.StandardService.startInternal Starting service Catalina
20-Oct-2019 17:17:22.211 INFORMAÇÕES [main] org.apache.catalina.core.StandardEngine.startInternal Starting Servlet Engine: Apache Tomcat/8.0.53
20-Oct-2019 17:17:22.523 INFORMAÇÕES [localhost-startStop-1] org.apache.catalina.startup.HostConfig.deployDescriptor Deploying configuration descriptor C:\Users\lucas queroz\Documents\NetBeansProjects\ARGUS ACAD\lib\apache-tomcat-8.0.53\conf\Catalina\localhost\ARGUS_PBD.xml
20-Oct-2019 17:17:22.764 ADVERTÊNCIA [localhost-startStop-1] org.apache.catalina.startup.SetContextPropertiesRule.begin [SetContextPropertiesRule]{Context} Setting property 'antiJARLocking' to 'true' did not find a matching property.
20-Oct-2019 17:17:23.009 GRAVE [localhost-startStop-1] org.apache.catalina.core.ContainerBase.addChildInternal ContainerBase.addChild: start: 
 org.apache.catalina.LifecycleException: Failed to start component [StandardEngine[Catalina].StandardHost[localhost].StandardContext[/ARGUS_PBD]]
	at org.apache.catalina.util.LifecycleBase.start(LifecycleBase.java:162)
	at org.apache.catalina.core.ContainerBase.addChildInternal(ContainerBase.java:755)
	at org.apache.catalina.core.ContainerBase.addChild(ContainerBase.java:731)
	at org.apache.catalina.core.StandardHost.addChild(StandardHost.java:717)
	at org.apache.catalina.startup.HostConfig.deployDescriptor(HostConfig.java:620)
	at org.apache.catalina.startup.HostConfig$DeployDescriptor.run(HostConfig.java:1832)
	at java.util.concurrent.Executors$RunnableAdapter.call(Executors.java:511)
	at java.util.concurrent.FutureTask.run(FutureTask.java:266)
	at java.util.concurrent.ThreadPoolExecutor.runWorker(ThreadPoolExecutor.java:1142)
	at java.util.concurrent.ThreadPoolExecutor$Worker.run(ThreadPoolExecutor.java:617)
	at java.lang.Thread.run(Thread.java:745)
Caused by: org.apache.catalina.LifecycleException: Failed to start component [org.apache.catalina.webresources.StandardRoot@505ea7f]
	at org.apache.catalina.util.LifecycleBase.start(LifecycleBase.java:162)
	at org.apache.catalina.core.StandardContext.resourcesStart(StandardContext.java:5016)
	at org.apache.catalina.core.StandardContext.startInternal(StandardContext.java:5149)
	at org.apache.catalina.util.LifecycleBase.start(LifecycleBase.java:145)
	... 10 more
Caused by: java.lang.IllegalArgumentException: The main resource set specified [C:\Users\lucas queroz\Documents\NetBeansProjects\ARGUS PBD\build\web] is not valid
	at org.apache.catalina.webresources.StandardRoot.createMainResourceSet(StandardRoot.java:746)
	at org.apache.catalina.webresources.StandardRoot.startInternal(StandardRoot.java:704)
	at org.apache.catalina.util.LifecycleBase.start(LifecycleBase.java:145)
	... 13 more

20-Oct-2019 17:17:23.055 GRAVE [localhost-startStop-1] org.apache.catalina.startup.HostConfig.deployDescriptor Error deploying configuration descriptor C:\Users\lucas queroz\Documents\NetBeansProjects\ARGUS ACAD\lib\apache-tomcat-8.0.53\conf\Catalina\localhost\ARGUS_PBD.xml
 java.lang.IllegalStateException: ContainerBase.addChild: start: org.apache.catalina.LifecycleException: Failed to start component [StandardEngine[Catalina].StandardHost[localhost].StandardContext[/ARGUS_PBD]]
	at org.apache.catalina.core.ContainerBase.addChildInternal(ContainerBase.java:759)
	at org.apache.catalina.core.ContainerBase.addChild(ContainerBase.java:731)
	at org.apache.catalina.core.StandardHost.addChild(StandardHost.java:717)
	at org.apache.catalina.startup.HostConfig.deployDescriptor(HostConfig.java:620)
	at org.apache.catalina.startup.HostConfig$DeployDescriptor.run(HostConfig.java:1832)
	at java.util.concurrent.Executors$RunnableAdapter.call(Executors.java:511)
	at java.util.concurrent.FutureTask.run(FutureTask.java:266)
	at java.util.concurrent.ThreadPoolExecutor.runWorker(ThreadPoolExecutor.java:1142)
	at java.util.concurrent.ThreadPoolExecutor$Worker.run(ThreadPoolExecutor.java:617)
	at java.lang.Thread.run(Thread.java:745)

20-Oct-2019 17:17:23.124 INFORMAÇÕES [localhost-startStop-1] org.apache.catalina.startup.HostConfig.deployDescriptor Deployment of configuration descriptor C:\Users\lucas queroz\Documents\NetBeansProjects\ARGUS ACAD\lib\apache-tomcat-8.0.53\conf\Catalina\localhost\ARGUS_PBD.xml has finished in 548 ms
20-Oct-2019 17:17:23.124 INFORMAÇÕES [localhost-startStop-1] org.apache.catalina.startup.HostConfig.deployDescriptor Deploying configuration descriptor C:\Users\lucas queroz\Documents\NetBeansProjects\ARGUS ACAD\lib\apache-tomcat-8.0.53\conf\Catalina\localhost\PDelfos.xml
20-Oct-2019 17:17:23.256 GRAVE [localhost-startStop-1] org.apache.catalina.core.ContainerBase.addChildInternal ContainerBase.addChild: start: 
 org.apache.catalina.LifecycleException: Failed to start component [StandardEngine[Catalina].StandardHost[localhost].StandardContext[/PDelfos]]
	at org.apache.catalina.util.LifecycleBase.start(LifecycleBase.java:162)
	at org.apache.catalina.core.ContainerBase.addChildInternal(ContainerBase.java:755)
	at org.apache.catalina.core.ContainerBase.addChild(ContainerBase.java:731)
	at org.apache.catalina.core.StandardHost.addChild(StandardHost.java:717)
	at org.apache.catalina.startup.HostConfig.deployDescriptor(HostConfig.java:620)
	at org.apache.catalina.startup.HostConfig$DeployDescriptor.run(HostConfig.java:1832)
	at java.util.concurrent.Executors$RunnableAdapter.call(Executors.java:511)
	at java.util.concurrent.FutureTask.run(FutureTask.java:266)
	at java.util.concurrent.ThreadPoolExecutor.runWorker(ThreadPoolExecutor.java:1142)
	at java.util.concurrent.ThreadPoolExecutor$Worker.run(ThreadPoolExecutor.java:617)
	at java.lang.Thread.run(Thread.java:745)
Caused by: org.apache.catalina.LifecycleException: Failed to start component [org.apache.catalina.webresources.StandardRoot@6a312763]
	at org.apache.catalina.util.LifecycleBase.start(LifecycleBase.java:162)
	at org.apache.catalina.core.StandardContext.resourcesStart(StandardContext.java:5016)
	at org.apache.catalina.core.StandardContext.startInternal(StandardContext.java:5149)
	at org.apache.catalina.util.LifecycleBase.start(LifecycleBase.java:145)
	... 10 more
Caused by: java.lang.IllegalArgumentException: The main resource set specified [C:\Users\eltho\Documents\PDelfos\build\web] is not valid
	at org.apache.catalina.webresources.StandardRoot.createMainResourceSet(StandardRoot.java:746)
	at org.apache.catalina.webresources.StandardRoot.startInternal(StandardRoot.java:704)
	at org.apache.catalina.util.LifecycleBase.start(LifecycleBase.java:145)
	... 13 more

20-Oct-2019 17:17:23.287 GRAVE [localhost-startStop-1] org.apache.catalina.startup.HostConfig.deployDescriptor Error deploying configuration descriptor C:\Users\lucas queroz\Documents\NetBeansProjects\ARGUS ACAD\lib\apache-tomcat-8.0.53\conf\Catalina\localhost\PDelfos.xml
 java.lang.IllegalStateException: ContainerBase.addChild: start: org.apache.catalina.LifecycleException: Failed to start component [StandardEngine[Catalina].StandardHost[localhost].StandardContext[/PDelfos]]
	at org.apache.catalina.core.ContainerBase.addChildInternal(ContainerBase.java:759)
	at org.apache.catalina.core.ContainerBase.addChild(ContainerBase.java:731)
	at org.apache.catalina.core.StandardHost.addChild(StandardHost.java:717)
	at org.apache.catalina.startup.HostConfig.deployDescriptor(HostConfig.java:620)
	at org.apache.catalina.startup.HostConfig$DeployDescriptor.run(HostConfig.java:1832)
	at java.util.concurrent.Executors$RunnableAdapter.call(Executors.java:511)
	at java.util.concurrent.FutureTask.run(FutureTask.java:266)
	at java.util.concurrent.ThreadPoolExecutor.runWorker(ThreadPoolExecutor.java:1142)
	at java.util.concurrent.ThreadPoolExecutor$Worker.run(ThreadPoolExecutor.java:617)
	at java.lang.Thread.run(Thread.java:745)

20-Oct-2019 17:17:23.287 INFORMAÇÕES [localhost-startStop-1] org.apache.catalina.startup.HostConfig.deployDescriptor Deployment of configuration descriptor C:\Users\lucas queroz\Documents\NetBeansProjects\ARGUS ACAD\lib\apache-tomcat-8.0.53\conf\Catalina\localhost\PDelfos.xml has finished in 163 ms
20-Oct-2019 17:17:24.084 INFORMAÇÕES [localhost-startStop-1] org.apache.catalina.startup.HostConfig.deployDescriptor Deploying configuration descriptor C:\Users\lucas queroz\Documents\NetBeansProjects\ARGUS ACAD\lib\apache-tomcat-8.0.53\conf\Catalina\localhost\ROOT.xml
20-Oct-2019 17:17:24.190 ADVERTÊNCIA [localhost-startStop-1] org.apache.catalina.startup.SetContextPropertiesRule.begin [SetContextPropertiesRule]{Context} Setting property 'antiJARLocking' to 'true' did not find a matching property.
20-Oct-2019 17:18:07.618 ADVERTÊNCIA [localhost-startStop-1] org.apache.tomcat.dbcp.dbcp2.BasicDataSourceFactory.getObjectInstance Name = teste Property maxActive is not used in DBCP2, use maxTotal instead. maxTotal default value is 8. You have set value of "20" for "maxActive" property, which is being ignored.
20-Oct-2019 17:18:07.618 ADVERTÊNCIA [localhost-startStop-1] org.apache.tomcat.dbcp.dbcp2.BasicDataSourceFactory.getObjectInstance Name = teste Property maxWait is not used in DBCP2 , use maxWaitMillis instead. maxWaitMillis default value is -1. You have set value of "-1" for "maxWait" property, which is being ignored.
20-Oct-2019 17:18:09.314 INFORMAÇÕES [localhost-startStop-1] org.apache.jasper.servlet.TldScanner.scanJars At least one JAR was scanned for TLDs yet contained no TLDs. Enable debug logging for this logger for a complete list of JARs that were scanned but no TLDs were found in them. Skipping unneeded JARs during scanning can improve startup time and JSP compilation time.
20-Oct-2019 17:18:11.814 INFORMAÇÕES [localhost-startStop-1] com.sun.faces.config.ConfigureListener.contextInitialized Inicializando Mojarra 2.2.5 ( 20140108-1427 https://svn.java.net/svn/mojarra~svn/tags/2.2.5@12761) para o contexto ''
20-Oct-2019 17:18:13.932 INFORMAÇÕES [localhost-startStop-1] com.sun.faces.spi.InjectionProviderFactory.createInstance JSF1048: Anotações PostConstruct/PreDestroy presentes.  Os métodos ManagedBeans marcados com essas anotações informarão as anotações processadas.
20-Oct-2019 17:18:24.174 INFORMAÇÕES [localhost-startStop-1] org.primefaces.webapp.PostConstructApplicationEventListener.processEvent Running on PrimeFaces 6.1
20-Oct-2019 17:18:24.174 INFORMAÇÕES [localhost-startStop-1] org.omnifaces.VersionLoggerEventListener.processEvent Using OmniFaces version 1.14.1
20-Oct-2019 17:18:25.981 ADVERTÊNCIA [localhost-startStop-1] org.apache.catalina.util.SessionIdGeneratorBase.createSecureRandom Creation of SecureRandom instance for session ID generation using [SHA1PRNG] took [1,792] milliseconds.
20-Oct-2019 17:18:26.052 INFORMAÇÕES [localhost-startStop-1] org.apache.catalina.startup.HostConfig.deployDescriptor Deployment of configuration descriptor C:\Users\lucas queroz\Documents\NetBeansProjects\ARGUS ACAD\lib\apache-tomcat-8.0.53\conf\Catalina\localhost\ROOT.xml has finished in 61,968 ms
20-Oct-2019 17:18:26.062 INFORMAÇÕES [localhost-startStop-1] org.apache.catalina.startup.HostConfig.deployDirectory Deploying web application directory C:\Users\lucas queroz\Documents\NetBeansProjects\ARGUS ACAD\lib\apache-tomcat-8.0.53\webapps\docs
20-Oct-2019 17:18:26.439 INFORMAÇÕES [localhost-startStop-1] org.apache.catalina.startup.HostConfig.deployDirectory Deployment of web application directory C:\Users\lucas queroz\Documents\NetBeansProjects\ARGUS ACAD\lib\apache-tomcat-8.0.53\webapps\docs has finished in 377 ms
20-Oct-2019 17:18:26.439 INFORMAÇÕES [localhost-startStop-1] org.apache.catalina.startup.HostConfig.deployDirectory Deploying web application directory C:\Users\lucas queroz\Documents\NetBeansProjects\ARGUS ACAD\lib\apache-tomcat-8.0.53\webapps\examples
20-Oct-2019 17:18:32.147 INFORMAÇÕES [localhost-startStop-1] org.apache.catalina.startup.HostConfig.deployDirectory Deployment of web application directory C:\Users\lucas queroz\Documents\NetBeansProjects\ARGUS ACAD\lib\apache-tomcat-8.0.53\webapps\examples has finished in 5,708 ms
20-Oct-2019 17:18:32.147 INFORMAÇÕES [localhost-startStop-1] org.apache.catalina.startup.HostConfig.deployDirectory Deploying web application directory C:\Users\lucas queroz\Documents\NetBeansProjects\ARGUS ACAD\lib\apache-tomcat-8.0.53\webapps\host-manager
20-Oct-2019 17:18:32.543 INFORMAÇÕES [localhost-startStop-1] org.apache.catalina.startup.HostConfig.deployDirectory Deployment of web application directory C:\Users\lucas queroz\Documents\NetBeansProjects\ARGUS ACAD\lib\apache-tomcat-8.0.53\webapps\host-manager has finished in 396 ms
20-Oct-2019 17:18:32.543 INFORMAÇÕES [localhost-startStop-1] org.apache.catalina.startup.HostConfig.deployDirectory Deploying web application directory C:\Users\lucas queroz\Documents\NetBeansProjects\ARGUS ACAD\lib\apache-tomcat-8.0.53\webapps\manager
20-Oct-2019 17:18:32.824 INFORMAÇÕES [localhost-startStop-1] org.apache.catalina.startup.HostConfig.deployDirectory Deployment of web application directory C:\Users\lucas queroz\Documents\NetBeansProjects\ARGUS ACAD\lib\apache-tomcat-8.0.53\webapps\manager has finished in 277 ms
20-Oct-2019 17:18:32.892 INFORMAÇÕES [main] org.apache.coyote.AbstractProtocol.start Starting ProtocolHandler ["http-apr-8080"]
20-Oct-2019 17:18:32.979 INFORMAÇÕES [main] org.apache.coyote.AbstractProtocol.start Starting ProtocolHandler ["ajp-apr-8009"]
20-Oct-2019 17:18:33.000 INFORMAÇÕES [main] org.apache.catalina.startup.Catalina.start Server startup in 71235 ms
20-Oct-2019 17:18:45.018 INFORMAÇÕES [http-apr-8080-exec-11] org.apache.catalina.core.StandardContext.reload Reloading Context with name [] has started
20-Oct-2019 17:19:04.336 INFORMAÇÕES [http-apr-8080-exec-11] org.apache.jasper.servlet.TldScanner.scanJars At least one JAR was scanned for TLDs yet contained no TLDs. Enable debug logging for this logger for a complete list of JARs that were scanned but no TLDs were found in them. Skipping unneeded JARs during scanning can improve startup time and JSP compilation time.
20-Oct-2019 17:19:05.279 INFORMAÇÕES [http-apr-8080-exec-11] com.sun.faces.config.ConfigureListener.contextInitialized Inicializando Mojarra 2.2.5 ( 20140108-1427 https://svn.java.net/svn/mojarra~svn/tags/2.2.5@12761) para o contexto ''
20-Oct-2019 17:19:06.219 INFORMAÇÕES [http-apr-8080-exec-11] com.sun.faces.spi.InjectionProviderFactory.createInstance JSF1048: Anotações PostConstruct/PreDestroy presentes.  Os métodos ManagedBeans marcados com essas anotações informarão as anotações processadas.
20-Oct-2019 17:19:13.359 INFORMAÇÕES [http-apr-8080-exec-11] org.primefaces.webapp.PostConstructApplicationEventListener.processEvent Running on PrimeFaces 6.1
20-Oct-2019 17:19:13.359 INFORMAÇÕES [http-apr-8080-exec-11] org.omnifaces.VersionLoggerEventListener.processEvent Using OmniFaces version 1.14.1
20-Oct-2019 17:19:13.374 INFORMAÇÕES [http-apr-8080-exec-11] org.apache.catalina.core.StandardContext.reload Reloading Context with name [] is completed
20-Oct-2019 17:21:33.832 WARN [http-apr-8080-exec-39] org.hibernate.ejb.HibernatePersistence.logDeprecation HHH015016: Encountered a deprecated javax.persistence.spi.PersistenceProvider [org.hibernate.ejb.HibernatePersistence]; use [org.hibernate.jpa.HibernatePersistenceProvider] instead.
20-Oct-2019 17:21:35.994 WARN [http-apr-8080-exec-39] org.hibernate.ejb.HibernatePersistence.logDeprecation HHH015016: Encountered a deprecated javax.persistence.spi.PersistenceProvider [org.hibernate.ejb.HibernatePersistence]; use [org.hibernate.jpa.HibernatePersistenceProvider] instead.
20-Oct-2019 17:21:35.994 WARN [http-apr-8080-exec-39] org.hibernate.ejb.HibernatePersistence.logDeprecation HHH015016: Encountered a deprecated javax.persistence.spi.PersistenceProvider [org.hibernate.ejb.HibernatePersistence]; use [org.hibernate.jpa.HibernatePersistenceProvider] instead.
20-Oct-2019 17:22:35.487 INFO [http-apr-8080-exec-39] org.hibernate.jpa.internal.util.LogHelper.logPersistenceUnitInformation HHH000204: Processing PersistenceUnitInfo [
	name: teste
	...]
20-Oct-2019 17:22:46.710 INFO [http-apr-8080-exec-39] org.hibernate.Version.logVersion HHH000412: Hibernate Core {4.3.1.Final}
20-Oct-2019 17:22:46.826 INFO [http-apr-8080-exec-39] org.hibernate.cfg.Environment.<clinit> HHH000206: hibernate.properties not found
20-Oct-2019 17:22:46.870 INFO [http-apr-8080-exec-39] org.hibernate.cfg.Environment.buildBytecodeProvider HHH000021: Bytecode provider name : javassist
20-Oct-2019 17:28:37.036 INFORMAÇÕES [main] org.apache.catalina.core.StandardServer.await A valid shutdown command was received via the shutdown port. Stopping the Server instance.
20-Oct-2019 17:28:37.346 INFORMAÇÕES [main] org.apache.coyote.AbstractProtocol.pause Pausing ProtocolHandler ["http-apr-8080"]
20-Oct-2019 17:28:37.726 INFORMAÇÕES [main] org.apache.coyote.AbstractProtocol.pause Pausing ProtocolHandler ["ajp-apr-8009"]
20-Oct-2019 17:28:38.094 INFORMAÇÕES [main] org.apache.catalina.core.StandardService.stopInternal Stopping service Catalina
20-Oct-2019 17:28:42.433 ADVERTÊNCIA [localhost-startStop-2] org.apache.catalina.loader.WebappClassLoaderBase.clearReferencesJdbc The web application [ROOT] registered the JDBC driver [org.postgresql.Driver] but failed to unregister it when the web application was stopped. To prevent a memory leak, the JDBC Driver has been forcibly unregistered.
20-Oct-2019 17:28:43.914 INFORMAÇÕES [main] org.apache.coyote.AbstractProtocol.stop Stopping ProtocolHandler ["http-apr-8080"]
20-Oct-2019 17:28:44.128 INFORMAÇÕES [main] org.apache.coyote.AbstractProtocol.stop Stopping ProtocolHandler ["ajp-apr-8009"]
20-Oct-2019 17:28:44.352 INFORMAÇÕES [main] org.apache.coyote.AbstractProtocol.destroy Destroying ProtocolHandler ["http-apr-8080"]
20-Oct-2019 17:28:44.436 INFORMAÇÕES [main] org.apache.coyote.AbstractProtocol.destroy Destroying ProtocolHandler ["ajp-apr-8009"]
20-Oct-2019 17:42:55.258 INFORMAÇÕES [main] org.apache.catalina.startup.VersionLoggerListener.log Server version:        Apache Tomcat/8.0.53
20-Oct-2019 17:42:55.394 INFORMAÇÕES [main] org.apache.catalina.startup.VersionLoggerListener.log Server built:          Jun 29 2018 14:42:45 UTC
20-Oct-2019 17:42:55.394 INFORMAÇÕES [main] org.apache.catalina.startup.VersionLoggerListener.log Server number:         8.0.53.0
20-Oct-2019 17:42:55.394 INFORMAÇÕES [main] org.apache.catalina.startup.VersionLoggerListener.log OS Name:               Windows 10
20-Oct-2019 17:42:55.394 INFORMAÇÕES [main] org.apache.catalina.startup.VersionLoggerListener.log OS Version:            10.0
20-Oct-2019 17:42:55.394 INFORMAÇÕES [main] org.apache.catalina.startup.VersionLoggerListener.log Architecture:          amd64
20-Oct-2019 17:42:55.394 INFORMAÇÕES [main] org.apache.catalina.startup.VersionLoggerListener.log Java Home:             C:\Program Files\Java\jdk1.8.0_101\jre
20-Oct-2019 17:42:55.398 INFORMAÇÕES [main] org.apache.catalina.startup.VersionLoggerListener.log JVM Version:           1.8.0_101-b13
20-Oct-2019 17:42:55.398 INFORMAÇÕES [main] org.apache.catalina.startup.VersionLoggerListener.log JVM Vendor:            Oracle Corporation
20-Oct-2019 17:42:55.398 INFORMAÇÕES [main] org.apache.catalina.startup.VersionLoggerListener.log CATALINA_BASE:         C:\Users\lucas queroz\Documents\NetBeansProjects\ARGUS ACAD\lib\apache-tomcat-8.0.53
20-Oct-2019 17:42:55.398 INFORMAÇÕES [main] org.apache.catalina.startup.VersionLoggerListener.log CATALINA_HOME:         C:\Users\lucas queroz\Documents\NetBeansProjects\ARGUS ACAD\lib\apache-tomcat-8.0.53
20-Oct-2019 17:42:55.398 INFORMAÇÕES [main] org.apache.catalina.startup.VersionLoggerListener.log Command line argument: -Djava.util.logging.config.file=C:\Users\lucas queroz\Documents\NetBeansProjects\ARGUS ACAD\lib\apache-tomcat-8.0.53\conf\logging.properties
20-Oct-2019 17:42:55.398 INFORMAÇÕES [main] org.apache.catalina.startup.VersionLoggerListener.log Command line argument: -Djava.util.logging.manager=org.apache.juli.ClassLoaderLogManager
20-Oct-2019 17:42:55.398 INFORMAÇÕES [main] org.apache.catalina.startup.VersionLoggerListener.log Command line argument: -Djdk.tls.ephemeralDHKeySize=2048
20-Oct-2019 17:42:55.398 INFORMAÇÕES [main] org.apache.catalina.startup.VersionLoggerListener.log Command line argument: -Djava.protocol.handler.pkgs=org.apache.catalina.webresources
20-Oct-2019 17:42:55.398 INFORMAÇÕES [main] org.apache.catalina.startup.VersionLoggerListener.log Command line argument: -Dignore.endorsed.dirs=
20-Oct-2019 17:42:55.398 INFORMAÇÕES [main] org.apache.catalina.startup.VersionLoggerListener.log Command line argument: -Dcatalina.base=C:\Users\lucas queroz\Documents\NetBeansProjects\ARGUS ACAD\lib\apache-tomcat-8.0.53
20-Oct-2019 17:42:55.398 INFORMAÇÕES [main] org.apache.catalina.startup.VersionLoggerListener.log Command line argument: -Dcatalina.home=C:\Users\lucas queroz\Documents\NetBeansProjects\ARGUS ACAD\lib\apache-tomcat-8.0.53
20-Oct-2019 17:42:55.398 INFORMAÇÕES [main] org.apache.catalina.startup.VersionLoggerListener.log Command line argument: -Djava.io.tmpdir=C:\Users\lucas queroz\Documents\NetBeansProjects\ARGUS ACAD\lib\apache-tomcat-8.0.53\temp
20-Oct-2019 17:42:55.398 INFORMAÇÕES [main] org.apache.catalina.core.AprLifecycleListener.lifecycleEvent Loaded APR based Apache Tomcat Native library 1.2.17 using APR version 1.6.3.
20-Oct-2019 17:42:55.402 INFORMAÇÕES [main] org.apache.catalina.core.AprLifecycleListener.lifecycleEvent APR capabilities: IPv6 [true], sendfile [true], accept filters [false], random [true].
20-Oct-2019 17:42:57.030 INFORMAÇÕES [main] org.apache.catalina.core.AprLifecycleListener.initializeSSL OpenSSL successfully initialized (OpenSSL 1.0.2o  27 Mar 2018)
20-Oct-2019 17:42:58.782 INFORMAÇÕES [main] org.apache.coyote.AbstractProtocol.init Initializing ProtocolHandler ["http-apr-8080"]
20-Oct-2019 17:42:59.006 INFORMAÇÕES [main] org.apache.coyote.AbstractProtocol.init Initializing ProtocolHandler ["ajp-apr-8009"]
20-Oct-2019 17:42:59.026 INFORMAÇÕES [main] org.apache.catalina.startup.Catalina.load Initialization processed in 5864 ms
20-Oct-2019 17:42:59.329 INFORMAÇÕES [main] org.apache.catalina.core.StandardService.startInternal Starting service Catalina
20-Oct-2019 17:42:59.329 INFORMAÇÕES [main] org.apache.catalina.core.StandardEngine.startInternal Starting Servlet Engine: Apache Tomcat/8.0.53
20-Oct-2019 17:42:59.497 INFORMAÇÕES [localhost-startStop-1] org.apache.catalina.startup.HostConfig.deployDescriptor Deploying configuration descriptor C:\Users\lucas queroz\Documents\NetBeansProjects\ARGUS ACAD\lib\apache-tomcat-8.0.53\conf\Catalina\localhost\ARGUS_PBD.xml
20-Oct-2019 17:42:59.701 ADVERTÊNCIA [localhost-startStop-1] org.apache.catalina.startup.SetContextPropertiesRule.begin [SetContextPropertiesRule]{Context} Setting property 'antiJARLocking' to 'true' did not find a matching property.
20-Oct-2019 17:42:59.949 GRAVE [localhost-startStop-1] org.apache.catalina.core.ContainerBase.addChildInternal ContainerBase.addChild: start: 
 org.apache.catalina.LifecycleException: Failed to start component [StandardEngine[Catalina].StandardHost[localhost].StandardContext[/ARGUS_PBD]]
	at org.apache.catalina.util.LifecycleBase.start(LifecycleBase.java:162)
	at org.apache.catalina.core.ContainerBase.addChildInternal(ContainerBase.java:755)
	at org.apache.catalina.core.ContainerBase.addChild(ContainerBase.java:731)
	at org.apache.catalina.core.StandardHost.addChild(StandardHost.java:717)
	at org.apache.catalina.startup.HostConfig.deployDescriptor(HostConfig.java:620)
	at org.apache.catalina.startup.HostConfig$DeployDescriptor.run(HostConfig.java:1832)
	at java.util.concurrent.Executors$RunnableAdapter.call(Executors.java:511)
	at java.util.concurrent.FutureTask.run(FutureTask.java:266)
	at java.util.concurrent.ThreadPoolExecutor.runWorker(ThreadPoolExecutor.java:1142)
	at java.util.concurrent.ThreadPoolExecutor$Worker.run(ThreadPoolExecutor.java:617)
	at java.lang.Thread.run(Thread.java:745)
Caused by: org.apache.catalina.LifecycleException: Failed to start component [org.apache.catalina.webresources.StandardRoot@1cee93e8]
	at org.apache.catalina.util.LifecycleBase.start(LifecycleBase.java:162)
	at org.apache.catalina.core.StandardContext.resourcesStart(StandardContext.java:5016)
	at org.apache.catalina.core.StandardContext.startInternal(StandardContext.java:5149)
	at org.apache.catalina.util.LifecycleBase.start(LifecycleBase.java:145)
	... 10 more
Caused by: java.lang.IllegalArgumentException: The main resource set specified [C:\Users\lucas queroz\Documents\NetBeansProjects\ARGUS PBD\build\web] is not valid
	at org.apache.catalina.webresources.StandardRoot.createMainResourceSet(StandardRoot.java:746)
	at org.apache.catalina.webresources.StandardRoot.startInternal(StandardRoot.java:704)
	at org.apache.catalina.util.LifecycleBase.start(LifecycleBase.java:145)
	... 13 more

20-Oct-2019 17:42:59.994 GRAVE [localhost-startStop-1] org.apache.catalina.startup.HostConfig.deployDescriptor Error deploying configuration descriptor C:\Users\lucas queroz\Documents\NetBeansProjects\ARGUS ACAD\lib\apache-tomcat-8.0.53\conf\Catalina\localhost\ARGUS_PBD.xml
 java.lang.IllegalStateException: ContainerBase.addChild: start: org.apache.catalina.LifecycleException: Failed to start component [StandardEngine[Catalina].StandardHost[localhost].StandardContext[/ARGUS_PBD]]
	at org.apache.catalina.core.ContainerBase.addChildInternal(ContainerBase.java:759)
	at org.apache.catalina.core.ContainerBase.addChild(ContainerBase.java:731)
	at org.apache.catalina.core.StandardHost.addChild(StandardHost.java:717)
	at org.apache.catalina.startup.HostConfig.deployDescriptor(HostConfig.java:620)
	at org.apache.catalina.startup.HostConfig$DeployDescriptor.run(HostConfig.java:1832)
	at java.util.concurrent.Executors$RunnableAdapter.call(Executors.java:511)
	at java.util.concurrent.FutureTask.run(FutureTask.java:266)
	at java.util.concurrent.ThreadPoolExecutor.runWorker(ThreadPoolExecutor.java:1142)
	at java.util.concurrent.ThreadPoolExecutor$Worker.run(ThreadPoolExecutor.java:617)
	at java.lang.Thread.run(Thread.java:745)

20-Oct-2019 17:43:00.018 INFORMAÇÕES [localhost-startStop-1] org.apache.catalina.startup.HostConfig.deployDescriptor Deployment of configuration descriptor C:\Users\lucas queroz\Documents\NetBeansProjects\ARGUS ACAD\lib\apache-tomcat-8.0.53\conf\Catalina\localhost\ARGUS_PBD.xml has finished in 505 ms
20-Oct-2019 17:43:00.018 INFORMAÇÕES [localhost-startStop-1] org.apache.catalina.startup.HostConfig.deployDescriptor Deploying configuration descriptor C:\Users\lucas queroz\Documents\NetBeansProjects\ARGUS ACAD\lib\apache-tomcat-8.0.53\conf\Catalina\localhost\PDelfos.xml
20-Oct-2019 17:43:00.186 GRAVE [localhost-startStop-1] org.apache.catalina.core.ContainerBase.addChildInternal ContainerBase.addChild: start: 
 org.apache.catalina.LifecycleException: Failed to start component [StandardEngine[Catalina].StandardHost[localhost].StandardContext[/PDelfos]]
	at org.apache.catalina.util.LifecycleBase.start(LifecycleBase.java:162)
	at org.apache.catalina.core.ContainerBase.addChildInternal(ContainerBase.java:755)
	at org.apache.catalina.core.ContainerBase.addChild(ContainerBase.java:731)
	at org.apache.catalina.core.StandardHost.addChild(StandardHost.java:717)
	at org.apache.catalina.startup.HostConfig.deployDescriptor(HostConfig.java:620)
	at org.apache.catalina.startup.HostConfig$DeployDescriptor.run(HostConfig.java:1832)
	at java.util.concurrent.Executors$RunnableAdapter.call(Executors.java:511)
	at java.util.concurrent.FutureTask.run(FutureTask.java:266)
	at java.util.concurrent.ThreadPoolExecutor.runWorker(ThreadPoolExecutor.java:1142)
	at java.util.concurrent.ThreadPoolExecutor$Worker.run(ThreadPoolExecutor.java:617)
	at java.lang.Thread.run(Thread.java:745)
Caused by: org.apache.catalina.LifecycleException: Failed to start component [org.apache.catalina.webresources.StandardRoot@6807a202]
	at org.apache.catalina.util.LifecycleBase.start(LifecycleBase.java:162)
	at org.apache.catalina.core.StandardContext.resourcesStart(StandardContext.java:5016)
	at org.apache.catalina.core.StandardContext.startInternal(StandardContext.java:5149)
	at org.apache.catalina.util.LifecycleBase.start(LifecycleBase.java:145)
	... 10 more
Caused by: java.lang.IllegalArgumentException: The main resource set specified [C:\Users\eltho\Documents\PDelfos\build\web] is not valid
	at org.apache.catalina.webresources.StandardRoot.createMainResourceSet(StandardRoot.java:746)
	at org.apache.catalina.webresources.StandardRoot.startInternal(StandardRoot.java:704)
	at org.apache.catalina.util.LifecycleBase.start(LifecycleBase.java:145)
	... 13 more

20-Oct-2019 17:43:00.186 GRAVE [localhost-startStop-1] org.apache.catalina.startup.HostConfig.deployDescriptor Error deploying configuration descriptor C:\Users\lucas queroz\Documents\NetBeansProjects\ARGUS ACAD\lib\apache-tomcat-8.0.53\conf\Catalina\localhost\PDelfos.xml
 java.lang.IllegalStateException: ContainerBase.addChild: start: org.apache.catalina.LifecycleException: Failed to start component [StandardEngine[Catalina].StandardHost[localhost].StandardContext[/PDelfos]]
	at org.apache.catalina.core.ContainerBase.addChildInternal(ContainerBase.java:759)
	at org.apache.catalina.core.ContainerBase.addChild(ContainerBase.java:731)
	at org.apache.catalina.core.StandardHost.addChild(StandardHost.java:717)
	at org.apache.catalina.startup.HostConfig.deployDescriptor(HostConfig.java:620)
	at org.apache.catalina.startup.HostConfig$DeployDescriptor.run(HostConfig.java:1832)
	at java.util.concurrent.Executors$RunnableAdapter.call(Executors.java:511)
	at java.util.concurrent.FutureTask.run(FutureTask.java:266)
	at java.util.concurrent.ThreadPoolExecutor.runWorker(ThreadPoolExecutor.java:1142)
	at java.util.concurrent.ThreadPoolExecutor$Worker.run(ThreadPoolExecutor.java:617)
	at java.lang.Thread.run(Thread.java:745)

20-Oct-2019 17:43:00.190 INFORMAÇÕES [localhost-startStop-1] org.apache.catalina.startup.HostConfig.deployDescriptor Deployment of configuration descriptor C:\Users\lucas queroz\Documents\NetBeansProjects\ARGUS ACAD\lib\apache-tomcat-8.0.53\conf\Catalina\localhost\PDelfos.xml has finished in 172 ms
20-Oct-2019 17:43:00.190 INFORMAÇÕES [localhost-startStop-1] org.apache.catalina.startup.HostConfig.deployDescriptor Deploying configuration descriptor C:\Users\lucas queroz\Documents\NetBeansProjects\ARGUS ACAD\lib\apache-tomcat-8.0.53\conf\Catalina\localhost\ROOT.xml
20-Oct-2019 17:43:00.338 ADVERTÊNCIA [localhost-startStop-1] org.apache.catalina.startup.SetContextPropertiesRule.begin [SetContextPropertiesRule]{Context} Setting property 'antiJARLocking' to 'true' did not find a matching property.
20-Oct-2019 17:43:21.075 ADVERTÊNCIA [localhost-startStop-1] org.apache.tomcat.dbcp.dbcp2.BasicDataSourceFactory.getObjectInstance Name = teste Property maxActive is not used in DBCP2, use maxTotal instead. maxTotal default value is 8. You have set value of "20" for "maxActive" property, which is being ignored.
20-Oct-2019 17:43:21.075 ADVERTÊNCIA [localhost-startStop-1] org.apache.tomcat.dbcp.dbcp2.BasicDataSourceFactory.getObjectInstance Name = teste Property maxWait is not used in DBCP2 , use maxWaitMillis instead. maxWaitMillis default value is -1. You have set value of "-1" for "maxWait" property, which is being ignored.
20-Oct-2019 17:43:21.863 INFORMAÇÕES [localhost-startStop-1] org.apache.jasper.servlet.TldScanner.scanJars At least one JAR was scanned for TLDs yet contained no TLDs. Enable debug logging for this logger for a complete list of JARs that were scanned but no TLDs were found in them. Skipping unneeded JARs during scanning can improve startup time and JSP compilation time.
20-Oct-2019 17:43:23.182 INFORMAÇÕES [localhost-startStop-1] com.sun.faces.config.ConfigureListener.contextInitialized Inicializando Mojarra 2.2.5 ( 20140108-1427 https://svn.java.net/svn/mojarra~svn/tags/2.2.5@12761) para o contexto ''
20-Oct-2019 17:43:24.322 INFORMAÇÕES [localhost-startStop-1] com.sun.faces.spi.InjectionProviderFactory.createInstance JSF1048: Anotações PostConstruct/PreDestroy presentes.  Os métodos ManagedBeans marcados com essas anotações informarão as anotações processadas.
20-Oct-2019 17:43:32.060 INFORMAÇÕES [localhost-startStop-1] org.primefaces.webapp.PostConstructApplicationEventListener.processEvent Running on PrimeFaces 6.1
20-Oct-2019 17:43:32.060 INFORMAÇÕES [localhost-startStop-1] org.omnifaces.VersionLoggerEventListener.processEvent Using OmniFaces version 1.14.1
20-Oct-2019 17:43:33.476 ADVERTÊNCIA [localhost-startStop-1] org.apache.catalina.util.SessionIdGeneratorBase.createSecureRandom Creation of SecureRandom instance for session ID generation using [SHA1PRNG] took [1,412] milliseconds.
20-Oct-2019 17:43:34.033 INFORMAÇÕES [localhost-startStop-1] org.apache.catalina.startup.HostConfig.deployDescriptor Deployment of configuration descriptor C:\Users\lucas queroz\Documents\NetBeansProjects\ARGUS ACAD\lib\apache-tomcat-8.0.53\conf\Catalina\localhost\ROOT.xml has finished in 33,843 ms
20-Oct-2019 17:43:34.045 INFORMAÇÕES [localhost-startStop-1] org.apache.catalina.startup.HostConfig.deployDirectory Deploying web application directory C:\Users\lucas queroz\Documents\NetBeansProjects\ARGUS ACAD\lib\apache-tomcat-8.0.53\webapps\docs
20-Oct-2019 17:43:34.257 INFORMAÇÕES [localhost-startStop-1] org.apache.catalina.startup.HostConfig.deployDirectory Deployment of web application directory C:\Users\lucas queroz\Documents\NetBeansProjects\ARGUS ACAD\lib\apache-tomcat-8.0.53\webapps\docs has finished in 212 ms
20-Oct-2019 17:43:34.257 INFORMAÇÕES [localhost-startStop-1] org.apache.catalina.startup.HostConfig.deployDirectory Deploying web application directory C:\Users\lucas queroz\Documents\NetBeansProjects\ARGUS ACAD\lib\apache-tomcat-8.0.53\webapps\examples
20-Oct-2019 17:43:36.870 INFORMAÇÕES [localhost-startStop-1] org.apache.catalina.startup.HostConfig.deployDirectory Deployment of web application directory C:\Users\lucas queroz\Documents\NetBeansProjects\ARGUS ACAD\lib\apache-tomcat-8.0.53\webapps\examples has finished in 2,613 ms
20-Oct-2019 17:43:36.870 INFORMAÇÕES [localhost-startStop-1] org.apache.catalina.startup.HostConfig.deployDirectory Deploying web application directory C:\Users\lucas queroz\Documents\NetBeansProjects\ARGUS ACAD\lib\apache-tomcat-8.0.53\webapps\host-manager
20-Oct-2019 17:43:37.098 INFORMAÇÕES [localhost-startStop-1] org.apache.catalina.startup.HostConfig.deployDirectory Deployment of web application directory C:\Users\lucas queroz\Documents\NetBeansProjects\ARGUS ACAD\lib\apache-tomcat-8.0.53\webapps\host-manager has finished in 228 ms
20-Oct-2019 17:43:37.098 INFORMAÇÕES [localhost-startStop-1] org.apache.catalina.startup.HostConfig.deployDirectory Deploying web application directory C:\Users\lucas queroz\Documents\NetBeansProjects\ARGUS ACAD\lib\apache-tomcat-8.0.53\webapps\manager
20-Oct-2019 17:43:37.434 INFORMAÇÕES [localhost-startStop-1] org.apache.catalina.startup.HostConfig.deployDirectory Deployment of web application directory C:\Users\lucas queroz\Documents\NetBeansProjects\ARGUS ACAD\lib\apache-tomcat-8.0.53\webapps\manager has finished in 336 ms
20-Oct-2019 17:43:37.458 INFORMAÇÕES [main] org.apache.coyote.AbstractProtocol.start Starting ProtocolHandler ["http-apr-8080"]
20-Oct-2019 17:43:37.546 INFORMAÇÕES [main] org.apache.coyote.AbstractProtocol.start Starting ProtocolHandler ["ajp-apr-8009"]
20-Oct-2019 17:43:37.622 INFORMAÇÕES [main] org.apache.catalina.startup.Catalina.start Server startup in 38597 ms
20-Oct-2019 17:43:46.252 INFORMAÇÕES [http-apr-8080-exec-2] org.apache.catalina.core.StandardContext.reload Reloading Context with name [] has started
20-Oct-2019 17:44:02.360 INFORMAÇÕES [http-apr-8080-exec-2] org.apache.jasper.servlet.TldScanner.scanJars At least one JAR was scanned for TLDs yet contained no TLDs. Enable debug logging for this logger for a complete list of JARs that were scanned but no TLDs were found in them. Skipping unneeded JARs during scanning can improve startup time and JSP compilation time.
20-Oct-2019 17:44:03.508 INFORMAÇÕES [http-apr-8080-exec-2] com.sun.faces.config.ConfigureListener.contextInitialized Inicializando Mojarra 2.2.5 ( 20140108-1427 https://svn.java.net/svn/mojarra~svn/tags/2.2.5@12761) para o contexto ''
20-Oct-2019 17:44:04.235 INFORMAÇÕES [http-apr-8080-exec-2] com.sun.faces.spi.InjectionProviderFactory.createInstance JSF1048: Anotações PostConstruct/PreDestroy presentes.  Os métodos ManagedBeans marcados com essas anotações informarão as anotações processadas.
20-Oct-2019 17:44:10.682 INFORMAÇÕES [http-apr-8080-exec-2] org.primefaces.webapp.PostConstructApplicationEventListener.processEvent Running on PrimeFaces 6.1
20-Oct-2019 17:44:10.682 INFORMAÇÕES [http-apr-8080-exec-2] org.omnifaces.VersionLoggerEventListener.processEvent Using OmniFaces version 1.14.1
20-Oct-2019 17:44:10.722 INFORMAÇÕES [17] org.apache.catalina.core.StandardContext.reload Reloading Context with name [] is completed
20-Oct-2019 17:45:06.832 WARN [http-apr-8080-exec-3] org.hibernate.ejb.HibernatePersistence.logDeprecation HHH015016: Encountered a deprecated javax.persistence.spi.PersistenceProvider [org.hibernate.ejb.HibernatePersistence]; use [org.hibernate.jpa.HibernatePersistenceProvider] instead.
20-Oct-2019 17:45:06.836 WARN [http-apr-8080-exec-3] org.hibernate.ejb.HibernatePersistence.logDeprecation HHH015016: Encountered a deprecated javax.persistence.spi.PersistenceProvider [org.hibernate.ejb.HibernatePersistence]; use [org.hibernate.jpa.HibernatePersistenceProvider] instead.
20-Oct-2019 17:45:06.836 WARN [http-apr-8080-exec-3] org.hibernate.ejb.HibernatePersistence.logDeprecation HHH015016: Encountered a deprecated javax.persistence.spi.PersistenceProvider [org.hibernate.ejb.HibernatePersistence]; use [org.hibernate.jpa.HibernatePersistenceProvider] instead.
20-Oct-2019 17:45:22.489 INFO [http-apr-8080-exec-3] org.hibernate.jpa.internal.util.LogHelper.logPersistenceUnitInformation HHH000204: Processing PersistenceUnitInfo [
	name: teste
	...]
20-Oct-2019 17:45:24.868 INFO [http-apr-8080-exec-3] org.hibernate.Version.logVersion HHH000412: Hibernate Core {4.3.1.Final}
20-Oct-2019 17:45:24.916 INFO [http-apr-8080-exec-3] org.hibernate.cfg.Environment.<clinit> HHH000206: hibernate.properties not found
20-Oct-2019 17:45:24.948 INFO [http-apr-8080-exec-3] org.hibernate.cfg.Environment.buildBytecodeProvider HHH000021: Bytecode provider name : javassist
20-Oct-2019 17:46:29.869 WARN [http-apr-8080-exec-19] org.hibernate.ejb.HibernatePersistence.logDeprecation HHH015016: Encountered a deprecated javax.persistence.spi.PersistenceProvider [org.hibernate.ejb.HibernatePersistence]; use [org.hibernate.jpa.HibernatePersistenceProvider] instead.
20-Oct-2019 17:46:29.869 WARN [http-apr-8080-exec-19] org.hibernate.ejb.HibernatePersistence.logDeprecation HHH015016: Encountered a deprecated javax.persistence.spi.PersistenceProvider [org.hibernate.ejb.HibernatePersistence]; use [org.hibernate.jpa.HibernatePersistenceProvider] instead.
20-Oct-2019 17:46:29.869 WARN [http-apr-8080-exec-19] org.hibernate.ejb.HibernatePersistence.logDeprecation HHH015016: Encountered a deprecated javax.persistence.spi.PersistenceProvider [org.hibernate.ejb.HibernatePersistence]; use [org.hibernate.jpa.HibernatePersistenceProvider] instead.
20-Oct-2019 17:46:29.929 INFO [http-apr-8080-exec-19] org.hibernate.jpa.internal.util.LogHelper.logPersistenceUnitInformation HHH000204: Processing PersistenceUnitInfo [
	name: teste
	...]
20-Oct-2019 18:13:04.241 INFORMAÇÕES [main] org.apache.catalina.core.StandardServer.await A valid shutdown command was received via the shutdown port. Stopping the Server instance.
20-Oct-2019 18:13:04.241 INFORMAÇÕES [main] org.apache.coyote.AbstractProtocol.pause Pausing ProtocolHandler ["http-apr-8080"]
20-Oct-2019 18:13:04.320 INFORMAÇÕES [main] org.apache.coyote.AbstractProtocol.pause Pausing ProtocolHandler ["ajp-apr-8009"]
20-Oct-2019 18:13:04.335 INFORMAÇÕES [main] org.apache.catalina.core.StandardService.stopInternal Stopping service Catalina
20-Oct-2019 18:13:04.538 ADVERTÊNCIA [localhost-startStop-2] org.apache.catalina.loader.WebappClassLoaderBase.clearReferencesJdbc The web application [ROOT] registered the JDBC driver [org.postgresql.Driver] but failed to unregister it when the web application was stopped. To prevent a memory leak, the JDBC Driver has been forcibly unregistered.
20-Oct-2019 18:13:04.679 INFORMAÇÕES [main] org.apache.coyote.AbstractProtocol.stop Stopping ProtocolHandler ["http-apr-8080"]
20-Oct-2019 18:13:04.757 INFORMAÇÕES [main] org.apache.coyote.AbstractProtocol.stop Stopping ProtocolHandler ["ajp-apr-8009"]
20-Oct-2019 18:13:04.835 INFORMAÇÕES [main] org.apache.coyote.AbstractProtocol.destroy Destroying ProtocolHandler ["http-apr-8080"]
20-Oct-2019 18:13:04.835 INFORMAÇÕES [main] org.apache.coyote.AbstractProtocol.destroy Destroying ProtocolHandler ["ajp-apr-8009"]
