29-Nov-2019 23:01:34.637 INFORMAÇÕES [main] org.apache.catalina.startup.VersionLoggerListener.log Server version:        Apache Tomcat/8.0.53
29-Nov-2019 23:01:34.645 INFORMAÇÕES [main] org.apache.catalina.startup.VersionLoggerListener.log Server built:          Jun 29 2018 14:42:45 UTC
29-Nov-2019 23:01:34.645 INFORMAÇÕES [main] org.apache.catalina.startup.VersionLoggerListener.log Server number:         8.0.53.0
29-Nov-2019 23:01:34.645 INFORMAÇÕES [main] org.apache.catalina.startup.VersionLoggerListener.log OS Name:               Windows 10
29-Nov-2019 23:01:34.649 INFORMAÇÕES [main] org.apache.catalina.startup.VersionLoggerListener.log OS Version:            10.0
29-Nov-2019 23:01:34.649 INFORMAÇÕES [main] org.apache.catalina.startup.VersionLoggerListener.log Architecture:          amd64
29-Nov-2019 23:01:34.649 INFORMAÇÕES [main] org.apache.catalina.startup.VersionLoggerListener.log Java Home:             C:\Program Files\Java\jdk1.8.0_101\jre
29-Nov-2019 23:01:34.649 INFORMAÇÕES [main] org.apache.catalina.startup.VersionLoggerListener.log JVM Version:           1.8.0_101-b13
29-Nov-2019 23:01:34.653 INFORMAÇÕES [main] org.apache.catalina.startup.VersionLoggerListener.log JVM Vendor:            Oracle Corporation
29-Nov-2019 23:01:34.653 INFORMAÇÕES [main] org.apache.catalina.startup.VersionLoggerListener.log CATALINA_BASE:         C:\Users\lucas queroz\Documents\NetBeansProjects\ARGUS ACAD\lib\apache-tomcat-8.0.53
29-Nov-2019 23:01:34.653 INFORMAÇÕES [main] org.apache.catalina.startup.VersionLoggerListener.log CATALINA_HOME:         C:\Users\lucas queroz\Documents\NetBeansProjects\ARGUS ACAD\lib\apache-tomcat-8.0.53
29-Nov-2019 23:01:34.657 INFORMAÇÕES [main] org.apache.catalina.startup.VersionLoggerListener.log Command line argument: -Djava.util.logging.config.file=C:\Users\lucas queroz\Documents\NetBeansProjects\ARGUS ACAD\lib\apache-tomcat-8.0.53\conf\logging.properties
29-Nov-2019 23:01:34.657 INFORMAÇÕES [main] org.apache.catalina.startup.VersionLoggerListener.log Command line argument: -Djava.util.logging.manager=org.apache.juli.ClassLoaderLogManager
29-Nov-2019 23:01:34.657 INFORMAÇÕES [main] org.apache.catalina.startup.VersionLoggerListener.log Command line argument: -Djdk.tls.ephemeralDHKeySize=2048
29-Nov-2019 23:01:34.657 INFORMAÇÕES [main] org.apache.catalina.startup.VersionLoggerListener.log Command line argument: -Djava.protocol.handler.pkgs=org.apache.catalina.webresources
29-Nov-2019 23:01:34.657 INFORMAÇÕES [main] org.apache.catalina.startup.VersionLoggerListener.log Command line argument: -Dignore.endorsed.dirs=
29-Nov-2019 23:01:34.657 INFORMAÇÕES [main] org.apache.catalina.startup.VersionLoggerListener.log Command line argument: -Dcatalina.base=C:\Users\lucas queroz\Documents\NetBeansProjects\ARGUS ACAD\lib\apache-tomcat-8.0.53
29-Nov-2019 23:01:34.657 INFORMAÇÕES [main] org.apache.catalina.startup.VersionLoggerListener.log Command line argument: -Dcatalina.home=C:\Users\lucas queroz\Documents\NetBeansProjects\ARGUS ACAD\lib\apache-tomcat-8.0.53
29-Nov-2019 23:01:34.661 INFORMAÇÕES [main] org.apache.catalina.startup.VersionLoggerListener.log Command line argument: -Djava.io.tmpdir=C:\Users\lucas queroz\Documents\NetBeansProjects\ARGUS ACAD\lib\apache-tomcat-8.0.53\temp
29-Nov-2019 23:01:34.673 INFORMAÇÕES [main] org.apache.catalina.core.AprLifecycleListener.lifecycleEvent Loaded APR based Apache Tomcat Native library 1.2.17 using APR version 1.6.3.
29-Nov-2019 23:01:34.673 INFORMAÇÕES [main] org.apache.catalina.core.AprLifecycleListener.lifecycleEvent APR capabilities: IPv6 [true], sendfile [true], accept filters [false], random [true].
29-Nov-2019 23:01:35.920 INFORMAÇÕES [main] org.apache.catalina.core.AprLifecycleListener.initializeSSL OpenSSL successfully initialized (OpenSSL 1.0.2o  27 Mar 2018)
29-Nov-2019 23:01:41.371 INFORMAÇÕES [main] org.apache.coyote.AbstractProtocol.init Initializing ProtocolHandler ["http-apr-8080"]
29-Nov-2019 23:01:41.615 INFORMAÇÕES [main] org.apache.coyote.AbstractProtocol.init Initializing ProtocolHandler ["ajp-apr-8009"]
29-Nov-2019 23:01:41.619 INFORMAÇÕES [main] org.apache.catalina.startup.Catalina.load Initialization processed in 9200 ms
29-Nov-2019 23:01:42.595 INFORMAÇÕES [main] org.apache.catalina.core.StandardService.startInternal Starting service Catalina
29-Nov-2019 23:01:42.595 INFORMAÇÕES [main] org.apache.catalina.core.StandardEngine.startInternal Starting Servlet Engine: Apache Tomcat/8.0.53
29-Nov-2019 23:01:42.998 INFORMAÇÕES [localhost-startStop-1] org.apache.catalina.startup.HostConfig.deployDescriptor Deploying configuration descriptor C:\Users\lucas queroz\Documents\NetBeansProjects\ARGUS ACAD\lib\apache-tomcat-8.0.53\conf\Catalina\localhost\ARGUS_PBD.xml
29-Nov-2019 23:01:43.378 ADVERTÊNCIA [localhost-startStop-1] org.apache.catalina.startup.SetContextPropertiesRule.begin [SetContextPropertiesRule]{Context} Setting property 'antiJARLocking' to 'true' did not find a matching property.
29-Nov-2019 23:01:43.590 GRAVE [localhost-startStop-1] org.apache.catalina.core.ContainerBase.addChildInternal ContainerBase.addChild: start: 
 org.apache.catalina.LifecycleException: Failed to start component [StandardEngine[Catalina].StandardHost[localhost].StandardContext[/ARGUS_PBD]]
	at org.apache.catalina.util.LifecycleBase.start(LifecycleBase.java:162)
	at org.apache.catalina.core.ContainerBase.addChildInternal(ContainerBase.java:755)
	at org.apache.catalina.core.ContainerBase.addChild(ContainerBase.java:731)
	at org.apache.catalina.core.StandardHost.addChild(StandardHost.java:717)
	at org.apache.catalina.startup.HostConfig.deployDescriptor(HostConfig.java:620)
	at org.apache.catalina.startup.HostConfig$DeployDescriptor.run(HostConfig.java:1832)
	at java.util.concurrent.Executors$RunnableAdapter.call(Executors.java:511)
	at java.util.concurrent.FutureTask.run(FutureTask.java:266)
	at java.util.concurrent.ThreadPoolExecutor.runWorker(ThreadPoolExecutor.java:1142)
	at java.util.concurrent.ThreadPoolExecutor$Worker.run(ThreadPoolExecutor.java:617)
	at java.lang.Thread.run(Thread.java:745)
Caused by: org.apache.catalina.LifecycleException: Failed to start component [org.apache.catalina.webresources.StandardRoot@33d75249]
	at org.apache.catalina.util.LifecycleBase.start(LifecycleBase.java:162)
	at org.apache.catalina.core.StandardContext.resourcesStart(StandardContext.java:5016)
	at org.apache.catalina.core.StandardContext.startInternal(StandardContext.java:5149)
	at org.apache.catalina.util.LifecycleBase.start(LifecycleBase.java:145)
	... 10 more
Caused by: java.lang.IllegalArgumentException: The main resource set specified [C:\Users\lucas queroz\Documents\NetBeansProjects\ARGUS PBD\build\web] is not valid
	at org.apache.catalina.webresources.StandardRoot.createMainResourceSet(StandardRoot.java:746)
	at org.apache.catalina.webresources.StandardRoot.startInternal(StandardRoot.java:704)
	at org.apache.catalina.util.LifecycleBase.start(LifecycleBase.java:145)
	... 13 more

29-Nov-2019 23:01:43.698 GRAVE [localhost-startStop-1] org.apache.catalina.startup.HostConfig.deployDescriptor Error deploying configuration descriptor C:\Users\lucas queroz\Documents\NetBeansProjects\ARGUS ACAD\lib\apache-tomcat-8.0.53\conf\Catalina\localhost\ARGUS_PBD.xml
 java.lang.IllegalStateException: ContainerBase.addChild: start: org.apache.catalina.LifecycleException: Failed to start component [StandardEngine[Catalina].StandardHost[localhost].StandardContext[/ARGUS_PBD]]
	at org.apache.catalina.core.ContainerBase.addChildInternal(ContainerBase.java:759)
	at org.apache.catalina.core.ContainerBase.addChild(ContainerBase.java:731)
	at org.apache.catalina.core.StandardHost.addChild(StandardHost.java:717)
	at org.apache.catalina.startup.HostConfig.deployDescriptor(HostConfig.java:620)
	at org.apache.catalina.startup.HostConfig$DeployDescriptor.run(HostConfig.java:1832)
	at java.util.concurrent.Executors$RunnableAdapter.call(Executors.java:511)
	at java.util.concurrent.FutureTask.run(FutureTask.java:266)
	at java.util.concurrent.ThreadPoolExecutor.runWorker(ThreadPoolExecutor.java:1142)
	at java.util.concurrent.ThreadPoolExecutor$Worker.run(ThreadPoolExecutor.java:617)
	at java.lang.Thread.run(Thread.java:745)

29-Nov-2019 23:01:43.762 INFORMAÇÕES [localhost-startStop-1] org.apache.catalina.startup.HostConfig.deployDescriptor Deployment of configuration descriptor C:\Users\lucas queroz\Documents\NetBeansProjects\ARGUS ACAD\lib\apache-tomcat-8.0.53\conf\Catalina\localhost\ARGUS_PBD.xml has finished in 708 ms
29-Nov-2019 23:01:43.762 INFORMAÇÕES [localhost-startStop-1] org.apache.catalina.startup.HostConfig.deployDescriptor Deploying configuration descriptor C:\Users\lucas queroz\Documents\NetBeansProjects\ARGUS ACAD\lib\apache-tomcat-8.0.53\conf\Catalina\localhost\PDelfos.xml
29-Nov-2019 23:01:43.786 GRAVE [localhost-startStop-1] org.apache.catalina.core.ContainerBase.addChildInternal ContainerBase.addChild: start: 
 org.apache.catalina.LifecycleException: Failed to start component [StandardEngine[Catalina].StandardHost[localhost].StandardContext[/PDelfos]]
	at org.apache.catalina.util.LifecycleBase.start(LifecycleBase.java:162)
	at org.apache.catalina.core.ContainerBase.addChildInternal(ContainerBase.java:755)
	at org.apache.catalina.core.ContainerBase.addChild(ContainerBase.java:731)
	at org.apache.catalina.core.StandardHost.addChild(StandardHost.java:717)
	at org.apache.catalina.startup.HostConfig.deployDescriptor(HostConfig.java:620)
	at org.apache.catalina.startup.HostConfig$DeployDescriptor.run(HostConfig.java:1832)
	at java.util.concurrent.Executors$RunnableAdapter.call(Executors.java:511)
	at java.util.concurrent.FutureTask.run(FutureTask.java:266)
	at java.util.concurrent.ThreadPoolExecutor.runWorker(ThreadPoolExecutor.java:1142)
	at java.util.concurrent.ThreadPoolExecutor$Worker.run(ThreadPoolExecutor.java:617)
	at java.lang.Thread.run(Thread.java:745)
Caused by: org.apache.catalina.LifecycleException: Failed to start component [org.apache.catalina.webresources.StandardRoot@27dd3aa9]
	at org.apache.catalina.util.LifecycleBase.start(LifecycleBase.java:162)
	at org.apache.catalina.core.StandardContext.resourcesStart(StandardContext.java:5016)
	at org.apache.catalina.core.StandardContext.startInternal(StandardContext.java:5149)
	at org.apache.catalina.util.LifecycleBase.start(LifecycleBase.java:145)
	... 10 more
Caused by: java.lang.IllegalArgumentException: The main resource set specified [C:\Users\eltho\Documents\PDelfos\build\web] is not valid
	at org.apache.catalina.webresources.StandardRoot.createMainResourceSet(StandardRoot.java:746)
	at org.apache.catalina.webresources.StandardRoot.startInternal(StandardRoot.java:704)
	at org.apache.catalina.util.LifecycleBase.start(LifecycleBase.java:145)
	... 13 more

29-Nov-2019 23:01:43.786 GRAVE [localhost-startStop-1] org.apache.catalina.startup.HostConfig.deployDescriptor Error deploying configuration descriptor C:\Users\lucas queroz\Documents\NetBeansProjects\ARGUS ACAD\lib\apache-tomcat-8.0.53\conf\Catalina\localhost\PDelfos.xml
 java.lang.IllegalStateException: ContainerBase.addChild: start: org.apache.catalina.LifecycleException: Failed to start component [StandardEngine[Catalina].StandardHost[localhost].StandardContext[/PDelfos]]
	at org.apache.catalina.core.ContainerBase.addChildInternal(ContainerBase.java:759)
	at org.apache.catalina.core.ContainerBase.addChild(ContainerBase.java:731)
	at org.apache.catalina.core.StandardHost.addChild(StandardHost.java:717)
	at org.apache.catalina.startup.HostConfig.deployDescriptor(HostConfig.java:620)
	at org.apache.catalina.startup.HostConfig$DeployDescriptor.run(HostConfig.java:1832)
	at java.util.concurrent.Executors$RunnableAdapter.call(Executors.java:511)
	at java.util.concurrent.FutureTask.run(FutureTask.java:266)
	at java.util.concurrent.ThreadPoolExecutor.runWorker(ThreadPoolExecutor.java:1142)
	at java.util.concurrent.ThreadPoolExecutor$Worker.run(ThreadPoolExecutor.java:617)
	at java.lang.Thread.run(Thread.java:745)

29-Nov-2019 23:01:43.790 INFORMAÇÕES [localhost-startStop-1] org.apache.catalina.startup.HostConfig.deployDescriptor Deployment of configuration descriptor C:\Users\lucas queroz\Documents\NetBeansProjects\ARGUS ACAD\lib\apache-tomcat-8.0.53\conf\Catalina\localhost\PDelfos.xml has finished in 28 ms
29-Nov-2019 23:01:45.486 INFORMAÇÕES [localhost-startStop-1] org.apache.catalina.startup.HostConfig.deployDescriptor Deploying configuration descriptor C:\Users\lucas queroz\Documents\NetBeansProjects\ARGUS ACAD\lib\apache-tomcat-8.0.53\conf\Catalina\localhost\ROOT.xml
29-Nov-2019 23:01:45.766 ADVERTÊNCIA [localhost-startStop-1] org.apache.catalina.startup.SetContextPropertiesRule.begin [SetContextPropertiesRule]{Context} Setting property 'antiJARLocking' to 'true' did not find a matching property.
29-Nov-2019 23:02:25.071 INFORMAÇÕES [localhost-startStop-1] org.apache.catalina.core.StandardContext.checkUnusualURLPattern Suspicious url pattern: "/protegido*" in context [] - see sections 12.1 and 12.2 of the Servlet specification
29-Nov-2019 23:02:26.571 ADVERTÊNCIA [localhost-startStop-1] org.apache.tomcat.dbcp.dbcp2.BasicDataSourceFactory.getObjectInstance Name = teste Property maxActive is not used in DBCP2, use maxTotal instead. maxTotal default value is 8. You have set value of "20" for "maxActive" property, which is being ignored.
29-Nov-2019 23:02:26.571 ADVERTÊNCIA [localhost-startStop-1] org.apache.tomcat.dbcp.dbcp2.BasicDataSourceFactory.getObjectInstance Name = teste Property maxWait is not used in DBCP2 , use maxWaitMillis instead. maxWaitMillis default value is -1. You have set value of "-1" for "maxWait" property, which is being ignored.
29-Nov-2019 23:02:27.482 INFORMAÇÕES [localhost-startStop-1] org.apache.jasper.servlet.TldScanner.scanJars At least one JAR was scanned for TLDs yet contained no TLDs. Enable debug logging for this logger for a complete list of JARs that were scanned but no TLDs were found in them. Skipping unneeded JARs during scanning can improve startup time and JSP compilation time.
29-Nov-2019 23:02:29.670 INFORMAÇÕES [localhost-startStop-1] com.sun.faces.config.ConfigureListener.contextInitialized Inicializando Mojarra 2.2.5 ( 20140108-1427 https://svn.java.net/svn/mojarra~svn/tags/2.2.5@12761) para o contexto ''
29-Nov-2019 23:02:32.473 INFORMAÇÕES [localhost-startStop-1] com.sun.faces.spi.InjectionProviderFactory.createInstance JSF1048: Anotações PostConstruct/PreDestroy presentes.  Os métodos ManagedBeans marcados com essas anotações informarão as anotações processadas.
29-Nov-2019 23:03:03.976 INFORMAÇÕES [localhost-startStop-1] org.primefaces.webapp.PostConstructApplicationEventListener.processEvent Running on PrimeFaces 6.1
29-Nov-2019 23:03:03.976 INFORMAÇÕES [localhost-startStop-1] org.omnifaces.VersionLoggerEventListener.processEvent Using OmniFaces version 1.14.1
29-Nov-2019 23:03:05.483 ADVERTÊNCIA [localhost-startStop-1] org.apache.catalina.util.SessionIdGeneratorBase.createSecureRandom Creation of SecureRandom instance for session ID generation using [SHA1PRNG] took [1,503] milliseconds.
29-Nov-2019 23:03:05.551 INFORMAÇÕES [localhost-startStop-1] org.apache.catalina.startup.HostConfig.deployDescriptor Deployment of configuration descriptor C:\Users\lucas queroz\Documents\NetBeansProjects\ARGUS ACAD\lib\apache-tomcat-8.0.53\conf\Catalina\localhost\ROOT.xml has finished in 80,065 ms
29-Nov-2019 23:03:05.555 INFORMAÇÕES [localhost-startStop-1] org.apache.catalina.startup.HostConfig.deployDirectory Deploying web application directory C:\Users\lucas queroz\Documents\NetBeansProjects\ARGUS ACAD\lib\apache-tomcat-8.0.53\webapps\docs
29-Nov-2019 23:03:05.743 INFORMAÇÕES [localhost-startStop-1] org.apache.catalina.startup.HostConfig.deployDirectory Deployment of web application directory C:\Users\lucas queroz\Documents\NetBeansProjects\ARGUS ACAD\lib\apache-tomcat-8.0.53\webapps\docs has finished in 188 ms
29-Nov-2019 23:03:05.743 INFORMAÇÕES [localhost-startStop-1] org.apache.catalina.startup.HostConfig.deployDirectory Deploying web application directory C:\Users\lucas queroz\Documents\NetBeansProjects\ARGUS ACAD\lib\apache-tomcat-8.0.53\webapps\examples
29-Nov-2019 23:03:09.836 INFORMAÇÕES [localhost-startStop-1] org.apache.catalina.startup.HostConfig.deployDirectory Deployment of web application directory C:\Users\lucas queroz\Documents\NetBeansProjects\ARGUS ACAD\lib\apache-tomcat-8.0.53\webapps\examples has finished in 4,093 ms
29-Nov-2019 23:03:09.836 INFORMAÇÕES [localhost-startStop-1] org.apache.catalina.startup.HostConfig.deployDirectory Deploying web application directory C:\Users\lucas queroz\Documents\NetBeansProjects\ARGUS ACAD\lib\apache-tomcat-8.0.53\webapps\host-manager
29-Nov-2019 23:03:10.200 INFORMAÇÕES [localhost-startStop-1] org.apache.catalina.startup.HostConfig.deployDirectory Deployment of web application directory C:\Users\lucas queroz\Documents\NetBeansProjects\ARGUS ACAD\lib\apache-tomcat-8.0.53\webapps\host-manager has finished in 364 ms
29-Nov-2019 23:03:10.204 INFORMAÇÕES [localhost-startStop-1] org.apache.catalina.startup.HostConfig.deployDirectory Deploying web application directory C:\Users\lucas queroz\Documents\NetBeansProjects\ARGUS ACAD\lib\apache-tomcat-8.0.53\webapps\manager
29-Nov-2019 23:03:10.440 INFORMAÇÕES [localhost-startStop-1] org.apache.catalina.startup.HostConfig.deployDirectory Deployment of web application directory C:\Users\lucas queroz\Documents\NetBeansProjects\ARGUS ACAD\lib\apache-tomcat-8.0.53\webapps\manager has finished in 236 ms
29-Nov-2019 23:03:10.460 INFORMAÇÕES [main] org.apache.coyote.AbstractProtocol.start Starting ProtocolHandler ["http-apr-8080"]
29-Nov-2019 23:03:10.572 INFORMAÇÕES [main] org.apache.coyote.AbstractProtocol.start Starting ProtocolHandler ["ajp-apr-8009"]
29-Nov-2019 23:03:10.632 INFORMAÇÕES [main] org.apache.catalina.startup.Catalina.start Server startup in 89014 ms
29-Nov-2019 23:03:23.497 INFORMAÇÕES [http-apr-8080-exec-23] org.apache.catalina.core.StandardContext.reload Reloading Context with name [] has started
29-Nov-2019 23:03:49.124 INFORMAÇÕES [http-apr-8080-exec-23] org.apache.catalina.core.StandardContext.checkUnusualURLPattern Suspicious url pattern: "/protegido*" in context [] - see sections 12.1 and 12.2 of the Servlet specification
29-Nov-2019 23:03:49.864 INFORMAÇÕES [http-apr-8080-exec-23] org.apache.jasper.servlet.TldScanner.scanJars At least one JAR was scanned for TLDs yet contained no TLDs. Enable debug logging for this logger for a complete list of JARs that were scanned but no TLDs were found in them. Skipping unneeded JARs during scanning can improve startup time and JSP compilation time.
29-Nov-2019 23:03:51.280 INFORMAÇÕES [http-apr-8080-exec-23] com.sun.faces.config.ConfigureListener.contextInitialized Inicializando Mojarra 2.2.5 ( 20140108-1427 https://svn.java.net/svn/mojarra~svn/tags/2.2.5@12761) para o contexto ''
29-Nov-2019 23:03:52.367 INFORMAÇÕES [http-apr-8080-exec-23] com.sun.faces.spi.InjectionProviderFactory.createInstance JSF1048: Anotações PostConstruct/PreDestroy presentes.  Os métodos ManagedBeans marcados com essas anotações informarão as anotações processadas.
29-Nov-2019 23:04:01.217 INFORMAÇÕES [http-apr-8080-exec-23] org.primefaces.webapp.PostConstructApplicationEventListener.processEvent Running on PrimeFaces 6.1
29-Nov-2019 23:04:01.221 INFORMAÇÕES [http-apr-8080-exec-23] org.omnifaces.VersionLoggerEventListener.processEvent Using OmniFaces version 1.14.1
29-Nov-2019 23:04:01.237 INFORMAÇÕES [http-apr-8080-exec-23] org.apache.catalina.core.StandardContext.reload Reloading Context with name [] is completed
29-Nov-2019 23:04:23.992 INFORMAÇÕES [http-apr-8080-exec-13] com.sun.faces.renderkit.RenderKitUtils.renderUnhandledMessages AVISO: FacesMessage(s) foram enfileirados, mas podem não ter sido exibidos.
sourceId=null[severity=(ERROR 2), summary=(Um ou mais recursos possuem o destino de 'head', mas nenhum componente de 'head' foi definido na exibição.), detail=(Um ou mais recursos possuem o destino de 'head', mas nenhum componente de 'head' foi definido na exibição.)]
29-Nov-2019 23:06:12.348 WARN [http-apr-8080-exec-28] org.hibernate.ejb.HibernatePersistence.logDeprecation HHH015016: Encountered a deprecated javax.persistence.spi.PersistenceProvider [org.hibernate.ejb.HibernatePersistence]; use [org.hibernate.jpa.HibernatePersistenceProvider] instead.
29-Nov-2019 23:06:12.360 WARN [http-apr-8080-exec-28] org.hibernate.ejb.HibernatePersistence.logDeprecation HHH015016: Encountered a deprecated javax.persistence.spi.PersistenceProvider [org.hibernate.ejb.HibernatePersistence]; use [org.hibernate.jpa.HibernatePersistenceProvider] instead.
29-Nov-2019 23:06:12.360 WARN [http-apr-8080-exec-28] org.hibernate.ejb.HibernatePersistence.logDeprecation HHH015016: Encountered a deprecated javax.persistence.spi.PersistenceProvider [org.hibernate.ejb.HibernatePersistence]; use [org.hibernate.jpa.HibernatePersistenceProvider] instead.
29-Nov-2019 23:06:13.811 INFO [http-apr-8080-exec-28] org.hibernate.jpa.internal.util.LogHelper.logPersistenceUnitInformation HHH000204: Processing PersistenceUnitInfo [
	name: teste
	...]
29-Nov-2019 23:06:15.883 INFO [http-apr-8080-exec-28] org.hibernate.Version.logVersion HHH000412: Hibernate Core {4.3.1.Final}
29-Nov-2019 23:06:15.903 INFO [http-apr-8080-exec-28] org.hibernate.cfg.Environment.<clinit> HHH000206: hibernate.properties not found
29-Nov-2019 23:06:15.979 INFO [http-apr-8080-exec-28] org.hibernate.cfg.Environment.buildBytecodeProvider HHH000021: Bytecode provider name : javassist
29-Nov-2019 23:21:53.590 ADVERTÊNCIA [http-apr-8080-exec-34] com.sun.faces.lifecycle.InvokeApplicationPhase.execute Method not found: br.com.argus.bean.AlunoBean@4f14b915.matricularAluno(java.lang.Integer)
 javax.el.MethodNotFoundException: Method not found: br.com.argus.bean.AlunoBean@4f14b915.matricularAluno(java.lang.Integer)
	at org.apache.el.util.ReflectionUtil.getMethod(ReflectionUtil.java:296)
	at org.apache.el.parser.AstValue.invoke(AstValue.java:240)
	at org.apache.el.MethodExpressionImpl.invoke(MethodExpressionImpl.java:267)
	at javax.faces.event.MethodExpressionActionListener.processAction(MethodExpressionActionListener.java:149)
	at javax.faces.event.ActionEvent.processListener(ActionEvent.java:88)
	at javax.faces.component.UIComponentBase.broadcast(UIComponentBase.java:813)
	at javax.faces.component.UICommand.broadcast(UICommand.java:300)
	at javax.faces.component.UIData.broadcast(UIData.java:1108)
	at javax.faces.component.UIViewRoot.broadcastEvents(UIViewRoot.java:790)
	at javax.faces.component.UIViewRoot.processApplication(UIViewRoot.java:1282)
	at com.sun.faces.lifecycle.InvokeApplicationPhase.execute(InvokeApplicationPhase.java:81)
	at com.sun.faces.lifecycle.Phase.doPhase(Phase.java:101)
	at com.sun.faces.lifecycle.LifecycleImpl.execute(LifecycleImpl.java:198)
	at javax.faces.webapp.FacesServlet.service(FacesServlet.java:646)
	at org.apache.catalina.core.ApplicationFilterChain.internalDoFilter(ApplicationFilterChain.java:292)
	at org.apache.catalina.core.ApplicationFilterChain.doFilter(ApplicationFilterChain.java:207)
	at org.apache.tomcat.websocket.server.WsFilter.doFilter(WsFilter.java:52)
	at org.apache.catalina.core.ApplicationFilterChain.internalDoFilter(ApplicationFilterChain.java:240)
	at org.apache.catalina.core.ApplicationFilterChain.doFilter(ApplicationFilterChain.java:207)
	at br.com.argus.filtros.AdminstradorAuth.doFilter(AdminstradorAuth.java:64)
	at org.apache.catalina.core.ApplicationFilterChain.internalDoFilter(ApplicationFilterChain.java:240)
	at org.apache.catalina.core.ApplicationFilterChain.doFilter(ApplicationFilterChain.java:207)
	at org.apache.catalina.core.StandardWrapperValve.invoke(StandardWrapperValve.java:212)
	at org.apache.catalina.core.StandardContextValve.invoke(StandardContextValve.java:94)
	at org.apache.catalina.authenticator.AuthenticatorBase.invoke(AuthenticatorBase.java:492)
	at org.apache.catalina.core.StandardHostValve.invoke(StandardHostValve.java:141)
	at org.apache.catalina.valves.ErrorReportValve.invoke(ErrorReportValve.java:80)
	at org.apache.catalina.valves.AbstractAccessLogValve.invoke(AbstractAccessLogValve.java:620)
	at org.apache.catalina.core.StandardEngineValve.invoke(StandardEngineValve.java:88)
	at org.apache.catalina.connector.CoyoteAdapter.service(CoyoteAdapter.java:502)
	at org.apache.coyote.http11.AbstractHttp11Processor.process(AbstractHttp11Processor.java:1152)
	at org.apache.coyote.AbstractProtocol$AbstractConnectionHandler.process(AbstractProtocol.java:684)
	at org.apache.tomcat.util.net.AprEndpoint$SocketProcessor.doRun(AprEndpoint.java:2527)
	at org.apache.tomcat.util.net.AprEndpoint$SocketProcessor.run(AprEndpoint.java:2516)
	at java.util.concurrent.ThreadPoolExecutor.runWorker(ThreadPoolExecutor.java:1142)
	at java.util.concurrent.ThreadPoolExecutor$Worker.run(ThreadPoolExecutor.java:617)
	at org.apache.tomcat.util.threads.TaskThread$WrappingRunnable.run(TaskThread.java:61)
	at java.lang.Thread.run(Thread.java:745)

29-Nov-2019 23:22:28.194 ADVERTÊNCIA [http-apr-8080-exec-25] com.sun.faces.lifecycle.InvokeApplicationPhase.execute Method not found: br.com.argus.bean.AlunoBean@4f14b915.matricularAluno(java.lang.Integer)
 javax.el.MethodNotFoundException: Method not found: br.com.argus.bean.AlunoBean@4f14b915.matricularAluno(java.lang.Integer)
	at org.apache.el.util.ReflectionUtil.getMethod(ReflectionUtil.java:296)
	at org.apache.el.parser.AstValue.invoke(AstValue.java:240)
	at org.apache.el.MethodExpressionImpl.invoke(MethodExpressionImpl.java:267)
	at javax.faces.event.MethodExpressionActionListener.processAction(MethodExpressionActionListener.java:149)
	at javax.faces.event.ActionEvent.processListener(ActionEvent.java:88)
	at javax.faces.component.UIComponentBase.broadcast(UIComponentBase.java:813)
	at javax.faces.component.UICommand.broadcast(UICommand.java:300)
	at javax.faces.component.UIData.broadcast(UIData.java:1108)
	at javax.faces.component.UIViewRoot.broadcastEvents(UIViewRoot.java:790)
	at javax.faces.component.UIViewRoot.processApplication(UIViewRoot.java:1282)
	at com.sun.faces.lifecycle.InvokeApplicationPhase.execute(InvokeApplicationPhase.java:81)
	at com.sun.faces.lifecycle.Phase.doPhase(Phase.java:101)
	at com.sun.faces.lifecycle.LifecycleImpl.execute(LifecycleImpl.java:198)
	at javax.faces.webapp.FacesServlet.service(FacesServlet.java:646)
	at org.apache.catalina.core.ApplicationFilterChain.internalDoFilter(ApplicationFilterChain.java:292)
	at org.apache.catalina.core.ApplicationFilterChain.doFilter(ApplicationFilterChain.java:207)
	at org.apache.tomcat.websocket.server.WsFilter.doFilter(WsFilter.java:52)
	at org.apache.catalina.core.ApplicationFilterChain.internalDoFilter(ApplicationFilterChain.java:240)
	at org.apache.catalina.core.ApplicationFilterChain.doFilter(ApplicationFilterChain.java:207)
	at br.com.argus.filtros.AdminstradorAuth.doFilter(AdminstradorAuth.java:64)
	at org.apache.catalina.core.ApplicationFilterChain.internalDoFilter(ApplicationFilterChain.java:240)
	at org.apache.catalina.core.ApplicationFilterChain.doFilter(ApplicationFilterChain.java:207)
	at org.apache.catalina.core.StandardWrapperValve.invoke(StandardWrapperValve.java:212)
	at org.apache.catalina.core.StandardContextValve.invoke(StandardContextValve.java:94)
	at org.apache.catalina.authenticator.AuthenticatorBase.invoke(AuthenticatorBase.java:492)
	at org.apache.catalina.core.StandardHostValve.invoke(StandardHostValve.java:141)
	at org.apache.catalina.valves.ErrorReportValve.invoke(ErrorReportValve.java:80)
	at org.apache.catalina.valves.AbstractAccessLogValve.invoke(AbstractAccessLogValve.java:620)
	at org.apache.catalina.core.StandardEngineValve.invoke(StandardEngineValve.java:88)
	at org.apache.catalina.connector.CoyoteAdapter.service(CoyoteAdapter.java:502)
	at org.apache.coyote.http11.AbstractHttp11Processor.process(AbstractHttp11Processor.java:1152)
	at org.apache.coyote.AbstractProtocol$AbstractConnectionHandler.process(AbstractProtocol.java:684)
	at org.apache.tomcat.util.net.AprEndpoint$SocketProcessor.doRun(AprEndpoint.java:2527)
	at org.apache.tomcat.util.net.AprEndpoint$SocketProcessor.run(AprEndpoint.java:2516)
	at java.util.concurrent.ThreadPoolExecutor.runWorker(ThreadPoolExecutor.java:1142)
	at java.util.concurrent.ThreadPoolExecutor$Worker.run(ThreadPoolExecutor.java:617)
	at org.apache.tomcat.util.threads.TaskThread$WrappingRunnable.run(TaskThread.java:61)
	at java.lang.Thread.run(Thread.java:745)

29-Nov-2019 23:28:08.527 ADVERTÊNCIA [http-apr-8080-exec-31] com.sun.faces.lifecycle.InvokeApplicationPhase.execute /protegido/administrador/listar_alunos.xhtml @146,108 actionListener="#{alunoBean.registrarMatricola(aluno)}": java.lang.NullPointerException
 javax.el.ELException: /protegido/administrador/listar_alunos.xhtml @146,108 actionListener="#{alunoBean.registrarMatricola(aluno)}": java.lang.NullPointerException
	at com.sun.faces.facelets.el.TagMethodExpression.invoke(TagMethodExpression.java:111)
	at javax.faces.event.MethodExpressionActionListener.processAction(MethodExpressionActionListener.java:147)
	at javax.faces.event.ActionEvent.processListener(ActionEvent.java:88)
	at javax.faces.component.UIComponentBase.broadcast(UIComponentBase.java:813)
	at javax.faces.component.UICommand.broadcast(UICommand.java:300)
	at javax.faces.component.UIData.broadcast(UIData.java:1108)
	at javax.faces.component.UIViewRoot.broadcastEvents(UIViewRoot.java:790)
	at javax.faces.component.UIViewRoot.processApplication(UIViewRoot.java:1282)
	at com.sun.faces.lifecycle.InvokeApplicationPhase.execute(InvokeApplicationPhase.java:81)
	at com.sun.faces.lifecycle.Phase.doPhase(Phase.java:101)
	at com.sun.faces.lifecycle.LifecycleImpl.execute(LifecycleImpl.java:198)
	at javax.faces.webapp.FacesServlet.service(FacesServlet.java:646)
	at org.apache.catalina.core.ApplicationFilterChain.internalDoFilter(ApplicationFilterChain.java:292)
	at org.apache.catalina.core.ApplicationFilterChain.doFilter(ApplicationFilterChain.java:207)
	at org.apache.tomcat.websocket.server.WsFilter.doFilter(WsFilter.java:52)
	at org.apache.catalina.core.ApplicationFilterChain.internalDoFilter(ApplicationFilterChain.java:240)
	at org.apache.catalina.core.ApplicationFilterChain.doFilter(ApplicationFilterChain.java:207)
	at br.com.argus.filtros.AdminstradorAuth.doFilter(AdminstradorAuth.java:64)
	at org.apache.catalina.core.ApplicationFilterChain.internalDoFilter(ApplicationFilterChain.java:240)
	at org.apache.catalina.core.ApplicationFilterChain.doFilter(ApplicationFilterChain.java:207)
	at org.apache.catalina.core.StandardWrapperValve.invoke(StandardWrapperValve.java:212)
	at org.apache.catalina.core.StandardContextValve.invoke(StandardContextValve.java:94)
	at org.apache.catalina.authenticator.AuthenticatorBase.invoke(AuthenticatorBase.java:492)
	at org.apache.catalina.core.StandardHostValve.invoke(StandardHostValve.java:141)
	at org.apache.catalina.valves.ErrorReportValve.invoke(ErrorReportValve.java:80)
	at org.apache.catalina.valves.AbstractAccessLogValve.invoke(AbstractAccessLogValve.java:620)
	at org.apache.catalina.core.StandardEngineValve.invoke(StandardEngineValve.java:88)
	at org.apache.catalina.connector.CoyoteAdapter.service(CoyoteAdapter.java:502)
	at org.apache.coyote.http11.AbstractHttp11Processor.process(AbstractHttp11Processor.java:1152)
	at org.apache.coyote.AbstractProtocol$AbstractConnectionHandler.process(AbstractProtocol.java:684)
	at org.apache.tomcat.util.net.AprEndpoint$SocketProcessor.doRun(AprEndpoint.java:2527)
	at org.apache.tomcat.util.net.AprEndpoint$SocketProcessor.run(AprEndpoint.java:2516)
	at java.util.concurrent.ThreadPoolExecutor.runWorker(ThreadPoolExecutor.java:1142)
	at java.util.concurrent.ThreadPoolExecutor$Worker.run(ThreadPoolExecutor.java:617)
	at org.apache.tomcat.util.threads.TaskThread$WrappingRunnable.run(TaskThread.java:61)
	at java.lang.Thread.run(Thread.java:745)
Caused by: java.lang.NullPointerException
	at br.com.argus.bean.AlunoBean.registrarMatricola(AlunoBean.java:104)
	at sun.reflect.NativeMethodAccessorImpl.invoke0(Native Method)
	at sun.reflect.NativeMethodAccessorImpl.invoke(NativeMethodAccessorImpl.java:62)
	at sun.reflect.DelegatingMethodAccessorImpl.invoke(DelegatingMethodAccessorImpl.java:43)
	at java.lang.reflect.Method.invoke(Method.java:498)
	at org.apache.el.parser.AstValue.invoke(AstValue.java:247)
	at org.apache.el.MethodExpressionImpl.invoke(MethodExpressionImpl.java:267)
	at com.sun.faces.facelets.el.TagMethodExpression.invoke(TagMethodExpression.java:105)
	... 35 more

29-Nov-2019 23:33:19.677 INFORMAÇÕES [http-apr-8080-exec-25] org.apache.catalina.core.StandardContext.reload Reloading Context with name [] has started
29-Nov-2019 23:33:20.640 ADVERTÊNCIA [http-apr-8080-exec-25] org.apache.catalina.loader.WebappClassLoaderBase.clearReferencesJdbc The web application [ROOT] registered the JDBC driver [org.postgresql.Driver] but failed to unregister it when the web application was stopped. To prevent a memory leak, the JDBC Driver has been forcibly unregistered.
29-Nov-2019 23:34:07.840 INFORMAÇÕES [http-apr-8080-exec-25] org.apache.catalina.core.StandardContext.checkUnusualURLPattern Suspicious url pattern: "/protegido*" in context [] - see sections 12.1 and 12.2 of the Servlet specification
29-Nov-2019 23:34:08.744 INFORMAÇÕES [http-apr-8080-exec-25] org.apache.jasper.servlet.TldScanner.scanJars At least one JAR was scanned for TLDs yet contained no TLDs. Enable debug logging for this logger for a complete list of JARs that were scanned but no TLDs were found in them. Skipping unneeded JARs during scanning can improve startup time and JSP compilation time.
29-Nov-2019 23:34:10.240 INFORMAÇÕES [http-apr-8080-exec-25] com.sun.faces.config.ConfigureListener.contextInitialized Inicializando Mojarra 2.2.5 ( 20140108-1427 https://svn.java.net/svn/mojarra~svn/tags/2.2.5@12761) para o contexto ''
29-Nov-2019 23:34:11.663 INFORMAÇÕES [http-apr-8080-exec-25] com.sun.faces.spi.InjectionProviderFactory.createInstance JSF1048: Anotações PostConstruct/PreDestroy presentes.  Os métodos ManagedBeans marcados com essas anotações informarão as anotações processadas.
29-Nov-2019 23:34:21.023 INFORMAÇÕES [http-apr-8080-exec-25] org.primefaces.webapp.PostConstructApplicationEventListener.processEvent Running on PrimeFaces 6.1
29-Nov-2019 23:34:21.023 INFORMAÇÕES [http-apr-8080-exec-25] org.omnifaces.VersionLoggerEventListener.processEvent Using OmniFaces version 1.14.1
29-Nov-2019 23:34:21.339 INFORMAÇÕES [http-apr-8080-exec-25] org.apache.catalina.core.StandardContext.reload Reloading Context with name [] is completed
29-Nov-2019 23:34:21.523 INFORMAÇÕES [http-apr-8080-exec-31] org.apache.catalina.core.StandardContext.reload Reloading Context with name [] has started
29-Nov-2019 23:34:40.666 INFORMAÇÕES [http-apr-8080-exec-31] org.apache.catalina.core.StandardContext.checkUnusualURLPattern Suspicious url pattern: "/protegido*" in context [] - see sections 12.1 and 12.2 of the Servlet specification
29-Nov-2019 23:34:41.178 INFORMAÇÕES [http-apr-8080-exec-31] org.apache.jasper.servlet.TldScanner.scanJars At least one JAR was scanned for TLDs yet contained no TLDs. Enable debug logging for this logger for a complete list of JARs that were scanned but no TLDs were found in them. Skipping unneeded JARs during scanning can improve startup time and JSP compilation time.
29-Nov-2019 23:34:42.146 INFORMAÇÕES [http-apr-8080-exec-31] com.sun.faces.config.ConfigureListener.contextInitialized Inicializando Mojarra 2.2.5 ( 20140108-1427 https://svn.java.net/svn/mojarra~svn/tags/2.2.5@12761) para o contexto ''
29-Nov-2019 23:34:43.130 INFORMAÇÕES [http-apr-8080-exec-31] com.sun.faces.spi.InjectionProviderFactory.createInstance JSF1048: Anotações PostConstruct/PreDestroy presentes.  Os métodos ManagedBeans marcados com essas anotações informarão as anotações processadas.
29-Nov-2019 23:34:51.032 INFORMAÇÕES [http-apr-8080-exec-31] org.primefaces.webapp.PostConstructApplicationEventListener.processEvent Running on PrimeFaces 6.1
29-Nov-2019 23:34:51.032 INFORMAÇÕES [http-apr-8080-exec-31] org.omnifaces.VersionLoggerEventListener.processEvent Using OmniFaces version 1.14.1
29-Nov-2019 23:34:51.092 INFORMAÇÕES [http-apr-8080-exec-31] org.apache.catalina.core.StandardContext.reload Reloading Context with name [] is completed
29-Nov-2019 23:34:54.475 WARN [http-apr-8080-exec-26] org.hibernate.ejb.HibernatePersistence.logDeprecation HHH015016: Encountered a deprecated javax.persistence.spi.PersistenceProvider [org.hibernate.ejb.HibernatePersistence]; use [org.hibernate.jpa.HibernatePersistenceProvider] instead.
29-Nov-2019 23:34:54.475 WARN [http-apr-8080-exec-26] org.hibernate.ejb.HibernatePersistence.logDeprecation HHH015016: Encountered a deprecated javax.persistence.spi.PersistenceProvider [org.hibernate.ejb.HibernatePersistence]; use [org.hibernate.jpa.HibernatePersistenceProvider] instead.
29-Nov-2019 23:34:54.479 WARN [http-apr-8080-exec-26] org.hibernate.ejb.HibernatePersistence.logDeprecation HHH015016: Encountered a deprecated javax.persistence.spi.PersistenceProvider [org.hibernate.ejb.HibernatePersistence]; use [org.hibernate.jpa.HibernatePersistenceProvider] instead.
29-Nov-2019 23:34:54.479 WARN [http-apr-8080-exec-32] org.hibernate.ejb.HibernatePersistence.logDeprecation HHH015016: Encountered a deprecated javax.persistence.spi.PersistenceProvider [org.hibernate.ejb.HibernatePersistence]; use [org.hibernate.jpa.HibernatePersistenceProvider] instead.
29-Nov-2019 23:34:54.479 WARN [http-apr-8080-exec-32] org.hibernate.ejb.HibernatePersistence.logDeprecation HHH015016: Encountered a deprecated javax.persistence.spi.PersistenceProvider [org.hibernate.ejb.HibernatePersistence]; use [org.hibernate.jpa.HibernatePersistenceProvider] instead.
29-Nov-2019 23:34:54.479 WARN [http-apr-8080-exec-32] org.hibernate.ejb.HibernatePersistence.logDeprecation HHH015016: Encountered a deprecated javax.persistence.spi.PersistenceProvider [org.hibernate.ejb.HibernatePersistence]; use [org.hibernate.jpa.HibernatePersistenceProvider] instead.
29-Nov-2019 23:34:55.159 INFO [http-apr-8080-exec-26] org.hibernate.jpa.internal.util.LogHelper.logPersistenceUnitInformation HHH000204: Processing PersistenceUnitInfo [
	name: teste
	...]
29-Nov-2019 23:34:55.163 INFO [http-apr-8080-exec-32] org.hibernate.jpa.internal.util.LogHelper.logPersistenceUnitInformation HHH000204: Processing PersistenceUnitInfo [
	name: teste
	...]
29-Nov-2019 23:34:56.830 INFO [http-apr-8080-exec-32] org.hibernate.Version.logVersion HHH000412: Hibernate Core {4.3.1.Final}
29-Nov-2019 23:34:56.850 INFO [http-apr-8080-exec-32] org.hibernate.cfg.Environment.<clinit> HHH000206: hibernate.properties not found
29-Nov-2019 23:34:56.866 INFO [http-apr-8080-exec-32] org.hibernate.cfg.Environment.buildBytecodeProvider HHH000021: Bytecode provider name : javassist
29-Nov-2019 23:35:37.475 ADVERTÊNCIA [http-apr-8080-exec-39] com.sun.faces.renderkit.html_basic.HtmlBasicRenderer.getForComponent Não foi possível encontrar o componente com a ID nome na exibição.
29-Nov-2019 23:39:02.454 ADVERTÊNCIA [http-apr-8080-exec-38] com.sun.faces.renderkit.html_basic.HtmlBasicRenderer.getForComponent Não foi possível encontrar o componente com a ID nome na exibição.
29-Nov-2019 23:42:23.879 ADVERTÊNCIA [http-apr-8080-exec-42] com.sun.faces.renderkit.html_basic.HtmlBasicRenderer.getForComponent Não foi possível encontrar o componente com a ID nome na exibição.
29-Nov-2019 23:43:03.864 ADVERTÊNCIA [http-apr-8080-exec-40] com.sun.faces.renderkit.html_basic.HtmlBasicRenderer.getForComponent Não foi possível encontrar o componente com a ID nome na exibição.
29-Nov-2019 23:50:14.254 INFORMAÇÕES [http-apr-8080-exec-41] org.apache.catalina.core.StandardContext.reload Reloading Context with name [] has started
29-Nov-2019 23:50:14.362 ADVERTÊNCIA [http-apr-8080-exec-41] org.apache.catalina.loader.WebappClassLoaderBase.clearReferencesJdbc The web application [ROOT] registered the JDBC driver [org.postgresql.Driver] but failed to unregister it when the web application was stopped. To prevent a memory leak, the JDBC Driver has been forcibly unregistered.
29-Nov-2019 23:50:32.999 INFORMAÇÕES [http-apr-8080-exec-41] org.apache.catalina.core.StandardContext.checkUnusualURLPattern Suspicious url pattern: "/protegido*" in context [] - see sections 12.1 and 12.2 of the Servlet specification
29-Nov-2019 23:50:33.527 INFORMAÇÕES [http-apr-8080-exec-41] org.apache.jasper.servlet.TldScanner.scanJars At least one JAR was scanned for TLDs yet contained no TLDs. Enable debug logging for this logger for a complete list of JARs that were scanned but no TLDs were found in them. Skipping unneeded JARs during scanning can improve startup time and JSP compilation time.
29-Nov-2019 23:50:34.459 INFORMAÇÕES [http-apr-8080-exec-41] com.sun.faces.config.ConfigureListener.contextInitialized Inicializando Mojarra 2.2.5 ( 20140108-1427 https://svn.java.net/svn/mojarra~svn/tags/2.2.5@12761) para o contexto ''
29-Nov-2019 23:50:35.235 INFORMAÇÕES [http-apr-8080-exec-41] com.sun.faces.spi.InjectionProviderFactory.createInstance JSF1048: Anotações PostConstruct/PreDestroy presentes.  Os métodos ManagedBeans marcados com essas anotações informarão as anotações processadas.
29-Nov-2019 23:50:44.876 INFORMAÇÕES [http-apr-8080-exec-41] org.primefaces.webapp.PostConstructApplicationEventListener.processEvent Running on PrimeFaces 6.1
29-Nov-2019 23:50:44.876 INFORMAÇÕES [http-apr-8080-exec-41] org.omnifaces.VersionLoggerEventListener.processEvent Using OmniFaces version 1.14.1
29-Nov-2019 23:50:44.960 INFORMAÇÕES [http-apr-8080-exec-41] org.apache.catalina.core.StandardContext.reload Reloading Context with name [] is completed
29-Nov-2019 23:50:51.977 INFORMAÇÕES [http-apr-8080-exec-43] org.apache.catalina.core.StandardContext.reload Reloading Context with name [] has started
29-Nov-2019 23:51:13.054 INFORMAÇÕES [http-apr-8080-exec-43] org.apache.catalina.core.StandardContext.checkUnusualURLPattern Suspicious url pattern: "/protegido*" in context [] - see sections 12.1 and 12.2 of the Servlet specification
29-Nov-2019 23:51:13.534 INFORMAÇÕES [http-apr-8080-exec-43] org.apache.jasper.servlet.TldScanner.scanJars At least one JAR was scanned for TLDs yet contained no TLDs. Enable debug logging for this logger for a complete list of JARs that were scanned but no TLDs were found in them. Skipping unneeded JARs during scanning can improve startup time and JSP compilation time.
29-Nov-2019 23:51:14.717 INFORMAÇÕES [http-apr-8080-exec-43] com.sun.faces.config.ConfigureListener.contextInitialized Inicializando Mojarra 2.2.5 ( 20140108-1427 https://svn.java.net/svn/mojarra~svn/tags/2.2.5@12761) para o contexto ''
29-Nov-2019 23:51:15.839 INFORMAÇÕES [http-apr-8080-exec-43] com.sun.faces.spi.InjectionProviderFactory.createInstance JSF1048: Anotações PostConstruct/PreDestroy presentes.  Os métodos ManagedBeans marcados com essas anotações informarão as anotações processadas.
29-Nov-2019 23:51:25.929 INFORMAÇÕES [http-apr-8080-exec-43] org.primefaces.webapp.PostConstructApplicationEventListener.processEvent Running on PrimeFaces 6.1
29-Nov-2019 23:51:25.933 INFORMAÇÕES [http-apr-8080-exec-43] org.omnifaces.VersionLoggerEventListener.processEvent Using OmniFaces version 1.14.1
29-Nov-2019 23:51:25.961 INFORMAÇÕES [http-apr-8080-exec-43] org.apache.catalina.core.StandardContext.reload Reloading Context with name [] is completed
29-Nov-2019 23:51:26.113 INFORMAÇÕES [http-apr-8080-exec-47] org.apache.catalina.core.StandardContext.reload Reloading Context with name [] has started
29-Nov-2019 23:51:47.505 INFORMAÇÕES [http-apr-8080-exec-47] org.apache.catalina.core.StandardContext.checkUnusualURLPattern Suspicious url pattern: "/protegido*" in context [] - see sections 12.1 and 12.2 of the Servlet specification
29-Nov-2019 23:51:47.845 INFORMAÇÕES [http-apr-8080-exec-47] org.apache.jasper.servlet.TldScanner.scanJars At least one JAR was scanned for TLDs yet contained no TLDs. Enable debug logging for this logger for a complete list of JARs that were scanned but no TLDs were found in them. Skipping unneeded JARs during scanning can improve startup time and JSP compilation time.
29-Nov-2019 23:51:48.641 INFORMAÇÕES [http-apr-8080-exec-47] com.sun.faces.config.ConfigureListener.contextInitialized Inicializando Mojarra 2.2.5 ( 20140108-1427 https://svn.java.net/svn/mojarra~svn/tags/2.2.5@12761) para o contexto ''
29-Nov-2019 23:51:49.357 INFORMAÇÕES [http-apr-8080-exec-47] com.sun.faces.spi.InjectionProviderFactory.createInstance JSF1048: Anotações PostConstruct/PreDestroy presentes.  Os métodos ManagedBeans marcados com essas anotações informarão as anotações processadas.
29-Nov-2019 23:51:56.412 INFORMAÇÕES [http-apr-8080-exec-47] org.primefaces.webapp.PostConstructApplicationEventListener.processEvent Running on PrimeFaces 6.1
29-Nov-2019 23:51:56.416 INFORMAÇÕES [http-apr-8080-exec-47] org.omnifaces.VersionLoggerEventListener.processEvent Using OmniFaces version 1.14.1
29-Nov-2019 23:51:56.464 INFORMAÇÕES [http-apr-8080-exec-47] org.apache.catalina.core.StandardContext.reload Reloading Context with name [] is completed
29-Nov-2019 23:51:56.624 INFORMAÇÕES [http-apr-8080-exec-51] org.apache.catalina.core.StandardContext.reload Reloading Context with name [] has started
29-Nov-2019 23:52:10.453 INFORMAÇÕES [http-apr-8080-exec-51] org.apache.catalina.core.StandardContext.checkUnusualURLPattern Suspicious url pattern: "/protegido*" in context [] - see sections 12.1 and 12.2 of the Servlet specification
29-Nov-2019 23:52:10.917 INFORMAÇÕES [http-apr-8080-exec-51] org.apache.jasper.servlet.TldScanner.scanJars At least one JAR was scanned for TLDs yet contained no TLDs. Enable debug logging for this logger for a complete list of JARs that were scanned but no TLDs were found in them. Skipping unneeded JARs during scanning can improve startup time and JSP compilation time.
29-Nov-2019 23:52:11.932 INFORMAÇÕES [http-apr-8080-exec-51] com.sun.faces.config.ConfigureListener.contextInitialized Inicializando Mojarra 2.2.5 ( 20140108-1427 https://svn.java.net/svn/mojarra~svn/tags/2.2.5@12761) para o contexto ''
29-Nov-2019 23:52:12.884 INFORMAÇÕES [http-apr-8080-exec-51] com.sun.faces.spi.InjectionProviderFactory.createInstance JSF1048: Anotações PostConstruct/PreDestroy presentes.  Os métodos ManagedBeans marcados com essas anotações informarão as anotações processadas.
29-Nov-2019 23:52:20.655 INFORMAÇÕES [http-apr-8080-exec-51] org.primefaces.webapp.PostConstructApplicationEventListener.processEvent Running on PrimeFaces 6.1
29-Nov-2019 23:52:20.655 INFORMAÇÕES [http-apr-8080-exec-51] org.omnifaces.VersionLoggerEventListener.processEvent Using OmniFaces version 1.14.1
29-Nov-2019 23:52:20.683 INFORMAÇÕES [http-apr-8080-exec-51] org.apache.catalina.core.StandardContext.reload Reloading Context with name [] is completed
29-Nov-2019 23:52:45.447 INFORMAÇÕES [http-apr-8080-exec-49] com.sun.faces.renderkit.RenderKitUtils.renderUnhandledMessages AVISO: FacesMessage(s) foram enfileirados, mas podem não ter sido exibidos.
sourceId=null[severity=(ERROR 2), summary=(Um ou mais recursos possuem o destino de 'head', mas nenhum componente de 'head' foi definido na exibição.), detail=(Um ou mais recursos possuem o destino de 'head', mas nenhum componente de 'head' foi definido na exibição.)]
29-Nov-2019 23:53:06.326 WARN [http-apr-8080-exec-53] org.hibernate.ejb.HibernatePersistence.logDeprecation HHH015016: Encountered a deprecated javax.persistence.spi.PersistenceProvider [org.hibernate.ejb.HibernatePersistence]; use [org.hibernate.jpa.HibernatePersistenceProvider] instead.
29-Nov-2019 23:53:06.326 WARN [http-apr-8080-exec-53] org.hibernate.ejb.HibernatePersistence.logDeprecation HHH015016: Encountered a deprecated javax.persistence.spi.PersistenceProvider [org.hibernate.ejb.HibernatePersistence]; use [org.hibernate.jpa.HibernatePersistenceProvider] instead.
29-Nov-2019 23:53:06.326 WARN [http-apr-8080-exec-53] org.hibernate.ejb.HibernatePersistence.logDeprecation HHH015016: Encountered a deprecated javax.persistence.spi.PersistenceProvider [org.hibernate.ejb.HibernatePersistence]; use [org.hibernate.jpa.HibernatePersistenceProvider] instead.
29-Nov-2019 23:53:07.126 INFO [http-apr-8080-exec-53] org.hibernate.jpa.internal.util.LogHelper.logPersistenceUnitInformation HHH000204: Processing PersistenceUnitInfo [
	name: teste
	...]
29-Nov-2019 23:53:09.985 INFO [http-apr-8080-exec-53] org.hibernate.Version.logVersion HHH000412: Hibernate Core {4.3.1.Final}
29-Nov-2019 23:53:10.001 INFO [http-apr-8080-exec-53] org.hibernate.cfg.Environment.<clinit> HHH000206: hibernate.properties not found
29-Nov-2019 23:53:10.037 INFO [http-apr-8080-exec-53] org.hibernate.cfg.Environment.buildBytecodeProvider HHH000021: Bytecode provider name : javassist
29-Nov-2019 23:54:37.646 ADVERTÊNCIA [http-apr-8080-exec-55] com.sun.faces.renderkit.html_basic.HtmlBasicRenderer.getForComponent Não foi possível encontrar o componente com a ID nome na exibição.
29-Nov-2019 23:58:17.121 INFORMAÇÕES [http-apr-8080-exec-53] org.apache.catalina.core.StandardContext.reload Reloading Context with name [] has started
29-Nov-2019 23:58:17.177 ADVERTÊNCIA [http-apr-8080-exec-53] org.apache.catalina.loader.WebappClassLoaderBase.clearReferencesJdbc The web application [ROOT] registered the JDBC driver [org.postgresql.Driver] but failed to unregister it when the web application was stopped. To prevent a memory leak, the JDBC Driver has been forcibly unregistered.
29-Nov-2019 23:58:34.626 INFORMAÇÕES [http-apr-8080-exec-53] org.apache.catalina.core.StandardContext.checkUnusualURLPattern Suspicious url pattern: "/protegido*" in context [] - see sections 12.1 and 12.2 of the Servlet specification
29-Nov-2019 23:58:34.930 INFORMAÇÕES [http-apr-8080-exec-53] org.apache.jasper.servlet.TldScanner.scanJars At least one JAR was scanned for TLDs yet contained no TLDs. Enable debug logging for this logger for a complete list of JARs that were scanned but no TLDs were found in them. Skipping unneeded JARs during scanning can improve startup time and JSP compilation time.
29-Nov-2019 23:58:35.766 INFORMAÇÕES [http-apr-8080-exec-53] com.sun.faces.config.ConfigureListener.contextInitialized Inicializando Mojarra 2.2.5 ( 20140108-1427 https://svn.java.net/svn/mojarra~svn/tags/2.2.5@12761) para o contexto ''
29-Nov-2019 23:58:36.474 INFORMAÇÕES [http-apr-8080-exec-53] com.sun.faces.spi.InjectionProviderFactory.createInstance JSF1048: Anotações PostConstruct/PreDestroy presentes.  Os métodos ManagedBeans marcados com essas anotações informarão as anotações processadas.
29-Nov-2019 23:58:48.342 INFORMAÇÕES [http-apr-8080-exec-53] org.primefaces.webapp.PostConstructApplicationEventListener.processEvent Running on PrimeFaces 6.1
29-Nov-2019 23:58:48.342 INFORMAÇÕES [http-apr-8080-exec-53] org.omnifaces.VersionLoggerEventListener.processEvent Using OmniFaces version 1.14.1
29-Nov-2019 23:58:48.410 INFORMAÇÕES [http-apr-8080-exec-53] org.apache.catalina.core.StandardContext.reload Reloading Context with name [] is completed
29-Nov-2019 23:58:51.753 INFORMAÇÕES [http-apr-8080-exec-56] org.apache.catalina.core.StandardContext.reload Reloading Context with name [] has started
29-Nov-2019 23:59:13.836 INFORMAÇÕES [http-apr-8080-exec-56] org.apache.catalina.core.StandardContext.checkUnusualURLPattern Suspicious url pattern: "/protegido*" in context [] - see sections 12.1 and 12.2 of the Servlet specification
29-Nov-2019 23:59:14.268 INFORMAÇÕES [http-apr-8080-exec-56] org.apache.jasper.servlet.TldScanner.scanJars At least one JAR was scanned for TLDs yet contained no TLDs. Enable debug logging for this logger for a complete list of JARs that were scanned but no TLDs were found in them. Skipping unneeded JARs during scanning can improve startup time and JSP compilation time.
29-Nov-2019 23:59:15.867 INFORMAÇÕES [http-apr-8080-exec-56] com.sun.faces.config.ConfigureListener.contextInitialized Inicializando Mojarra 2.2.5 ( 20140108-1427 https://svn.java.net/svn/mojarra~svn/tags/2.2.5@12761) para o contexto ''
29-Nov-2019 23:59:17.199 INFORMAÇÕES [http-apr-8080-exec-56] com.sun.faces.spi.InjectionProviderFactory.createInstance JSF1048: Anotações PostConstruct/PreDestroy presentes.  Os métodos ManagedBeans marcados com essas anotações informarão as anotações processadas.
29-Nov-2019 23:59:27.740 INFORMAÇÕES [http-apr-8080-exec-56] org.primefaces.webapp.PostConstructApplicationEventListener.processEvent Running on PrimeFaces 6.1
29-Nov-2019 23:59:27.748 INFORMAÇÕES [http-apr-8080-exec-56] org.omnifaces.VersionLoggerEventListener.processEvent Using OmniFaces version 1.14.1
29-Nov-2019 23:59:27.792 INFORMAÇÕES [http-apr-8080-exec-56] org.apache.catalina.core.StandardContext.reload Reloading Context with name [] is completed
29-Nov-2019 23:59:28.088 INFORMAÇÕES [http-apr-8080-exec-64] org.apache.catalina.core.StandardContext.reload Reloading Context with name [] has started
29-Nov-2019 23:59:41.643 INFORMAÇÕES [http-apr-8080-exec-64] org.apache.catalina.core.StandardContext.checkUnusualURLPattern Suspicious url pattern: "/protegido*" in context [] - see sections 12.1 and 12.2 of the Servlet specification
29-Nov-2019 23:59:42.054 INFORMAÇÕES [http-apr-8080-exec-64] org.apache.jasper.servlet.TldScanner.scanJars At least one JAR was scanned for TLDs yet contained no TLDs. Enable debug logging for this logger for a complete list of JARs that were scanned but no TLDs were found in them. Skipping unneeded JARs during scanning can improve startup time and JSP compilation time.
29-Nov-2019 23:59:42.914 INFORMAÇÕES [http-apr-8080-exec-64] com.sun.faces.config.ConfigureListener.contextInitialized Inicializando Mojarra 2.2.5 ( 20140108-1427 https://svn.java.net/svn/mojarra~svn/tags/2.2.5@12761) para o contexto ''
29-Nov-2019 23:59:43.618 INFORMAÇÕES [http-apr-8080-exec-64] com.sun.faces.spi.InjectionProviderFactory.createInstance JSF1048: Anotações PostConstruct/PreDestroy presentes.  Os métodos ManagedBeans marcados com essas anotações informarão as anotações processadas.
29-Nov-2019 23:59:50.258 INFORMAÇÕES [http-apr-8080-exec-64] org.primefaces.webapp.PostConstructApplicationEventListener.processEvent Running on PrimeFaces 6.1
29-Nov-2019 23:59:50.262 INFORMAÇÕES [http-apr-8080-exec-64] org.omnifaces.VersionLoggerEventListener.processEvent Using OmniFaces version 1.14.1
29-Nov-2019 23:59:50.290 INFORMAÇÕES [http-apr-8080-exec-64] org.apache.catalina.core.StandardContext.reload Reloading Context with name [] is completed
