05-Oct-2019 16:45:21.913 INFORMAÇÕES [main] org.apache.catalina.startup.VersionLoggerListener.log Server version:        Apache Tomcat/8.0.53
05-Oct-2019 16:45:22.014 INFORMAÇÕES [main] org.apache.catalina.startup.VersionLoggerListener.log Server built:          Jun 29 2018 14:42:45 UTC
05-Oct-2019 16:45:22.014 INFORMAÇÕES [main] org.apache.catalina.startup.VersionLoggerListener.log Server number:         8.0.53.0
05-Oct-2019 16:45:22.018 INFORMAÇÕES [main] org.apache.catalina.startup.VersionLoggerListener.log OS Name:               Windows 10
05-Oct-2019 16:45:22.018 INFORMAÇÕES [main] org.apache.catalina.startup.VersionLoggerListener.log OS Version:            10.0
05-Oct-2019 16:45:22.018 INFORMAÇÕES [main] org.apache.catalina.startup.VersionLoggerListener.log Architecture:          amd64
05-Oct-2019 16:45:22.018 INFORMAÇÕES [main] org.apache.catalina.startup.VersionLoggerListener.log Java Home:             C:\Program Files\Java\jdk1.8.0_101\jre
05-Oct-2019 16:45:22.018 INFORMAÇÕES [main] org.apache.catalina.startup.VersionLoggerListener.log JVM Version:           1.8.0_101-b13
05-Oct-2019 16:45:22.018 INFORMAÇÕES [main] org.apache.catalina.startup.VersionLoggerListener.log JVM Vendor:            Oracle Corporation
05-Oct-2019 16:45:22.018 INFORMAÇÕES [main] org.apache.catalina.startup.VersionLoggerListener.log CATALINA_BASE:         C:\Users\lucas queroz\Documents\NetBeansProjects\ARGUS ACAD\lib\apache-tomcat-8.0.53
05-Oct-2019 16:45:22.018 INFORMAÇÕES [main] org.apache.catalina.startup.VersionLoggerListener.log CATALINA_HOME:         C:\Users\lucas queroz\Documents\NetBeansProjects\ARGUS ACAD\lib\apache-tomcat-8.0.53
05-Oct-2019 16:45:22.018 INFORMAÇÕES [main] org.apache.catalina.startup.VersionLoggerListener.log Command line argument: -Djava.util.logging.config.file=C:\Users\lucas queroz\Documents\NetBeansProjects\ARGUS ACAD\lib\apache-tomcat-8.0.53\conf\logging.properties
05-Oct-2019 16:45:22.022 INFORMAÇÕES [main] org.apache.catalina.startup.VersionLoggerListener.log Command line argument: -Djava.util.logging.manager=org.apache.juli.ClassLoaderLogManager
05-Oct-2019 16:45:22.022 INFORMAÇÕES [main] org.apache.catalina.startup.VersionLoggerListener.log Command line argument: -Djdk.tls.ephemeralDHKeySize=2048
05-Oct-2019 16:45:22.022 INFORMAÇÕES [main] org.apache.catalina.startup.VersionLoggerListener.log Command line argument: -Djava.protocol.handler.pkgs=org.apache.catalina.webresources
05-Oct-2019 16:45:22.022 INFORMAÇÕES [main] org.apache.catalina.startup.VersionLoggerListener.log Command line argument: -Dignore.endorsed.dirs=
05-Oct-2019 16:45:22.022 INFORMAÇÕES [main] org.apache.catalina.startup.VersionLoggerListener.log Command line argument: -Dcatalina.base=C:\Users\lucas queroz\Documents\NetBeansProjects\ARGUS ACAD\lib\apache-tomcat-8.0.53
05-Oct-2019 16:45:22.022 INFORMAÇÕES [main] org.apache.catalina.startup.VersionLoggerListener.log Command line argument: -Dcatalina.home=C:\Users\lucas queroz\Documents\NetBeansProjects\ARGUS ACAD\lib\apache-tomcat-8.0.53
05-Oct-2019 16:45:22.022 INFORMAÇÕES [main] org.apache.catalina.startup.VersionLoggerListener.log Command line argument: -Djava.io.tmpdir=C:\Users\lucas queroz\Documents\NetBeansProjects\ARGUS ACAD\lib\apache-tomcat-8.0.53\temp
05-Oct-2019 16:45:22.022 INFORMAÇÕES [main] org.apache.catalina.core.AprLifecycleListener.lifecycleEvent Loaded APR based Apache Tomcat Native library 1.2.17 using APR version 1.6.3.
05-Oct-2019 16:45:22.022 INFORMAÇÕES [main] org.apache.catalina.core.AprLifecycleListener.lifecycleEvent APR capabilities: IPv6 [true], sendfile [true], accept filters [false], random [true].
05-Oct-2019 16:45:23.807 INFORMAÇÕES [main] org.apache.catalina.core.AprLifecycleListener.initializeSSL OpenSSL successfully initialized (OpenSSL 1.0.2o  27 Mar 2018)
05-Oct-2019 16:45:25.302 INFORMAÇÕES [main] org.apache.coyote.AbstractProtocol.init Initializing ProtocolHandler ["http-apr-8080"]
05-Oct-2019 16:45:25.354 INFORMAÇÕES [main] org.apache.coyote.AbstractProtocol.init Initializing ProtocolHandler ["ajp-apr-8009"]
05-Oct-2019 16:45:25.358 INFORMAÇÕES [main] org.apache.catalina.startup.Catalina.load Initialization processed in 9612 ms
05-Oct-2019 16:45:25.784 INFORMAÇÕES [main] org.apache.catalina.core.StandardService.startInternal Starting service Catalina
05-Oct-2019 16:45:25.784 INFORMAÇÕES [main] org.apache.catalina.core.StandardEngine.startInternal Starting Servlet Engine: Apache Tomcat/8.0.53
05-Oct-2019 16:45:25.994 INFORMAÇÕES [localhost-startStop-1] org.apache.catalina.startup.HostConfig.deployDescriptor Deploying configuration descriptor C:\Users\lucas queroz\Documents\NetBeansProjects\ARGUS ACAD\lib\apache-tomcat-8.0.53\conf\Catalina\localhost\ARGUS_PBD.xml
05-Oct-2019 16:45:26.589 ADVERTÊNCIA [localhost-startStop-1] org.apache.catalina.startup.SetContextPropertiesRule.begin [SetContextPropertiesRule]{Context} Setting property 'antiJARLocking' to 'true' did not find a matching property.
05-Oct-2019 16:45:26.947 GRAVE [localhost-startStop-1] org.apache.catalina.core.ContainerBase.addChildInternal ContainerBase.addChild: start: 
 org.apache.catalina.LifecycleException: Failed to start component [StandardEngine[Catalina].StandardHost[localhost].StandardContext[/ARGUS_PBD]]
	at org.apache.catalina.util.LifecycleBase.start(LifecycleBase.java:162)
	at org.apache.catalina.core.ContainerBase.addChildInternal(ContainerBase.java:755)
	at org.apache.catalina.core.ContainerBase.addChild(ContainerBase.java:731)
	at org.apache.catalina.core.StandardHost.addChild(StandardHost.java:717)
	at org.apache.catalina.startup.HostConfig.deployDescriptor(HostConfig.java:620)
	at org.apache.catalina.startup.HostConfig$DeployDescriptor.run(HostConfig.java:1832)
	at java.util.concurrent.Executors$RunnableAdapter.call(Executors.java:511)
	at java.util.concurrent.FutureTask.run(FutureTask.java:266)
	at java.util.concurrent.ThreadPoolExecutor.runWorker(ThreadPoolExecutor.java:1142)
	at java.util.concurrent.ThreadPoolExecutor$Worker.run(ThreadPoolExecutor.java:617)
	at java.lang.Thread.run(Thread.java:745)
Caused by: org.apache.catalina.LifecycleException: Failed to start component [org.apache.catalina.webresources.StandardRoot@6791ee96]
	at org.apache.catalina.util.LifecycleBase.start(LifecycleBase.java:162)
	at org.apache.catalina.core.StandardContext.resourcesStart(StandardContext.java:5016)
	at org.apache.catalina.core.StandardContext.startInternal(StandardContext.java:5149)
	at org.apache.catalina.util.LifecycleBase.start(LifecycleBase.java:145)
	... 10 more
Caused by: java.lang.IllegalArgumentException: The main resource set specified [C:\Users\lucas queroz\Documents\NetBeansProjects\ARGUS PBD\build\web] is not valid
	at org.apache.catalina.webresources.StandardRoot.createMainResourceSet(StandardRoot.java:746)
	at org.apache.catalina.webresources.StandardRoot.startInternal(StandardRoot.java:704)
	at org.apache.catalina.util.LifecycleBase.start(LifecycleBase.java:145)
	... 13 more

05-Oct-2019 16:45:26.987 GRAVE [localhost-startStop-1] org.apache.catalina.startup.HostConfig.deployDescriptor Error deploying configuration descriptor C:\Users\lucas queroz\Documents\NetBeansProjects\ARGUS ACAD\lib\apache-tomcat-8.0.53\conf\Catalina\localhost\ARGUS_PBD.xml
 java.lang.IllegalStateException: ContainerBase.addChild: start: org.apache.catalina.LifecycleException: Failed to start component [StandardEngine[Catalina].StandardHost[localhost].StandardContext[/ARGUS_PBD]]
	at org.apache.catalina.core.ContainerBase.addChildInternal(ContainerBase.java:759)
	at org.apache.catalina.core.ContainerBase.addChild(ContainerBase.java:731)
	at org.apache.catalina.core.StandardHost.addChild(StandardHost.java:717)
	at org.apache.catalina.startup.HostConfig.deployDescriptor(HostConfig.java:620)
	at org.apache.catalina.startup.HostConfig$DeployDescriptor.run(HostConfig.java:1832)
	at java.util.concurrent.Executors$RunnableAdapter.call(Executors.java:511)
	at java.util.concurrent.FutureTask.run(FutureTask.java:266)
	at java.util.concurrent.ThreadPoolExecutor.runWorker(ThreadPoolExecutor.java:1142)
	at java.util.concurrent.ThreadPoolExecutor$Worker.run(ThreadPoolExecutor.java:617)
	at java.lang.Thread.run(Thread.java:745)

05-Oct-2019 16:45:27.100 INFORMAÇÕES [localhost-startStop-1] org.apache.catalina.startup.HostConfig.deployDescriptor Deployment of configuration descriptor C:\Users\lucas queroz\Documents\NetBeansProjects\ARGUS ACAD\lib\apache-tomcat-8.0.53\conf\Catalina\localhost\ARGUS_PBD.xml has finished in 1,046 ms
05-Oct-2019 16:45:27.100 INFORMAÇÕES [localhost-startStop-1] org.apache.catalina.startup.HostConfig.deployDescriptor Deploying configuration descriptor C:\Users\lucas queroz\Documents\NetBeansProjects\ARGUS ACAD\lib\apache-tomcat-8.0.53\conf\Catalina\localhost\PDelfos.xml
05-Oct-2019 16:45:27.138 GRAVE [localhost-startStop-1] org.apache.catalina.core.ContainerBase.addChildInternal ContainerBase.addChild: start: 
 org.apache.catalina.LifecycleException: Failed to start component [StandardEngine[Catalina].StandardHost[localhost].StandardContext[/PDelfos]]
	at org.apache.catalina.util.LifecycleBase.start(LifecycleBase.java:162)
	at org.apache.catalina.core.ContainerBase.addChildInternal(ContainerBase.java:755)
	at org.apache.catalina.core.ContainerBase.addChild(ContainerBase.java:731)
	at org.apache.catalina.core.StandardHost.addChild(StandardHost.java:717)
	at org.apache.catalina.startup.HostConfig.deployDescriptor(HostConfig.java:620)
	at org.apache.catalina.startup.HostConfig$DeployDescriptor.run(HostConfig.java:1832)
	at java.util.concurrent.Executors$RunnableAdapter.call(Executors.java:511)
	at java.util.concurrent.FutureTask.run(FutureTask.java:266)
	at java.util.concurrent.ThreadPoolExecutor.runWorker(ThreadPoolExecutor.java:1142)
	at java.util.concurrent.ThreadPoolExecutor$Worker.run(ThreadPoolExecutor.java:617)
	at java.lang.Thread.run(Thread.java:745)
Caused by: org.apache.catalina.LifecycleException: Failed to start component [org.apache.catalina.webresources.StandardRoot@3dbddd33]
	at org.apache.catalina.util.LifecycleBase.start(LifecycleBase.java:162)
	at org.apache.catalina.core.StandardContext.resourcesStart(StandardContext.java:5016)
	at org.apache.catalina.core.StandardContext.startInternal(StandardContext.java:5149)
	at org.apache.catalina.util.LifecycleBase.start(LifecycleBase.java:145)
	... 10 more
Caused by: java.lang.IllegalArgumentException: The main resource set specified [C:\Users\eltho\Documents\PDelfos\build\web] is not valid
	at org.apache.catalina.webresources.StandardRoot.createMainResourceSet(StandardRoot.java:746)
	at org.apache.catalina.webresources.StandardRoot.startInternal(StandardRoot.java:704)
	at org.apache.catalina.util.LifecycleBase.start(LifecycleBase.java:145)
	... 13 more

05-Oct-2019 16:45:27.138 GRAVE [localhost-startStop-1] org.apache.catalina.startup.HostConfig.deployDescriptor Error deploying configuration descriptor C:\Users\lucas queroz\Documents\NetBeansProjects\ARGUS ACAD\lib\apache-tomcat-8.0.53\conf\Catalina\localhost\PDelfos.xml
 java.lang.IllegalStateException: ContainerBase.addChild: start: org.apache.catalina.LifecycleException: Failed to start component [StandardEngine[Catalina].StandardHost[localhost].StandardContext[/PDelfos]]
	at org.apache.catalina.core.ContainerBase.addChildInternal(ContainerBase.java:759)
	at org.apache.catalina.core.ContainerBase.addChild(ContainerBase.java:731)
	at org.apache.catalina.core.StandardHost.addChild(StandardHost.java:717)
	at org.apache.catalina.startup.HostConfig.deployDescriptor(HostConfig.java:620)
	at org.apache.catalina.startup.HostConfig$DeployDescriptor.run(HostConfig.java:1832)
	at java.util.concurrent.Executors$RunnableAdapter.call(Executors.java:511)
	at java.util.concurrent.FutureTask.run(FutureTask.java:266)
	at java.util.concurrent.ThreadPoolExecutor.runWorker(ThreadPoolExecutor.java:1142)
	at java.util.concurrent.ThreadPoolExecutor$Worker.run(ThreadPoolExecutor.java:617)
	at java.lang.Thread.run(Thread.java:745)

05-Oct-2019 16:45:27.142 INFORMAÇÕES [localhost-startStop-1] org.apache.catalina.startup.HostConfig.deployDescriptor Deployment of configuration descriptor C:\Users\lucas queroz\Documents\NetBeansProjects\ARGUS ACAD\lib\apache-tomcat-8.0.53\conf\Catalina\localhost\PDelfos.xml has finished in 42 ms
05-Oct-2019 16:45:27.863 INFORMAÇÕES [localhost-startStop-1] org.apache.catalina.startup.HostConfig.deployDescriptor Deploying configuration descriptor C:\Users\lucas queroz\Documents\NetBeansProjects\ARGUS ACAD\lib\apache-tomcat-8.0.53\conf\Catalina\localhost\ROOT.xml
05-Oct-2019 16:45:27.967 ADVERTÊNCIA [localhost-startStop-1] org.apache.catalina.startup.SetContextPropertiesRule.begin [SetContextPropertiesRule]{Context} Setting property 'antiJARLocking' to 'true' did not find a matching property.
05-Oct-2019 16:45:53.494 ADVERTÊNCIA [localhost-startStop-1] org.apache.tomcat.dbcp.dbcp2.BasicDataSourceFactory.getObjectInstance Name = teste Property maxActive is not used in DBCP2, use maxTotal instead. maxTotal default value is 8. You have set value of "20" for "maxActive" property, which is being ignored.
05-Oct-2019 16:45:53.498 ADVERTÊNCIA [localhost-startStop-1] org.apache.tomcat.dbcp.dbcp2.BasicDataSourceFactory.getObjectInstance Name = teste Property maxWait is not used in DBCP2 , use maxWaitMillis instead. maxWaitMillis default value is -1. You have set value of "-1" for "maxWait" property, which is being ignored.
05-Oct-2019 16:45:54.229 INFORMAÇÕES [localhost-startStop-1] org.apache.jasper.servlet.TldScanner.scanJars At least one JAR was scanned for TLDs yet contained no TLDs. Enable debug logging for this logger for a complete list of JARs that were scanned but no TLDs were found in them. Skipping unneeded JARs during scanning can improve startup time and JSP compilation time.
05-Oct-2019 16:45:55.563 INFORMAÇÕES [localhost-startStop-1] com.sun.faces.config.ConfigureListener.contextInitialized Inicializando Mojarra 2.2.5 ( 20140108-1427 https://svn.java.net/svn/mojarra~svn/tags/2.2.5@12761) para o contexto ''
05-Oct-2019 16:45:57.713 INFORMAÇÕES [localhost-startStop-1] com.sun.faces.spi.InjectionProviderFactory.createInstance JSF1048: Anotações PostConstruct/PreDestroy presentes.  Os métodos ManagedBeans marcados com essas anotações informarão as anotações processadas.
05-Oct-2019 16:46:07.417 INFORMAÇÕES [localhost-startStop-1] org.primefaces.webapp.PostConstructApplicationEventListener.processEvent Running on PrimeFaces 6.1
05-Oct-2019 16:46:07.421 INFORMAÇÕES [localhost-startStop-1] org.omnifaces.VersionLoggerEventListener.processEvent Using OmniFaces version 1.14.1
05-Oct-2019 16:46:08.415 ADVERTÊNCIA [localhost-startStop-1] org.apache.catalina.util.SessionIdGeneratorBase.createSecureRandom Creation of SecureRandom instance for session ID generation using [SHA1PRNG] took [990] milliseconds.
05-Oct-2019 16:46:09.164 INFORMAÇÕES [localhost-startStop-1] org.apache.catalina.startup.HostConfig.deployDescriptor Deployment of configuration descriptor C:\Users\lucas queroz\Documents\NetBeansProjects\ARGUS ACAD\lib\apache-tomcat-8.0.53\conf\Catalina\localhost\ROOT.xml has finished in 41,297 ms
05-Oct-2019 16:46:09.180 INFORMAÇÕES [localhost-startStop-1] org.apache.catalina.startup.HostConfig.deployDirectory Deploying web application directory C:\Users\lucas queroz\Documents\NetBeansProjects\ARGUS ACAD\lib\apache-tomcat-8.0.53\webapps\docs
05-Oct-2019 16:46:09.506 INFORMAÇÕES [localhost-startStop-1] org.apache.catalina.startup.HostConfig.deployDirectory Deployment of web application directory C:\Users\lucas queroz\Documents\NetBeansProjects\ARGUS ACAD\lib\apache-tomcat-8.0.53\webapps\docs has finished in 326 ms
05-Oct-2019 16:46:09.506 INFORMAÇÕES [localhost-startStop-1] org.apache.catalina.startup.HostConfig.deployDirectory Deploying web application directory C:\Users\lucas queroz\Documents\NetBeansProjects\ARGUS ACAD\lib\apache-tomcat-8.0.53\webapps\examples
05-Oct-2019 16:46:12.949 INFORMAÇÕES [localhost-startStop-1] org.apache.catalina.startup.HostConfig.deployDirectory Deployment of web application directory C:\Users\lucas queroz\Documents\NetBeansProjects\ARGUS ACAD\lib\apache-tomcat-8.0.53\webapps\examples has finished in 3,443 ms
05-Oct-2019 16:46:12.953 INFORMAÇÕES [localhost-startStop-1] org.apache.catalina.startup.HostConfig.deployDirectory Deploying web application directory C:\Users\lucas queroz\Documents\NetBeansProjects\ARGUS ACAD\lib\apache-tomcat-8.0.53\webapps\host-manager
05-Oct-2019 16:46:13.678 INFORMAÇÕES [localhost-startStop-1] org.apache.catalina.startup.HostConfig.deployDirectory Deployment of web application directory C:\Users\lucas queroz\Documents\NetBeansProjects\ARGUS ACAD\lib\apache-tomcat-8.0.53\webapps\host-manager has finished in 729 ms
05-Oct-2019 16:46:13.690 INFORMAÇÕES [localhost-startStop-1] org.apache.catalina.startup.HostConfig.deployDirectory Deploying web application directory C:\Users\lucas queroz\Documents\NetBeansProjects\ARGUS ACAD\lib\apache-tomcat-8.0.53\webapps\manager
05-Oct-2019 16:46:13.971 INFORMAÇÕES [localhost-startStop-1] org.apache.catalina.startup.HostConfig.deployDirectory Deployment of web application directory C:\Users\lucas queroz\Documents\NetBeansProjects\ARGUS ACAD\lib\apache-tomcat-8.0.53\webapps\manager has finished in 281 ms
05-Oct-2019 16:46:14.007 INFORMAÇÕES [main] org.apache.coyote.AbstractProtocol.start Starting ProtocolHandler ["http-apr-8080"]
05-Oct-2019 16:46:14.157 INFORMAÇÕES [main] org.apache.coyote.AbstractProtocol.start Starting ProtocolHandler ["ajp-apr-8009"]
05-Oct-2019 16:46:14.177 INFORMAÇÕES [main] org.apache.catalina.startup.Catalina.start Server startup in 48818 ms
05-Oct-2019 17:15:30.230 INFORMAÇÕES [http-apr-8080-exec-7] org.apache.catalina.core.StandardContext.reload Reloading Context with name [] has started
05-Oct-2019 17:16:19.763 INFORMAÇÕES [http-apr-8080-exec-7] org.apache.jasper.servlet.TldScanner.scanJars At least one JAR was scanned for TLDs yet contained no TLDs. Enable debug logging for this logger for a complete list of JARs that were scanned but no TLDs were found in them. Skipping unneeded JARs during scanning can improve startup time and JSP compilation time.
05-Oct-2019 17:16:22.062 INFORMAÇÕES [http-apr-8080-exec-7] com.sun.faces.config.ConfigureListener.contextInitialized Inicializando Mojarra 2.2.5 ( 20140108-1427 https://svn.java.net/svn/mojarra~svn/tags/2.2.5@12761) para o contexto ''
05-Oct-2019 17:16:24.569 INFORMAÇÕES [http-apr-8080-exec-7] com.sun.faces.spi.InjectionProviderFactory.createInstance JSF1048: Anotações PostConstruct/PreDestroy presentes.  Os métodos ManagedBeans marcados com essas anotações informarão as anotações processadas.
05-Oct-2019 17:16:32.648 INFORMAÇÕES [http-apr-8080-exec-7] org.primefaces.webapp.PostConstructApplicationEventListener.processEvent Running on PrimeFaces 6.1
05-Oct-2019 17:16:32.652 INFORMAÇÕES [http-apr-8080-exec-7] org.omnifaces.VersionLoggerEventListener.processEvent Using OmniFaces version 1.14.1
05-Oct-2019 17:16:32.734 INFORMAÇÕES [http-apr-8080-exec-7] org.apache.catalina.core.StandardContext.reload Reloading Context with name [] is completed
05-Oct-2019 17:18:05.062 INFORMAÇÕES [http-apr-8080-exec-17] org.apache.catalina.core.StandardContext.reload Reloading Context with name [] has started
05-Oct-2019 17:18:24.534 INFORMAÇÕES [http-apr-8080-exec-17] org.apache.jasper.servlet.TldScanner.scanJars At least one JAR was scanned for TLDs yet contained no TLDs. Enable debug logging for this logger for a complete list of JARs that were scanned but no TLDs were found in them. Skipping unneeded JARs during scanning can improve startup time and JSP compilation time.
05-Oct-2019 17:18:27.082 INFORMAÇÕES [http-apr-8080-exec-17] com.sun.faces.config.ConfigureListener.contextInitialized Inicializando Mojarra 2.2.5 ( 20140108-1427 https://svn.java.net/svn/mojarra~svn/tags/2.2.5@12761) para o contexto ''
05-Oct-2019 17:18:28.054 INFORMAÇÕES [http-apr-8080-exec-17] com.sun.faces.spi.InjectionProviderFactory.createInstance JSF1048: Anotações PostConstruct/PreDestroy presentes.  Os métodos ManagedBeans marcados com essas anotações informarão as anotações processadas.
05-Oct-2019 17:18:40.422 INFORMAÇÕES [http-apr-8080-exec-17] org.primefaces.webapp.PostConstructApplicationEventListener.processEvent Running on PrimeFaces 6.1
05-Oct-2019 17:18:40.422 INFORMAÇÕES [http-apr-8080-exec-17] org.omnifaces.VersionLoggerEventListener.processEvent Using OmniFaces version 1.14.1
05-Oct-2019 17:18:40.821 INFORMAÇÕES [http-apr-8080-exec-17] org.apache.catalina.core.StandardContext.reload Reloading Context with name [] is completed
05-Oct-2019 17:19:42.357 WARN [http-apr-8080-exec-27] org.hibernate.ejb.HibernatePersistence.logDeprecation HHH015016: Encountered a deprecated javax.persistence.spi.PersistenceProvider [org.hibernate.ejb.HibernatePersistence]; use [org.hibernate.jpa.HibernatePersistenceProvider] instead.
05-Oct-2019 17:19:42.357 WARN [http-apr-8080-exec-27] org.hibernate.ejb.HibernatePersistence.logDeprecation HHH015016: Encountered a deprecated javax.persistence.spi.PersistenceProvider [org.hibernate.ejb.HibernatePersistence]; use [org.hibernate.jpa.HibernatePersistenceProvider] instead.
05-Oct-2019 17:19:42.357 WARN [http-apr-8080-exec-27] org.hibernate.ejb.HibernatePersistence.logDeprecation HHH015016: Encountered a deprecated javax.persistence.spi.PersistenceProvider [org.hibernate.ejb.HibernatePersistence]; use [org.hibernate.jpa.HibernatePersistenceProvider] instead.
05-Oct-2019 17:19:46.579 INFO [http-apr-8080-exec-27] org.hibernate.jpa.internal.util.LogHelper.logPersistenceUnitInformation HHH000204: Processing PersistenceUnitInfo [
	name: teste
	...]
05-Oct-2019 17:19:50.847 INFO [http-apr-8080-exec-27] org.hibernate.Version.logVersion HHH000412: Hibernate Core {4.3.1.Final}
05-Oct-2019 17:19:50.932 INFO [http-apr-8080-exec-27] org.hibernate.cfg.Environment.<clinit> HHH000206: hibernate.properties not found
05-Oct-2019 17:19:51.002 INFO [http-apr-8080-exec-27] org.hibernate.cfg.Environment.buildBytecodeProvider HHH000021: Bytecode provider name : javassist
05-Oct-2019 17:29:00.942 INFORMAÇÕES [http-apr-8080-exec-31] org.apache.catalina.core.StandardContext.reload Reloading Context with name [] has started
05-Oct-2019 17:29:02.021 ADVERTÊNCIA [http-apr-8080-exec-31] org.apache.catalina.loader.WebappClassLoaderBase.clearReferencesJdbc The web application [ROOT] registered the JDBC driver [org.postgresql.Driver] but failed to unregister it when the web application was stopped. To prevent a memory leak, the JDBC Driver has been forcibly unregistered.
05-Oct-2019 17:29:44.744 INFORMAÇÕES [http-apr-8080-exec-31] org.apache.jasper.servlet.TldScanner.scanJars At least one JAR was scanned for TLDs yet contained no TLDs. Enable debug logging for this logger for a complete list of JARs that were scanned but no TLDs were found in them. Skipping unneeded JARs during scanning can improve startup time and JSP compilation time.
05-Oct-2019 17:29:46.383 INFORMAÇÕES [http-apr-8080-exec-31] com.sun.faces.config.ConfigureListener.contextInitialized Inicializando Mojarra 2.2.5 ( 20140108-1427 https://svn.java.net/svn/mojarra~svn/tags/2.2.5@12761) para o contexto ''
05-Oct-2019 17:29:47.977 INFORMAÇÕES [http-apr-8080-exec-31] com.sun.faces.spi.InjectionProviderFactory.createInstance JSF1048: Anotações PostConstruct/PreDestroy presentes.  Os métodos ManagedBeans marcados com essas anotações informarão as anotações processadas.
05-Oct-2019 17:29:55.920 INFORMAÇÕES [http-apr-8080-exec-31] org.primefaces.webapp.PostConstructApplicationEventListener.processEvent Running on PrimeFaces 6.1
05-Oct-2019 17:29:55.920 INFORMAÇÕES [http-apr-8080-exec-31] org.omnifaces.VersionLoggerEventListener.processEvent Using OmniFaces version 1.14.1
05-Oct-2019 17:29:56.016 INFORMAÇÕES [67] org.apache.catalina.core.StandardContext.reload Reloading Context with name [] is completed
05-Oct-2019 17:39:34.982 INFORMAÇÕES [http-apr-8080-exec-44] org.apache.catalina.core.StandardContext.reload Reloading Context with name [] has started
05-Oct-2019 17:40:14.533 INFORMAÇÕES [http-apr-8080-exec-44] org.apache.jasper.servlet.TldScanner.scanJars At least one JAR was scanned for TLDs yet contained no TLDs. Enable debug logging for this logger for a complete list of JARs that were scanned but no TLDs were found in them. Skipping unneeded JARs during scanning can improve startup time and JSP compilation time.
05-Oct-2019 17:40:16.132 INFORMAÇÕES [http-apr-8080-exec-44] com.sun.faces.config.ConfigureListener.contextInitialized Inicializando Mojarra 2.2.5 ( 20140108-1427 https://svn.java.net/svn/mojarra~svn/tags/2.2.5@12761) para o contexto ''
05-Oct-2019 17:40:17.578 INFORMAÇÕES [http-apr-8080-exec-44] com.sun.faces.spi.InjectionProviderFactory.createInstance JSF1048: Anotações PostConstruct/PreDestroy presentes.  Os métodos ManagedBeans marcados com essas anotações informarão as anotações processadas.
05-Oct-2019 17:40:27.168 INFORMAÇÕES [http-apr-8080-exec-44] org.primefaces.webapp.PostConstructApplicationEventListener.processEvent Running on PrimeFaces 6.1
05-Oct-2019 17:40:27.168 INFORMAÇÕES [http-apr-8080-exec-44] org.omnifaces.VersionLoggerEventListener.processEvent Using OmniFaces version 1.14.1
05-Oct-2019 17:40:27.627 INFORMAÇÕES [91] org.apache.catalina.core.StandardContext.reload Reloading Context with name [] is completed
05-Oct-2019 17:43:39.172 INFORMAÇÕES [http-apr-8080-exec-52] org.apache.catalina.core.StandardContext.reload Reloading Context with name [] has started
05-Oct-2019 17:43:57.621 INFORMAÇÕES [http-apr-8080-exec-52] org.apache.jasper.servlet.TldScanner.scanJars At least one JAR was scanned for TLDs yet contained no TLDs. Enable debug logging for this logger for a complete list of JARs that were scanned but no TLDs were found in them. Skipping unneeded JARs during scanning can improve startup time and JSP compilation time.
05-Oct-2019 17:43:58.445 INFORMAÇÕES [http-apr-8080-exec-52] com.sun.faces.config.ConfigureListener.contextInitialized Inicializando Mojarra 2.2.5 ( 20140108-1427 https://svn.java.net/svn/mojarra~svn/tags/2.2.5@12761) para o contexto ''
05-Oct-2019 17:43:59.185 INFORMAÇÕES [http-apr-8080-exec-52] com.sun.faces.spi.InjectionProviderFactory.createInstance JSF1048: Anotações PostConstruct/PreDestroy presentes.  Os métodos ManagedBeans marcados com essas anotações informarão as anotações processadas.
05-Oct-2019 17:44:05.320 INFORMAÇÕES [http-apr-8080-exec-52] org.primefaces.webapp.PostConstructApplicationEventListener.processEvent Running on PrimeFaces 6.1
05-Oct-2019 17:44:05.320 INFORMAÇÕES [http-apr-8080-exec-52] org.omnifaces.VersionLoggerEventListener.processEvent Using OmniFaces version 1.14.1
05-Oct-2019 17:44:05.418 INFORMAÇÕES [http-apr-8080-exec-52] org.apache.catalina.core.StandardContext.reload Reloading Context with name [] is completed
05-Oct-2019 17:47:34.490 INFORMAÇÕES [http-apr-8080-exec-56] org.apache.catalina.core.StandardContext.reload Reloading Context with name [] has started
05-Oct-2019 17:47:51.352 INFORMAÇÕES [http-apr-8080-exec-56] org.apache.jasper.servlet.TldScanner.scanJars At least one JAR was scanned for TLDs yet contained no TLDs. Enable debug logging for this logger for a complete list of JARs that were scanned but no TLDs were found in them. Skipping unneeded JARs during scanning can improve startup time and JSP compilation time.
05-Oct-2019 17:47:52.221 INFORMAÇÕES [http-apr-8080-exec-56] com.sun.faces.config.ConfigureListener.contextInitialized Inicializando Mojarra 2.2.5 ( 20140108-1427 https://svn.java.net/svn/mojarra~svn/tags/2.2.5@12761) para o contexto ''
05-Oct-2019 17:47:52.990 INFORMAÇÕES [http-apr-8080-exec-56] com.sun.faces.spi.InjectionProviderFactory.createInstance JSF1048: Anotações PostConstruct/PreDestroy presentes.  Os métodos ManagedBeans marcados com essas anotações informarão as anotações processadas.
05-Oct-2019 17:48:02.670 INFORMAÇÕES [http-apr-8080-exec-56] org.primefaces.webapp.PostConstructApplicationEventListener.processEvent Running on PrimeFaces 6.1
05-Oct-2019 17:48:02.670 INFORMAÇÕES [http-apr-8080-exec-56] org.omnifaces.VersionLoggerEventListener.processEvent Using OmniFaces version 1.14.1
05-Oct-2019 17:48:02.748 INFORMAÇÕES [116] org.apache.catalina.core.StandardContext.reload Reloading Context with name [] is completed
05-Oct-2019 18:14:55.935 ADVERTÊNCIA [http-apr-8080-exec-72] com.sun.faces.context.ExternalContextImpl.getMimeType JSF1091: Nenhum tipo de mime pôde ser encontrado para o arquivo /lista.jsp.  Para resolver isso, adicione um mapeamento de mime-type ao web.xml do aplicativo.
05-Oct-2019 18:14:55.980 ADVERTÊNCIA [http-apr-8080-exec-72] com.sun.faces.context.ExternalContextImpl.getMimeType JSF1091: Nenhum tipo de mime pôde ser encontrado para o arquivo /lista.jsp.  Para resolver isso, adicione um mapeamento de mime-type ao web.xml do aplicativo.
05-Oct-2019 18:16:41.473 ADVERTÊNCIA [http-apr-8080-exec-74] com.sun.faces.context.ExternalContextImpl.getMimeType JSF1091: Nenhum tipo de mime pôde ser encontrado para o arquivo /lista.jsp.  Para resolver isso, adicione um mapeamento de mime-type ao web.xml do aplicativo.
05-Oct-2019 18:16:41.485 ADVERTÊNCIA [http-apr-8080-exec-74] com.sun.faces.context.ExternalContextImpl.getMimeType JSF1091: Nenhum tipo de mime pôde ser encontrado para o arquivo /lista.jsp.  Para resolver isso, adicione um mapeamento de mime-type ao web.xml do aplicativo.
05-Oct-2019 18:17:29.680 ADVERTÊNCIA [http-apr-8080-exec-67] com.sun.faces.context.ExternalContextImpl.getMimeType JSF1091: Nenhum tipo de mime pôde ser encontrado para o arquivo /lista.jsp.  Para resolver isso, adicione um mapeamento de mime-type ao web.xml do aplicativo.
05-Oct-2019 18:17:29.696 ADVERTÊNCIA [http-apr-8080-exec-67] com.sun.faces.context.ExternalContextImpl.getMimeType JSF1091: Nenhum tipo de mime pôde ser encontrado para o arquivo /lista.jsp.  Para resolver isso, adicione um mapeamento de mime-type ao web.xml do aplicativo.
05-Oct-2019 18:18:13.522 ADVERTÊNCIA [http-apr-8080-exec-72] com.sun.faces.context.ExternalContextImpl.getMimeType JSF1091: Nenhum tipo de mime pôde ser encontrado para o arquivo /lista.jsp.  Para resolver isso, adicione um mapeamento de mime-type ao web.xml do aplicativo.
05-Oct-2019 18:18:13.634 ADVERTÊNCIA [http-apr-8080-exec-72] com.sun.faces.context.ExternalContextImpl.getMimeType JSF1091: Nenhum tipo de mime pôde ser encontrado para o arquivo /lista.jsp.  Para resolver isso, adicione um mapeamento de mime-type ao web.xml do aplicativo.
05-Oct-2019 18:18:16.507 ADVERTÊNCIA [http-apr-8080-exec-69] com.sun.faces.context.ExternalContextImpl.getMimeType JSF1091: Nenhum tipo de mime pôde ser encontrado para o arquivo /lista.jsp.  Para resolver isso, adicione um mapeamento de mime-type ao web.xml do aplicativo.
05-Oct-2019 18:18:16.511 ADVERTÊNCIA [http-apr-8080-exec-69] com.sun.faces.context.ExternalContextImpl.getMimeType JSF1091: Nenhum tipo de mime pôde ser encontrado para o arquivo /lista.jsp.  Para resolver isso, adicione um mapeamento de mime-type ao web.xml do aplicativo.
05-Oct-2019 18:18:38.340 ADVERTÊNCIA [http-apr-8080-exec-70] com.sun.faces.context.ExternalContextImpl.getMimeType JSF1091: Nenhum tipo de mime pôde ser encontrado para o arquivo /lista.jsp.  Para resolver isso, adicione um mapeamento de mime-type ao web.xml do aplicativo.
05-Oct-2019 18:18:38.357 ADVERTÊNCIA [http-apr-8080-exec-70] com.sun.faces.context.ExternalContextImpl.getMimeType JSF1091: Nenhum tipo de mime pôde ser encontrado para o arquivo /lista.jsp.  Para resolver isso, adicione um mapeamento de mime-type ao web.xml do aplicativo.
05-Oct-2019 18:19:34.397 ADVERTÊNCIA [http-apr-8080-exec-67] com.sun.faces.context.ExternalContextImpl.getMimeType JSF1091: Nenhum tipo de mime pôde ser encontrado para o arquivo /lista.jsp.  Para resolver isso, adicione um mapeamento de mime-type ao web.xml do aplicativo.
05-Oct-2019 18:19:34.413 ADVERTÊNCIA [http-apr-8080-exec-67] com.sun.faces.context.ExternalContextImpl.getMimeType JSF1091: Nenhum tipo de mime pôde ser encontrado para o arquivo /lista.jsp.  Para resolver isso, adicione um mapeamento de mime-type ao web.xml do aplicativo.
05-Oct-2019 18:20:36.906 ADVERTÊNCIA [http-apr-8080-exec-72] com.sun.faces.context.ExternalContextImpl.getMimeType JSF1091: Nenhum tipo de mime pôde ser encontrado para o arquivo /lista.jsp.  Para resolver isso, adicione um mapeamento de mime-type ao web.xml do aplicativo.
05-Oct-2019 18:20:36.926 ADVERTÊNCIA [http-apr-8080-exec-72] com.sun.faces.context.ExternalContextImpl.getMimeType JSF1091: Nenhum tipo de mime pôde ser encontrado para o arquivo /lista.jsp.  Para resolver isso, adicione um mapeamento de mime-type ao web.xml do aplicativo.
05-Oct-2019 22:04:24.600 INFORMAÇÕES [main] org.apache.catalina.startup.VersionLoggerListener.log Server version:        Apache Tomcat/8.0.53
05-Oct-2019 22:04:24.624 INFORMAÇÕES [main] org.apache.catalina.startup.VersionLoggerListener.log Server built:          Jun 29 2018 14:42:45 UTC
05-Oct-2019 22:04:24.624 INFORMAÇÕES [main] org.apache.catalina.startup.VersionLoggerListener.log Server number:         8.0.53.0
05-Oct-2019 22:04:24.624 INFORMAÇÕES [main] org.apache.catalina.startup.VersionLoggerListener.log OS Name:               Windows 10
05-Oct-2019 22:04:24.624 INFORMAÇÕES [main] org.apache.catalina.startup.VersionLoggerListener.log OS Version:            10.0
05-Oct-2019 22:04:24.624 INFORMAÇÕES [main] org.apache.catalina.startup.VersionLoggerListener.log Architecture:          amd64
05-Oct-2019 22:04:24.624 INFORMAÇÕES [main] org.apache.catalina.startup.VersionLoggerListener.log Java Home:             C:\Program Files\Java\jdk1.8.0_101\jre
05-Oct-2019 22:04:24.624 INFORMAÇÕES [main] org.apache.catalina.startup.VersionLoggerListener.log JVM Version:           1.8.0_101-b13
05-Oct-2019 22:04:24.628 INFORMAÇÕES [main] org.apache.catalina.startup.VersionLoggerListener.log JVM Vendor:            Oracle Corporation
05-Oct-2019 22:04:24.628 INFORMAÇÕES [main] org.apache.catalina.startup.VersionLoggerListener.log CATALINA_BASE:         C:\Users\lucas queroz\Documents\NetBeansProjects\ARGUS ACAD\lib\apache-tomcat-8.0.53
05-Oct-2019 22:04:24.628 INFORMAÇÕES [main] org.apache.catalina.startup.VersionLoggerListener.log CATALINA_HOME:         C:\Users\lucas queroz\Documents\NetBeansProjects\ARGUS ACAD\lib\apache-tomcat-8.0.53
05-Oct-2019 22:04:24.628 INFORMAÇÕES [main] org.apache.catalina.startup.VersionLoggerListener.log Command line argument: -Djava.util.logging.config.file=C:\Users\lucas queroz\Documents\NetBeansProjects\ARGUS ACAD\lib\apache-tomcat-8.0.53\conf\logging.properties
05-Oct-2019 22:04:24.628 INFORMAÇÕES [main] org.apache.catalina.startup.VersionLoggerListener.log Command line argument: -Djava.util.logging.manager=org.apache.juli.ClassLoaderLogManager
05-Oct-2019 22:04:24.628 INFORMAÇÕES [main] org.apache.catalina.startup.VersionLoggerListener.log Command line argument: -Djdk.tls.ephemeralDHKeySize=2048
05-Oct-2019 22:04:24.628 INFORMAÇÕES [main] org.apache.catalina.startup.VersionLoggerListener.log Command line argument: -Djava.protocol.handler.pkgs=org.apache.catalina.webresources
05-Oct-2019 22:04:24.628 INFORMAÇÕES [main] org.apache.catalina.startup.VersionLoggerListener.log Command line argument: -Dignore.endorsed.dirs=
05-Oct-2019 22:04:24.628 INFORMAÇÕES [main] org.apache.catalina.startup.VersionLoggerListener.log Command line argument: -Dcatalina.base=C:\Users\lucas queroz\Documents\NetBeansProjects\ARGUS ACAD\lib\apache-tomcat-8.0.53
05-Oct-2019 22:04:24.632 INFORMAÇÕES [main] org.apache.catalina.startup.VersionLoggerListener.log Command line argument: -Dcatalina.home=C:\Users\lucas queroz\Documents\NetBeansProjects\ARGUS ACAD\lib\apache-tomcat-8.0.53
05-Oct-2019 22:04:24.632 INFORMAÇÕES [main] org.apache.catalina.startup.VersionLoggerListener.log Command line argument: -Djava.io.tmpdir=C:\Users\lucas queroz\Documents\NetBeansProjects\ARGUS ACAD\lib\apache-tomcat-8.0.53\temp
05-Oct-2019 22:04:24.632 INFORMAÇÕES [main] org.apache.catalina.core.AprLifecycleListener.lifecycleEvent Loaded APR based Apache Tomcat Native library 1.2.17 using APR version 1.6.3.
05-Oct-2019 22:04:24.632 INFORMAÇÕES [main] org.apache.catalina.core.AprLifecycleListener.lifecycleEvent APR capabilities: IPv6 [true], sendfile [true], accept filters [false], random [true].
05-Oct-2019 22:04:26.277 INFORMAÇÕES [main] org.apache.catalina.core.AprLifecycleListener.initializeSSL OpenSSL successfully initialized (OpenSSL 1.0.2o  27 Mar 2018)
05-Oct-2019 22:04:29.141 INFORMAÇÕES [main] org.apache.coyote.AbstractProtocol.init Initializing ProtocolHandler ["http-apr-8080"]
05-Oct-2019 22:04:29.266 INFORMAÇÕES [main] org.apache.coyote.AbstractProtocol.init Initializing ProtocolHandler ["ajp-apr-8009"]
05-Oct-2019 22:04:29.313 INFORMAÇÕES [main] org.apache.catalina.startup.Catalina.load Initialization processed in 6927 ms
05-Oct-2019 22:04:29.676 INFORMAÇÕES [main] org.apache.catalina.core.StandardService.startInternal Starting service Catalina
05-Oct-2019 22:04:29.676 INFORMAÇÕES [main] org.apache.catalina.core.StandardEngine.startInternal Starting Servlet Engine: Apache Tomcat/8.0.53
05-Oct-2019 22:04:29.931 INFORMAÇÕES [localhost-startStop-1] org.apache.catalina.startup.HostConfig.deployDescriptor Deploying configuration descriptor C:\Users\lucas queroz\Documents\NetBeansProjects\ARGUS ACAD\lib\apache-tomcat-8.0.53\conf\Catalina\localhost\ARGUS_PBD.xml
05-Oct-2019 22:04:30.626 ADVERTÊNCIA [localhost-startStop-1] org.apache.catalina.startup.SetContextPropertiesRule.begin [SetContextPropertiesRule]{Context} Setting property 'antiJARLocking' to 'true' did not find a matching property.
05-Oct-2019 22:04:31.179 GRAVE [localhost-startStop-1] org.apache.catalina.core.ContainerBase.addChildInternal ContainerBase.addChild: start: 
 org.apache.catalina.LifecycleException: Failed to start component [StandardEngine[Catalina].StandardHost[localhost].StandardContext[/ARGUS_PBD]]
	at org.apache.catalina.util.LifecycleBase.start(LifecycleBase.java:162)
	at org.apache.catalina.core.ContainerBase.addChildInternal(ContainerBase.java:755)
	at org.apache.catalina.core.ContainerBase.addChild(ContainerBase.java:731)
	at org.apache.catalina.core.StandardHost.addChild(StandardHost.java:717)
	at org.apache.catalina.startup.HostConfig.deployDescriptor(HostConfig.java:620)
	at org.apache.catalina.startup.HostConfig$DeployDescriptor.run(HostConfig.java:1832)
	at java.util.concurrent.Executors$RunnableAdapter.call(Executors.java:511)
	at java.util.concurrent.FutureTask.run(FutureTask.java:266)
	at java.util.concurrent.ThreadPoolExecutor.runWorker(ThreadPoolExecutor.java:1142)
	at java.util.concurrent.ThreadPoolExecutor$Worker.run(ThreadPoolExecutor.java:617)
	at java.lang.Thread.run(Thread.java:745)
Caused by: org.apache.catalina.LifecycleException: Failed to start component [org.apache.catalina.webresources.StandardRoot@36fe84e3]
	at org.apache.catalina.util.LifecycleBase.start(LifecycleBase.java:162)
	at org.apache.catalina.core.StandardContext.resourcesStart(StandardContext.java:5016)
	at org.apache.catalina.core.StandardContext.startInternal(StandardContext.java:5149)
	at org.apache.catalina.util.LifecycleBase.start(LifecycleBase.java:145)
	... 10 more
Caused by: java.lang.IllegalArgumentException: The main resource set specified [C:\Users\lucas queroz\Documents\NetBeansProjects\ARGUS PBD\build\web] is not valid
	at org.apache.catalina.webresources.StandardRoot.createMainResourceSet(StandardRoot.java:746)
	at org.apache.catalina.webresources.StandardRoot.startInternal(StandardRoot.java:704)
	at org.apache.catalina.util.LifecycleBase.start(LifecycleBase.java:145)
	... 13 more

05-Oct-2019 22:04:31.239 GRAVE [localhost-startStop-1] org.apache.catalina.startup.HostConfig.deployDescriptor Error deploying configuration descriptor C:\Users\lucas queroz\Documents\NetBeansProjects\ARGUS ACAD\lib\apache-tomcat-8.0.53\conf\Catalina\localhost\ARGUS_PBD.xml
 java.lang.IllegalStateException: ContainerBase.addChild: start: org.apache.catalina.LifecycleException: Failed to start component [StandardEngine[Catalina].StandardHost[localhost].StandardContext[/ARGUS_PBD]]
	at org.apache.catalina.core.ContainerBase.addChildInternal(ContainerBase.java:759)
	at org.apache.catalina.core.ContainerBase.addChild(ContainerBase.java:731)
	at org.apache.catalina.core.StandardHost.addChild(StandardHost.java:717)
	at org.apache.catalina.startup.HostConfig.deployDescriptor(HostConfig.java:620)
	at org.apache.catalina.startup.HostConfig$DeployDescriptor.run(HostConfig.java:1832)
	at java.util.concurrent.Executors$RunnableAdapter.call(Executors.java:511)
	at java.util.concurrent.FutureTask.run(FutureTask.java:266)
	at java.util.concurrent.ThreadPoolExecutor.runWorker(ThreadPoolExecutor.java:1142)
	at java.util.concurrent.ThreadPoolExecutor$Worker.run(ThreadPoolExecutor.java:617)
	at java.lang.Thread.run(Thread.java:745)

05-Oct-2019 22:04:31.270 INFORMAÇÕES [localhost-startStop-1] org.apache.catalina.startup.HostConfig.deployDescriptor Deployment of configuration descriptor C:\Users\lucas queroz\Documents\NetBeansProjects\ARGUS ACAD\lib\apache-tomcat-8.0.53\conf\Catalina\localhost\ARGUS_PBD.xml has finished in 1,308 ms
05-Oct-2019 22:04:31.270 INFORMAÇÕES [localhost-startStop-1] org.apache.catalina.startup.HostConfig.deployDescriptor Deploying configuration descriptor C:\Users\lucas queroz\Documents\NetBeansProjects\ARGUS ACAD\lib\apache-tomcat-8.0.53\conf\Catalina\localhost\PDelfos.xml
05-Oct-2019 22:04:31.301 GRAVE [localhost-startStop-1] org.apache.catalina.core.ContainerBase.addChildInternal ContainerBase.addChild: start: 
 org.apache.catalina.LifecycleException: Failed to start component [StandardEngine[Catalina].StandardHost[localhost].StandardContext[/PDelfos]]
	at org.apache.catalina.util.LifecycleBase.start(LifecycleBase.java:162)
	at org.apache.catalina.core.ContainerBase.addChildInternal(ContainerBase.java:755)
	at org.apache.catalina.core.ContainerBase.addChild(ContainerBase.java:731)
	at org.apache.catalina.core.StandardHost.addChild(StandardHost.java:717)
	at org.apache.catalina.startup.HostConfig.deployDescriptor(HostConfig.java:620)
	at org.apache.catalina.startup.HostConfig$DeployDescriptor.run(HostConfig.java:1832)
	at java.util.concurrent.Executors$RunnableAdapter.call(Executors.java:511)
	at java.util.concurrent.FutureTask.run(FutureTask.java:266)
	at java.util.concurrent.ThreadPoolExecutor.runWorker(ThreadPoolExecutor.java:1142)
	at java.util.concurrent.ThreadPoolExecutor$Worker.run(ThreadPoolExecutor.java:617)
	at java.lang.Thread.run(Thread.java:745)
Caused by: org.apache.catalina.LifecycleException: Failed to start component [org.apache.catalina.webresources.StandardRoot@34ec28da]
	at org.apache.catalina.util.LifecycleBase.start(LifecycleBase.java:162)
	at org.apache.catalina.core.StandardContext.resourcesStart(StandardContext.java:5016)
	at org.apache.catalina.core.StandardContext.startInternal(StandardContext.java:5149)
	at org.apache.catalina.util.LifecycleBase.start(LifecycleBase.java:145)
	... 10 more
Caused by: java.lang.IllegalArgumentException: The main resource set specified [C:\Users\eltho\Documents\PDelfos\build\web] is not valid
	at org.apache.catalina.webresources.StandardRoot.createMainResourceSet(StandardRoot.java:746)
	at org.apache.catalina.webresources.StandardRoot.startInternal(StandardRoot.java:704)
	at org.apache.catalina.util.LifecycleBase.start(LifecycleBase.java:145)
	... 13 more

05-Oct-2019 22:04:31.317 GRAVE [localhost-startStop-1] org.apache.catalina.startup.HostConfig.deployDescriptor Error deploying configuration descriptor C:\Users\lucas queroz\Documents\NetBeansProjects\ARGUS ACAD\lib\apache-tomcat-8.0.53\conf\Catalina\localhost\PDelfos.xml
 java.lang.IllegalStateException: ContainerBase.addChild: start: org.apache.catalina.LifecycleException: Failed to start component [StandardEngine[Catalina].StandardHost[localhost].StandardContext[/PDelfos]]
	at org.apache.catalina.core.ContainerBase.addChildInternal(ContainerBase.java:759)
	at org.apache.catalina.core.ContainerBase.addChild(ContainerBase.java:731)
	at org.apache.catalina.core.StandardHost.addChild(StandardHost.java:717)
	at org.apache.catalina.startup.HostConfig.deployDescriptor(HostConfig.java:620)
	at org.apache.catalina.startup.HostConfig$DeployDescriptor.run(HostConfig.java:1832)
	at java.util.concurrent.Executors$RunnableAdapter.call(Executors.java:511)
	at java.util.concurrent.FutureTask.run(FutureTask.java:266)
	at java.util.concurrent.ThreadPoolExecutor.runWorker(ThreadPoolExecutor.java:1142)
	at java.util.concurrent.ThreadPoolExecutor$Worker.run(ThreadPoolExecutor.java:617)
	at java.lang.Thread.run(Thread.java:745)

05-Oct-2019 22:04:31.317 INFORMAÇÕES [localhost-startStop-1] org.apache.catalina.startup.HostConfig.deployDescriptor Deployment of configuration descriptor C:\Users\lucas queroz\Documents\NetBeansProjects\ARGUS ACAD\lib\apache-tomcat-8.0.53\conf\Catalina\localhost\PDelfos.xml has finished in 47 ms
05-Oct-2019 22:04:31.317 INFORMAÇÕES [localhost-startStop-1] org.apache.catalina.startup.HostConfig.deployDescriptor Deploying configuration descriptor C:\Users\lucas queroz\Documents\NetBeansProjects\ARGUS ACAD\lib\apache-tomcat-8.0.53\conf\Catalina\localhost\ROOT.xml
05-Oct-2019 22:04:31.364 ADVERTÊNCIA [localhost-startStop-1] org.apache.catalina.startup.SetContextPropertiesRule.begin [SetContextPropertiesRule]{Context} Setting property 'antiJARLocking' to 'true' did not find a matching property.
05-Oct-2019 22:05:14.312 ADVERTÊNCIA [localhost-startStop-1] org.apache.tomcat.dbcp.dbcp2.BasicDataSourceFactory.getObjectInstance Name = teste Property maxActive is not used in DBCP2, use maxTotal instead. maxTotal default value is 8. You have set value of "20" for "maxActive" property, which is being ignored.
05-Oct-2019 22:05:14.312 ADVERTÊNCIA [localhost-startStop-1] org.apache.tomcat.dbcp.dbcp2.BasicDataSourceFactory.getObjectInstance Name = teste Property maxWait is not used in DBCP2 , use maxWaitMillis instead. maxWaitMillis default value is -1. You have set value of "-1" for "maxWait" property, which is being ignored.
05-Oct-2019 22:05:15.144 INFORMAÇÕES [localhost-startStop-1] org.apache.jasper.servlet.TldScanner.scanJars At least one JAR was scanned for TLDs yet contained no TLDs. Enable debug logging for this logger for a complete list of JARs that were scanned but no TLDs were found in them. Skipping unneeded JARs during scanning can improve startup time and JSP compilation time.
05-Oct-2019 22:05:17.135 INFORMAÇÕES [localhost-startStop-1] com.sun.faces.config.ConfigureListener.contextInitialized Inicializando Mojarra 2.2.5 ( 20140108-1427 https://svn.java.net/svn/mojarra~svn/tags/2.2.5@12761) para o contexto ''
05-Oct-2019 22:05:18.739 INFORMAÇÕES [localhost-startStop-1] com.sun.faces.spi.InjectionProviderFactory.createInstance JSF1048: Anotações PostConstruct/PreDestroy presentes.  Os métodos ManagedBeans marcados com essas anotações informarão as anotações processadas.
05-Oct-2019 22:05:28.911 INFORMAÇÕES [localhost-startStop-1] org.primefaces.webapp.PostConstructApplicationEventListener.processEvent Running on PrimeFaces 6.1
05-Oct-2019 22:05:28.911 INFORMAÇÕES [localhost-startStop-1] org.omnifaces.VersionLoggerEventListener.processEvent Using OmniFaces version 1.14.1
05-Oct-2019 22:05:29.803 ADVERTÊNCIA [localhost-startStop-1] org.apache.catalina.util.SessionIdGeneratorBase.createSecureRandom Creation of SecureRandom instance for session ID generation using [SHA1PRNG] took [884] milliseconds.
05-Oct-2019 22:05:30.011 INFORMAÇÕES [localhost-startStop-1] org.apache.catalina.startup.HostConfig.deployDescriptor Deployment of configuration descriptor C:\Users\lucas queroz\Documents\NetBeansProjects\ARGUS ACAD\lib\apache-tomcat-8.0.53\conf\Catalina\localhost\ROOT.xml has finished in 58,694 ms
05-Oct-2019 22:05:30.023 INFORMAÇÕES [localhost-startStop-1] org.apache.catalina.startup.HostConfig.deployDirectory Deploying web application directory C:\Users\lucas queroz\Documents\NetBeansProjects\ARGUS ACAD\lib\apache-tomcat-8.0.53\webapps\docs
05-Oct-2019 22:05:30.207 INFORMAÇÕES [localhost-startStop-1] org.apache.catalina.startup.HostConfig.deployDirectory Deployment of web application directory C:\Users\lucas queroz\Documents\NetBeansProjects\ARGUS ACAD\lib\apache-tomcat-8.0.53\webapps\docs has finished in 184 ms
05-Oct-2019 22:05:30.207 INFORMAÇÕES [localhost-startStop-1] org.apache.catalina.startup.HostConfig.deployDirectory Deploying web application directory C:\Users\lucas queroz\Documents\NetBeansProjects\ARGUS ACAD\lib\apache-tomcat-8.0.53\webapps\examples
05-Oct-2019 22:05:41.101 INFORMAÇÕES [localhost-startStop-1] org.apache.catalina.startup.HostConfig.deployDirectory Deployment of web application directory C:\Users\lucas queroz\Documents\NetBeansProjects\ARGUS ACAD\lib\apache-tomcat-8.0.53\webapps\examples has finished in 10,894 ms
05-Oct-2019 22:05:41.101 INFORMAÇÕES [localhost-startStop-1] org.apache.catalina.startup.HostConfig.deployDirectory Deploying web application directory C:\Users\lucas queroz\Documents\NetBeansProjects\ARGUS ACAD\lib\apache-tomcat-8.0.53\webapps\host-manager
05-Oct-2019 22:05:42.353 INFORMAÇÕES [localhost-startStop-1] org.apache.catalina.startup.HostConfig.deployDirectory Deployment of web application directory C:\Users\lucas queroz\Documents\NetBeansProjects\ARGUS ACAD\lib\apache-tomcat-8.0.53\webapps\host-manager has finished in 1,252 ms
05-Oct-2019 22:05:42.353 INFORMAÇÕES [localhost-startStop-1] org.apache.catalina.startup.HostConfig.deployDirectory Deploying web application directory C:\Users\lucas queroz\Documents\NetBeansProjects\ARGUS ACAD\lib\apache-tomcat-8.0.53\webapps\manager
05-Oct-2019 22:05:42.833 INFORMAÇÕES [localhost-startStop-1] org.apache.catalina.startup.HostConfig.deployDirectory Deployment of web application directory C:\Users\lucas queroz\Documents\NetBeansProjects\ARGUS ACAD\lib\apache-tomcat-8.0.53\webapps\manager has finished in 480 ms
05-Oct-2019 22:05:42.877 INFORMAÇÕES [main] org.apache.coyote.AbstractProtocol.start Starting ProtocolHandler ["http-apr-8080"]
05-Oct-2019 22:05:43.297 INFORMAÇÕES [main] org.apache.coyote.AbstractProtocol.start Starting ProtocolHandler ["ajp-apr-8009"]
05-Oct-2019 22:05:43.413 INFORMAÇÕES [main] org.apache.catalina.startup.Catalina.start Server startup in 74095 ms
05-Oct-2019 22:42:55.587 INFORMAÇÕES [http-apr-8080-exec-17] org.apache.catalina.core.StandardContext.reload Reloading Context with name [] has started
05-Oct-2019 22:43:34.138 INFORMAÇÕES [http-apr-8080-exec-17] org.apache.jasper.servlet.TldScanner.scanJars At least one JAR was scanned for TLDs yet contained no TLDs. Enable debug logging for this logger for a complete list of JARs that were scanned but no TLDs were found in them. Skipping unneeded JARs during scanning can improve startup time and JSP compilation time.
05-Oct-2019 22:43:35.987 INFORMAÇÕES [http-apr-8080-exec-17] com.sun.faces.config.ConfigureListener.contextInitialized Inicializando Mojarra 2.2.5 ( 20140108-1427 https://svn.java.net/svn/mojarra~svn/tags/2.2.5@12761) para o contexto ''
05-Oct-2019 22:43:39.917 INFORMAÇÕES [http-apr-8080-exec-17] com.sun.faces.spi.InjectionProviderFactory.createInstance JSF1048: Anotações PostConstruct/PreDestroy presentes.  Os métodos ManagedBeans marcados com essas anotações informarão as anotações processadas.
05-Oct-2019 22:43:48.585 INFORMAÇÕES [http-apr-8080-exec-17] org.primefaces.webapp.PostConstructApplicationEventListener.processEvent Running on PrimeFaces 6.1
05-Oct-2019 22:43:48.588 INFORMAÇÕES [http-apr-8080-exec-17] org.omnifaces.VersionLoggerEventListener.processEvent Using OmniFaces version 1.14.1
05-Oct-2019 22:43:48.619 INFORMAÇÕES [http-apr-8080-exec-17] org.apache.catalina.core.StandardContext.reload Reloading Context with name [] is completed
05-Oct-2019 22:49:06.822 INFORMAÇÕES [http-apr-8080-exec-9] org.apache.catalina.core.StandardContext.reload Reloading Context with name [] has started
05-Oct-2019 22:49:20.718 INFORMAÇÕES [http-apr-8080-exec-9] org.apache.jasper.servlet.TldScanner.scanJars At least one JAR was scanned for TLDs yet contained no TLDs. Enable debug logging for this logger for a complete list of JARs that were scanned but no TLDs were found in them. Skipping unneeded JARs during scanning can improve startup time and JSP compilation time.
05-Oct-2019 22:49:21.593 INFORMAÇÕES [http-apr-8080-exec-9] com.sun.faces.config.ConfigureListener.contextInitialized Inicializando Mojarra 2.2.5 ( 20140108-1427 https://svn.java.net/svn/mojarra~svn/tags/2.2.5@12761) para o contexto ''
05-Oct-2019 22:49:22.212 INFORMAÇÕES [http-apr-8080-exec-9] com.sun.faces.spi.InjectionProviderFactory.createInstance JSF1048: Anotações PostConstruct/PreDestroy presentes.  Os métodos ManagedBeans marcados com essas anotações informarão as anotações processadas.
05-Oct-2019 22:49:27.494 INFORMAÇÕES [http-apr-8080-exec-9] org.primefaces.webapp.PostConstructApplicationEventListener.processEvent Running on PrimeFaces 6.1
05-Oct-2019 22:49:27.494 INFORMAÇÕES [http-apr-8080-exec-9] org.omnifaces.VersionLoggerEventListener.processEvent Using OmniFaces version 1.14.1
05-Oct-2019 22:49:27.510 INFORMAÇÕES [http-apr-8080-exec-9] org.apache.catalina.core.StandardContext.reload Reloading Context with name [] is completed
05-Oct-2019 22:53:28.179 INFORMAÇÕES [http-apr-8080-exec-23] org.apache.catalina.core.StandardContext.reload Reloading Context with name [] has started
05-Oct-2019 22:53:39.249 INFORMAÇÕES [http-apr-8080-exec-23] org.apache.jasper.servlet.TldScanner.scanJars At least one JAR was scanned for TLDs yet contained no TLDs. Enable debug logging for this logger for a complete list of JARs that were scanned but no TLDs were found in them. Skipping unneeded JARs during scanning can improve startup time and JSP compilation time.
05-Oct-2019 22:53:39.952 INFORMAÇÕES [http-apr-8080-exec-23] com.sun.faces.config.ConfigureListener.contextInitialized Inicializando Mojarra 2.2.5 ( 20140108-1427 https://svn.java.net/svn/mojarra~svn/tags/2.2.5@12761) para o contexto ''
05-Oct-2019 22:53:40.639 INFORMAÇÕES [http-apr-8080-exec-23] com.sun.faces.spi.InjectionProviderFactory.createInstance JSF1048: Anotações PostConstruct/PreDestroy presentes.  Os métodos ManagedBeans marcados com essas anotações informarão as anotações processadas.
05-Oct-2019 22:53:48.505 INFORMAÇÕES [http-apr-8080-exec-23] org.primefaces.webapp.PostConstructApplicationEventListener.processEvent Running on PrimeFaces 6.1
05-Oct-2019 22:53:48.505 INFORMAÇÕES [http-apr-8080-exec-23] org.omnifaces.VersionLoggerEventListener.processEvent Using OmniFaces version 1.14.1
05-Oct-2019 22:53:48.517 INFORMAÇÕES [http-apr-8080-exec-23] org.apache.catalina.core.StandardContext.reload Reloading Context with name [] is completed
05-Oct-2019 22:54:37.664 INFORMAÇÕES [main] org.apache.catalina.core.StandardServer.await A valid shutdown command was received via the shutdown port. Stopping the Server instance.
05-Oct-2019 22:54:37.664 INFORMAÇÕES [main] org.apache.coyote.AbstractProtocol.pause Pausing ProtocolHandler ["http-apr-8080"]
05-Oct-2019 22:54:37.789 INFORMAÇÕES [main] org.apache.coyote.AbstractProtocol.pause Pausing ProtocolHandler ["ajp-apr-8009"]
05-Oct-2019 22:54:37.929 INFORMAÇÕES [main] org.apache.catalina.core.StandardService.stopInternal Stopping service Catalina
05-Oct-2019 22:54:38.132 INFORMAÇÕES [main] org.apache.coyote.AbstractProtocol.stop Stopping ProtocolHandler ["http-apr-8080"]
05-Oct-2019 22:54:38.226 INFORMAÇÕES [main] org.apache.coyote.AbstractProtocol.stop Stopping ProtocolHandler ["ajp-apr-8009"]
05-Oct-2019 22:54:38.289 INFORMAÇÕES [main] org.apache.coyote.AbstractProtocol.destroy Destroying ProtocolHandler ["http-apr-8080"]
05-Oct-2019 22:54:38.289 INFORMAÇÕES [main] org.apache.coyote.AbstractProtocol.destroy Destroying ProtocolHandler ["ajp-apr-8009"]
