23-Oct-2019 14:26:27.027 INFORMAÇÕES [main] org.apache.catalina.startup.VersionLoggerListener.log Server version:        Apache Tomcat/8.0.53
23-Oct-2019 14:26:27.074 INFORMAÇÕES [main] org.apache.catalina.startup.VersionLoggerListener.log Server built:          Jun 29 2018 14:42:45 UTC
23-Oct-2019 14:26:27.074 INFORMAÇÕES [main] org.apache.catalina.startup.VersionLoggerListener.log Server number:         8.0.53.0
23-Oct-2019 14:26:27.074 INFORMAÇÕES [main] org.apache.catalina.startup.VersionLoggerListener.log OS Name:               Windows 10
23-Oct-2019 14:26:27.074 INFORMAÇÕES [main] org.apache.catalina.startup.VersionLoggerListener.log OS Version:            10.0
23-Oct-2019 14:26:27.074 INFORMAÇÕES [main] org.apache.catalina.startup.VersionLoggerListener.log Architecture:          amd64
23-Oct-2019 14:26:27.074 INFORMAÇÕES [main] org.apache.catalina.startup.VersionLoggerListener.log Java Home:             C:\Program Files\Java\jdk1.8.0_101\jre
23-Oct-2019 14:26:27.074 INFORMAÇÕES [main] org.apache.catalina.startup.VersionLoggerListener.log JVM Version:           1.8.0_101-b13
23-Oct-2019 14:26:27.074 INFORMAÇÕES [main] org.apache.catalina.startup.VersionLoggerListener.log JVM Vendor:            Oracle Corporation
23-Oct-2019 14:26:27.074 INFORMAÇÕES [main] org.apache.catalina.startup.VersionLoggerListener.log CATALINA_BASE:         C:\Users\lucas queroz\Documents\NetBeansProjects\ARGUS ACAD\lib\apache-tomcat-8.0.53
23-Oct-2019 14:26:27.074 INFORMAÇÕES [main] org.apache.catalina.startup.VersionLoggerListener.log CATALINA_HOME:         C:\Users\lucas queroz\Documents\NetBeansProjects\ARGUS ACAD\lib\apache-tomcat-8.0.53
23-Oct-2019 14:26:27.074 INFORMAÇÕES [main] org.apache.catalina.startup.VersionLoggerListener.log Command line argument: -Djava.util.logging.config.file=C:\Users\lucas queroz\Documents\NetBeansProjects\ARGUS ACAD\lib\apache-tomcat-8.0.53\conf\logging.properties
23-Oct-2019 14:26:27.074 INFORMAÇÕES [main] org.apache.catalina.startup.VersionLoggerListener.log Command line argument: -Djava.util.logging.manager=org.apache.juli.ClassLoaderLogManager
23-Oct-2019 14:26:27.074 INFORMAÇÕES [main] org.apache.catalina.startup.VersionLoggerListener.log Command line argument: -Djdk.tls.ephemeralDHKeySize=2048
23-Oct-2019 14:26:27.074 INFORMAÇÕES [main] org.apache.catalina.startup.VersionLoggerListener.log Command line argument: -Djava.protocol.handler.pkgs=org.apache.catalina.webresources
23-Oct-2019 14:26:27.074 INFORMAÇÕES [main] org.apache.catalina.startup.VersionLoggerListener.log Command line argument: -Dignore.endorsed.dirs=
23-Oct-2019 14:26:27.074 INFORMAÇÕES [main] org.apache.catalina.startup.VersionLoggerListener.log Command line argument: -Dcatalina.base=C:\Users\lucas queroz\Documents\NetBeansProjects\ARGUS ACAD\lib\apache-tomcat-8.0.53
23-Oct-2019 14:26:27.074 INFORMAÇÕES [main] org.apache.catalina.startup.VersionLoggerListener.log Command line argument: -Dcatalina.home=C:\Users\lucas queroz\Documents\NetBeansProjects\ARGUS ACAD\lib\apache-tomcat-8.0.53
23-Oct-2019 14:26:27.074 INFORMAÇÕES [main] org.apache.catalina.startup.VersionLoggerListener.log Command line argument: -Djava.io.tmpdir=C:\Users\lucas queroz\Documents\NetBeansProjects\ARGUS ACAD\lib\apache-tomcat-8.0.53\temp
23-Oct-2019 14:26:27.074 INFORMAÇÕES [main] org.apache.catalina.core.AprLifecycleListener.lifecycleEvent Loaded APR based Apache Tomcat Native library 1.2.17 using APR version 1.6.3.
23-Oct-2019 14:26:27.074 INFORMAÇÕES [main] org.apache.catalina.core.AprLifecycleListener.lifecycleEvent APR capabilities: IPv6 [true], sendfile [true], accept filters [false], random [true].
23-Oct-2019 14:26:28.496 INFORMAÇÕES [main] org.apache.catalina.core.AprLifecycleListener.initializeSSL OpenSSL successfully initialized (OpenSSL 1.0.2o  27 Mar 2018)
23-Oct-2019 14:26:29.480 INFORMAÇÕES [main] org.apache.coyote.AbstractProtocol.init Initializing ProtocolHandler ["http-apr-8080"]
23-Oct-2019 14:26:29.511 INFORMAÇÕES [main] org.apache.coyote.AbstractProtocol.init Initializing ProtocolHandler ["ajp-apr-8009"]
23-Oct-2019 14:26:29.527 INFORMAÇÕES [main] org.apache.catalina.startup.Catalina.load Initialization processed in 5358 ms
23-Oct-2019 14:26:29.746 INFORMAÇÕES [main] org.apache.catalina.core.StandardService.startInternal Starting service Catalina
23-Oct-2019 14:26:29.746 INFORMAÇÕES [main] org.apache.catalina.core.StandardEngine.startInternal Starting Servlet Engine: Apache Tomcat/8.0.53
23-Oct-2019 14:26:29.902 INFORMAÇÕES [localhost-startStop-1] org.apache.catalina.startup.HostConfig.deployDescriptor Deploying configuration descriptor C:\Users\lucas queroz\Documents\NetBeansProjects\ARGUS ACAD\lib\apache-tomcat-8.0.53\conf\Catalina\localhost\ARGUS_PBD.xml
23-Oct-2019 14:26:30.136 ADVERTÊNCIA [localhost-startStop-1] org.apache.catalina.startup.SetContextPropertiesRule.begin [SetContextPropertiesRule]{Context} Setting property 'antiJARLocking' to 'true' did not find a matching property.
23-Oct-2019 14:26:30.292 GRAVE [localhost-startStop-1] org.apache.catalina.core.ContainerBase.addChildInternal ContainerBase.addChild: start: 
 org.apache.catalina.LifecycleException: Failed to start component [StandardEngine[Catalina].StandardHost[localhost].StandardContext[/ARGUS_PBD]]
	at org.apache.catalina.util.LifecycleBase.start(LifecycleBase.java:162)
	at org.apache.catalina.core.ContainerBase.addChildInternal(ContainerBase.java:755)
	at org.apache.catalina.core.ContainerBase.addChild(ContainerBase.java:731)
	at org.apache.catalina.core.StandardHost.addChild(StandardHost.java:717)
	at org.apache.catalina.startup.HostConfig.deployDescriptor(HostConfig.java:620)
	at org.apache.catalina.startup.HostConfig$DeployDescriptor.run(HostConfig.java:1832)
	at java.util.concurrent.Executors$RunnableAdapter.call(Executors.java:511)
	at java.util.concurrent.FutureTask.run(FutureTask.java:266)
	at java.util.concurrent.ThreadPoolExecutor.runWorker(ThreadPoolExecutor.java:1142)
	at java.util.concurrent.ThreadPoolExecutor$Worker.run(ThreadPoolExecutor.java:617)
	at java.lang.Thread.run(Thread.java:745)
Caused by: org.apache.catalina.LifecycleException: Failed to start component [org.apache.catalina.webresources.StandardRoot@3cca1474]
	at org.apache.catalina.util.LifecycleBase.start(LifecycleBase.java:162)
	at org.apache.catalina.core.StandardContext.resourcesStart(StandardContext.java:5016)
	at org.apache.catalina.core.StandardContext.startInternal(StandardContext.java:5149)
	at org.apache.catalina.util.LifecycleBase.start(LifecycleBase.java:145)
	... 10 more
Caused by: java.lang.IllegalArgumentException: The main resource set specified [C:\Users\lucas queroz\Documents\NetBeansProjects\ARGUS PBD\build\web] is not valid
	at org.apache.catalina.webresources.StandardRoot.createMainResourceSet(StandardRoot.java:746)
	at org.apache.catalina.webresources.StandardRoot.startInternal(StandardRoot.java:704)
	at org.apache.catalina.util.LifecycleBase.start(LifecycleBase.java:145)
	... 13 more

23-Oct-2019 14:26:30.339 GRAVE [localhost-startStop-1] org.apache.catalina.startup.HostConfig.deployDescriptor Error deploying configuration descriptor C:\Users\lucas queroz\Documents\NetBeansProjects\ARGUS ACAD\lib\apache-tomcat-8.0.53\conf\Catalina\localhost\ARGUS_PBD.xml
 java.lang.IllegalStateException: ContainerBase.addChild: start: org.apache.catalina.LifecycleException: Failed to start component [StandardEngine[Catalina].StandardHost[localhost].StandardContext[/ARGUS_PBD]]
	at org.apache.catalina.core.ContainerBase.addChildInternal(ContainerBase.java:759)
	at org.apache.catalina.core.ContainerBase.addChild(ContainerBase.java:731)
	at org.apache.catalina.core.StandardHost.addChild(StandardHost.java:717)
	at org.apache.catalina.startup.HostConfig.deployDescriptor(HostConfig.java:620)
	at org.apache.catalina.startup.HostConfig$DeployDescriptor.run(HostConfig.java:1832)
	at java.util.concurrent.Executors$RunnableAdapter.call(Executors.java:511)
	at java.util.concurrent.FutureTask.run(FutureTask.java:266)
	at java.util.concurrent.ThreadPoolExecutor.runWorker(ThreadPoolExecutor.java:1142)
	at java.util.concurrent.ThreadPoolExecutor$Worker.run(ThreadPoolExecutor.java:617)
	at java.lang.Thread.run(Thread.java:745)

23-Oct-2019 14:26:30.339 INFORMAÇÕES [localhost-startStop-1] org.apache.catalina.startup.HostConfig.deployDescriptor Deployment of configuration descriptor C:\Users\lucas queroz\Documents\NetBeansProjects\ARGUS ACAD\lib\apache-tomcat-8.0.53\conf\Catalina\localhost\ARGUS_PBD.xml has finished in 437 ms
23-Oct-2019 14:26:30.339 INFORMAÇÕES [localhost-startStop-1] org.apache.catalina.startup.HostConfig.deployDescriptor Deploying configuration descriptor C:\Users\lucas queroz\Documents\NetBeansProjects\ARGUS ACAD\lib\apache-tomcat-8.0.53\conf\Catalina\localhost\PDelfos.xml
23-Oct-2019 14:26:30.464 GRAVE [localhost-startStop-1] org.apache.catalina.core.ContainerBase.addChildInternal ContainerBase.addChild: start: 
 org.apache.catalina.LifecycleException: Failed to start component [StandardEngine[Catalina].StandardHost[localhost].StandardContext[/PDelfos]]
	at org.apache.catalina.util.LifecycleBase.start(LifecycleBase.java:162)
	at org.apache.catalina.core.ContainerBase.addChildInternal(ContainerBase.java:755)
	at org.apache.catalina.core.ContainerBase.addChild(ContainerBase.java:731)
	at org.apache.catalina.core.StandardHost.addChild(StandardHost.java:717)
	at org.apache.catalina.startup.HostConfig.deployDescriptor(HostConfig.java:620)
	at org.apache.catalina.startup.HostConfig$DeployDescriptor.run(HostConfig.java:1832)
	at java.util.concurrent.Executors$RunnableAdapter.call(Executors.java:511)
	at java.util.concurrent.FutureTask.run(FutureTask.java:266)
	at java.util.concurrent.ThreadPoolExecutor.runWorker(ThreadPoolExecutor.java:1142)
	at java.util.concurrent.ThreadPoolExecutor$Worker.run(ThreadPoolExecutor.java:617)
	at java.lang.Thread.run(Thread.java:745)
Caused by: org.apache.catalina.LifecycleException: Failed to start component [org.apache.catalina.webresources.StandardRoot@11530a82]
	at org.apache.catalina.util.LifecycleBase.start(LifecycleBase.java:162)
	at org.apache.catalina.core.StandardContext.resourcesStart(StandardContext.java:5016)
	at org.apache.catalina.core.StandardContext.startInternal(StandardContext.java:5149)
	at org.apache.catalina.util.LifecycleBase.start(LifecycleBase.java:145)
	... 10 more
Caused by: java.lang.IllegalArgumentException: The main resource set specified [C:\Users\eltho\Documents\PDelfos\build\web] is not valid
	at org.apache.catalina.webresources.StandardRoot.createMainResourceSet(StandardRoot.java:746)
	at org.apache.catalina.webresources.StandardRoot.startInternal(StandardRoot.java:704)
	at org.apache.catalina.util.LifecycleBase.start(LifecycleBase.java:145)
	... 13 more

23-Oct-2019 14:26:30.464 GRAVE [localhost-startStop-1] org.apache.catalina.startup.HostConfig.deployDescriptor Error deploying configuration descriptor C:\Users\lucas queroz\Documents\NetBeansProjects\ARGUS ACAD\lib\apache-tomcat-8.0.53\conf\Catalina\localhost\PDelfos.xml
 java.lang.IllegalStateException: ContainerBase.addChild: start: org.apache.catalina.LifecycleException: Failed to start component [StandardEngine[Catalina].StandardHost[localhost].StandardContext[/PDelfos]]
	at org.apache.catalina.core.ContainerBase.addChildInternal(ContainerBase.java:759)
	at org.apache.catalina.core.ContainerBase.addChild(ContainerBase.java:731)
	at org.apache.catalina.core.StandardHost.addChild(StandardHost.java:717)
	at org.apache.catalina.startup.HostConfig.deployDescriptor(HostConfig.java:620)
	at org.apache.catalina.startup.HostConfig$DeployDescriptor.run(HostConfig.java:1832)
	at java.util.concurrent.Executors$RunnableAdapter.call(Executors.java:511)
	at java.util.concurrent.FutureTask.run(FutureTask.java:266)
	at java.util.concurrent.ThreadPoolExecutor.runWorker(ThreadPoolExecutor.java:1142)
	at java.util.concurrent.ThreadPoolExecutor$Worker.run(ThreadPoolExecutor.java:617)
	at java.lang.Thread.run(Thread.java:745)

23-Oct-2019 14:26:30.480 INFORMAÇÕES [localhost-startStop-1] org.apache.catalina.startup.HostConfig.deployDescriptor Deployment of configuration descriptor C:\Users\lucas queroz\Documents\NetBeansProjects\ARGUS ACAD\lib\apache-tomcat-8.0.53\conf\Catalina\localhost\PDelfos.xml has finished in 141 ms
23-Oct-2019 14:26:30.480 INFORMAÇÕES [localhost-startStop-1] org.apache.catalina.startup.HostConfig.deployDescriptor Deploying configuration descriptor C:\Users\lucas queroz\Documents\NetBeansProjects\ARGUS ACAD\lib\apache-tomcat-8.0.53\conf\Catalina\localhost\ROOT.xml
23-Oct-2019 14:26:31.214 ADVERTÊNCIA [localhost-startStop-1] org.apache.catalina.startup.SetContextPropertiesRule.begin [SetContextPropertiesRule]{Context} Setting property 'antiJARLocking' to 'true' did not find a matching property.
23-Oct-2019 14:26:51.588 ADVERTÊNCIA [localhost-startStop-1] org.apache.tomcat.dbcp.dbcp2.BasicDataSourceFactory.getObjectInstance Name = teste Property maxActive is not used in DBCP2, use maxTotal instead. maxTotal default value is 8. You have set value of "20" for "maxActive" property, which is being ignored.
23-Oct-2019 14:26:51.588 ADVERTÊNCIA [localhost-startStop-1] org.apache.tomcat.dbcp.dbcp2.BasicDataSourceFactory.getObjectInstance Name = teste Property maxWait is not used in DBCP2 , use maxWaitMillis instead. maxWaitMillis default value is -1. You have set value of "-1" for "maxWait" property, which is being ignored.
23-Oct-2019 14:26:52.791 INFORMAÇÕES [localhost-startStop-1] org.apache.jasper.servlet.TldScanner.scanJars At least one JAR was scanned for TLDs yet contained no TLDs. Enable debug logging for this logger for a complete list of JARs that were scanned but no TLDs were found in them. Skipping unneeded JARs during scanning can improve startup time and JSP compilation time.
23-Oct-2019 14:26:54.728 INFORMAÇÕES [localhost-startStop-1] com.sun.faces.config.ConfigureListener.contextInitialized Inicializando Mojarra 2.2.5 ( 20140108-1427 https://svn.java.net/svn/mojarra~svn/tags/2.2.5@12761) para o contexto ''
23-Oct-2019 14:26:57.634 INFORMAÇÕES [localhost-startStop-1] com.sun.faces.spi.InjectionProviderFactory.createInstance JSF1048: Anotações PostConstruct/PreDestroy presentes.  Os métodos ManagedBeans marcados com essas anotações informarão as anotações processadas.
23-Oct-2019 14:27:14.180 INFORMAÇÕES [localhost-startStop-1] org.primefaces.webapp.PostConstructApplicationEventListener.processEvent Running on PrimeFaces 6.1
23-Oct-2019 14:27:14.180 INFORMAÇÕES [localhost-startStop-1] org.omnifaces.VersionLoggerEventListener.processEvent Using OmniFaces version 1.14.1
23-Oct-2019 14:27:14.821 ADVERTÊNCIA [localhost-startStop-1] org.apache.catalina.util.SessionIdGeneratorBase.createSecureRandom Creation of SecureRandom instance for session ID generation using [SHA1PRNG] took [641] milliseconds.
23-Oct-2019 14:27:15.539 INFORMAÇÕES [localhost-startStop-1] org.apache.catalina.startup.HostConfig.deployDescriptor Deployment of configuration descriptor C:\Users\lucas queroz\Documents\NetBeansProjects\ARGUS ACAD\lib\apache-tomcat-8.0.53\conf\Catalina\localhost\ROOT.xml has finished in 45,059 ms
23-Oct-2019 14:27:15.555 INFORMAÇÕES [localhost-startStop-1] org.apache.catalina.startup.HostConfig.deployDirectory Deploying web application directory C:\Users\lucas queroz\Documents\NetBeansProjects\ARGUS ACAD\lib\apache-tomcat-8.0.53\webapps\docs
23-Oct-2019 14:27:15.695 INFORMAÇÕES [localhost-startStop-1] org.apache.catalina.startup.HostConfig.deployDirectory Deployment of web application directory C:\Users\lucas queroz\Documents\NetBeansProjects\ARGUS ACAD\lib\apache-tomcat-8.0.53\webapps\docs has finished in 140 ms
23-Oct-2019 14:27:15.695 INFORMAÇÕES [localhost-startStop-1] org.apache.catalina.startup.HostConfig.deployDirectory Deploying web application directory C:\Users\lucas queroz\Documents\NetBeansProjects\ARGUS ACAD\lib\apache-tomcat-8.0.53\webapps\examples
23-Oct-2019 14:27:20.101 INFORMAÇÕES [localhost-startStop-1] org.apache.catalina.startup.HostConfig.deployDirectory Deployment of web application directory C:\Users\lucas queroz\Documents\NetBeansProjects\ARGUS ACAD\lib\apache-tomcat-8.0.53\webapps\examples has finished in 4,406 ms
23-Oct-2019 14:27:20.101 INFORMAÇÕES [localhost-startStop-1] org.apache.catalina.startup.HostConfig.deployDirectory Deploying web application directory C:\Users\lucas queroz\Documents\NetBeansProjects\ARGUS ACAD\lib\apache-tomcat-8.0.53\webapps\host-manager
23-Oct-2019 14:27:20.445 INFORMAÇÕES [localhost-startStop-1] org.apache.catalina.startup.HostConfig.deployDirectory Deployment of web application directory C:\Users\lucas queroz\Documents\NetBeansProjects\ARGUS ACAD\lib\apache-tomcat-8.0.53\webapps\host-manager has finished in 344 ms
23-Oct-2019 14:27:20.445 INFORMAÇÕES [localhost-startStop-1] org.apache.catalina.startup.HostConfig.deployDirectory Deploying web application directory C:\Users\lucas queroz\Documents\NetBeansProjects\ARGUS ACAD\lib\apache-tomcat-8.0.53\webapps\manager
23-Oct-2019 14:27:20.679 INFORMAÇÕES [localhost-startStop-1] org.apache.catalina.startup.HostConfig.deployDirectory Deployment of web application directory C:\Users\lucas queroz\Documents\NetBeansProjects\ARGUS ACAD\lib\apache-tomcat-8.0.53\webapps\manager has finished in 234 ms
23-Oct-2019 14:27:20.789 INFORMAÇÕES [main] org.apache.coyote.AbstractProtocol.start Starting ProtocolHandler ["http-apr-8080"]
23-Oct-2019 14:27:21.070 INFORMAÇÕES [main] org.apache.coyote.AbstractProtocol.start Starting ProtocolHandler ["ajp-apr-8009"]
23-Oct-2019 14:27:21.086 INFORMAÇÕES [main] org.apache.catalina.startup.Catalina.start Server startup in 51559 ms
23-Oct-2019 14:27:27.968 INFORMAÇÕES [http-apr-8080-exec-8] org.apache.catalina.core.StandardContext.reload Reloading Context with name [] has started
23-Oct-2019 14:27:57.170 INFORMAÇÕES [http-apr-8080-exec-8] org.apache.jasper.servlet.TldScanner.scanJars At least one JAR was scanned for TLDs yet contained no TLDs. Enable debug logging for this logger for a complete list of JARs that were scanned but no TLDs were found in them. Skipping unneeded JARs during scanning can improve startup time and JSP compilation time.
23-Oct-2019 14:27:58.201 INFORMAÇÕES [http-apr-8080-exec-8] com.sun.faces.config.ConfigureListener.contextInitialized Inicializando Mojarra 2.2.5 ( 20140108-1427 https://svn.java.net/svn/mojarra~svn/tags/2.2.5@12761) para o contexto ''
23-Oct-2019 14:27:59.954 INFORMAÇÕES [http-apr-8080-exec-8] com.sun.faces.spi.InjectionProviderFactory.createInstance JSF1048: Anotações PostConstruct/PreDestroy presentes.  Os métodos ManagedBeans marcados com essas anotações informarão as anotações processadas.
23-Oct-2019 14:28:06.824 INFORMAÇÕES [http-apr-8080-exec-8] org.primefaces.webapp.PostConstructApplicationEventListener.processEvent Running on PrimeFaces 6.1
23-Oct-2019 14:28:06.824 INFORMAÇÕES [http-apr-8080-exec-8] org.omnifaces.VersionLoggerEventListener.processEvent Using OmniFaces version 1.14.1
23-Oct-2019 14:28:06.887 INFORMAÇÕES [http-apr-8080-exec-8] org.apache.catalina.core.StandardContext.reload Reloading Context with name [] is completed
23-Oct-2019 14:28:37.985 GRAVE [http-apr-8080-exec-3] com.sun.faces.application.view.FaceletViewHandlingStrategy.handleRenderException Error Rendering View[/index.xhtml]
 java.lang.ClassCastException: com.sun.faces.facelets.compiler.UIInstructions cannot be cast to org.primefaces.model.menu.MenuElement
	at org.primefaces.component.tieredmenu.TieredMenuRenderer.encodeElements(TieredMenuRenderer.java:98)
	at org.primefaces.component.tieredmenu.TieredMenuRenderer.encodeSubmenu(TieredMenuRenderer.java:174)
	at org.primefaces.component.tieredmenu.TieredMenuRenderer.encodeElements(TieredMenuRenderer.java:131)
	at org.primefaces.component.tieredmenu.TieredMenuRenderer.encodeMenu(TieredMenuRenderer.java:79)
	at org.primefaces.component.menubar.MenubarRenderer.encodeMarkup(MenubarRenderer.java:51)
	at org.primefaces.component.menu.BaseMenuRenderer.encodeEnd(BaseMenuRenderer.java:114)
	at javax.faces.component.UIComponentBase.encodeEnd(UIComponentBase.java:919)
	at javax.faces.component.UIComponent.encodeAll(UIComponent.java:1863)
	at javax.faces.render.Renderer.encodeChildren(Renderer.java:176)
	at javax.faces.component.UIComponentBase.encodeChildren(UIComponentBase.java:889)
	at javax.faces.component.UIComponent.encodeAll(UIComponent.java:1856)
	at javax.faces.component.UIComponent.encodeAll(UIComponent.java:1859)
	at javax.faces.component.UIComponent.encodeAll(UIComponent.java:1859)
	at com.sun.faces.application.view.FaceletViewHandlingStrategy.renderView(FaceletViewHandlingStrategy.java:461)
	at com.sun.faces.application.view.MultiViewHandler.renderView(MultiViewHandler.java:133)
	at javax.faces.application.ViewHandlerWrapper.renderView(ViewHandlerWrapper.java:337)
	at com.sun.faces.lifecycle.RenderResponsePhase.execute(RenderResponsePhase.java:120)
	at com.sun.faces.lifecycle.Phase.doPhase(Phase.java:101)
	at com.sun.faces.lifecycle.LifecycleImpl.render(LifecycleImpl.java:219)
	at javax.faces.webapp.FacesServlet.service(FacesServlet.java:647)
	at org.apache.catalina.core.ApplicationFilterChain.internalDoFilter(ApplicationFilterChain.java:292)
	at org.apache.catalina.core.ApplicationFilterChain.doFilter(ApplicationFilterChain.java:207)
	at org.apache.tomcat.websocket.server.WsFilter.doFilter(WsFilter.java:52)
	at org.apache.catalina.core.ApplicationFilterChain.internalDoFilter(ApplicationFilterChain.java:240)
	at org.apache.catalina.core.ApplicationFilterChain.doFilter(ApplicationFilterChain.java:207)
	at org.apache.catalina.core.StandardWrapperValve.invoke(StandardWrapperValve.java:212)
	at org.apache.catalina.core.StandardContextValve.invoke(StandardContextValve.java:94)
	at org.apache.catalina.authenticator.AuthenticatorBase.invoke(AuthenticatorBase.java:492)
	at org.apache.catalina.core.StandardHostValve.invoke(StandardHostValve.java:141)
	at org.apache.catalina.valves.ErrorReportValve.invoke(ErrorReportValve.java:80)
	at org.apache.catalina.valves.AbstractAccessLogValve.invoke(AbstractAccessLogValve.java:620)
	at org.apache.catalina.core.StandardEngineValve.invoke(StandardEngineValve.java:88)
	at org.apache.catalina.connector.CoyoteAdapter.service(CoyoteAdapter.java:502)
	at org.apache.coyote.http11.AbstractHttp11Processor.process(AbstractHttp11Processor.java:1152)
	at org.apache.coyote.AbstractProtocol$AbstractConnectionHandler.process(AbstractProtocol.java:684)
	at org.apache.tomcat.util.net.AprEndpoint$SocketProcessor.doRun(AprEndpoint.java:2527)
	at org.apache.tomcat.util.net.AprEndpoint$SocketProcessor.run(AprEndpoint.java:2516)
	at java.util.concurrent.ThreadPoolExecutor.runWorker(ThreadPoolExecutor.java:1142)
	at java.util.concurrent.ThreadPoolExecutor$Worker.run(ThreadPoolExecutor.java:617)
	at org.apache.tomcat.util.threads.TaskThread$WrappingRunnable.run(TaskThread.java:61)
	at java.lang.Thread.run(Thread.java:745)

23-Oct-2019 14:30:04.083 WARN [http-apr-8080-exec-21] org.hibernate.ejb.HibernatePersistence.logDeprecation HHH015016: Encountered a deprecated javax.persistence.spi.PersistenceProvider [org.hibernate.ejb.HibernatePersistence]; use [org.hibernate.jpa.HibernatePersistenceProvider] instead.
23-Oct-2019 14:30:04.083 WARN [http-apr-8080-exec-21] org.hibernate.ejb.HibernatePersistence.logDeprecation HHH015016: Encountered a deprecated javax.persistence.spi.PersistenceProvider [org.hibernate.ejb.HibernatePersistence]; use [org.hibernate.jpa.HibernatePersistenceProvider] instead.
23-Oct-2019 14:30:04.083 WARN [http-apr-8080-exec-21] org.hibernate.ejb.HibernatePersistence.logDeprecation HHH015016: Encountered a deprecated javax.persistence.spi.PersistenceProvider [org.hibernate.ejb.HibernatePersistence]; use [org.hibernate.jpa.HibernatePersistenceProvider] instead.
23-Oct-2019 14:30:05.243 INFO [http-apr-8080-exec-21] org.hibernate.jpa.internal.util.LogHelper.logPersistenceUnitInformation HHH000204: Processing PersistenceUnitInfo [
	name: teste
	...]
23-Oct-2019 14:30:06.819 INFO [http-apr-8080-exec-21] org.hibernate.Version.logVersion HHH000412: Hibernate Core {4.3.1.Final}
23-Oct-2019 14:30:07.039 INFO [http-apr-8080-exec-21] org.hibernate.cfg.Environment.<clinit> HHH000206: hibernate.properties not found
23-Oct-2019 14:30:07.079 INFO [http-apr-8080-exec-21] org.hibernate.cfg.Environment.buildBytecodeProvider HHH000021: Bytecode provider name : javassist
23-Oct-2019 14:30:38.000 WARN [http-apr-8080-exec-21] org.hibernate.ejb.HibernatePersistence.logDeprecation HHH015016: Encountered a deprecated javax.persistence.spi.PersistenceProvider [org.hibernate.ejb.HibernatePersistence]; use [org.hibernate.jpa.HibernatePersistenceProvider] instead.
23-Oct-2019 14:30:38.000 WARN [http-apr-8080-exec-21] org.hibernate.ejb.HibernatePersistence.logDeprecation HHH015016: Encountered a deprecated javax.persistence.spi.PersistenceProvider [org.hibernate.ejb.HibernatePersistence]; use [org.hibernate.jpa.HibernatePersistenceProvider] instead.
23-Oct-2019 14:30:38.000 WARN [http-apr-8080-exec-21] org.hibernate.ejb.HibernatePersistence.logDeprecation HHH015016: Encountered a deprecated javax.persistence.spi.PersistenceProvider [org.hibernate.ejb.HibernatePersistence]; use [org.hibernate.jpa.HibernatePersistenceProvider] instead.
23-Oct-2019 14:30:38.048 INFO [http-apr-8080-exec-21] org.hibernate.jpa.internal.util.LogHelper.logPersistenceUnitInformation HHH000204: Processing PersistenceUnitInfo [
	name: teste
	...]
23-Oct-2019 14:35:21.551 WARN [http-apr-8080-exec-17] org.hibernate.ejb.HibernatePersistence.logDeprecation HHH015016: Encountered a deprecated javax.persistence.spi.PersistenceProvider [org.hibernate.ejb.HibernatePersistence]; use [org.hibernate.jpa.HibernatePersistenceProvider] instead.
23-Oct-2019 14:35:21.551 WARN [http-apr-8080-exec-17] org.hibernate.ejb.HibernatePersistence.logDeprecation HHH015016: Encountered a deprecated javax.persistence.spi.PersistenceProvider [org.hibernate.ejb.HibernatePersistence]; use [org.hibernate.jpa.HibernatePersistenceProvider] instead.
23-Oct-2019 14:35:21.555 WARN [http-apr-8080-exec-17] org.hibernate.ejb.HibernatePersistence.logDeprecation HHH015016: Encountered a deprecated javax.persistence.spi.PersistenceProvider [org.hibernate.ejb.HibernatePersistence]; use [org.hibernate.jpa.HibernatePersistenceProvider] instead.
23-Oct-2019 14:35:21.647 INFO [http-apr-8080-exec-17] org.hibernate.jpa.internal.util.LogHelper.logPersistenceUnitInformation HHH000204: Processing PersistenceUnitInfo [
	name: teste
	...]
23-Oct-2019 14:36:37.229 INFORMAÇÕES [http-apr-8080-exec-18] org.apache.catalina.core.StandardContext.reload Reloading Context with name [] has started
23-Oct-2019 14:36:37.233 INFORMAÇÕES [http-apr-8080-exec-18] org.apache.catalina.core.StandardWrapper.unload Waiting for 1 instance(s) to be deallocated for Servlet [Faces Servlet]
23-Oct-2019 14:36:38.598 INFORMAÇÕES [http-apr-8080-exec-18] org.apache.catalina.core.StandardWrapper.unload Waiting for 1 instance(s) to be deallocated for Servlet [Faces Servlet]
23-Oct-2019 14:36:39.898 INFORMAÇÕES [http-apr-8080-exec-18] org.apache.catalina.core.StandardWrapper.unload Waiting for 1 instance(s) to be deallocated for Servlet [Faces Servlet]
23-Oct-2019 14:36:40.062 ADVERTÊNCIA [http-apr-8080-exec-18] org.apache.catalina.loader.WebappClassLoaderBase.clearReferencesJdbc The web application [ROOT] registered the JDBC driver [org.postgresql.Driver] but failed to unregister it when the web application was stopped. To prevent a memory leak, the JDBC Driver has been forcibly unregistered.
23-Oct-2019 14:36:40.082 GRAVE [http-apr-8080-exec-18] org.apache.catalina.loader.WebappClassLoaderBase.checkThreadLocalMapForLeaks The web application [ROOT] created a ThreadLocal with key of type [com.sun.faces.application.ApplicationAssociate$1] (value [com.sun.faces.application.ApplicationAssociate$1@7538db32]) and a value of type [com.sun.faces.application.ApplicationAssociate] (value [com.sun.faces.application.ApplicationAssociate@37979221]) but failed to remove it when the web application was stopped. Threads are going to be renewed over time to try and avoid a probable memory leak.
23-Oct-2019 14:36:40.086 GRAVE [http-apr-8080-exec-18] org.apache.catalina.loader.WebappClassLoaderBase.checkThreadLocalMapForLeaks The web application [ROOT] created a ThreadLocal with key of type [java.lang.ThreadLocal] (value [java.lang.ThreadLocal@551e725d]) and a value of type [com.sun.faces.context.FacesContextImpl] (value [com.sun.faces.context.FacesContextImpl@6d602b28]) but failed to remove it when the web application was stopped. Threads are going to be renewed over time to try and avoid a probable memory leak.
23-Oct-2019 14:36:40.090 GRAVE [http-apr-8080-exec-18] org.apache.catalina.loader.WebappClassLoaderBase.checkThreadLocalMapForLeaks The web application [ROOT] created a ThreadLocal with key of type [java.lang.ThreadLocal] (value [java.lang.ThreadLocal@5e328cfd]) and a value of type [org.primefaces.context.DefaultRequestContext] (value [org.primefaces.context.DefaultRequestContext@55bf0b80]) but failed to remove it when the web application was stopped. Threads are going to be renewed over time to try and avoid a probable memory leak.
23-Oct-2019 14:36:40.090 GRAVE [http-apr-8080-exec-18] org.apache.catalina.loader.WebappClassLoaderBase.checkThreadLocalMapForLeaks The web application [ROOT] created a ThreadLocal with key of type [javax.faces.context.FacesContext$1] (value [javax.faces.context.FacesContext$1@78280dc3]) and a value of type [com.sun.faces.context.FacesContextImpl] (value [com.sun.faces.context.FacesContextImpl@6d602b28]) but failed to remove it when the web application was stopped. Threads are going to be renewed over time to try and avoid a probable memory leak.
23-Oct-2019 14:37:02.000 INFORMAÇÕES [http-apr-8080-exec-18] org.apache.jasper.servlet.TldScanner.scanJars At least one JAR was scanned for TLDs yet contained no TLDs. Enable debug logging for this logger for a complete list of JARs that were scanned but no TLDs were found in them. Skipping unneeded JARs during scanning can improve startup time and JSP compilation time.
23-Oct-2019 14:37:02.727 INFORMAÇÕES [http-apr-8080-exec-18] com.sun.faces.config.ConfigureListener.contextInitialized Inicializando Mojarra 2.2.5 ( 20140108-1427 https://svn.java.net/svn/mojarra~svn/tags/2.2.5@12761) para o contexto ''
23-Oct-2019 14:37:03.503 INFORMAÇÕES [http-apr-8080-exec-18] com.sun.faces.spi.InjectionProviderFactory.createInstance JSF1048: Anotações PostConstruct/PreDestroy presentes.  Os métodos ManagedBeans marcados com essas anotações informarão as anotações processadas.
23-Oct-2019 14:37:09.740 INFORMAÇÕES [http-apr-8080-exec-18] org.primefaces.webapp.PostConstructApplicationEventListener.processEvent Running on PrimeFaces 6.1
23-Oct-2019 14:37:09.740 INFORMAÇÕES [http-apr-8080-exec-18] org.omnifaces.VersionLoggerEventListener.processEvent Using OmniFaces version 1.14.1
23-Oct-2019 14:37:09.796 INFORMAÇÕES [52] org.apache.catalina.core.StandardContext.reload Reloading Context with name [] is completed
23-Oct-2019 14:37:10.267 INFORMAÇÕES [http-apr-8080-exec-12] org.apache.catalina.core.StandardContext.reload Reloading Context with name [] has started
23-Oct-2019 14:37:25.460 INFORMAÇÕES [http-apr-8080-exec-12] org.apache.jasper.servlet.TldScanner.scanJars At least one JAR was scanned for TLDs yet contained no TLDs. Enable debug logging for this logger for a complete list of JARs that were scanned but no TLDs were found in them. Skipping unneeded JARs during scanning can improve startup time and JSP compilation time.
23-Oct-2019 14:37:26.423 INFORMAÇÕES [http-apr-8080-exec-12] com.sun.faces.config.ConfigureListener.contextInitialized Inicializando Mojarra 2.2.5 ( 20140108-1427 https://svn.java.net/svn/mojarra~svn/tags/2.2.5@12761) para o contexto ''
23-Oct-2019 14:37:27.299 INFORMAÇÕES [http-apr-8080-exec-12] com.sun.faces.spi.InjectionProviderFactory.createInstance JSF1048: Anotações PostConstruct/PreDestroy presentes.  Os métodos ManagedBeans marcados com essas anotações informarão as anotações processadas.
23-Oct-2019 14:37:34.481 INFORMAÇÕES [http-apr-8080-exec-12] org.primefaces.webapp.PostConstructApplicationEventListener.processEvent Running on PrimeFaces 6.1
23-Oct-2019 14:37:34.481 INFORMAÇÕES [http-apr-8080-exec-12] org.omnifaces.VersionLoggerEventListener.processEvent Using OmniFaces version 1.14.1
23-Oct-2019 14:37:34.641 INFORMAÇÕES [http-apr-8080-exec-12] org.apache.catalina.core.StandardContext.reload Reloading Context with name [] is completed
23-Oct-2019 14:38:22.362 INFORMAÇÕES [http-apr-8080-exec-28] org.apache.catalina.core.StandardContext.reload Reloading Context with name [] has started
23-Oct-2019 14:38:40.597 INFORMAÇÕES [http-apr-8080-exec-28] org.apache.jasper.servlet.TldScanner.scanJars At least one JAR was scanned for TLDs yet contained no TLDs. Enable debug logging for this logger for a complete list of JARs that were scanned but no TLDs were found in them. Skipping unneeded JARs during scanning can improve startup time and JSP compilation time.
23-Oct-2019 14:38:42.025 INFORMAÇÕES [http-apr-8080-exec-28] com.sun.faces.config.ConfigureListener.contextInitialized Inicializando Mojarra 2.2.5 ( 20140108-1427 https://svn.java.net/svn/mojarra~svn/tags/2.2.5@12761) para o contexto ''
23-Oct-2019 14:38:43.788 INFORMAÇÕES [http-apr-8080-exec-28] com.sun.faces.spi.InjectionProviderFactory.createInstance JSF1048: Anotações PostConstruct/PreDestroy presentes.  Os métodos ManagedBeans marcados com essas anotações informarão as anotações processadas.
23-Oct-2019 14:38:52.546 INFORMAÇÕES [http-apr-8080-exec-28] org.primefaces.webapp.PostConstructApplicationEventListener.processEvent Running on PrimeFaces 6.1
23-Oct-2019 14:38:52.550 INFORMAÇÕES [http-apr-8080-exec-28] org.omnifaces.VersionLoggerEventListener.processEvent Using OmniFaces version 1.14.1
23-Oct-2019 14:38:52.630 INFORMAÇÕES [http-apr-8080-exec-28] org.apache.catalina.core.StandardContext.reload Reloading Context with name [] is completed
23-Oct-2019 14:38:52.790 INFORMAÇÕES [http-apr-8080-exec-29] org.apache.catalina.core.StandardContext.reload Reloading Context with name [] has started
23-Oct-2019 14:39:10.422 INFORMAÇÕES [http-apr-8080-exec-29] org.apache.jasper.servlet.TldScanner.scanJars At least one JAR was scanned for TLDs yet contained no TLDs. Enable debug logging for this logger for a complete list of JARs that were scanned but no TLDs were found in them. Skipping unneeded JARs during scanning can improve startup time and JSP compilation time.
23-Oct-2019 14:39:11.605 INFORMAÇÕES [http-apr-8080-exec-29] com.sun.faces.config.ConfigureListener.contextInitialized Inicializando Mojarra 2.2.5 ( 20140108-1427 https://svn.java.net/svn/mojarra~svn/tags/2.2.5@12761) para o contexto ''
23-Oct-2019 14:39:12.637 INFORMAÇÕES [http-apr-8080-exec-29] com.sun.faces.spi.InjectionProviderFactory.createInstance JSF1048: Anotações PostConstruct/PreDestroy presentes.  Os métodos ManagedBeans marcados com essas anotações informarão as anotações processadas.
23-Oct-2019 14:39:21.011 INFORMAÇÕES [http-apr-8080-exec-29] org.primefaces.webapp.PostConstructApplicationEventListener.processEvent Running on PrimeFaces 6.1
23-Oct-2019 14:39:21.011 INFORMAÇÕES [http-apr-8080-exec-29] org.omnifaces.VersionLoggerEventListener.processEvent Using OmniFaces version 1.14.1
23-Oct-2019 14:39:21.555 INFORMAÇÕES [http-apr-8080-exec-29] org.apache.catalina.core.StandardContext.reload Reloading Context with name [] is completed
23-Oct-2019 14:39:28.781 INFORMAÇÕES [http-apr-8080-exec-25] org.apache.catalina.core.StandardContext.reload Reloading Context with name [] has started
23-Oct-2019 14:39:29.305 INFORMAÇÕES [http-apr-8080-exec-17] org.apache.catalina.loader.WebappClassLoaderBase.checkStateForResourceLoading Illegal access: this web application instance has been stopped already. Could not load [com.ecodeup.model.Cliente_]. The following stack trace is thrown for debugging purposes as well as to attempt to terminate the thread which caused the illegal access.
 java.lang.IllegalStateException: Illegal access: this web application instance has been stopped already. Could not load [com.ecodeup.model.Cliente_]. The following stack trace is thrown for debugging purposes as well as to attempt to terminate the thread which caused the illegal access.
	at org.apache.catalina.loader.WebappClassLoaderBase.checkStateForResourceLoading(WebappClassLoaderBase.java:1372)
	at org.apache.catalina.loader.WebappClassLoaderBase.checkStateForClassLoading(WebappClassLoaderBase.java:1360)
	at org.apache.catalina.loader.WebappClassLoaderBase.loadClass(WebappClassLoaderBase.java:1219)
	at org.apache.catalina.loader.WebappClassLoaderBase.loadClass(WebappClassLoaderBase.java:1180)
	at java.lang.Class.forName0(Native Method)
	at java.lang.Class.forName(Class.java:348)
	at org.hibernate.jpa.internal.metamodel.MetadataContext.populateStaticMetamodel(MetadataContext.java:368)
	at org.hibernate.jpa.internal.metamodel.MetadataContext.wrapUp(MetadataContext.java:233)
	at org.hibernate.jpa.internal.metamodel.MetamodelImpl.buildMetamodel(MetamodelImpl.java:96)
	at org.hibernate.jpa.internal.EntityManagerFactoryImpl.<init>(EntityManagerFactoryImpl.java:148)
	at org.hibernate.jpa.boot.internal.EntityManagerFactoryBuilderImpl$4.perform(EntityManagerFactoryBuilderImpl.java:865)
	at org.hibernate.jpa.boot.internal.EntityManagerFactoryBuilderImpl$4.perform(EntityManagerFactoryBuilderImpl.java:843)
	at org.hibernate.boot.registry.classloading.internal.ClassLoaderServiceImpl.withTccl(ClassLoaderServiceImpl.java:399)
	at org.hibernate.jpa.boot.internal.EntityManagerFactoryBuilderImpl.build(EntityManagerFactoryBuilderImpl.java:842)
	at org.hibernate.jpa.HibernatePersistenceProvider.createEntityManagerFactory(HibernatePersistenceProvider.java:73)
	at org.hibernate.ejb.HibernatePersistence.createEntityManagerFactory(HibernatePersistence.java:54)
	at javax.persistence.Persistence.createEntityManagerFactory(Persistence.java:55)
	at javax.persistence.Persistence.createEntityManagerFactory(Persistence.java:39)
	at br.com.argus.dao.Ano_LetivoDAO.gravar(Ano_LetivoDAO.java:38)
	at br.com.argus.bean.Ano_LetivoBean.gravar(Ano_LetivoBean.java:47)
	at sun.reflect.NativeMethodAccessorImpl.invoke0(Native Method)
	at sun.reflect.NativeMethodAccessorImpl.invoke(NativeMethodAccessorImpl.java:62)
	at sun.reflect.DelegatingMethodAccessorImpl.invoke(DelegatingMethodAccessorImpl.java:43)
	at java.lang.reflect.Method.invoke(Method.java:498)
	at org.apache.el.parser.AstValue.invoke(AstValue.java:247)
	at org.apache.el.MethodExpressionImpl.invoke(MethodExpressionImpl.java:267)
	at com.sun.faces.facelets.el.TagMethodExpression.invoke(TagMethodExpression.java:105)
	at javax.faces.component.MethodBindingMethodExpressionAdapter.invoke(MethodBindingMethodExpressionAdapter.java:87)
	at com.sun.faces.application.ActionListenerImpl.processAction(ActionListenerImpl.java:102)
	at javax.faces.component.UICommand.broadcast(UICommand.java:315)
	at javax.faces.component.UIViewRoot.broadcastEvents(UIViewRoot.java:790)
	at javax.faces.component.UIViewRoot.processApplication(UIViewRoot.java:1282)
	at com.sun.faces.lifecycle.InvokeApplicationPhase.execute(InvokeApplicationPhase.java:81)
	at com.sun.faces.lifecycle.Phase.doPhase(Phase.java:101)
	at com.sun.faces.lifecycle.LifecycleImpl.execute(LifecycleImpl.java:198)
	at javax.faces.webapp.FacesServlet.service(FacesServlet.java:646)
	at org.apache.catalina.core.ApplicationFilterChain.internalDoFilter(ApplicationFilterChain.java:292)
	at org.apache.catalina.core.ApplicationFilterChain.doFilter(ApplicationFilterChain.java:207)
	at org.apache.tomcat.websocket.server.WsFilter.doFilter(WsFilter.java:52)
	at org.apache.catalina.core.ApplicationFilterChain.internalDoFilter(ApplicationFilterChain.java:240)
	at org.apache.catalina.core.ApplicationFilterChain.doFilter(ApplicationFilterChain.java:207)
	at org.apache.catalina.core.StandardWrapperValve.invoke(StandardWrapperValve.java:212)
	at org.apache.catalina.core.StandardContextValve.invoke(StandardContextValve.java:94)
	at org.apache.catalina.authenticator.AuthenticatorBase.invoke(AuthenticatorBase.java:492)
	at org.apache.catalina.core.StandardHostValve.invoke(StandardHostValve.java:141)
	at org.apache.catalina.valves.ErrorReportValve.invoke(ErrorReportValve.java:80)
	at org.apache.catalina.valves.AbstractAccessLogValve.invoke(AbstractAccessLogValve.java:620)
	at org.apache.catalina.core.StandardEngineValve.invoke(StandardEngineValve.java:88)
	at org.apache.catalina.connector.CoyoteAdapter.service(CoyoteAdapter.java:502)
	at org.apache.coyote.http11.AbstractHttp11Processor.process(AbstractHttp11Processor.java:1152)
	at org.apache.coyote.AbstractProtocol$AbstractConnectionHandler.process(AbstractProtocol.java:684)
	at org.apache.tomcat.util.net.AprEndpoint$SocketProcessor.doRun(AprEndpoint.java:2527)
	at org.apache.tomcat.util.net.AprEndpoint$SocketProcessor.run(AprEndpoint.java:2516)
	at java.util.concurrent.ThreadPoolExecutor.runWorker(ThreadPoolExecutor.java:1142)
	at java.util.concurrent.ThreadPoolExecutor$Worker.run(ThreadPoolExecutor.java:617)
	at org.apache.tomcat.util.threads.TaskThread$WrappingRunnable.run(TaskThread.java:61)
	at java.lang.Thread.run(Thread.java:745)

23-Oct-2019 14:39:47.020 INFORMAÇÕES [http-apr-8080-exec-25] org.apache.jasper.servlet.TldScanner.scanJars At least one JAR was scanned for TLDs yet contained no TLDs. Enable debug logging for this logger for a complete list of JARs that were scanned but no TLDs were found in them. Skipping unneeded JARs during scanning can improve startup time and JSP compilation time.
23-Oct-2019 14:39:47.980 INFORMAÇÕES [http-apr-8080-exec-25] com.sun.faces.config.ConfigureListener.contextInitialized Inicializando Mojarra 2.2.5 ( 20140108-1427 https://svn.java.net/svn/mojarra~svn/tags/2.2.5@12761) para o contexto ''
23-Oct-2019 14:39:48.868 INFORMAÇÕES [http-apr-8080-exec-25] com.sun.faces.spi.InjectionProviderFactory.createInstance JSF1048: Anotações PostConstruct/PreDestroy presentes.  Os métodos ManagedBeans marcados com essas anotações informarão as anotações processadas.
23-Oct-2019 14:39:57.054 INFORMAÇÕES [http-apr-8080-exec-25] org.primefaces.webapp.PostConstructApplicationEventListener.processEvent Running on PrimeFaces 6.1
23-Oct-2019 14:39:57.058 INFORMAÇÕES [http-apr-8080-exec-25] org.omnifaces.VersionLoggerEventListener.processEvent Using OmniFaces version 1.14.1
23-Oct-2019 14:39:57.202 INFORMAÇÕES [http-apr-8080-exec-25] org.apache.catalina.core.StandardContext.reload Reloading Context with name [] is completed
23-Oct-2019 14:40:14.718 ADVERTÊNCIA [http-apr-8080-exec-39] com.sun.faces.context.ExternalContextImpl.getMimeType JSF1091: Nenhum tipo de mime pôde ser encontrado para o arquivo /.jsp.  Para resolver isso, adicione um mapeamento de mime-type ao web.xml do aplicativo.
23-Oct-2019 14:40:14.730 ADVERTÊNCIA [http-apr-8080-exec-39] com.sun.faces.context.ExternalContextImpl.getMimeType JSF1091: Nenhum tipo de mime pôde ser encontrado para o arquivo /.jsp.  Para resolver isso, adicione um mapeamento de mime-type ao web.xml do aplicativo.
23-Oct-2019 14:42:22.042 WARN [http-apr-8080-exec-41] org.hibernate.ejb.HibernatePersistence.logDeprecation HHH015016: Encountered a deprecated javax.persistence.spi.PersistenceProvider [org.hibernate.ejb.HibernatePersistence]; use [org.hibernate.jpa.HibernatePersistenceProvider] instead.
23-Oct-2019 14:42:22.042 WARN [http-apr-8080-exec-41] org.hibernate.ejb.HibernatePersistence.logDeprecation HHH015016: Encountered a deprecated javax.persistence.spi.PersistenceProvider [org.hibernate.ejb.HibernatePersistence]; use [org.hibernate.jpa.HibernatePersistenceProvider] instead.
23-Oct-2019 14:42:22.042 WARN [http-apr-8080-exec-41] org.hibernate.ejb.HibernatePersistence.logDeprecation HHH015016: Encountered a deprecated javax.persistence.spi.PersistenceProvider [org.hibernate.ejb.HibernatePersistence]; use [org.hibernate.jpa.HibernatePersistenceProvider] instead.
23-Oct-2019 14:42:22.410 INFO [http-apr-8080-exec-41] org.hibernate.jpa.internal.util.LogHelper.logPersistenceUnitInformation HHH000204: Processing PersistenceUnitInfo [
	name: teste
	...]
23-Oct-2019 14:42:23.630 INFO [http-apr-8080-exec-41] org.hibernate.Version.logVersion HHH000412: Hibernate Core {4.3.1.Final}
23-Oct-2019 14:42:23.650 INFO [http-apr-8080-exec-41] org.hibernate.cfg.Environment.<clinit> HHH000206: hibernate.properties not found
23-Oct-2019 14:42:23.726 INFO [http-apr-8080-exec-41] org.hibernate.cfg.Environment.buildBytecodeProvider HHH000021: Bytecode provider name : javassist
23-Oct-2019 14:42:36.553 WARN [http-apr-8080-exec-41] org.hibernate.ejb.HibernatePersistence.logDeprecation HHH015016: Encountered a deprecated javax.persistence.spi.PersistenceProvider [org.hibernate.ejb.HibernatePersistence]; use [org.hibernate.jpa.HibernatePersistenceProvider] instead.
23-Oct-2019 14:42:36.553 WARN [http-apr-8080-exec-41] org.hibernate.ejb.HibernatePersistence.logDeprecation HHH015016: Encountered a deprecated javax.persistence.spi.PersistenceProvider [org.hibernate.ejb.HibernatePersistence]; use [org.hibernate.jpa.HibernatePersistenceProvider] instead.
23-Oct-2019 14:42:36.553 WARN [http-apr-8080-exec-41] org.hibernate.ejb.HibernatePersistence.logDeprecation HHH015016: Encountered a deprecated javax.persistence.spi.PersistenceProvider [org.hibernate.ejb.HibernatePersistence]; use [org.hibernate.jpa.HibernatePersistenceProvider] instead.
23-Oct-2019 14:42:36.585 INFO [http-apr-8080-exec-41] org.hibernate.jpa.internal.util.LogHelper.logPersistenceUnitInformation HHH000204: Processing PersistenceUnitInfo [
	name: teste
	...]
23-Oct-2019 14:44:51.755 WARN [http-apr-8080-exec-36] org.hibernate.ejb.HibernatePersistence.logDeprecation HHH015016: Encountered a deprecated javax.persistence.spi.PersistenceProvider [org.hibernate.ejb.HibernatePersistence]; use [org.hibernate.jpa.HibernatePersistenceProvider] instead.
23-Oct-2019 14:44:51.759 WARN [http-apr-8080-exec-36] org.hibernate.ejb.HibernatePersistence.logDeprecation HHH015016: Encountered a deprecated javax.persistence.spi.PersistenceProvider [org.hibernate.ejb.HibernatePersistence]; use [org.hibernate.jpa.HibernatePersistenceProvider] instead.
23-Oct-2019 14:44:51.759 WARN [http-apr-8080-exec-36] org.hibernate.ejb.HibernatePersistence.logDeprecation HHH015016: Encountered a deprecated javax.persistence.spi.PersistenceProvider [org.hibernate.ejb.HibernatePersistence]; use [org.hibernate.jpa.HibernatePersistenceProvider] instead.
23-Oct-2019 14:44:51.871 INFO [http-apr-8080-exec-36] org.hibernate.jpa.internal.util.LogHelper.logPersistenceUnitInformation HHH000204: Processing PersistenceUnitInfo [
	name: teste
	...]
23-Oct-2019 14:46:48.866 INFORMAÇÕES [http-apr-8080-exec-36] org.apache.catalina.core.StandardContext.reload Reloading Context with name [] has started
23-Oct-2019 14:46:48.986 ADVERTÊNCIA [http-apr-8080-exec-36] org.apache.catalina.loader.WebappClassLoaderBase.clearReferencesJdbc The web application [ROOT] registered the JDBC driver [org.postgresql.Driver] but failed to unregister it when the web application was stopped. To prevent a memory leak, the JDBC Driver has been forcibly unregistered.
23-Oct-2019 14:47:04.686 INFORMAÇÕES [http-apr-8080-exec-36] org.apache.jasper.servlet.TldScanner.scanJars At least one JAR was scanned for TLDs yet contained no TLDs. Enable debug logging for this logger for a complete list of JARs that were scanned but no TLDs were found in them. Skipping unneeded JARs during scanning can improve startup time and JSP compilation time.
23-Oct-2019 14:47:05.490 INFORMAÇÕES [http-apr-8080-exec-36] com.sun.faces.config.ConfigureListener.contextInitialized Inicializando Mojarra 2.2.5 ( 20140108-1427 https://svn.java.net/svn/mojarra~svn/tags/2.2.5@12761) para o contexto ''
23-Oct-2019 14:47:06.350 INFORMAÇÕES [http-apr-8080-exec-36] com.sun.faces.spi.InjectionProviderFactory.createInstance JSF1048: Anotações PostConstruct/PreDestroy presentes.  Os métodos ManagedBeans marcados com essas anotações informarão as anotações processadas.
23-Oct-2019 14:47:14.196 INFORMAÇÕES [http-apr-8080-exec-36] org.primefaces.webapp.PostConstructApplicationEventListener.processEvent Running on PrimeFaces 6.1
23-Oct-2019 14:47:14.196 INFORMAÇÕES [http-apr-8080-exec-36] org.omnifaces.VersionLoggerEventListener.processEvent Using OmniFaces version 1.14.1
23-Oct-2019 14:47:14.312 INFORMAÇÕES [http-apr-8080-exec-36] org.apache.catalina.core.StandardContext.reload Reloading Context with name [] is completed
23-Oct-2019 14:47:16.795 WARN [http-apr-8080-exec-40] org.hibernate.ejb.HibernatePersistence.logDeprecation HHH015016: Encountered a deprecated javax.persistence.spi.PersistenceProvider [org.hibernate.ejb.HibernatePersistence]; use [org.hibernate.jpa.HibernatePersistenceProvider] instead.
23-Oct-2019 14:47:16.799 WARN [http-apr-8080-exec-40] org.hibernate.ejb.HibernatePersistence.logDeprecation HHH015016: Encountered a deprecated javax.persistence.spi.PersistenceProvider [org.hibernate.ejb.HibernatePersistence]; use [org.hibernate.jpa.HibernatePersistenceProvider] instead.
23-Oct-2019 14:47:16.799 WARN [http-apr-8080-exec-40] org.hibernate.ejb.HibernatePersistence.logDeprecation HHH015016: Encountered a deprecated javax.persistence.spi.PersistenceProvider [org.hibernate.ejb.HibernatePersistence]; use [org.hibernate.jpa.HibernatePersistenceProvider] instead.
23-Oct-2019 14:47:16.823 WARN [http-apr-8080-exec-39] org.hibernate.ejb.HibernatePersistence.logDeprecation HHH015016: Encountered a deprecated javax.persistence.spi.PersistenceProvider [org.hibernate.ejb.HibernatePersistence]; use [org.hibernate.jpa.HibernatePersistenceProvider] instead.
23-Oct-2019 14:47:16.827 WARN [http-apr-8080-exec-39] org.hibernate.ejb.HibernatePersistence.logDeprecation HHH015016: Encountered a deprecated javax.persistence.spi.PersistenceProvider [org.hibernate.ejb.HibernatePersistence]; use [org.hibernate.jpa.HibernatePersistenceProvider] instead.
23-Oct-2019 14:47:16.827 WARN [http-apr-8080-exec-39] org.hibernate.ejb.HibernatePersistence.logDeprecation HHH015016: Encountered a deprecated javax.persistence.spi.PersistenceProvider [org.hibernate.ejb.HibernatePersistence]; use [org.hibernate.jpa.HibernatePersistenceProvider] instead.
23-Oct-2019 14:47:17.207 INFO [http-apr-8080-exec-39] org.hibernate.jpa.internal.util.LogHelper.logPersistenceUnitInformation HHH000204: Processing PersistenceUnitInfo [
	name: teste
	...]
23-Oct-2019 14:47:17.207 INFO [http-apr-8080-exec-40] org.hibernate.jpa.internal.util.LogHelper.logPersistenceUnitInformation HHH000204: Processing PersistenceUnitInfo [
	name: teste
	...]
23-Oct-2019 14:47:18.499 INFO [http-apr-8080-exec-39] org.hibernate.Version.logVersion HHH000412: Hibernate Core {4.3.1.Final}
23-Oct-2019 14:47:18.523 INFO [http-apr-8080-exec-39] org.hibernate.cfg.Environment.<clinit> HHH000206: hibernate.properties not found
23-Oct-2019 14:47:18.543 INFO [http-apr-8080-exec-39] org.hibernate.cfg.Environment.buildBytecodeProvider HHH000021: Bytecode provider name : javassist
23-Oct-2019 14:50:28.126 WARN [http-apr-8080-exec-46] org.hibernate.ejb.HibernatePersistence.logDeprecation HHH015016: Encountered a deprecated javax.persistence.spi.PersistenceProvider [org.hibernate.ejb.HibernatePersistence]; use [org.hibernate.jpa.HibernatePersistenceProvider] instead.
23-Oct-2019 14:50:28.130 WARN [http-apr-8080-exec-46] org.hibernate.ejb.HibernatePersistence.logDeprecation HHH015016: Encountered a deprecated javax.persistence.spi.PersistenceProvider [org.hibernate.ejb.HibernatePersistence]; use [org.hibernate.jpa.HibernatePersistenceProvider] instead.
23-Oct-2019 14:50:28.130 WARN [http-apr-8080-exec-46] org.hibernate.ejb.HibernatePersistence.logDeprecation HHH015016: Encountered a deprecated javax.persistence.spi.PersistenceProvider [org.hibernate.ejb.HibernatePersistence]; use [org.hibernate.jpa.HibernatePersistenceProvider] instead.
23-Oct-2019 14:50:28.186 INFO [http-apr-8080-exec-46] org.hibernate.jpa.internal.util.LogHelper.logPersistenceUnitInformation HHH000204: Processing PersistenceUnitInfo [
	name: teste
	...]
23-Oct-2019 14:50:29.970 GRAVE [http-apr-8080-exec-47] com.sun.faces.application.view.FaceletViewHandlingStrategy.handleRenderException Error Rendering View[/listar_curriculo.xhtml]
 javax.el.ELException: /listar_curriculo.xhtml @141,15 value="#{curriculoBean.obterAluno()}": Method not found: class br.com.argus.bean.CurriculoBean.obterAluno()
	at com.sun.faces.facelets.el.TagValueExpression.getValue(TagValueExpression.java:114)
	at javax.faces.component.ComponentStateHelper.eval(ComponentStateHelper.java:194)
	at javax.faces.component.ComponentStateHelper.eval(ComponentStateHelper.java:182)
	at javax.faces.component.UIData.getValue(UIData.java:732)
	at javax.faces.component.UIData.getDataModel(UIData.java:1822)
	at javax.faces.component.UIData.setRowIndexWithoutRowStatePreserved(UIData.java:484)
	at javax.faces.component.UIData.setRowIndex(UIData.java:473)
	at com.sun.faces.renderkit.html_basic.TableRenderer.encodeBegin(TableRenderer.java:83)
	at javax.faces.component.UIComponentBase.encodeBegin(UIComponentBase.java:864)
	at javax.faces.component.UIData.encodeBegin(UIData.java:1133)
	at javax.faces.component.UIComponent.encodeAll(UIComponent.java:1854)
	at javax.faces.component.UIComponent.encodeAll(UIComponent.java:1859)
	at javax.faces.component.UIComponent.encodeAll(UIComponent.java:1859)
	at com.sun.faces.application.view.FaceletViewHandlingStrategy.renderView(FaceletViewHandlingStrategy.java:461)
	at com.sun.faces.application.view.MultiViewHandler.renderView(MultiViewHandler.java:133)
	at javax.faces.application.ViewHandlerWrapper.renderView(ViewHandlerWrapper.java:337)
	at com.sun.faces.lifecycle.RenderResponsePhase.execute(RenderResponsePhase.java:120)
	at com.sun.faces.lifecycle.Phase.doPhase(Phase.java:101)
	at com.sun.faces.lifecycle.LifecycleImpl.render(LifecycleImpl.java:219)
	at javax.faces.webapp.FacesServlet.service(FacesServlet.java:647)
	at org.apache.catalina.core.ApplicationFilterChain.internalDoFilter(ApplicationFilterChain.java:292)
	at org.apache.catalina.core.ApplicationFilterChain.doFilter(ApplicationFilterChain.java:207)
	at org.apache.tomcat.websocket.server.WsFilter.doFilter(WsFilter.java:52)
	at org.apache.catalina.core.ApplicationFilterChain.internalDoFilter(ApplicationFilterChain.java:240)
	at org.apache.catalina.core.ApplicationFilterChain.doFilter(ApplicationFilterChain.java:207)
	at org.apache.catalina.core.StandardWrapperValve.invoke(StandardWrapperValve.java:212)
	at org.apache.catalina.core.StandardContextValve.invoke(StandardContextValve.java:94)
	at org.apache.catalina.authenticator.AuthenticatorBase.invoke(AuthenticatorBase.java:492)
	at org.apache.catalina.core.StandardHostValve.invoke(StandardHostValve.java:141)
	at org.apache.catalina.valves.ErrorReportValve.invoke(ErrorReportValve.java:80)
	at org.apache.catalina.valves.AbstractAccessLogValve.invoke(AbstractAccessLogValve.java:620)
	at org.apache.catalina.core.StandardEngineValve.invoke(StandardEngineValve.java:88)
	at org.apache.catalina.connector.CoyoteAdapter.service(CoyoteAdapter.java:502)
	at org.apache.coyote.http11.AbstractHttp11Processor.process(AbstractHttp11Processor.java:1152)
	at org.apache.coyote.AbstractProtocol$AbstractConnectionHandler.process(AbstractProtocol.java:684)
	at org.apache.tomcat.util.net.AprEndpoint$SocketProcessor.doRun(AprEndpoint.java:2527)
	at org.apache.tomcat.util.net.AprEndpoint$SocketProcessor.run(AprEndpoint.java:2516)
	at java.util.concurrent.ThreadPoolExecutor.runWorker(ThreadPoolExecutor.java:1142)
	at java.util.concurrent.ThreadPoolExecutor$Worker.run(ThreadPoolExecutor.java:617)
	at org.apache.tomcat.util.threads.TaskThread$WrappingRunnable.run(TaskThread.java:61)
	at java.lang.Thread.run(Thread.java:745)
Caused by: javax.el.MethodNotFoundException: Method not found: class br.com.argus.bean.CurriculoBean.obterAluno()
	at javax.el.Util.findWrapper(Util.java:373)
	at javax.el.Util.findMethod(Util.java:219)
	at javax.el.BeanELResolver.invoke(BeanELResolver.java:156)
	at javax.el.CompositeELResolver.invoke(CompositeELResolver.java:80)
	at org.apache.el.parser.AstValue.getValue(AstValue.java:159)
	at org.apache.el.ValueExpressionImpl.getValue(ValueExpressionImpl.java:190)
	at com.sun.faces.facelets.el.TagValueExpression.getValue(TagValueExpression.java:109)
	... 40 more

