29-Nov-2019 23:03:05.487 INFORMAÇÕES [localhost-startStop-1] org.apache.catalina.core.ApplicationContext.log DiretorAuth:Initializing filter
29-Nov-2019 23:03:05.491 INFORMAÇÕES [localhost-startStop-1] org.apache.catalina.core.ApplicationContext.log Auth:Initializing filter
29-Nov-2019 23:03:05.495 INFORMAÇÕES [localhost-startStop-1] org.apache.catalina.core.ApplicationContext.log FuncionarioAuth:Initializing filter
29-Nov-2019 23:03:05.495 INFORMAÇÕES [localhost-startStop-1] org.apache.catalina.core.ApplicationContext.log PedagogoAuth:Initializing filter
29-Nov-2019 23:03:05.499 INFORMAÇÕES [localhost-startStop-1] org.apache.catalina.core.ApplicationContext.log AdminstradorAuth:Initializing filter
29-Nov-2019 23:03:09.756 INFORMAÇÕES [localhost-startStop-1] org.apache.catalina.core.ApplicationContext.log ContextListener: contextInitialized()
29-Nov-2019 23:03:09.760 INFORMAÇÕES [localhost-startStop-1] org.apache.catalina.core.ApplicationContext.log SessionListener: contextInitialized()
29-Nov-2019 23:03:09.764 INFORMAÇÕES [localhost-startStop-1] org.apache.catalina.core.ApplicationContext.log ContextListener: attributeAdded('StockTicker', 'async.Stockticker@23131361')
29-Nov-2019 23:04:01.221 INFORMAÇÕES [http-apr-8080-exec-23] org.apache.catalina.core.ApplicationContext.log DiretorAuth:Initializing filter
29-Nov-2019 23:04:01.225 INFORMAÇÕES [http-apr-8080-exec-23] org.apache.catalina.core.ApplicationContext.log Auth:Initializing filter
29-Nov-2019 23:04:01.225 INFORMAÇÕES [http-apr-8080-exec-23] org.apache.catalina.core.ApplicationContext.log FuncionarioAuth:Initializing filter
29-Nov-2019 23:04:01.229 INFORMAÇÕES [http-apr-8080-exec-23] org.apache.catalina.core.ApplicationContext.log PedagogoAuth:Initializing filter
29-Nov-2019 23:04:01.229 INFORMAÇÕES [http-apr-8080-exec-23] org.apache.catalina.core.ApplicationContext.log AdminstradorAuth:Initializing filter
29-Nov-2019 23:13:03.464 GRAVE [http-apr-8080-exec-28] org.apache.catalina.core.StandardWrapperValve.invoke Servlet.service() for servlet [Faces Servlet] in context with path [] threw exception [Error Parsing /protegido/administrador/listar_atendimento_pedagogico_por_aluno.xhtml: Error Traced[line: 138] O tipo de elemento h:dataTable" deve ser encerrado pela tag final correspondente "</h:dataTable>".] with root cause
 javax.faces.view.facelets.FaceletException: Error Parsing /protegido/administrador/listar_atendimento_pedagogico_por_aluno.xhtml: Error Traced[line: 138] O tipo de elemento h:dataTable" deve ser encerrado pela tag final correspondente "</h:dataTable>".
	at com.sun.faces.facelets.compiler.SAXCompiler.doCompile(SAXCompiler.java:456)
	at com.sun.faces.facelets.compiler.SAXCompiler.doMetadataCompile(SAXCompiler.java:439)
	at com.sun.faces.facelets.compiler.Compiler.metadataCompile(Compiler.java:130)
	at com.sun.faces.facelets.impl.DefaultFaceletFactory.createMetadataFacelet(DefaultFaceletFactory.java:495)
	at com.sun.faces.facelets.impl.DefaultFaceletFactory.access$200(DefaultFaceletFactory.java:106)
	at com.sun.faces.facelets.impl.DefaultFaceletFactory$2.newInstance(DefaultFaceletFactory.java:205)
	at com.sun.faces.facelets.impl.DefaultFaceletFactory$2.newInstance(DefaultFaceletFactory.java:203)
	at com.sun.faces.facelets.impl.DefaultFaceletCache$2.newInstance(DefaultFaceletCache.java:97)
	at com.sun.faces.facelets.impl.DefaultFaceletCache$2.newInstance(DefaultFaceletCache.java:92)
	at com.sun.faces.util.ExpiringConcurrentCache$1.call(ExpiringConcurrentCache.java:99)
	at java.util.concurrent.FutureTask.run(FutureTask.java:266)
	at com.sun.faces.util.ExpiringConcurrentCache.get(ExpiringConcurrentCache.java:114)
	at com.sun.faces.facelets.impl.DefaultFaceletCache.getViewMetadataFacelet(DefaultFaceletCache.java:146)
	at com.sun.faces.facelets.impl.DefaultFaceletCache.getViewMetadataFacelet(DefaultFaceletCache.java:63)
	at com.sun.faces.facelets.impl.DefaultFaceletFactory.getMetadataFacelet(DefaultFaceletFactory.java:316)
	at com.sun.faces.facelets.impl.DefaultFaceletFactory.getMetadataFacelet(DefaultFaceletFactory.java:246)
	at com.sun.faces.application.view.ViewMetadataImpl.createMetadataView(ViewMetadataImpl.java:114)
	at com.sun.faces.lifecycle.RestoreViewPhase.execute(RestoreViewPhase.java:241)
	at com.sun.faces.lifecycle.Phase.doPhase(Phase.java:101)
	at com.sun.faces.lifecycle.RestoreViewPhase.doPhase(RestoreViewPhase.java:121)
	at com.sun.faces.lifecycle.LifecycleImpl.execute(LifecycleImpl.java:198)
	at javax.faces.webapp.FacesServlet.service(FacesServlet.java:646)
	at org.apache.catalina.core.ApplicationFilterChain.internalDoFilter(ApplicationFilterChain.java:292)
	at org.apache.catalina.core.ApplicationFilterChain.doFilter(ApplicationFilterChain.java:207)
	at org.apache.tomcat.websocket.server.WsFilter.doFilter(WsFilter.java:52)
	at org.apache.catalina.core.ApplicationFilterChain.internalDoFilter(ApplicationFilterChain.java:240)
	at org.apache.catalina.core.ApplicationFilterChain.doFilter(ApplicationFilterChain.java:207)
	at br.com.argus.filtros.AdminstradorAuth.doFilter(AdminstradorAuth.java:64)
	at org.apache.catalina.core.ApplicationFilterChain.internalDoFilter(ApplicationFilterChain.java:240)
	at org.apache.catalina.core.ApplicationFilterChain.doFilter(ApplicationFilterChain.java:207)
	at org.apache.catalina.core.StandardWrapperValve.invoke(StandardWrapperValve.java:212)
	at org.apache.catalina.core.StandardContextValve.invoke(StandardContextValve.java:94)
	at org.apache.catalina.authenticator.AuthenticatorBase.invoke(AuthenticatorBase.java:492)
	at org.apache.catalina.core.StandardHostValve.invoke(StandardHostValve.java:141)
	at org.apache.catalina.valves.ErrorReportValve.invoke(ErrorReportValve.java:80)
	at org.apache.catalina.valves.AbstractAccessLogValve.invoke(AbstractAccessLogValve.java:620)
	at org.apache.catalina.core.StandardEngineValve.invoke(StandardEngineValve.java:88)
	at org.apache.catalina.connector.CoyoteAdapter.service(CoyoteAdapter.java:502)
	at org.apache.coyote.http11.AbstractHttp11Processor.process(AbstractHttp11Processor.java:1152)
	at org.apache.coyote.AbstractProtocol$AbstractConnectionHandler.process(AbstractProtocol.java:684)
	at org.apache.tomcat.util.net.AprEndpoint$SocketProcessor.doRun(AprEndpoint.java:2527)
	at org.apache.tomcat.util.net.AprEndpoint$SocketProcessor.run(AprEndpoint.java:2516)
	at java.util.concurrent.ThreadPoolExecutor.runWorker(ThreadPoolExecutor.java:1142)
	at java.util.concurrent.ThreadPoolExecutor$Worker.run(ThreadPoolExecutor.java:617)
	at org.apache.tomcat.util.threads.TaskThread$WrappingRunnable.run(TaskThread.java:61)
	at java.lang.Thread.run(Thread.java:745)

29-Nov-2019 23:13:10.811 GRAVE [http-apr-8080-exec-25] org.apache.catalina.core.StandardWrapperValve.invoke Servlet.service() for servlet [Faces Servlet] in context with path [] threw exception [Error Parsing /protegido/administrador/listar_atendimento_pedagogico_por_aluno.xhtml: Error Traced[line: 138] O tipo de elemento h:dataTable" deve ser encerrado pela tag final correspondente "</h:dataTable>".] with root cause
 javax.faces.view.facelets.FaceletException: Error Parsing /protegido/administrador/listar_atendimento_pedagogico_por_aluno.xhtml: Error Traced[line: 138] O tipo de elemento h:dataTable" deve ser encerrado pela tag final correspondente "</h:dataTable>".
	at com.sun.faces.facelets.compiler.SAXCompiler.doCompile(SAXCompiler.java:456)
	at com.sun.faces.facelets.compiler.SAXCompiler.doMetadataCompile(SAXCompiler.java:439)
	at com.sun.faces.facelets.compiler.Compiler.metadataCompile(Compiler.java:130)
	at com.sun.faces.facelets.impl.DefaultFaceletFactory.createMetadataFacelet(DefaultFaceletFactory.java:495)
	at com.sun.faces.facelets.impl.DefaultFaceletFactory.access$200(DefaultFaceletFactory.java:106)
	at com.sun.faces.facelets.impl.DefaultFaceletFactory$2.newInstance(DefaultFaceletFactory.java:205)
	at com.sun.faces.facelets.impl.DefaultFaceletFactory$2.newInstance(DefaultFaceletFactory.java:203)
	at com.sun.faces.facelets.impl.DefaultFaceletCache$2.newInstance(DefaultFaceletCache.java:97)
	at com.sun.faces.facelets.impl.DefaultFaceletCache$2.newInstance(DefaultFaceletCache.java:92)
	at com.sun.faces.util.ExpiringConcurrentCache$1.call(ExpiringConcurrentCache.java:99)
	at java.util.concurrent.FutureTask.run(FutureTask.java:266)
	at com.sun.faces.util.ExpiringConcurrentCache.get(ExpiringConcurrentCache.java:114)
	at com.sun.faces.facelets.impl.DefaultFaceletCache.getViewMetadataFacelet(DefaultFaceletCache.java:146)
	at com.sun.faces.facelets.impl.DefaultFaceletCache.getViewMetadataFacelet(DefaultFaceletCache.java:63)
	at com.sun.faces.facelets.impl.DefaultFaceletFactory.getMetadataFacelet(DefaultFaceletFactory.java:316)
	at com.sun.faces.facelets.impl.DefaultFaceletFactory.getMetadataFacelet(DefaultFaceletFactory.java:246)
	at com.sun.faces.application.view.ViewMetadataImpl.createMetadataView(ViewMetadataImpl.java:114)
	at com.sun.faces.lifecycle.RestoreViewPhase.execute(RestoreViewPhase.java:241)
	at com.sun.faces.lifecycle.Phase.doPhase(Phase.java:101)
	at com.sun.faces.lifecycle.RestoreViewPhase.doPhase(RestoreViewPhase.java:121)
	at com.sun.faces.lifecycle.LifecycleImpl.execute(LifecycleImpl.java:198)
	at javax.faces.webapp.FacesServlet.service(FacesServlet.java:646)
	at org.apache.catalina.core.ApplicationFilterChain.internalDoFilter(ApplicationFilterChain.java:292)
	at org.apache.catalina.core.ApplicationFilterChain.doFilter(ApplicationFilterChain.java:207)
	at org.apache.tomcat.websocket.server.WsFilter.doFilter(WsFilter.java:52)
	at org.apache.catalina.core.ApplicationFilterChain.internalDoFilter(ApplicationFilterChain.java:240)
	at org.apache.catalina.core.ApplicationFilterChain.doFilter(ApplicationFilterChain.java:207)
	at br.com.argus.filtros.AdminstradorAuth.doFilter(AdminstradorAuth.java:64)
	at org.apache.catalina.core.ApplicationFilterChain.internalDoFilter(ApplicationFilterChain.java:240)
	at org.apache.catalina.core.ApplicationFilterChain.doFilter(ApplicationFilterChain.java:207)
	at org.apache.catalina.core.StandardWrapperValve.invoke(StandardWrapperValve.java:212)
	at org.apache.catalina.core.StandardContextValve.invoke(StandardContextValve.java:94)
	at org.apache.catalina.authenticator.AuthenticatorBase.invoke(AuthenticatorBase.java:492)
	at org.apache.catalina.core.StandardHostValve.invoke(StandardHostValve.java:141)
	at org.apache.catalina.valves.ErrorReportValve.invoke(ErrorReportValve.java:80)
	at org.apache.catalina.valves.AbstractAccessLogValve.invoke(AbstractAccessLogValve.java:620)
	at org.apache.catalina.core.StandardEngineValve.invoke(StandardEngineValve.java:88)
	at org.apache.catalina.connector.CoyoteAdapter.service(CoyoteAdapter.java:502)
	at org.apache.coyote.http11.AbstractHttp11Processor.process(AbstractHttp11Processor.java:1152)
	at org.apache.coyote.AbstractProtocol$AbstractConnectionHandler.process(AbstractProtocol.java:684)
	at org.apache.tomcat.util.net.AprEndpoint$SocketProcessor.doRun(AprEndpoint.java:2527)
	at org.apache.tomcat.util.net.AprEndpoint$SocketProcessor.run(AprEndpoint.java:2516)
	at java.util.concurrent.ThreadPoolExecutor.runWorker(ThreadPoolExecutor.java:1142)
	at java.util.concurrent.ThreadPoolExecutor$Worker.run(ThreadPoolExecutor.java:617)
	at org.apache.tomcat.util.threads.TaskThread$WrappingRunnable.run(TaskThread.java:61)
	at java.lang.Thread.run(Thread.java:745)

29-Nov-2019 23:21:53.610 GRAVE [http-apr-8080-exec-34] org.apache.catalina.core.StandardWrapperValve.invoke Servlet.service() for servlet [Faces Servlet] in context with path [] threw exception [Method not found: br.com.argus.bean.AlunoBean@4f14b915.matricularAluno(java.lang.Integer)] with root cause
 javax.el.MethodNotFoundException: Method not found: br.com.argus.bean.AlunoBean@4f14b915.matricularAluno(java.lang.Integer)
	at org.apache.el.util.ReflectionUtil.getMethod(ReflectionUtil.java:296)
	at org.apache.el.parser.AstValue.invoke(AstValue.java:240)
	at org.apache.el.MethodExpressionImpl.invoke(MethodExpressionImpl.java:267)
	at javax.faces.event.MethodExpressionActionListener.processAction(MethodExpressionActionListener.java:149)
	at javax.faces.event.ActionEvent.processListener(ActionEvent.java:88)
	at javax.faces.component.UIComponentBase.broadcast(UIComponentBase.java:813)
	at javax.faces.component.UICommand.broadcast(UICommand.java:300)
	at javax.faces.component.UIData.broadcast(UIData.java:1108)
	at javax.faces.component.UIViewRoot.broadcastEvents(UIViewRoot.java:790)
	at javax.faces.component.UIViewRoot.processApplication(UIViewRoot.java:1282)
	at com.sun.faces.lifecycle.InvokeApplicationPhase.execute(InvokeApplicationPhase.java:81)
	at com.sun.faces.lifecycle.Phase.doPhase(Phase.java:101)
	at com.sun.faces.lifecycle.LifecycleImpl.execute(LifecycleImpl.java:198)
	at javax.faces.webapp.FacesServlet.service(FacesServlet.java:646)
	at org.apache.catalina.core.ApplicationFilterChain.internalDoFilter(ApplicationFilterChain.java:292)
	at org.apache.catalina.core.ApplicationFilterChain.doFilter(ApplicationFilterChain.java:207)
	at org.apache.tomcat.websocket.server.WsFilter.doFilter(WsFilter.java:52)
	at org.apache.catalina.core.ApplicationFilterChain.internalDoFilter(ApplicationFilterChain.java:240)
	at org.apache.catalina.core.ApplicationFilterChain.doFilter(ApplicationFilterChain.java:207)
	at br.com.argus.filtros.AdminstradorAuth.doFilter(AdminstradorAuth.java:64)
	at org.apache.catalina.core.ApplicationFilterChain.internalDoFilter(ApplicationFilterChain.java:240)
	at org.apache.catalina.core.ApplicationFilterChain.doFilter(ApplicationFilterChain.java:207)
	at org.apache.catalina.core.StandardWrapperValve.invoke(StandardWrapperValve.java:212)
	at org.apache.catalina.core.StandardContextValve.invoke(StandardContextValve.java:94)
	at org.apache.catalina.authenticator.AuthenticatorBase.invoke(AuthenticatorBase.java:492)
	at org.apache.catalina.core.StandardHostValve.invoke(StandardHostValve.java:141)
	at org.apache.catalina.valves.ErrorReportValve.invoke(ErrorReportValve.java:80)
	at org.apache.catalina.valves.AbstractAccessLogValve.invoke(AbstractAccessLogValve.java:620)
	at org.apache.catalina.core.StandardEngineValve.invoke(StandardEngineValve.java:88)
	at org.apache.catalina.connector.CoyoteAdapter.service(CoyoteAdapter.java:502)
	at org.apache.coyote.http11.AbstractHttp11Processor.process(AbstractHttp11Processor.java:1152)
	at org.apache.coyote.AbstractProtocol$AbstractConnectionHandler.process(AbstractProtocol.java:684)
	at org.apache.tomcat.util.net.AprEndpoint$SocketProcessor.doRun(AprEndpoint.java:2527)
	at org.apache.tomcat.util.net.AprEndpoint$SocketProcessor.run(AprEndpoint.java:2516)
	at java.util.concurrent.ThreadPoolExecutor.runWorker(ThreadPoolExecutor.java:1142)
	at java.util.concurrent.ThreadPoolExecutor$Worker.run(ThreadPoolExecutor.java:617)
	at org.apache.tomcat.util.threads.TaskThread$WrappingRunnable.run(TaskThread.java:61)
	at java.lang.Thread.run(Thread.java:745)

29-Nov-2019 23:22:28.198 GRAVE [http-apr-8080-exec-25] org.apache.catalina.core.StandardWrapperValve.invoke Servlet.service() for servlet [Faces Servlet] in context with path [] threw exception [Method not found: br.com.argus.bean.AlunoBean@4f14b915.matricularAluno(java.lang.Integer)] with root cause
 javax.el.MethodNotFoundException: Method not found: br.com.argus.bean.AlunoBean@4f14b915.matricularAluno(java.lang.Integer)
	at org.apache.el.util.ReflectionUtil.getMethod(ReflectionUtil.java:296)
	at org.apache.el.parser.AstValue.invoke(AstValue.java:240)
	at org.apache.el.MethodExpressionImpl.invoke(MethodExpressionImpl.java:267)
	at javax.faces.event.MethodExpressionActionListener.processAction(MethodExpressionActionListener.java:149)
	at javax.faces.event.ActionEvent.processListener(ActionEvent.java:88)
	at javax.faces.component.UIComponentBase.broadcast(UIComponentBase.java:813)
	at javax.faces.component.UICommand.broadcast(UICommand.java:300)
	at javax.faces.component.UIData.broadcast(UIData.java:1108)
	at javax.faces.component.UIViewRoot.broadcastEvents(UIViewRoot.java:790)
	at javax.faces.component.UIViewRoot.processApplication(UIViewRoot.java:1282)
	at com.sun.faces.lifecycle.InvokeApplicationPhase.execute(InvokeApplicationPhase.java:81)
	at com.sun.faces.lifecycle.Phase.doPhase(Phase.java:101)
	at com.sun.faces.lifecycle.LifecycleImpl.execute(LifecycleImpl.java:198)
	at javax.faces.webapp.FacesServlet.service(FacesServlet.java:646)
	at org.apache.catalina.core.ApplicationFilterChain.internalDoFilter(ApplicationFilterChain.java:292)
	at org.apache.catalina.core.ApplicationFilterChain.doFilter(ApplicationFilterChain.java:207)
	at org.apache.tomcat.websocket.server.WsFilter.doFilter(WsFilter.java:52)
	at org.apache.catalina.core.ApplicationFilterChain.internalDoFilter(ApplicationFilterChain.java:240)
	at org.apache.catalina.core.ApplicationFilterChain.doFilter(ApplicationFilterChain.java:207)
	at br.com.argus.filtros.AdminstradorAuth.doFilter(AdminstradorAuth.java:64)
	at org.apache.catalina.core.ApplicationFilterChain.internalDoFilter(ApplicationFilterChain.java:240)
	at org.apache.catalina.core.ApplicationFilterChain.doFilter(ApplicationFilterChain.java:207)
	at org.apache.catalina.core.StandardWrapperValve.invoke(StandardWrapperValve.java:212)
	at org.apache.catalina.core.StandardContextValve.invoke(StandardContextValve.java:94)
	at org.apache.catalina.authenticator.AuthenticatorBase.invoke(AuthenticatorBase.java:492)
	at org.apache.catalina.core.StandardHostValve.invoke(StandardHostValve.java:141)
	at org.apache.catalina.valves.ErrorReportValve.invoke(ErrorReportValve.java:80)
	at org.apache.catalina.valves.AbstractAccessLogValve.invoke(AbstractAccessLogValve.java:620)
	at org.apache.catalina.core.StandardEngineValve.invoke(StandardEngineValve.java:88)
	at org.apache.catalina.connector.CoyoteAdapter.service(CoyoteAdapter.java:502)
	at org.apache.coyote.http11.AbstractHttp11Processor.process(AbstractHttp11Processor.java:1152)
	at org.apache.coyote.AbstractProtocol$AbstractConnectionHandler.process(AbstractProtocol.java:684)
	at org.apache.tomcat.util.net.AprEndpoint$SocketProcessor.doRun(AprEndpoint.java:2527)
	at org.apache.tomcat.util.net.AprEndpoint$SocketProcessor.run(AprEndpoint.java:2516)
	at java.util.concurrent.ThreadPoolExecutor.runWorker(ThreadPoolExecutor.java:1142)
	at java.util.concurrent.ThreadPoolExecutor$Worker.run(ThreadPoolExecutor.java:617)
	at org.apache.tomcat.util.threads.TaskThread$WrappingRunnable.run(TaskThread.java:61)
	at java.lang.Thread.run(Thread.java:745)

29-Nov-2019 23:28:08.543 GRAVE [http-apr-8080-exec-31] org.apache.catalina.core.StandardWrapperValve.invoke Servlet.service() for servlet [Faces Servlet] in context with path [] threw exception [null] with root cause
 java.lang.NullPointerException
	at br.com.argus.bean.AlunoBean.registrarMatricola(AlunoBean.java:104)
	at sun.reflect.NativeMethodAccessorImpl.invoke0(Native Method)
	at sun.reflect.NativeMethodAccessorImpl.invoke(NativeMethodAccessorImpl.java:62)
	at sun.reflect.DelegatingMethodAccessorImpl.invoke(DelegatingMethodAccessorImpl.java:43)
	at java.lang.reflect.Method.invoke(Method.java:498)
	at org.apache.el.parser.AstValue.invoke(AstValue.java:247)
	at org.apache.el.MethodExpressionImpl.invoke(MethodExpressionImpl.java:267)
	at com.sun.faces.facelets.el.TagMethodExpression.invoke(TagMethodExpression.java:105)
	at javax.faces.event.MethodExpressionActionListener.processAction(MethodExpressionActionListener.java:147)
	at javax.faces.event.ActionEvent.processListener(ActionEvent.java:88)
	at javax.faces.component.UIComponentBase.broadcast(UIComponentBase.java:813)
	at javax.faces.component.UICommand.broadcast(UICommand.java:300)
	at javax.faces.component.UIData.broadcast(UIData.java:1108)
	at javax.faces.component.UIViewRoot.broadcastEvents(UIViewRoot.java:790)
	at javax.faces.component.UIViewRoot.processApplication(UIViewRoot.java:1282)
	at com.sun.faces.lifecycle.InvokeApplicationPhase.execute(InvokeApplicationPhase.java:81)
	at com.sun.faces.lifecycle.Phase.doPhase(Phase.java:101)
	at com.sun.faces.lifecycle.LifecycleImpl.execute(LifecycleImpl.java:198)
	at javax.faces.webapp.FacesServlet.service(FacesServlet.java:646)
	at org.apache.catalina.core.ApplicationFilterChain.internalDoFilter(ApplicationFilterChain.java:292)
	at org.apache.catalina.core.ApplicationFilterChain.doFilter(ApplicationFilterChain.java:207)
	at org.apache.tomcat.websocket.server.WsFilter.doFilter(WsFilter.java:52)
	at org.apache.catalina.core.ApplicationFilterChain.internalDoFilter(ApplicationFilterChain.java:240)
	at org.apache.catalina.core.ApplicationFilterChain.doFilter(ApplicationFilterChain.java:207)
	at br.com.argus.filtros.AdminstradorAuth.doFilter(AdminstradorAuth.java:64)
	at org.apache.catalina.core.ApplicationFilterChain.internalDoFilter(ApplicationFilterChain.java:240)
	at org.apache.catalina.core.ApplicationFilterChain.doFilter(ApplicationFilterChain.java:207)
	at org.apache.catalina.core.StandardWrapperValve.invoke(StandardWrapperValve.java:212)
	at org.apache.catalina.core.StandardContextValve.invoke(StandardContextValve.java:94)
	at org.apache.catalina.authenticator.AuthenticatorBase.invoke(AuthenticatorBase.java:492)
	at org.apache.catalina.core.StandardHostValve.invoke(StandardHostValve.java:141)
	at org.apache.catalina.valves.ErrorReportValve.invoke(ErrorReportValve.java:80)
	at org.apache.catalina.valves.AbstractAccessLogValve.invoke(AbstractAccessLogValve.java:620)
	at org.apache.catalina.core.StandardEngineValve.invoke(StandardEngineValve.java:88)
	at org.apache.catalina.connector.CoyoteAdapter.service(CoyoteAdapter.java:502)
	at org.apache.coyote.http11.AbstractHttp11Processor.process(AbstractHttp11Processor.java:1152)
	at org.apache.coyote.AbstractProtocol$AbstractConnectionHandler.process(AbstractProtocol.java:684)
	at org.apache.tomcat.util.net.AprEndpoint$SocketProcessor.doRun(AprEndpoint.java:2527)
	at org.apache.tomcat.util.net.AprEndpoint$SocketProcessor.run(AprEndpoint.java:2516)
	at java.util.concurrent.ThreadPoolExecutor.runWorker(ThreadPoolExecutor.java:1142)
	at java.util.concurrent.ThreadPoolExecutor$Worker.run(ThreadPoolExecutor.java:617)
	at org.apache.tomcat.util.threads.TaskThread$WrappingRunnable.run(TaskThread.java:61)
	at java.lang.Thread.run(Thread.java:745)

29-Nov-2019 23:33:20.356 ADVERTÊNCIA [http-apr-8080-exec-25] org.apache.catalina.session.StandardSession.doWriteObject Cannot serialize session attribute com.sun.faces.application.view.activeViewMaps for session 6EB3ED3E97373A615240E424DE4DD4D8
 java.io.NotSerializableException: br.com.argus.model.Curriculo
	at java.io.ObjectOutputStream.writeObject0(ObjectOutputStream.java:1184)
	at java.io.ObjectOutputStream.defaultWriteFields(ObjectOutputStream.java:1548)
	at java.io.ObjectOutputStream.writeSerialData(ObjectOutputStream.java:1509)
	at java.io.ObjectOutputStream.writeOrdinaryObject(ObjectOutputStream.java:1432)
	at java.io.ObjectOutputStream.writeObject0(ObjectOutputStream.java:1178)
	at java.io.ObjectOutputStream.defaultWriteFields(ObjectOutputStream.java:1548)
	at java.io.ObjectOutputStream.writeSerialData(ObjectOutputStream.java:1509)
	at java.io.ObjectOutputStream.writeOrdinaryObject(ObjectOutputStream.java:1432)
	at java.io.ObjectOutputStream.writeObject0(ObjectOutputStream.java:1178)
	at java.io.ObjectOutputStream.writeObject(ObjectOutputStream.java:348)
	at java.util.ArrayList.writeObject(ArrayList.java:762)
	at sun.reflect.NativeMethodAccessorImpl.invoke0(Native Method)
	at sun.reflect.NativeMethodAccessorImpl.invoke(NativeMethodAccessorImpl.java:62)
	at sun.reflect.DelegatingMethodAccessorImpl.invoke(DelegatingMethodAccessorImpl.java:43)
	at java.lang.reflect.Method.invoke(Method.java:498)
	at java.io.ObjectStreamClass.invokeWriteObject(ObjectStreamClass.java:1028)
	at java.io.ObjectOutputStream.writeSerialData(ObjectOutputStream.java:1496)
	at java.io.ObjectOutputStream.writeOrdinaryObject(ObjectOutputStream.java:1432)
	at java.io.ObjectOutputStream.writeObject0(ObjectOutputStream.java:1178)
	at java.io.ObjectOutputStream.defaultWriteFields(ObjectOutputStream.java:1548)
	at java.io.ObjectOutputStream.writeSerialData(ObjectOutputStream.java:1509)
	at java.io.ObjectOutputStream.writeOrdinaryObject(ObjectOutputStream.java:1432)
	at java.io.ObjectOutputStream.writeObject0(ObjectOutputStream.java:1178)
	at java.io.ObjectOutputStream.writeObject(ObjectOutputStream.java:348)
	at java.util.HashMap.internalWriteEntries(HashMap.java:1785)
	at java.util.HashMap.writeObject(HashMap.java:1362)
	at sun.reflect.GeneratedMethodAccessor71.invoke(Unknown Source)
	at sun.reflect.DelegatingMethodAccessorImpl.invoke(DelegatingMethodAccessorImpl.java:43)
	at java.lang.reflect.Method.invoke(Method.java:498)
	at java.io.ObjectStreamClass.invokeWriteObject(ObjectStreamClass.java:1028)
	at java.io.ObjectOutputStream.writeSerialData(ObjectOutputStream.java:1496)
	at java.io.ObjectOutputStream.writeOrdinaryObject(ObjectOutputStream.java:1432)
	at java.io.ObjectOutputStream.writeObject0(ObjectOutputStream.java:1178)
	at java.io.ObjectOutputStream.writeObject(ObjectOutputStream.java:348)
	at java.util.LinkedHashMap.internalWriteEntries(LinkedHashMap.java:333)
	at java.util.HashMap.writeObject(HashMap.java:1362)
	at sun.reflect.GeneratedMethodAccessor71.invoke(Unknown Source)
	at sun.reflect.DelegatingMethodAccessorImpl.invoke(DelegatingMethodAccessorImpl.java:43)
	at java.lang.reflect.Method.invoke(Method.java:498)
	at java.io.ObjectStreamClass.invokeWriteObject(ObjectStreamClass.java:1028)
	at java.io.ObjectOutputStream.writeSerialData(ObjectOutputStream.java:1496)
	at java.io.ObjectOutputStream.writeOrdinaryObject(ObjectOutputStream.java:1432)
	at java.io.ObjectOutputStream.writeObject0(ObjectOutputStream.java:1178)
	at java.io.ObjectOutputStream.defaultWriteFields(ObjectOutputStream.java:1548)
	at java.io.ObjectOutputStream.defaultWriteObject(ObjectOutputStream.java:441)
	at java.util.Collections$SynchronizedMap.writeObject(Collections.java:2691)
	at sun.reflect.NativeMethodAccessorImpl.invoke0(Native Method)
	at sun.reflect.NativeMethodAccessorImpl.invoke(NativeMethodAccessorImpl.java:62)
	at sun.reflect.DelegatingMethodAccessorImpl.invoke(DelegatingMethodAccessorImpl.java:43)
	at java.lang.reflect.Method.invoke(Method.java:498)
	at java.io.ObjectStreamClass.invokeWriteObject(ObjectStreamClass.java:1028)
	at java.io.ObjectOutputStream.writeSerialData(ObjectOutputStream.java:1496)
	at java.io.ObjectOutputStream.writeOrdinaryObject(ObjectOutputStream.java:1432)
	at java.io.ObjectOutputStream.writeObject0(ObjectOutputStream.java:1178)
	at java.io.ObjectOutputStream.writeObject(ObjectOutputStream.java:348)
	at org.apache.catalina.session.StandardSession.doWriteObject(StandardSession.java:1715)
	at org.apache.catalina.session.StandardSession.writeObjectData(StandardSession.java:1107)
	at org.apache.catalina.session.StandardManager.doUnload(StandardManager.java:315)
	at org.apache.catalina.session.StandardManager.unload(StandardManager.java:265)
	at org.apache.catalina.session.StandardManager.stopInternal(StandardManager.java:384)
	at org.apache.catalina.util.LifecycleBase.stop(LifecycleBase.java:221)
	at org.apache.catalina.core.StandardContext.stopInternal(StandardContext.java:5582)
	at org.apache.catalina.util.LifecycleBase.stop(LifecycleBase.java:221)
	at org.apache.catalina.core.StandardContext.reload(StandardContext.java:3900)
	at org.apache.catalina.manager.ManagerServlet.reload(ManagerServlet.java:1007)
	at org.apache.catalina.manager.ManagerServlet.doGet(ManagerServlet.java:351)
	at javax.servlet.http.HttpServlet.service(HttpServlet.java:622)
	at javax.servlet.http.HttpServlet.service(HttpServlet.java:729)
	at org.apache.catalina.core.ApplicationFilterChain.internalDoFilter(ApplicationFilterChain.java:292)
	at org.apache.catalina.core.ApplicationFilterChain.doFilter(ApplicationFilterChain.java:207)
	at org.apache.tomcat.websocket.server.WsFilter.doFilter(WsFilter.java:52)
	at org.apache.catalina.core.ApplicationFilterChain.internalDoFilter(ApplicationFilterChain.java:240)
	at org.apache.catalina.core.ApplicationFilterChain.doFilter(ApplicationFilterChain.java:207)
	at org.apache.catalina.filters.SetCharacterEncodingFilter.doFilter(SetCharacterEncodingFilter.java:109)
	at org.apache.catalina.core.ApplicationFilterChain.internalDoFilter(ApplicationFilterChain.java:240)
	at org.apache.catalina.core.ApplicationFilterChain.doFilter(ApplicationFilterChain.java:207)
	at org.apache.catalina.core.StandardWrapperValve.invoke(StandardWrapperValve.java:212)
	at org.apache.catalina.core.StandardContextValve.invoke(StandardContextValve.java:94)
	at org.apache.catalina.authenticator.AuthenticatorBase.invoke(AuthenticatorBase.java:604)
	at org.apache.catalina.core.StandardHostValve.invoke(StandardHostValve.java:141)
	at org.apache.catalina.valves.ErrorReportValve.invoke(ErrorReportValve.java:80)
	at org.apache.catalina.valves.AbstractAccessLogValve.invoke(AbstractAccessLogValve.java:620)
	at org.apache.catalina.core.StandardEngineValve.invoke(StandardEngineValve.java:88)
	at org.apache.catalina.connector.CoyoteAdapter.service(CoyoteAdapter.java:502)
	at org.apache.coyote.http11.AbstractHttp11Processor.process(AbstractHttp11Processor.java:1152)
	at org.apache.coyote.AbstractProtocol$AbstractConnectionHandler.process(AbstractProtocol.java:684)
	at org.apache.tomcat.util.net.AprEndpoint$SocketProcessor.doRun(AprEndpoint.java:2527)
	at org.apache.tomcat.util.net.AprEndpoint$SocketProcessor.run(AprEndpoint.java:2516)
	at java.util.concurrent.ThreadPoolExecutor.runWorker(ThreadPoolExecutor.java:1142)
	at java.util.concurrent.ThreadPoolExecutor$Worker.run(ThreadPoolExecutor.java:617)
	at org.apache.tomcat.util.threads.TaskThread$WrappingRunnable.run(TaskThread.java:61)
	at java.lang.Thread.run(Thread.java:745)

29-Nov-2019 23:34:21.303 ADVERTÊNCIA [http-apr-8080-exec-25] org.apache.catalina.session.StandardSession.doReadObject Cannot deserialize session attribute com.sun.faces.application.view.activeViewMaps for session 6EB3ED3E97373A615240E424DE4DD4D8
29-Nov-2019 23:34:21.307 INFORMAÇÕES [http-apr-8080-exec-25] org.apache.catalina.core.ApplicationContext.log DiretorAuth:Initializing filter
29-Nov-2019 23:34:21.311 INFORMAÇÕES [http-apr-8080-exec-25] org.apache.catalina.core.ApplicationContext.log Auth:Initializing filter
29-Nov-2019 23:34:21.311 INFORMAÇÕES [http-apr-8080-exec-25] org.apache.catalina.core.ApplicationContext.log FuncionarioAuth:Initializing filter
29-Nov-2019 23:34:21.315 INFORMAÇÕES [http-apr-8080-exec-25] org.apache.catalina.core.ApplicationContext.log PedagogoAuth:Initializing filter
29-Nov-2019 23:34:21.315 INFORMAÇÕES [http-apr-8080-exec-25] org.apache.catalina.core.ApplicationContext.log AdminstradorAuth:Initializing filter
29-Nov-2019 23:34:51.072 INFORMAÇÕES [http-apr-8080-exec-31] org.apache.catalina.core.ApplicationContext.log DiretorAuth:Initializing filter
29-Nov-2019 23:34:51.076 INFORMAÇÕES [http-apr-8080-exec-31] org.apache.catalina.core.ApplicationContext.log Auth:Initializing filter
29-Nov-2019 23:34:51.076 INFORMAÇÕES [http-apr-8080-exec-31] org.apache.catalina.core.ApplicationContext.log FuncionarioAuth:Initializing filter
29-Nov-2019 23:34:51.080 INFORMAÇÕES [http-apr-8080-exec-31] org.apache.catalina.core.ApplicationContext.log PedagogoAuth:Initializing filter
29-Nov-2019 23:34:51.080 INFORMAÇÕES [http-apr-8080-exec-31] org.apache.catalina.core.ApplicationContext.log AdminstradorAuth:Initializing filter
29-Nov-2019 23:50:14.302 ADVERTÊNCIA [http-apr-8080-exec-41] org.apache.catalina.session.StandardSession.doWriteObject Cannot serialize session attribute aluno for session 6EB3ED3E97373A615240E424DE4DD4D8
 java.io.NotSerializableException: br.com.argus.model.Curriculo
	at java.io.ObjectOutputStream.writeObject0(ObjectOutputStream.java:1184)
	at java.io.ObjectOutputStream.defaultWriteFields(ObjectOutputStream.java:1548)
	at java.io.ObjectOutputStream.writeSerialData(ObjectOutputStream.java:1509)
	at java.io.ObjectOutputStream.writeOrdinaryObject(ObjectOutputStream.java:1432)
	at java.io.ObjectOutputStream.writeObject0(ObjectOutputStream.java:1178)
	at java.io.ObjectOutputStream.defaultWriteFields(ObjectOutputStream.java:1548)
	at java.io.ObjectOutputStream.writeSerialData(ObjectOutputStream.java:1509)
	at java.io.ObjectOutputStream.writeOrdinaryObject(ObjectOutputStream.java:1432)
	at java.io.ObjectOutputStream.writeObject0(ObjectOutputStream.java:1178)
	at java.io.ObjectOutputStream.writeObject(ObjectOutputStream.java:348)
	at org.apache.catalina.session.StandardSession.doWriteObject(StandardSession.java:1715)
	at org.apache.catalina.session.StandardSession.writeObjectData(StandardSession.java:1107)
	at org.apache.catalina.session.StandardManager.doUnload(StandardManager.java:315)
	at org.apache.catalina.session.StandardManager.unload(StandardManager.java:265)
	at org.apache.catalina.session.StandardManager.stopInternal(StandardManager.java:384)
	at org.apache.catalina.util.LifecycleBase.stop(LifecycleBase.java:221)
	at org.apache.catalina.core.StandardContext.stopInternal(StandardContext.java:5582)
	at org.apache.catalina.util.LifecycleBase.stop(LifecycleBase.java:221)
	at org.apache.catalina.core.StandardContext.reload(StandardContext.java:3900)
	at org.apache.catalina.manager.ManagerServlet.reload(ManagerServlet.java:1007)
	at org.apache.catalina.manager.ManagerServlet.doGet(ManagerServlet.java:351)
	at javax.servlet.http.HttpServlet.service(HttpServlet.java:622)
	at javax.servlet.http.HttpServlet.service(HttpServlet.java:729)
	at org.apache.catalina.core.ApplicationFilterChain.internalDoFilter(ApplicationFilterChain.java:292)
	at org.apache.catalina.core.ApplicationFilterChain.doFilter(ApplicationFilterChain.java:207)
	at org.apache.tomcat.websocket.server.WsFilter.doFilter(WsFilter.java:52)
	at org.apache.catalina.core.ApplicationFilterChain.internalDoFilter(ApplicationFilterChain.java:240)
	at org.apache.catalina.core.ApplicationFilterChain.doFilter(ApplicationFilterChain.java:207)
	at org.apache.catalina.filters.SetCharacterEncodingFilter.doFilter(SetCharacterEncodingFilter.java:109)
	at org.apache.catalina.core.ApplicationFilterChain.internalDoFilter(ApplicationFilterChain.java:240)
	at org.apache.catalina.core.ApplicationFilterChain.doFilter(ApplicationFilterChain.java:207)
	at org.apache.catalina.core.StandardWrapperValve.invoke(StandardWrapperValve.java:212)
	at org.apache.catalina.core.StandardContextValve.invoke(StandardContextValve.java:94)
	at org.apache.catalina.authenticator.AuthenticatorBase.invoke(AuthenticatorBase.java:604)
	at org.apache.catalina.core.StandardHostValve.invoke(StandardHostValve.java:141)
	at org.apache.catalina.valves.ErrorReportValve.invoke(ErrorReportValve.java:80)
	at org.apache.catalina.valves.AbstractAccessLogValve.invoke(AbstractAccessLogValve.java:620)
	at org.apache.catalina.core.StandardEngineValve.invoke(StandardEngineValve.java:88)
	at org.apache.catalina.connector.CoyoteAdapter.service(CoyoteAdapter.java:502)
	at org.apache.coyote.http11.AbstractHttp11Processor.process(AbstractHttp11Processor.java:1152)
	at org.apache.coyote.AbstractProtocol$AbstractConnectionHandler.process(AbstractProtocol.java:684)
	at org.apache.tomcat.util.net.AprEndpoint$SocketProcessor.doRun(AprEndpoint.java:2527)
	at org.apache.tomcat.util.net.AprEndpoint$SocketProcessor.run(AprEndpoint.java:2516)
	at java.util.concurrent.ThreadPoolExecutor.runWorker(ThreadPoolExecutor.java:1142)
	at java.util.concurrent.ThreadPoolExecutor$Worker.run(ThreadPoolExecutor.java:617)
	at org.apache.tomcat.util.threads.TaskThread$WrappingRunnable.run(TaskThread.java:61)
	at java.lang.Thread.run(Thread.java:745)

29-Nov-2019 23:50:14.326 ADVERTÊNCIA [http-apr-8080-exec-41] org.apache.catalina.session.StandardSession.doWriteObject Cannot serialize session attribute com.sun.faces.application.view.activeViewMaps for session 6EB3ED3E97373A615240E424DE4DD4D8
 java.io.NotSerializableException: br.com.argus.model.Curriculo
	at java.io.ObjectOutputStream.writeObject0(ObjectOutputStream.java:1184)
	at java.io.ObjectOutputStream.writeObject(ObjectOutputStream.java:348)
	at java.util.ArrayList.writeObject(ArrayList.java:762)
	at sun.reflect.GeneratedMethodAccessor120.invoke(Unknown Source)
	at sun.reflect.DelegatingMethodAccessorImpl.invoke(DelegatingMethodAccessorImpl.java:43)
	at java.lang.reflect.Method.invoke(Method.java:498)
	at java.io.ObjectStreamClass.invokeWriteObject(ObjectStreamClass.java:1028)
	at java.io.ObjectOutputStream.writeSerialData(ObjectOutputStream.java:1496)
	at java.io.ObjectOutputStream.writeOrdinaryObject(ObjectOutputStream.java:1432)
	at java.io.ObjectOutputStream.writeObject0(ObjectOutputStream.java:1178)
	at java.io.ObjectOutputStream.defaultWriteFields(ObjectOutputStream.java:1548)
	at java.io.ObjectOutputStream.writeSerialData(ObjectOutputStream.java:1509)
	at java.io.ObjectOutputStream.writeOrdinaryObject(ObjectOutputStream.java:1432)
	at java.io.ObjectOutputStream.writeObject0(ObjectOutputStream.java:1178)
	at java.io.ObjectOutputStream.writeObject(ObjectOutputStream.java:348)
	at java.util.HashMap.internalWriteEntries(HashMap.java:1785)
	at java.util.HashMap.writeObject(HashMap.java:1362)
	at sun.reflect.GeneratedMethodAccessor86.invoke(Unknown Source)
	at sun.reflect.DelegatingMethodAccessorImpl.invoke(DelegatingMethodAccessorImpl.java:43)
	at java.lang.reflect.Method.invoke(Method.java:498)
	at java.io.ObjectStreamClass.invokeWriteObject(ObjectStreamClass.java:1028)
	at java.io.ObjectOutputStream.writeSerialData(ObjectOutputStream.java:1496)
	at java.io.ObjectOutputStream.writeOrdinaryObject(ObjectOutputStream.java:1432)
	at java.io.ObjectOutputStream.writeObject0(ObjectOutputStream.java:1178)
	at java.io.ObjectOutputStream.writeObject(ObjectOutputStream.java:348)
	at java.util.LinkedHashMap.internalWriteEntries(LinkedHashMap.java:333)
	at java.util.HashMap.writeObject(HashMap.java:1362)
	at sun.reflect.GeneratedMethodAccessor86.invoke(Unknown Source)
	at sun.reflect.DelegatingMethodAccessorImpl.invoke(DelegatingMethodAccessorImpl.java:43)
	at java.lang.reflect.Method.invoke(Method.java:498)
	at java.io.ObjectStreamClass.invokeWriteObject(ObjectStreamClass.java:1028)
	at java.io.ObjectOutputStream.writeSerialData(ObjectOutputStream.java:1496)
	at java.io.ObjectOutputStream.writeOrdinaryObject(ObjectOutputStream.java:1432)
	at java.io.ObjectOutputStream.writeObject0(ObjectOutputStream.java:1178)
	at java.io.ObjectOutputStream.defaultWriteFields(ObjectOutputStream.java:1548)
	at java.io.ObjectOutputStream.defaultWriteObject(ObjectOutputStream.java:441)
	at java.util.Collections$SynchronizedMap.writeObject(Collections.java:2691)
	at sun.reflect.NativeMethodAccessorImpl.invoke0(Native Method)
	at sun.reflect.NativeMethodAccessorImpl.invoke(NativeMethodAccessorImpl.java:62)
	at sun.reflect.DelegatingMethodAccessorImpl.invoke(DelegatingMethodAccessorImpl.java:43)
	at java.lang.reflect.Method.invoke(Method.java:498)
	at java.io.ObjectStreamClass.invokeWriteObject(ObjectStreamClass.java:1028)
	at java.io.ObjectOutputStream.writeSerialData(ObjectOutputStream.java:1496)
	at java.io.ObjectOutputStream.writeOrdinaryObject(ObjectOutputStream.java:1432)
	at java.io.ObjectOutputStream.writeObject0(ObjectOutputStream.java:1178)
	at java.io.ObjectOutputStream.writeObject(ObjectOutputStream.java:348)
	at org.apache.catalina.session.StandardSession.doWriteObject(StandardSession.java:1715)
	at org.apache.catalina.session.StandardSession.writeObjectData(StandardSession.java:1107)
	at org.apache.catalina.session.StandardManager.doUnload(StandardManager.java:315)
	at org.apache.catalina.session.StandardManager.unload(StandardManager.java:265)
	at org.apache.catalina.session.StandardManager.stopInternal(StandardManager.java:384)
	at org.apache.catalina.util.LifecycleBase.stop(LifecycleBase.java:221)
	at org.apache.catalina.core.StandardContext.stopInternal(StandardContext.java:5582)
	at org.apache.catalina.util.LifecycleBase.stop(LifecycleBase.java:221)
	at org.apache.catalina.core.StandardContext.reload(StandardContext.java:3900)
	at org.apache.catalina.manager.ManagerServlet.reload(ManagerServlet.java:1007)
	at org.apache.catalina.manager.ManagerServlet.doGet(ManagerServlet.java:351)
	at javax.servlet.http.HttpServlet.service(HttpServlet.java:622)
	at javax.servlet.http.HttpServlet.service(HttpServlet.java:729)
	at org.apache.catalina.core.ApplicationFilterChain.internalDoFilter(ApplicationFilterChain.java:292)
	at org.apache.catalina.core.ApplicationFilterChain.doFilter(ApplicationFilterChain.java:207)
	at org.apache.tomcat.websocket.server.WsFilter.doFilter(WsFilter.java:52)
	at org.apache.catalina.core.ApplicationFilterChain.internalDoFilter(ApplicationFilterChain.java:240)
	at org.apache.catalina.core.ApplicationFilterChain.doFilter(ApplicationFilterChain.java:207)
	at org.apache.catalina.filters.SetCharacterEncodingFilter.doFilter(SetCharacterEncodingFilter.java:109)
	at org.apache.catalina.core.ApplicationFilterChain.internalDoFilter(ApplicationFilterChain.java:240)
	at org.apache.catalina.core.ApplicationFilterChain.doFilter(ApplicationFilterChain.java:207)
	at org.apache.catalina.core.StandardWrapperValve.invoke(StandardWrapperValve.java:212)
	at org.apache.catalina.core.StandardContextValve.invoke(StandardContextValve.java:94)
	at org.apache.catalina.authenticator.AuthenticatorBase.invoke(AuthenticatorBase.java:604)
	at org.apache.catalina.core.StandardHostValve.invoke(StandardHostValve.java:141)
	at org.apache.catalina.valves.ErrorReportValve.invoke(ErrorReportValve.java:80)
	at org.apache.catalina.valves.AbstractAccessLogValve.invoke(AbstractAccessLogValve.java:620)
	at org.apache.catalina.core.StandardEngineValve.invoke(StandardEngineValve.java:88)
	at org.apache.catalina.connector.CoyoteAdapter.service(CoyoteAdapter.java:502)
	at org.apache.coyote.http11.AbstractHttp11Processor.process(AbstractHttp11Processor.java:1152)
	at org.apache.coyote.AbstractProtocol$AbstractConnectionHandler.process(AbstractProtocol.java:684)
	at org.apache.tomcat.util.net.AprEndpoint$SocketProcessor.doRun(AprEndpoint.java:2527)
	at org.apache.tomcat.util.net.AprEndpoint$SocketProcessor.run(AprEndpoint.java:2516)
	at java.util.concurrent.ThreadPoolExecutor.runWorker(ThreadPoolExecutor.java:1142)
	at java.util.concurrent.ThreadPoolExecutor$Worker.run(ThreadPoolExecutor.java:617)
	at org.apache.tomcat.util.threads.TaskThread$WrappingRunnable.run(TaskThread.java:61)
	at java.lang.Thread.run(Thread.java:745)

29-Nov-2019 23:50:44.888 ADVERTÊNCIA [http-apr-8080-exec-41] org.apache.catalina.session.StandardSession.doReadObject Cannot deserialize session attribute aluno for session 6EB3ED3E97373A615240E424DE4DD4D8
29-Nov-2019 23:50:44.928 INFORMAÇÕES [http-apr-8080-exec-41] org.apache.catalina.core.ApplicationContext.log DiretorAuth:Initializing filter
29-Nov-2019 23:50:44.932 INFORMAÇÕES [http-apr-8080-exec-41] org.apache.catalina.core.ApplicationContext.log Auth:Initializing filter
29-Nov-2019 23:50:44.932 INFORMAÇÕES [http-apr-8080-exec-41] org.apache.catalina.core.ApplicationContext.log FuncionarioAuth:Initializing filter
29-Nov-2019 23:50:44.932 INFORMAÇÕES [http-apr-8080-exec-41] org.apache.catalina.core.ApplicationContext.log PedagogoAuth:Initializing filter
29-Nov-2019 23:50:44.936 INFORMAÇÕES [http-apr-8080-exec-41] org.apache.catalina.core.ApplicationContext.log AdminstradorAuth:Initializing filter
29-Nov-2019 23:51:25.945 INFORMAÇÕES [http-apr-8080-exec-43] org.apache.catalina.core.ApplicationContext.log DiretorAuth:Initializing filter
29-Nov-2019 23:51:25.945 INFORMAÇÕES [http-apr-8080-exec-43] org.apache.catalina.core.ApplicationContext.log Auth:Initializing filter
29-Nov-2019 23:51:25.949 INFORMAÇÕES [http-apr-8080-exec-43] org.apache.catalina.core.ApplicationContext.log FuncionarioAuth:Initializing filter
29-Nov-2019 23:51:25.949 INFORMAÇÕES [http-apr-8080-exec-43] org.apache.catalina.core.ApplicationContext.log PedagogoAuth:Initializing filter
29-Nov-2019 23:51:25.949 INFORMAÇÕES [http-apr-8080-exec-43] org.apache.catalina.core.ApplicationContext.log AdminstradorAuth:Initializing filter
29-Nov-2019 23:51:56.424 INFORMAÇÕES [http-apr-8080-exec-47] org.apache.catalina.core.ApplicationContext.log DiretorAuth:Initializing filter
29-Nov-2019 23:51:56.424 INFORMAÇÕES [http-apr-8080-exec-47] org.apache.catalina.core.ApplicationContext.log Auth:Initializing filter
29-Nov-2019 23:51:56.448 INFORMAÇÕES [http-apr-8080-exec-47] org.apache.catalina.core.ApplicationContext.log FuncionarioAuth:Initializing filter
29-Nov-2019 23:51:56.452 INFORMAÇÕES [http-apr-8080-exec-47] org.apache.catalina.core.ApplicationContext.log PedagogoAuth:Initializing filter
29-Nov-2019 23:51:56.452 INFORMAÇÕES [http-apr-8080-exec-47] org.apache.catalina.core.ApplicationContext.log AdminstradorAuth:Initializing filter
29-Nov-2019 23:52:20.663 INFORMAÇÕES [http-apr-8080-exec-51] org.apache.catalina.core.ApplicationContext.log DiretorAuth:Initializing filter
29-Nov-2019 23:52:20.667 INFORMAÇÕES [http-apr-8080-exec-51] org.apache.catalina.core.ApplicationContext.log Auth:Initializing filter
29-Nov-2019 23:52:20.671 INFORMAÇÕES [http-apr-8080-exec-51] org.apache.catalina.core.ApplicationContext.log FuncionarioAuth:Initializing filter
29-Nov-2019 23:52:20.671 INFORMAÇÕES [http-apr-8080-exec-51] org.apache.catalina.core.ApplicationContext.log PedagogoAuth:Initializing filter
29-Nov-2019 23:52:20.671 INFORMAÇÕES [http-apr-8080-exec-51] org.apache.catalina.core.ApplicationContext.log AdminstradorAuth:Initializing filter
29-Nov-2019 23:58:17.153 ADVERTÊNCIA [http-apr-8080-exec-53] org.apache.catalina.session.StandardSession.doWriteObject Cannot serialize session attribute aluno for session D87553A7FC126C64DA0AD9567BAFC65F
 java.io.NotSerializableException: br.com.argus.model.Curriculo
	at java.io.ObjectOutputStream.writeObject0(ObjectOutputStream.java:1184)
	at java.io.ObjectOutputStream.defaultWriteFields(ObjectOutputStream.java:1548)
	at java.io.ObjectOutputStream.writeSerialData(ObjectOutputStream.java:1509)
	at java.io.ObjectOutputStream.writeOrdinaryObject(ObjectOutputStream.java:1432)
	at java.io.ObjectOutputStream.writeObject0(ObjectOutputStream.java:1178)
	at java.io.ObjectOutputStream.defaultWriteFields(ObjectOutputStream.java:1548)
	at java.io.ObjectOutputStream.writeSerialData(ObjectOutputStream.java:1509)
	at java.io.ObjectOutputStream.writeOrdinaryObject(ObjectOutputStream.java:1432)
	at java.io.ObjectOutputStream.writeObject0(ObjectOutputStream.java:1178)
	at java.io.ObjectOutputStream.writeObject(ObjectOutputStream.java:348)
	at org.apache.catalina.session.StandardSession.doWriteObject(StandardSession.java:1715)
	at org.apache.catalina.session.StandardSession.writeObjectData(StandardSession.java:1107)
	at org.apache.catalina.session.StandardManager.doUnload(StandardManager.java:315)
	at org.apache.catalina.session.StandardManager.unload(StandardManager.java:265)
	at org.apache.catalina.session.StandardManager.stopInternal(StandardManager.java:384)
	at org.apache.catalina.util.LifecycleBase.stop(LifecycleBase.java:221)
	at org.apache.catalina.core.StandardContext.stopInternal(StandardContext.java:5582)
	at org.apache.catalina.util.LifecycleBase.stop(LifecycleBase.java:221)
	at org.apache.catalina.core.StandardContext.reload(StandardContext.java:3900)
	at org.apache.catalina.manager.ManagerServlet.reload(ManagerServlet.java:1007)
	at org.apache.catalina.manager.ManagerServlet.doGet(ManagerServlet.java:351)
	at javax.servlet.http.HttpServlet.service(HttpServlet.java:622)
	at javax.servlet.http.HttpServlet.service(HttpServlet.java:729)
	at org.apache.catalina.core.ApplicationFilterChain.internalDoFilter(ApplicationFilterChain.java:292)
	at org.apache.catalina.core.ApplicationFilterChain.doFilter(ApplicationFilterChain.java:207)
	at org.apache.tomcat.websocket.server.WsFilter.doFilter(WsFilter.java:52)
	at org.apache.catalina.core.ApplicationFilterChain.internalDoFilter(ApplicationFilterChain.java:240)
	at org.apache.catalina.core.ApplicationFilterChain.doFilter(ApplicationFilterChain.java:207)
	at org.apache.catalina.filters.SetCharacterEncodingFilter.doFilter(SetCharacterEncodingFilter.java:109)
	at org.apache.catalina.core.ApplicationFilterChain.internalDoFilter(ApplicationFilterChain.java:240)
	at org.apache.catalina.core.ApplicationFilterChain.doFilter(ApplicationFilterChain.java:207)
	at org.apache.catalina.core.StandardWrapperValve.invoke(StandardWrapperValve.java:212)
	at org.apache.catalina.core.StandardContextValve.invoke(StandardContextValve.java:94)
	at org.apache.catalina.authenticator.AuthenticatorBase.invoke(AuthenticatorBase.java:604)
	at org.apache.catalina.core.StandardHostValve.invoke(StandardHostValve.java:141)
	at org.apache.catalina.valves.ErrorReportValve.invoke(ErrorReportValve.java:80)
	at org.apache.catalina.valves.AbstractAccessLogValve.invoke(AbstractAccessLogValve.java:620)
	at org.apache.catalina.core.StandardEngineValve.invoke(StandardEngineValve.java:88)
	at org.apache.catalina.connector.CoyoteAdapter.service(CoyoteAdapter.java:502)
	at org.apache.coyote.http11.AbstractHttp11Processor.process(AbstractHttp11Processor.java:1152)
	at org.apache.coyote.AbstractProtocol$AbstractConnectionHandler.process(AbstractProtocol.java:684)
	at org.apache.tomcat.util.net.AprEndpoint$SocketProcessor.doRun(AprEndpoint.java:2527)
	at org.apache.tomcat.util.net.AprEndpoint$SocketProcessor.run(AprEndpoint.java:2516)
	at java.util.concurrent.ThreadPoolExecutor.runWorker(ThreadPoolExecutor.java:1142)
	at java.util.concurrent.ThreadPoolExecutor$Worker.run(ThreadPoolExecutor.java:617)
	at org.apache.tomcat.util.threads.TaskThread$WrappingRunnable.run(TaskThread.java:61)
	at java.lang.Thread.run(Thread.java:745)

29-Nov-2019 23:58:17.169 ADVERTÊNCIA [http-apr-8080-exec-53] org.apache.catalina.session.StandardSession.doWriteObject Cannot serialize session attribute com.sun.faces.application.view.activeViewMaps for session D87553A7FC126C64DA0AD9567BAFC65F
 java.io.NotSerializableException: br.com.argus.model.Curriculo
	at java.io.ObjectOutputStream.writeObject0(ObjectOutputStream.java:1184)
	at java.io.ObjectOutputStream.defaultWriteFields(ObjectOutputStream.java:1548)
	at java.io.ObjectOutputStream.writeSerialData(ObjectOutputStream.java:1509)
	at java.io.ObjectOutputStream.writeOrdinaryObject(ObjectOutputStream.java:1432)
	at java.io.ObjectOutputStream.writeObject0(ObjectOutputStream.java:1178)
	at java.io.ObjectOutputStream.writeObject(ObjectOutputStream.java:348)
	at java.util.ArrayList.writeObject(ArrayList.java:762)
	at sun.reflect.GeneratedMethodAccessor120.invoke(Unknown Source)
	at sun.reflect.DelegatingMethodAccessorImpl.invoke(DelegatingMethodAccessorImpl.java:43)
	at java.lang.reflect.Method.invoke(Method.java:498)
	at java.io.ObjectStreamClass.invokeWriteObject(ObjectStreamClass.java:1028)
	at java.io.ObjectOutputStream.writeSerialData(ObjectOutputStream.java:1496)
	at java.io.ObjectOutputStream.writeOrdinaryObject(ObjectOutputStream.java:1432)
	at java.io.ObjectOutputStream.writeObject0(ObjectOutputStream.java:1178)
	at java.io.ObjectOutputStream.defaultWriteFields(ObjectOutputStream.java:1548)
	at java.io.ObjectOutputStream.writeSerialData(ObjectOutputStream.java:1509)
	at java.io.ObjectOutputStream.writeOrdinaryObject(ObjectOutputStream.java:1432)
	at java.io.ObjectOutputStream.writeObject0(ObjectOutputStream.java:1178)
	at java.io.ObjectOutputStream.writeObject(ObjectOutputStream.java:348)
	at java.util.HashMap.internalWriteEntries(HashMap.java:1785)
	at java.util.HashMap.writeObject(HashMap.java:1362)
	at sun.reflect.GeneratedMethodAccessor86.invoke(Unknown Source)
	at sun.reflect.DelegatingMethodAccessorImpl.invoke(DelegatingMethodAccessorImpl.java:43)
	at java.lang.reflect.Method.invoke(Method.java:498)
	at java.io.ObjectStreamClass.invokeWriteObject(ObjectStreamClass.java:1028)
	at java.io.ObjectOutputStream.writeSerialData(ObjectOutputStream.java:1496)
	at java.io.ObjectOutputStream.writeOrdinaryObject(ObjectOutputStream.java:1432)
	at java.io.ObjectOutputStream.writeObject0(ObjectOutputStream.java:1178)
	at java.io.ObjectOutputStream.writeObject(ObjectOutputStream.java:348)
	at java.util.LinkedHashMap.internalWriteEntries(LinkedHashMap.java:333)
	at java.util.HashMap.writeObject(HashMap.java:1362)
	at sun.reflect.GeneratedMethodAccessor86.invoke(Unknown Source)
	at sun.reflect.DelegatingMethodAccessorImpl.invoke(DelegatingMethodAccessorImpl.java:43)
	at java.lang.reflect.Method.invoke(Method.java:498)
	at java.io.ObjectStreamClass.invokeWriteObject(ObjectStreamClass.java:1028)
	at java.io.ObjectOutputStream.writeSerialData(ObjectOutputStream.java:1496)
	at java.io.ObjectOutputStream.writeOrdinaryObject(ObjectOutputStream.java:1432)
	at java.io.ObjectOutputStream.writeObject0(ObjectOutputStream.java:1178)
	at java.io.ObjectOutputStream.defaultWriteFields(ObjectOutputStream.java:1548)
	at java.io.ObjectOutputStream.defaultWriteObject(ObjectOutputStream.java:441)
	at java.util.Collections$SynchronizedMap.writeObject(Collections.java:2691)
	at sun.reflect.NativeMethodAccessorImpl.invoke0(Native Method)
	at sun.reflect.NativeMethodAccessorImpl.invoke(NativeMethodAccessorImpl.java:62)
	at sun.reflect.DelegatingMethodAccessorImpl.invoke(DelegatingMethodAccessorImpl.java:43)
	at java.lang.reflect.Method.invoke(Method.java:498)
	at java.io.ObjectStreamClass.invokeWriteObject(ObjectStreamClass.java:1028)
	at java.io.ObjectOutputStream.writeSerialData(ObjectOutputStream.java:1496)
	at java.io.ObjectOutputStream.writeOrdinaryObject(ObjectOutputStream.java:1432)
	at java.io.ObjectOutputStream.writeObject0(ObjectOutputStream.java:1178)
	at java.io.ObjectOutputStream.writeObject(ObjectOutputStream.java:348)
	at org.apache.catalina.session.StandardSession.doWriteObject(StandardSession.java:1715)
	at org.apache.catalina.session.StandardSession.writeObjectData(StandardSession.java:1107)
	at org.apache.catalina.session.StandardManager.doUnload(StandardManager.java:315)
	at org.apache.catalina.session.StandardManager.unload(StandardManager.java:265)
	at org.apache.catalina.session.StandardManager.stopInternal(StandardManager.java:384)
	at org.apache.catalina.util.LifecycleBase.stop(LifecycleBase.java:221)
	at org.apache.catalina.core.StandardContext.stopInternal(StandardContext.java:5582)
	at org.apache.catalina.util.LifecycleBase.stop(LifecycleBase.java:221)
	at org.apache.catalina.core.StandardContext.reload(StandardContext.java:3900)
	at org.apache.catalina.manager.ManagerServlet.reload(ManagerServlet.java:1007)
	at org.apache.catalina.manager.ManagerServlet.doGet(ManagerServlet.java:351)
	at javax.servlet.http.HttpServlet.service(HttpServlet.java:622)
	at javax.servlet.http.HttpServlet.service(HttpServlet.java:729)
	at org.apache.catalina.core.ApplicationFilterChain.internalDoFilter(ApplicationFilterChain.java:292)
	at org.apache.catalina.core.ApplicationFilterChain.doFilter(ApplicationFilterChain.java:207)
	at org.apache.tomcat.websocket.server.WsFilter.doFilter(WsFilter.java:52)
	at org.apache.catalina.core.ApplicationFilterChain.internalDoFilter(ApplicationFilterChain.java:240)
	at org.apache.catalina.core.ApplicationFilterChain.doFilter(ApplicationFilterChain.java:207)
	at org.apache.catalina.filters.SetCharacterEncodingFilter.doFilter(SetCharacterEncodingFilter.java:109)
	at org.apache.catalina.core.ApplicationFilterChain.internalDoFilter(ApplicationFilterChain.java:240)
	at org.apache.catalina.core.ApplicationFilterChain.doFilter(ApplicationFilterChain.java:207)
	at org.apache.catalina.core.StandardWrapperValve.invoke(StandardWrapperValve.java:212)
	at org.apache.catalina.core.StandardContextValve.invoke(StandardContextValve.java:94)
	at org.apache.catalina.authenticator.AuthenticatorBase.invoke(AuthenticatorBase.java:604)
	at org.apache.catalina.core.StandardHostValve.invoke(StandardHostValve.java:141)
	at org.apache.catalina.valves.ErrorReportValve.invoke(ErrorReportValve.java:80)
	at org.apache.catalina.valves.AbstractAccessLogValve.invoke(AbstractAccessLogValve.java:620)
	at org.apache.catalina.core.StandardEngineValve.invoke(StandardEngineValve.java:88)
	at org.apache.catalina.connector.CoyoteAdapter.service(CoyoteAdapter.java:502)
	at org.apache.coyote.http11.AbstractHttp11Processor.process(AbstractHttp11Processor.java:1152)
	at org.apache.coyote.AbstractProtocol$AbstractConnectionHandler.process(AbstractProtocol.java:684)
	at org.apache.tomcat.util.net.AprEndpoint$SocketProcessor.doRun(AprEndpoint.java:2527)
	at org.apache.tomcat.util.net.AprEndpoint$SocketProcessor.run(AprEndpoint.java:2516)
	at java.util.concurrent.ThreadPoolExecutor.runWorker(ThreadPoolExecutor.java:1142)
	at java.util.concurrent.ThreadPoolExecutor$Worker.run(ThreadPoolExecutor.java:617)
	at org.apache.tomcat.util.threads.TaskThread$WrappingRunnable.run(TaskThread.java:61)
	at java.lang.Thread.run(Thread.java:745)

29-Nov-2019 23:58:48.370 ADVERTÊNCIA [http-apr-8080-exec-53] org.apache.catalina.session.StandardSession.doReadObject Cannot deserialize session attribute aluno for session D87553A7FC126C64DA0AD9567BAFC65F
29-Nov-2019 23:58:48.394 INFORMAÇÕES [http-apr-8080-exec-53] org.apache.catalina.core.ApplicationContext.log DiretorAuth:Initializing filter
29-Nov-2019 23:58:48.394 INFORMAÇÕES [http-apr-8080-exec-53] org.apache.catalina.core.ApplicationContext.log Auth:Initializing filter
29-Nov-2019 23:58:48.398 INFORMAÇÕES [http-apr-8080-exec-53] org.apache.catalina.core.ApplicationContext.log FuncionarioAuth:Initializing filter
29-Nov-2019 23:58:48.402 INFORMAÇÕES [http-apr-8080-exec-53] org.apache.catalina.core.ApplicationContext.log PedagogoAuth:Initializing filter
29-Nov-2019 23:58:48.402 INFORMAÇÕES [http-apr-8080-exec-53] org.apache.catalina.core.ApplicationContext.log AdminstradorAuth:Initializing filter
29-Nov-2019 23:59:27.768 INFORMAÇÕES [http-apr-8080-exec-56] org.apache.catalina.core.ApplicationContext.log DiretorAuth:Initializing filter
29-Nov-2019 23:59:27.768 INFORMAÇÕES [http-apr-8080-exec-56] org.apache.catalina.core.ApplicationContext.log Auth:Initializing filter
29-Nov-2019 23:59:27.768 INFORMAÇÕES [http-apr-8080-exec-56] org.apache.catalina.core.ApplicationContext.log FuncionarioAuth:Initializing filter
29-Nov-2019 23:59:27.772 INFORMAÇÕES [http-apr-8080-exec-56] org.apache.catalina.core.ApplicationContext.log PedagogoAuth:Initializing filter
29-Nov-2019 23:59:27.780 INFORMAÇÕES [http-apr-8080-exec-56] org.apache.catalina.core.ApplicationContext.log AdminstradorAuth:Initializing filter
29-Nov-2019 23:59:50.266 INFORMAÇÕES [http-apr-8080-exec-64] org.apache.catalina.core.ApplicationContext.log DiretorAuth:Initializing filter
29-Nov-2019 23:59:50.266 INFORMAÇÕES [http-apr-8080-exec-64] org.apache.catalina.core.ApplicationContext.log Auth:Initializing filter
29-Nov-2019 23:59:50.270 INFORMAÇÕES [http-apr-8080-exec-64] org.apache.catalina.core.ApplicationContext.log FuncionarioAuth:Initializing filter
29-Nov-2019 23:59:50.270 INFORMAÇÕES [http-apr-8080-exec-64] org.apache.catalina.core.ApplicationContext.log PedagogoAuth:Initializing filter
29-Nov-2019 23:59:50.270 INFORMAÇÕES [http-apr-8080-exec-64] org.apache.catalina.core.ApplicationContext.log AdminstradorAuth:Initializing filter
