22-Nov-2019 10:52:43.814 ADVERTÊNCIA [localhost-startStop-1] org.apache.catalina.session.StandardSession.doReadObject Cannot deserialize session attribute com.sun.faces.application.view.activeViewMaps for session 3179EF6E694CD307E2DBC707A0D968B2
22-Nov-2019 10:52:43.891 INFORMAÇÕES [localhost-startStop-1] org.apache.catalina.core.ApplicationContext.log DiretorAuth:Initializing filter
22-Nov-2019 10:52:43.892 INFORMAÇÕES [localhost-startStop-1] org.apache.catalina.core.ApplicationContext.log Auth:Initializing filter
22-Nov-2019 10:52:43.894 INFORMAÇÕES [localhost-startStop-1] org.apache.catalina.core.ApplicationContext.log FuncionarioAuth:Initializing filter
22-Nov-2019 10:52:43.895 INFORMAÇÕES [localhost-startStop-1] org.apache.catalina.core.ApplicationContext.log PedagogoAuth:Initializing filter
22-Nov-2019 10:52:43.896 INFORMAÇÕES [localhost-startStop-1] org.apache.catalina.core.ApplicationContext.log AdminstradorAuth:Initializing filter
22-Nov-2019 10:52:46.741 INFORMAÇÕES [localhost-startStop-1] org.apache.catalina.core.ApplicationContext.log ContextListener: contextInitialized()
22-Nov-2019 10:52:46.757 INFORMAÇÕES [localhost-startStop-1] org.apache.catalina.core.ApplicationContext.log SessionListener: contextInitialized()
22-Nov-2019 10:52:46.757 INFORMAÇÕES [localhost-startStop-1] org.apache.catalina.core.ApplicationContext.log ContextListener: attributeAdded('StockTicker', 'async.Stockticker@fee51e3')
22-Nov-2019 10:53:53.324 INFORMAÇÕES [20] org.apache.catalina.core.ApplicationContext.log DiretorAuth:Initializing filter
22-Nov-2019 10:53:53.325 INFORMAÇÕES [20] org.apache.catalina.core.ApplicationContext.log Auth:Initializing filter
22-Nov-2019 10:53:53.326 INFORMAÇÕES [20] org.apache.catalina.core.ApplicationContext.log FuncionarioAuth:Initializing filter
22-Nov-2019 10:53:53.327 INFORMAÇÕES [20] org.apache.catalina.core.ApplicationContext.log PedagogoAuth:Initializing filter
22-Nov-2019 10:53:53.327 INFORMAÇÕES [20] org.apache.catalina.core.ApplicationContext.log AdminstradorAuth:Initializing filter
22-Nov-2019 10:56:33.687 GRAVE [http-apr-8080-exec-4] org.apache.catalina.core.StandardWrapperValve.invoke Servlet.service() for servlet [Faces Servlet] in context with path [] threw exception [javax.persistence.NoResultException: No entity found for query] with root cause
 javax.persistence.NoResultException: No entity found for query
	at org.hibernate.jpa.internal.QueryImpl.getSingleResult(QueryImpl.java:498)
	at br.com.argus.dao.UsuarioDAO.buscar(UsuarioDAO.java:27)
	at br.com.argus.bussiness.LoginUsuario.tipoUsuario(LoginUsuario.java:25)
	at br.com.argus.bean.LoginBean.logarNoSistema(LoginBean.java:30)
	at sun.reflect.NativeMethodAccessorImpl.invoke0(Native Method)
	at sun.reflect.NativeMethodAccessorImpl.invoke(NativeMethodAccessorImpl.java:62)
	at sun.reflect.DelegatingMethodAccessorImpl.invoke(DelegatingMethodAccessorImpl.java:43)
	at java.lang.reflect.Method.invoke(Method.java:498)
	at org.apache.el.parser.AstValue.invoke(AstValue.java:247)
	at org.apache.el.MethodExpressionImpl.invoke(MethodExpressionImpl.java:267)
	at com.sun.faces.facelets.el.TagMethodExpression.invoke(TagMethodExpression.java:105)
	at javax.faces.component.MethodBindingMethodExpressionAdapter.invoke(MethodBindingMethodExpressionAdapter.java:87)
	at com.sun.faces.application.ActionListenerImpl.processAction(ActionListenerImpl.java:102)
	at javax.faces.component.UICommand.broadcast(UICommand.java:315)
	at javax.faces.component.UIViewRoot.broadcastEvents(UIViewRoot.java:790)
	at javax.faces.component.UIViewRoot.processApplication(UIViewRoot.java:1282)
	at com.sun.faces.lifecycle.InvokeApplicationPhase.execute(InvokeApplicationPhase.java:81)
	at com.sun.faces.lifecycle.Phase.doPhase(Phase.java:101)
	at com.sun.faces.lifecycle.LifecycleImpl.execute(LifecycleImpl.java:198)
	at javax.faces.webapp.FacesServlet.service(FacesServlet.java:646)
	at org.apache.catalina.core.ApplicationFilterChain.internalDoFilter(ApplicationFilterChain.java:292)
	at org.apache.catalina.core.ApplicationFilterChain.doFilter(ApplicationFilterChain.java:207)
	at org.apache.tomcat.websocket.server.WsFilter.doFilter(WsFilter.java:52)
	at org.apache.catalina.core.ApplicationFilterChain.internalDoFilter(ApplicationFilterChain.java:240)
	at org.apache.catalina.core.ApplicationFilterChain.doFilter(ApplicationFilterChain.java:207)
	at org.apache.catalina.core.StandardWrapperValve.invoke(StandardWrapperValve.java:212)
	at org.apache.catalina.core.StandardContextValve.invoke(StandardContextValve.java:94)
	at org.apache.catalina.authenticator.AuthenticatorBase.invoke(AuthenticatorBase.java:492)
	at org.apache.catalina.core.StandardHostValve.invoke(StandardHostValve.java:141)
	at org.apache.catalina.valves.ErrorReportValve.invoke(ErrorReportValve.java:80)
	at org.apache.catalina.valves.AbstractAccessLogValve.invoke(AbstractAccessLogValve.java:620)
	at org.apache.catalina.core.StandardEngineValve.invoke(StandardEngineValve.java:88)
	at org.apache.catalina.connector.CoyoteAdapter.service(CoyoteAdapter.java:502)
	at org.apache.coyote.http11.AbstractHttp11Processor.process(AbstractHttp11Processor.java:1152)
	at org.apache.coyote.AbstractProtocol$AbstractConnectionHandler.process(AbstractProtocol.java:684)
	at org.apache.tomcat.util.net.AprEndpoint$SocketProcessor.doRun(AprEndpoint.java:2527)
	at org.apache.tomcat.util.net.AprEndpoint$SocketProcessor.run(AprEndpoint.java:2516)
	at java.util.concurrent.ThreadPoolExecutor.runWorker(ThreadPoolExecutor.java:1142)
	at java.util.concurrent.ThreadPoolExecutor$Worker.run(ThreadPoolExecutor.java:617)
	at org.apache.tomcat.util.threads.TaskThread$WrappingRunnable.run(TaskThread.java:61)
	at java.lang.Thread.run(Thread.java:745)

22-Nov-2019 12:12:57.072 ADVERTÊNCIA [http-apr-8080-exec-17] org.apache.catalina.session.StandardSession.doWriteObject Cannot serialize session attribute com.sun.faces.application.view.activeViewMaps for session 0544EFB02F4696C035F8B4FDF0FB7C84
 java.io.NotSerializableException: br.com.argus.model.Atendimento_Pedagogico
	at java.io.ObjectOutputStream.writeObject0(ObjectOutputStream.java:1184)
	at java.io.ObjectOutputStream.defaultWriteFields(ObjectOutputStream.java:1548)
	at java.io.ObjectOutputStream.writeSerialData(ObjectOutputStream.java:1509)
	at java.io.ObjectOutputStream.writeOrdinaryObject(ObjectOutputStream.java:1432)
	at java.io.ObjectOutputStream.writeObject0(ObjectOutputStream.java:1178)
	at java.io.ObjectOutputStream.writeObject(ObjectOutputStream.java:348)
	at java.util.HashMap.internalWriteEntries(HashMap.java:1785)
	at java.util.HashMap.writeObject(HashMap.java:1362)
	at sun.reflect.GeneratedMethodAccessor43.invoke(Unknown Source)
	at sun.reflect.DelegatingMethodAccessorImpl.invoke(DelegatingMethodAccessorImpl.java:43)
	at java.lang.reflect.Method.invoke(Method.java:498)
	at java.io.ObjectStreamClass.invokeWriteObject(ObjectStreamClass.java:1028)
	at java.io.ObjectOutputStream.writeSerialData(ObjectOutputStream.java:1496)
	at java.io.ObjectOutputStream.writeOrdinaryObject(ObjectOutputStream.java:1432)
	at java.io.ObjectOutputStream.writeObject0(ObjectOutputStream.java:1178)
	at java.io.ObjectOutputStream.writeObject(ObjectOutputStream.java:348)
	at java.util.LinkedHashMap.internalWriteEntries(LinkedHashMap.java:333)
	at java.util.HashMap.writeObject(HashMap.java:1362)
	at sun.reflect.GeneratedMethodAccessor43.invoke(Unknown Source)
	at sun.reflect.DelegatingMethodAccessorImpl.invoke(DelegatingMethodAccessorImpl.java:43)
	at java.lang.reflect.Method.invoke(Method.java:498)
	at java.io.ObjectStreamClass.invokeWriteObject(ObjectStreamClass.java:1028)
	at java.io.ObjectOutputStream.writeSerialData(ObjectOutputStream.java:1496)
	at java.io.ObjectOutputStream.writeOrdinaryObject(ObjectOutputStream.java:1432)
	at java.io.ObjectOutputStream.writeObject0(ObjectOutputStream.java:1178)
	at java.io.ObjectOutputStream.defaultWriteFields(ObjectOutputStream.java:1548)
	at java.io.ObjectOutputStream.defaultWriteObject(ObjectOutputStream.java:441)
	at java.util.Collections$SynchronizedMap.writeObject(Collections.java:2691)
	at sun.reflect.NativeMethodAccessorImpl.invoke0(Native Method)
	at sun.reflect.NativeMethodAccessorImpl.invoke(NativeMethodAccessorImpl.java:62)
	at sun.reflect.DelegatingMethodAccessorImpl.invoke(DelegatingMethodAccessorImpl.java:43)
	at java.lang.reflect.Method.invoke(Method.java:498)
	at java.io.ObjectStreamClass.invokeWriteObject(ObjectStreamClass.java:1028)
	at java.io.ObjectOutputStream.writeSerialData(ObjectOutputStream.java:1496)
	at java.io.ObjectOutputStream.writeOrdinaryObject(ObjectOutputStream.java:1432)
	at java.io.ObjectOutputStream.writeObject0(ObjectOutputStream.java:1178)
	at java.io.ObjectOutputStream.writeObject(ObjectOutputStream.java:348)
	at org.apache.catalina.session.StandardSession.doWriteObject(StandardSession.java:1715)
	at org.apache.catalina.session.StandardSession.writeObjectData(StandardSession.java:1107)
	at org.apache.catalina.session.StandardManager.doUnload(StandardManager.java:315)
	at org.apache.catalina.session.StandardManager.unload(StandardManager.java:265)
	at org.apache.catalina.session.StandardManager.stopInternal(StandardManager.java:384)
	at org.apache.catalina.util.LifecycleBase.stop(LifecycleBase.java:221)
	at org.apache.catalina.core.StandardContext.stopInternal(StandardContext.java:5582)
	at org.apache.catalina.util.LifecycleBase.stop(LifecycleBase.java:221)
	at org.apache.catalina.core.StandardContext.reload(StandardContext.java:3900)
	at org.apache.catalina.manager.ManagerServlet.reload(ManagerServlet.java:1007)
	at org.apache.catalina.manager.ManagerServlet.doGet(ManagerServlet.java:351)
	at javax.servlet.http.HttpServlet.service(HttpServlet.java:622)
	at javax.servlet.http.HttpServlet.service(HttpServlet.java:729)
	at org.apache.catalina.core.ApplicationFilterChain.internalDoFilter(ApplicationFilterChain.java:292)
	at org.apache.catalina.core.ApplicationFilterChain.doFilter(ApplicationFilterChain.java:207)
	at org.apache.tomcat.websocket.server.WsFilter.doFilter(WsFilter.java:52)
	at org.apache.catalina.core.ApplicationFilterChain.internalDoFilter(ApplicationFilterChain.java:240)
	at org.apache.catalina.core.ApplicationFilterChain.doFilter(ApplicationFilterChain.java:207)
	at org.apache.catalina.filters.SetCharacterEncodingFilter.doFilter(SetCharacterEncodingFilter.java:109)
	at org.apache.catalina.core.ApplicationFilterChain.internalDoFilter(ApplicationFilterChain.java:240)
	at org.apache.catalina.core.ApplicationFilterChain.doFilter(ApplicationFilterChain.java:207)
	at org.apache.catalina.core.StandardWrapperValve.invoke(StandardWrapperValve.java:212)
	at org.apache.catalina.core.StandardContextValve.invoke(StandardContextValve.java:94)
	at org.apache.catalina.authenticator.AuthenticatorBase.invoke(AuthenticatorBase.java:604)
	at org.apache.catalina.core.StandardHostValve.invoke(StandardHostValve.java:141)
	at org.apache.catalina.valves.ErrorReportValve.invoke(ErrorReportValve.java:80)
	at org.apache.catalina.valves.AbstractAccessLogValve.invoke(AbstractAccessLogValve.java:620)
	at org.apache.catalina.core.StandardEngineValve.invoke(StandardEngineValve.java:88)
	at org.apache.catalina.connector.CoyoteAdapter.service(CoyoteAdapter.java:502)
	at org.apache.coyote.http11.AbstractHttp11Processor.process(AbstractHttp11Processor.java:1152)
	at org.apache.coyote.AbstractProtocol$AbstractConnectionHandler.process(AbstractProtocol.java:684)
	at org.apache.tomcat.util.net.AprEndpoint$SocketProcessor.doRun(AprEndpoint.java:2527)
	at org.apache.tomcat.util.net.AprEndpoint$SocketProcessor.run(AprEndpoint.java:2516)
	at java.util.concurrent.ThreadPoolExecutor.runWorker(ThreadPoolExecutor.java:1142)
	at java.util.concurrent.ThreadPoolExecutor$Worker.run(ThreadPoolExecutor.java:617)
	at org.apache.tomcat.util.threads.TaskThread$WrappingRunnable.run(TaskThread.java:61)
	at java.lang.Thread.run(Thread.java:745)

22-Nov-2019 12:14:46.303 GRAVE [http-apr-8080-exec-17] org.apache.catalina.core.StandardContext.listenerStart Exception sending context initialized event to listener instance of class com.sun.faces.config.ConfigureListener
 java.lang.RuntimeException: com.sun.faces.config.ConfigurationException: CONFIGURATION FAILED! java.util.concurrent.ExecutionException: java.lang.ExceptionInInitializerError
	at com.sun.faces.config.ConfigureListener.contextInitialized(ConfigureListener.java:273)
	at org.apache.catalina.core.StandardContext.listenerStart(StandardContext.java:4898)
	at org.apache.catalina.core.StandardContext.startInternal(StandardContext.java:5363)
	at org.apache.catalina.util.LifecycleBase.start(LifecycleBase.java:145)
	at org.apache.catalina.core.StandardContext.reload(StandardContext.java:3907)
	at org.apache.catalina.manager.ManagerServlet.reload(ManagerServlet.java:1007)
	at org.apache.catalina.manager.ManagerServlet.doGet(ManagerServlet.java:351)
	at javax.servlet.http.HttpServlet.service(HttpServlet.java:622)
	at javax.servlet.http.HttpServlet.service(HttpServlet.java:729)
	at org.apache.catalina.core.ApplicationFilterChain.internalDoFilter(ApplicationFilterChain.java:292)
	at org.apache.catalina.core.ApplicationFilterChain.doFilter(ApplicationFilterChain.java:207)
	at org.apache.tomcat.websocket.server.WsFilter.doFilter(WsFilter.java:52)
	at org.apache.catalina.core.ApplicationFilterChain.internalDoFilter(ApplicationFilterChain.java:240)
	at org.apache.catalina.core.ApplicationFilterChain.doFilter(ApplicationFilterChain.java:207)
	at org.apache.catalina.filters.SetCharacterEncodingFilter.doFilter(SetCharacterEncodingFilter.java:109)
	at org.apache.catalina.core.ApplicationFilterChain.internalDoFilter(ApplicationFilterChain.java:240)
	at org.apache.catalina.core.ApplicationFilterChain.doFilter(ApplicationFilterChain.java:207)
	at org.apache.catalina.core.StandardWrapperValve.invoke(StandardWrapperValve.java:212)
	at org.apache.catalina.core.StandardContextValve.invoke(StandardContextValve.java:94)
	at org.apache.catalina.authenticator.AuthenticatorBase.invoke(AuthenticatorBase.java:604)
	at org.apache.catalina.core.StandardHostValve.invoke(StandardHostValve.java:141)
	at org.apache.catalina.valves.ErrorReportValve.invoke(ErrorReportValve.java:80)
	at org.apache.catalina.valves.AbstractAccessLogValve.invoke(AbstractAccessLogValve.java:620)
	at org.apache.catalina.core.StandardEngineValve.invoke(StandardEngineValve.java:88)
	at org.apache.catalina.connector.CoyoteAdapter.service(CoyoteAdapter.java:502)
	at org.apache.coyote.http11.AbstractHttp11Processor.process(AbstractHttp11Processor.java:1152)
	at org.apache.coyote.AbstractProtocol$AbstractConnectionHandler.process(AbstractProtocol.java:684)
	at org.apache.tomcat.util.net.AprEndpoint$SocketProcessor.doRun(AprEndpoint.java:2527)
	at org.apache.tomcat.util.net.AprEndpoint$SocketProcessor.run(AprEndpoint.java:2516)
	at java.util.concurrent.ThreadPoolExecutor.runWorker(ThreadPoolExecutor.java:1142)
	at java.util.concurrent.ThreadPoolExecutor$Worker.run(ThreadPoolExecutor.java:617)
	at org.apache.tomcat.util.threads.TaskThread$WrappingRunnable.run(TaskThread.java:61)
	at java.lang.Thread.run(Thread.java:745)
Caused by: com.sun.faces.config.ConfigurationException: CONFIGURATION FAILED! java.util.concurrent.ExecutionException: java.lang.ExceptionInInitializerError
	at com.sun.faces.config.ConfigManager.initialize(ConfigManager.java:449)
	at com.sun.faces.config.ConfigureListener.contextInitialized(ConfigureListener.java:214)
	... 32 more
Caused by: javax.faces.FacesException: java.util.concurrent.ExecutionException: java.lang.ExceptionInInitializerError
	at com.sun.faces.config.ConfigManager.getAnnotatedClasses(ConfigManager.java:507)
	at com.sun.faces.config.processor.AbstractConfigProcessor.processAnnotations(AbstractConfigProcessor.java:402)
	at com.sun.faces.config.processor.ApplicationConfigProcessor.process(ApplicationConfigProcessor.java:340)
	at com.sun.faces.config.processor.AbstractConfigProcessor.invokeNext(AbstractConfigProcessor.java:152)
	at com.sun.faces.config.processor.LifecycleConfigProcessor.process(LifecycleConfigProcessor.java:116)
	at com.sun.faces.config.processor.AbstractConfigProcessor.invokeNext(AbstractConfigProcessor.java:152)
	at com.sun.faces.config.processor.FactoryConfigProcessor.process(FactoryConfigProcessor.java:239)
	at com.sun.faces.config.ConfigManager.initialize(ConfigManager.java:435)
	... 33 more
Caused by: java.util.concurrent.ExecutionException: java.lang.ExceptionInInitializerError
	at java.util.concurrent.FutureTask.report(FutureTask.java:122)
	at java.util.concurrent.FutureTask.get(FutureTask.java:192)
	at com.sun.faces.config.ConfigManager.getAnnotatedClasses(ConfigManager.java:503)
	... 40 more
Caused by: java.lang.ExceptionInInitializerError
	at java.lang.Class.forName0(Native Method)
	at java.lang.Class.forName(Class.java:348)
	at com.sun.faces.util.Util.loadClass(Util.java:325)
	at com.sun.faces.config.AnnotationScanner.processClassList(AnnotationScanner.java:309)
	at com.sun.faces.config.JavaClassScanningAnnotationScanner.getAnnotatedClasses(JavaClassScanningAnnotationScanner.java:128)
	at com.sun.faces.config.DelegatingAnnotationProvider.getAnnotatedClasses(DelegatingAnnotationProvider.java:85)
	at com.sun.faces.config.ConfigManager$AnnotationScanTask.call(ConfigManager.java:931)
	at com.sun.faces.config.ConfigManager$AnnotationScanTask.call(ConfigManager.java:883)
	at java.util.concurrent.FutureTask.run(FutureTask.java:266)
	at com.sun.faces.config.ConfigManager.initialize(ConfigManager.java:383)
	... 33 more
Caused by: java.lang.RuntimeException: Uncompilable source code - cannot find symbol
  symbol: class Aluno
	at br.com.argus.converters.AlunoConverter.<clinit>(AlunoConverter.java:9)
	... 43 more

22-Nov-2019 12:14:46.823 ADVERTÊNCIA [http-apr-8080-exec-17] org.apache.catalina.session.StandardSession.doReadObject Cannot deserialize session attribute com.sun.faces.application.view.activeViewMaps for session 0544EFB02F4696C035F8B4FDF0FB7C84
22-Nov-2019 12:19:26.322 INFORMAÇÕES [http-apr-8080-exec-24] org.apache.catalina.core.ApplicationContext.log DiretorAuth:Initializing filter
22-Nov-2019 12:19:26.334 INFORMAÇÕES [http-apr-8080-exec-24] org.apache.catalina.core.ApplicationContext.log Auth:Initializing filter
22-Nov-2019 12:19:26.334 INFORMAÇÕES [http-apr-8080-exec-24] org.apache.catalina.core.ApplicationContext.log FuncionarioAuth:Initializing filter
22-Nov-2019 12:19:26.338 INFORMAÇÕES [http-apr-8080-exec-24] org.apache.catalina.core.ApplicationContext.log PedagogoAuth:Initializing filter
22-Nov-2019 12:19:26.338 INFORMAÇÕES [http-apr-8080-exec-24] org.apache.catalina.core.ApplicationContext.log AdminstradorAuth:Initializing filter
22-Nov-2019 12:20:40.700 INFORMAÇÕES [http-apr-8080-exec-26] org.apache.catalina.core.ApplicationContext.log DiretorAuth:Initializing filter
22-Nov-2019 12:20:40.700 INFORMAÇÕES [http-apr-8080-exec-26] org.apache.catalina.core.ApplicationContext.log Auth:Initializing filter
22-Nov-2019 12:20:40.700 INFORMAÇÕES [http-apr-8080-exec-26] org.apache.catalina.core.ApplicationContext.log FuncionarioAuth:Initializing filter
22-Nov-2019 12:20:40.704 INFORMAÇÕES [http-apr-8080-exec-26] org.apache.catalina.core.ApplicationContext.log PedagogoAuth:Initializing filter
22-Nov-2019 12:20:40.704 INFORMAÇÕES [http-apr-8080-exec-26] org.apache.catalina.core.ApplicationContext.log AdminstradorAuth:Initializing filter
22-Nov-2019 12:21:48.842 INFORMAÇÕES [http-apr-8080-exec-29] org.apache.catalina.core.ApplicationContext.log DiretorAuth:Initializing filter
22-Nov-2019 12:21:48.842 INFORMAÇÕES [http-apr-8080-exec-29] org.apache.catalina.core.ApplicationContext.log Auth:Initializing filter
22-Nov-2019 12:21:48.846 INFORMAÇÕES [http-apr-8080-exec-29] org.apache.catalina.core.ApplicationContext.log FuncionarioAuth:Initializing filter
22-Nov-2019 12:21:48.846 INFORMAÇÕES [http-apr-8080-exec-29] org.apache.catalina.core.ApplicationContext.log PedagogoAuth:Initializing filter
22-Nov-2019 12:21:48.846 INFORMAÇÕES [http-apr-8080-exec-29] org.apache.catalina.core.ApplicationContext.log AdminstradorAuth:Initializing filter
22-Nov-2019 12:25:12.083 INFORMAÇÕES [http-apr-8080-exec-33] org.apache.catalina.core.ApplicationContext.log DiretorAuth:Initializing filter
22-Nov-2019 12:25:12.083 INFORMAÇÕES [http-apr-8080-exec-33] org.apache.catalina.core.ApplicationContext.log Auth:Initializing filter
22-Nov-2019 12:25:12.087 INFORMAÇÕES [http-apr-8080-exec-33] org.apache.catalina.core.ApplicationContext.log FuncionarioAuth:Initializing filter
22-Nov-2019 12:25:12.087 INFORMAÇÕES [http-apr-8080-exec-33] org.apache.catalina.core.ApplicationContext.log PedagogoAuth:Initializing filter
22-Nov-2019 12:25:12.087 INFORMAÇÕES [http-apr-8080-exec-33] org.apache.catalina.core.ApplicationContext.log AdminstradorAuth:Initializing filter
22-Nov-2019 12:30:39.406 INFORMAÇÕES [http-apr-8080-exec-36] org.apache.catalina.core.ApplicationContext.log DiretorAuth:Initializing filter
22-Nov-2019 12:30:39.406 INFORMAÇÕES [http-apr-8080-exec-36] org.apache.catalina.core.ApplicationContext.log Auth:Initializing filter
22-Nov-2019 12:30:39.410 INFORMAÇÕES [http-apr-8080-exec-36] org.apache.catalina.core.ApplicationContext.log FuncionarioAuth:Initializing filter
22-Nov-2019 12:30:39.414 INFORMAÇÕES [http-apr-8080-exec-36] org.apache.catalina.core.ApplicationContext.log PedagogoAuth:Initializing filter
22-Nov-2019 12:30:39.414 INFORMAÇÕES [http-apr-8080-exec-36] org.apache.catalina.core.ApplicationContext.log AdminstradorAuth:Initializing filter
22-Nov-2019 12:37:47.839 INFORMAÇÕES [http-apr-8080-exec-46] org.apache.catalina.core.ApplicationContext.log DiretorAuth:Initializing filter
22-Nov-2019 12:37:47.839 INFORMAÇÕES [http-apr-8080-exec-46] org.apache.catalina.core.ApplicationContext.log Auth:Initializing filter
22-Nov-2019 12:37:47.839 INFORMAÇÕES [http-apr-8080-exec-46] org.apache.catalina.core.ApplicationContext.log FuncionarioAuth:Initializing filter
22-Nov-2019 12:37:47.839 INFORMAÇÕES [http-apr-8080-exec-46] org.apache.catalina.core.ApplicationContext.log PedagogoAuth:Initializing filter
22-Nov-2019 12:37:47.839 INFORMAÇÕES [http-apr-8080-exec-46] org.apache.catalina.core.ApplicationContext.log AdminstradorAuth:Initializing filter
22-Nov-2019 12:41:17.967 INFORMAÇÕES [http-apr-8080-exec-56] org.apache.catalina.core.ApplicationContext.log DiretorAuth:Initializing filter
22-Nov-2019 12:41:17.967 INFORMAÇÕES [http-apr-8080-exec-56] org.apache.catalina.core.ApplicationContext.log Auth:Initializing filter
22-Nov-2019 12:41:17.983 INFORMAÇÕES [http-apr-8080-exec-56] org.apache.catalina.core.ApplicationContext.log FuncionarioAuth:Initializing filter
22-Nov-2019 12:41:17.983 INFORMAÇÕES [http-apr-8080-exec-56] org.apache.catalina.core.ApplicationContext.log PedagogoAuth:Initializing filter
22-Nov-2019 12:41:17.987 INFORMAÇÕES [http-apr-8080-exec-56] org.apache.catalina.core.ApplicationContext.log AdminstradorAuth:Initializing filter
22-Nov-2019 12:42:13.425 INFORMAÇÕES [http-apr-8080-exec-62] org.apache.catalina.core.ApplicationContext.log DiretorAuth:Initializing filter
22-Nov-2019 12:42:13.425 INFORMAÇÕES [http-apr-8080-exec-62] org.apache.catalina.core.ApplicationContext.log Auth:Initializing filter
22-Nov-2019 12:42:13.477 INFORMAÇÕES [http-apr-8080-exec-62] org.apache.catalina.core.ApplicationContext.log FuncionarioAuth:Initializing filter
22-Nov-2019 12:42:13.477 INFORMAÇÕES [http-apr-8080-exec-62] org.apache.catalina.core.ApplicationContext.log PedagogoAuth:Initializing filter
22-Nov-2019 12:42:13.481 INFORMAÇÕES [http-apr-8080-exec-62] org.apache.catalina.core.ApplicationContext.log AdminstradorAuth:Initializing filter
