22-Oct-2019 11:51:31.860 INFORMA합ES [localhost-startStop-1] org.apache.catalina.core.ApplicationContext.log ContextListener: contextInitialized()
22-Oct-2019 11:51:31.860 INFORMA합ES [localhost-startStop-1] org.apache.catalina.core.ApplicationContext.log SessionListener: contextInitialized()
22-Oct-2019 11:51:31.868 INFORMA합ES [localhost-startStop-1] org.apache.catalina.core.ApplicationContext.log ContextListener: attributeAdded('StockTicker', 'async.Stockticker@39df60fd')
22-Oct-2019 12:09:12.094 GRAVE [http-apr-8080-exec-38] org.apache.catalina.core.StandardWrapperValve.invoke Servlet.service() for servlet [Faces Servlet] in context with path [] threw exception [Unable to execute JPA schema generation create command [create table Aluno (id  serial not null, data_nascimento varchar(255), endereco varchar(255), id_curriculo int4 not null, id_responsavel int4 not null, id_turma int4 not null, mae varchar(255), naturaliadade varchar(255), nome varchar(255), pai varchar(255), primary key (id))]] with root cause
 org.postgresql.util.PSQLException: ERROR: duplicate key value violates unique constraint "pg_type_typname_nsp_index"
  Detalhe: Key (typname, typnamespace)=(aluno_id_seq, 2200) already exists.
	at org.postgresql.core.v3.QueryExecutorImpl.receiveErrorResponse(QueryExecutorImpl.java:2157)
	at org.postgresql.core.v3.QueryExecutorImpl.processResults(QueryExecutorImpl.java:1886)
	at org.postgresql.core.v3.QueryExecutorImpl.execute(QueryExecutorImpl.java:255)
	at org.postgresql.jdbc2.AbstractJdbc2Statement.execute(AbstractJdbc2Statement.java:555)
	at org.postgresql.jdbc2.AbstractJdbc2Statement.executeWithFlags(AbstractJdbc2Statement.java:403)
	at org.postgresql.jdbc2.AbstractJdbc2Statement.execute(AbstractJdbc2Statement.java:395)
	at org.hibernate.jpa.internal.schemagen.GenerationTargetToDatabase.acceptCreateCommands(GenerationTargetToDatabase.java:61)
	at org.hibernate.jpa.internal.schemagen.JpaSchemaGenerator.doGeneration(JpaSchemaGenerator.java:507)
	at org.hibernate.jpa.internal.schemagen.JpaSchemaGenerator.access$300(JpaSchemaGenerator.java:69)
	at org.hibernate.jpa.internal.schemagen.JpaSchemaGenerator$Generation.execute(JpaSchemaGenerator.java:184)
	at org.hibernate.jpa.internal.schemagen.JpaSchemaGenerator.performGeneration(JpaSchemaGenerator.java:76)
	at org.hibernate.jpa.boot.internal.EntityManagerFactoryBuilderImpl$4.perform(EntityManagerFactoryBuilderImpl.java:857)
	at org.hibernate.jpa.boot.internal.EntityManagerFactoryBuilderImpl$4.perform(EntityManagerFactoryBuilderImpl.java:843)
	at org.hibernate.boot.registry.classloading.internal.ClassLoaderServiceImpl.withTccl(ClassLoaderServiceImpl.java:399)
	at org.hibernate.jpa.boot.internal.EntityManagerFactoryBuilderImpl.build(EntityManagerFactoryBuilderImpl.java:842)
	at org.hibernate.jpa.HibernatePersistenceProvider.createEntityManagerFactory(HibernatePersistenceProvider.java:73)
	at org.hibernate.ejb.HibernatePersistence.createEntityManagerFactory(HibernatePersistence.java:54)
	at javax.persistence.Persistence.createEntityManagerFactory(Persistence.java:55)
	at javax.persistence.Persistence.createEntityManagerFactory(Persistence.java:39)
	at br.com.argus.model.JPAUtil.getEntityManagerFactory(JPAUtil.java:13)
	at br.com.argus.bean.Ano_LetivoBean.obterAno_Letivo(Ano_LetivoBean.java:58)
	at sun.reflect.NativeMethodAccessorImpl.invoke0(Native Method)
	at sun.reflect.NativeMethodAccessorImpl.invoke(NativeMethodAccessorImpl.java:62)
	at sun.reflect.DelegatingMethodAccessorImpl.invoke(DelegatingMethodAccessorImpl.java:43)
	at java.lang.reflect.Method.invoke(Method.java:498)
	at javax.el.BeanELResolver.invoke(BeanELResolver.java:165)
	at javax.el.CompositeELResolver.invoke(CompositeELResolver.java:80)
	at org.apache.el.parser.AstValue.getValue(AstValue.java:159)
	at org.apache.el.ValueExpressionImpl.getValue(ValueExpressionImpl.java:190)
	at com.sun.faces.facelets.el.TagValueExpression.getValue(TagValueExpression.java:109)
	at javax.faces.component.ComponentStateHelper.eval(ComponentStateHelper.java:194)
	at javax.faces.component.ComponentStateHelper.eval(ComponentStateHelper.java:182)
	at javax.faces.component.UIData.getValue(UIData.java:732)
	at javax.faces.component.UIData.getDataModel(UIData.java:1822)
	at javax.faces.component.UIData.setRowIndexWithoutRowStatePreserved(UIData.java:484)
	at javax.faces.component.UIData.setRowIndex(UIData.java:473)
	at com.sun.faces.renderkit.html_basic.TableRenderer.encodeBegin(TableRenderer.java:83)
	at javax.faces.component.UIComponentBase.encodeBegin(UIComponentBase.java:864)
	at javax.faces.component.UIData.encodeBegin(UIData.java:1133)
	at javax.faces.component.UIComponent.encodeAll(UIComponent.java:1854)
	at javax.faces.component.UIComponent.encodeAll(UIComponent.java:1859)
	at javax.faces.component.UIComponent.encodeAll(UIComponent.java:1859)
	at com.sun.faces.application.view.FaceletViewHandlingStrategy.renderView(FaceletViewHandlingStrategy.java:461)
	at com.sun.faces.application.view.MultiViewHandler.renderView(MultiViewHandler.java:133)
	at javax.faces.application.ViewHandlerWrapper.renderView(ViewHandlerWrapper.java:337)
	at com.sun.faces.lifecycle.RenderResponsePhase.execute(RenderResponsePhase.java:120)
	at com.sun.faces.lifecycle.Phase.doPhase(Phase.java:101)
	at com.sun.faces.lifecycle.LifecycleImpl.render(LifecycleImpl.java:219)
	at javax.faces.webapp.FacesServlet.service(FacesServlet.java:647)
	at org.apache.catalina.core.ApplicationFilterChain.internalDoFilter(ApplicationFilterChain.java:292)
	at org.apache.catalina.core.ApplicationFilterChain.doFilter(ApplicationFilterChain.java:207)
	at org.apache.tomcat.websocket.server.WsFilter.doFilter(WsFilter.java:52)
	at org.apache.catalina.core.ApplicationFilterChain.internalDoFilter(ApplicationFilterChain.java:240)
	at org.apache.catalina.core.ApplicationFilterChain.doFilter(ApplicationFilterChain.java:207)
	at org.apache.catalina.core.StandardWrapperValve.invoke(StandardWrapperValve.java:212)
	at org.apache.catalina.core.StandardContextValve.invoke(StandardContextValve.java:94)
	at org.apache.catalina.authenticator.AuthenticatorBase.invoke(AuthenticatorBase.java:492)
	at org.apache.catalina.core.StandardHostValve.invoke(StandardHostValve.java:141)
	at org.apache.catalina.valves.ErrorReportValve.invoke(ErrorReportValve.java:80)
	at org.apache.catalina.valves.AbstractAccessLogValve.invoke(AbstractAccessLogValve.java:620)
	at org.apache.catalina.core.StandardEngineValve.invoke(StandardEngineValve.java:88)
	at org.apache.catalina.connector.CoyoteAdapter.service(CoyoteAdapter.java:502)
	at org.apache.coyote.http11.AbstractHttp11Processor.process(AbstractHttp11Processor.java:1152)
	at org.apache.coyote.AbstractProtocol$AbstractConnectionHandler.process(AbstractProtocol.java:684)
	at org.apache.tomcat.util.net.AprEndpoint$SocketProcessor.doRun(AprEndpoint.java:2527)
	at org.apache.tomcat.util.net.AprEndpoint$SocketProcessor.run(AprEndpoint.java:2516)
	at java.util.concurrent.ThreadPoolExecutor.runWorker(ThreadPoolExecutor.java:1142)
	at java.util.concurrent.ThreadPoolExecutor$Worker.run(ThreadPoolExecutor.java:617)
	at org.apache.tomcat.util.threads.TaskThread$WrappingRunnable.run(TaskThread.java:61)
	at java.lang.Thread.run(Thread.java:745)

22-Oct-2019 12:10:31.732 GRAVE [102] org.apache.catalina.core.StandardWrapperValve.invoke Servlet.service() for servlet [Faces Servlet] in context with path [] threw exception [Unable to execute JPA schema generation create command [create table Aluno (id  serial not null, data_nascimento varchar(255), endereco varchar(255), id_curriculo int4 not null, id_responsavel int4 not null, id_turma int4 not null, mae varchar(255), naturaliadade varchar(255), nome varchar(255), pai varchar(255), primary key (id))]] with root cause
 org.postgresql.util.PSQLException: ERROR: duplicate key value violates unique constraint "pg_type_typname_nsp_index"
  Detalhe: Key (typname, typnamespace)=(aluno_id_seq, 2200) already exists.
	at org.postgresql.core.v3.QueryExecutorImpl.receiveErrorResponse(QueryExecutorImpl.java:2157)
	at org.postgresql.core.v3.QueryExecutorImpl.processResults(QueryExecutorImpl.java:1886)
	at org.postgresql.core.v3.QueryExecutorImpl.execute(QueryExecutorImpl.java:255)
	at org.postgresql.jdbc2.AbstractJdbc2Statement.execute(AbstractJdbc2Statement.java:555)
	at org.postgresql.jdbc2.AbstractJdbc2Statement.executeWithFlags(AbstractJdbc2Statement.java:403)
	at org.postgresql.jdbc2.AbstractJdbc2Statement.execute(AbstractJdbc2Statement.java:395)
	at org.hibernate.jpa.internal.schemagen.GenerationTargetToDatabase.acceptCreateCommands(GenerationTargetToDatabase.java:61)
	at org.hibernate.jpa.internal.schemagen.JpaSchemaGenerator.doGeneration(JpaSchemaGenerator.java:507)
	at org.hibernate.jpa.internal.schemagen.JpaSchemaGenerator.access$300(JpaSchemaGenerator.java:69)
	at org.hibernate.jpa.internal.schemagen.JpaSchemaGenerator$Generation.execute(JpaSchemaGenerator.java:184)
	at org.hibernate.jpa.internal.schemagen.JpaSchemaGenerator.performGeneration(JpaSchemaGenerator.java:76)
	at org.hibernate.jpa.boot.internal.EntityManagerFactoryBuilderImpl$4.perform(EntityManagerFactoryBuilderImpl.java:857)
	at org.hibernate.jpa.boot.internal.EntityManagerFactoryBuilderImpl$4.perform(EntityManagerFactoryBuilderImpl.java:843)
	at org.hibernate.boot.registry.classloading.internal.ClassLoaderServiceImpl.withTccl(ClassLoaderServiceImpl.java:399)
	at org.hibernate.jpa.boot.internal.EntityManagerFactoryBuilderImpl.build(EntityManagerFactoryBuilderImpl.java:842)
	at org.hibernate.jpa.HibernatePersistenceProvider.createEntityManagerFactory(HibernatePersistenceProvider.java:73)
	at org.hibernate.ejb.HibernatePersistence.createEntityManagerFactory(HibernatePersistence.java:54)
	at javax.persistence.Persistence.createEntityManagerFactory(Persistence.java:55)
	at javax.persistence.Persistence.createEntityManagerFactory(Persistence.java:39)
	at br.com.argus.model.JPAUtil.getEntityManagerFactory(JPAUtil.java:13)
	at br.com.argus.bean.Ano_LetivoBean.obterAno_Letivo(Ano_LetivoBean.java:58)
	at sun.reflect.NativeMethodAccessorImpl.invoke0(Native Method)
	at sun.reflect.NativeMethodAccessorImpl.invoke(NativeMethodAccessorImpl.java:62)
	at sun.reflect.DelegatingMethodAccessorImpl.invoke(DelegatingMethodAccessorImpl.java:43)
	at java.lang.reflect.Method.invoke(Method.java:498)
	at javax.el.BeanELResolver.invoke(BeanELResolver.java:165)
	at javax.el.CompositeELResolver.invoke(CompositeELResolver.java:80)
	at org.apache.el.parser.AstValue.getValue(AstValue.java:159)
	at org.apache.el.ValueExpressionImpl.getValue(ValueExpressionImpl.java:190)
	at com.sun.faces.facelets.el.TagValueExpression.getValue(TagValueExpression.java:109)
	at javax.faces.component.ComponentStateHelper.eval(ComponentStateHelper.java:194)
	at javax.faces.component.ComponentStateHelper.eval(ComponentStateHelper.java:182)
	at javax.faces.component.UIData.getValue(UIData.java:732)
	at javax.faces.component.UIData.getDataModel(UIData.java:1822)
	at javax.faces.component.UIData.setRowIndexWithoutRowStatePreserved(UIData.java:484)
	at javax.faces.component.UIData.setRowIndex(UIData.java:473)
	at com.sun.faces.renderkit.html_basic.TableRenderer.encodeBegin(TableRenderer.java:83)
	at javax.faces.component.UIComponentBase.encodeBegin(UIComponentBase.java:864)
	at javax.faces.component.UIData.encodeBegin(UIData.java:1133)
	at javax.faces.component.UIComponent.encodeAll(UIComponent.java:1854)
	at javax.faces.component.UIComponent.encodeAll(UIComponent.java:1859)
	at javax.faces.component.UIComponent.encodeAll(UIComponent.java:1859)
	at com.sun.faces.application.view.FaceletViewHandlingStrategy.renderView(FaceletViewHandlingStrategy.java:461)
	at com.sun.faces.application.view.MultiViewHandler.renderView(MultiViewHandler.java:133)
	at javax.faces.application.ViewHandlerWrapper.renderView(ViewHandlerWrapper.java:337)
	at com.sun.faces.lifecycle.RenderResponsePhase.execute(RenderResponsePhase.java:120)
	at com.sun.faces.lifecycle.Phase.doPhase(Phase.java:101)
	at com.sun.faces.lifecycle.LifecycleImpl.render(LifecycleImpl.java:219)
	at javax.faces.webapp.FacesServlet.service(FacesServlet.java:647)
	at org.apache.catalina.core.ApplicationFilterChain.internalDoFilter(ApplicationFilterChain.java:292)
	at org.apache.catalina.core.ApplicationFilterChain.doFilter(ApplicationFilterChain.java:207)
	at org.apache.tomcat.websocket.server.WsFilter.doFilter(WsFilter.java:52)
	at org.apache.catalina.core.ApplicationFilterChain.internalDoFilter(ApplicationFilterChain.java:240)
	at org.apache.catalina.core.ApplicationFilterChain.doFilter(ApplicationFilterChain.java:207)
	at org.apache.catalina.core.StandardWrapperValve.invoke(StandardWrapperValve.java:212)
	at org.apache.catalina.core.StandardContextValve.invoke(StandardContextValve.java:94)
	at org.apache.catalina.authenticator.AuthenticatorBase.invoke(AuthenticatorBase.java:492)
	at org.apache.catalina.core.StandardHostValve.invoke(StandardHostValve.java:141)
	at org.apache.catalina.valves.ErrorReportValve.invoke(ErrorReportValve.java:80)
	at org.apache.catalina.valves.AbstractAccessLogValve.invoke(AbstractAccessLogValve.java:620)
	at org.apache.catalina.core.StandardEngineValve.invoke(StandardEngineValve.java:88)
	at org.apache.catalina.connector.CoyoteAdapter.service(CoyoteAdapter.java:502)
	at org.apache.coyote.http11.AbstractHttp11Processor.process(AbstractHttp11Processor.java:1152)
	at org.apache.coyote.AbstractProtocol$AbstractConnectionHandler.process(AbstractProtocol.java:684)
	at org.apache.tomcat.util.net.AprEndpoint$SocketProcessor.doRun(AprEndpoint.java:2527)
	at org.apache.tomcat.util.net.AprEndpoint$SocketProcessor.run(AprEndpoint.java:2516)
	at java.util.concurrent.ThreadPoolExecutor.runWorker(ThreadPoolExecutor.java:1142)
	at java.util.concurrent.ThreadPoolExecutor$Worker.run(ThreadPoolExecutor.java:617)
	at org.apache.tomcat.util.threads.TaskThread$WrappingRunnable.run(TaskThread.java:61)
	at java.lang.Thread.run(Thread.java:745)

22-Oct-2019 12:16:35.618 GRAVE [http-apr-8080-exec-59] org.apache.catalina.core.StandardWrapperValve.invoke Servlet.service() for servlet [Faces Servlet] in context with path [] threw exception [javax/servlet/jsp/jstl/core/Config] with root cause
 java.lang.ClassNotFoundException: javax.servlet.jsp.jstl.core.Config
	at org.apache.catalina.loader.WebappClassLoaderBase.loadClass(WebappClassLoaderBase.java:1352)
	at org.apache.catalina.loader.WebappClassLoaderBase.loadClass(WebappClassLoaderBase.java:1180)
	at com.sun.faces.application.view.JspViewHandlingStrategy.executePageToBuildView(JspViewHandlingStrategy.java:344)
	at com.sun.faces.application.view.JspViewHandlingStrategy.buildView(JspViewHandlingStrategy.java:153)
	at com.sun.faces.lifecycle.RenderResponsePhase.execute(RenderResponsePhase.java:99)
	at com.sun.faces.lifecycle.Phase.doPhase(Phase.java:101)
	at com.sun.faces.lifecycle.LifecycleImpl.render(LifecycleImpl.java:219)
	at javax.faces.webapp.FacesServlet.service(FacesServlet.java:647)
	at org.apache.catalina.core.ApplicationFilterChain.internalDoFilter(ApplicationFilterChain.java:292)
	at org.apache.catalina.core.ApplicationFilterChain.doFilter(ApplicationFilterChain.java:207)
	at org.apache.tomcat.websocket.server.WsFilter.doFilter(WsFilter.java:52)
	at org.apache.catalina.core.ApplicationFilterChain.internalDoFilter(ApplicationFilterChain.java:240)
	at org.apache.catalina.core.ApplicationFilterChain.doFilter(ApplicationFilterChain.java:207)
	at org.apache.catalina.core.StandardWrapperValve.invoke(StandardWrapperValve.java:212)
	at org.apache.catalina.core.StandardContextValve.invoke(StandardContextValve.java:94)
	at org.apache.catalina.authenticator.AuthenticatorBase.invoke(AuthenticatorBase.java:492)
	at org.apache.catalina.core.StandardHostValve.invoke(StandardHostValve.java:141)
	at org.apache.catalina.valves.ErrorReportValve.invoke(ErrorReportValve.java:80)
	at org.apache.catalina.valves.AbstractAccessLogValve.invoke(AbstractAccessLogValve.java:620)
	at org.apache.catalina.core.StandardEngineValve.invoke(StandardEngineValve.java:88)
	at org.apache.catalina.connector.CoyoteAdapter.service(CoyoteAdapter.java:502)
	at org.apache.coyote.http11.AbstractHttp11Processor.process(AbstractHttp11Processor.java:1152)
	at org.apache.coyote.AbstractProtocol$AbstractConnectionHandler.process(AbstractProtocol.java:684)
	at org.apache.tomcat.util.net.AprEndpoint$SocketProcessor.doRun(AprEndpoint.java:2527)
	at org.apache.tomcat.util.net.AprEndpoint$SocketProcessor.run(AprEndpoint.java:2516)
	at java.util.concurrent.ThreadPoolExecutor.runWorker(ThreadPoolExecutor.java:1142)
	at java.util.concurrent.ThreadPoolExecutor$Worker.run(ThreadPoolExecutor.java:617)
	at org.apache.tomcat.util.threads.TaskThread$WrappingRunnable.run(TaskThread.java:61)
	at java.lang.Thread.run(Thread.java:745)

22-Oct-2019 12:16:45.352 GRAVE [http-apr-8080-exec-51] org.apache.catalina.core.StandardWrapperValve.invoke Servlet.service() for servlet [Faces Servlet] in context with path [] threw exception [javax/servlet/jsp/jstl/core/Config] with root cause
 java.lang.NoClassDefFoundError: javax/servlet/jsp/jstl/core/Config
	at com.sun.faces.application.view.JspViewHandlingStrategy.executePageToBuildView(JspViewHandlingStrategy.java:344)
	at com.sun.faces.application.view.JspViewHandlingStrategy.buildView(JspViewHandlingStrategy.java:153)
	at com.sun.faces.lifecycle.RenderResponsePhase.execute(RenderResponsePhase.java:99)
	at com.sun.faces.lifecycle.Phase.doPhase(Phase.java:101)
	at com.sun.faces.lifecycle.LifecycleImpl.render(LifecycleImpl.java:219)
	at javax.faces.webapp.FacesServlet.service(FacesServlet.java:647)
	at org.apache.catalina.core.ApplicationFilterChain.internalDoFilter(ApplicationFilterChain.java:292)
	at org.apache.catalina.core.ApplicationFilterChain.doFilter(ApplicationFilterChain.java:207)
	at org.apache.tomcat.websocket.server.WsFilter.doFilter(WsFilter.java:52)
	at org.apache.catalina.core.ApplicationFilterChain.internalDoFilter(ApplicationFilterChain.java:240)
	at org.apache.catalina.core.ApplicationFilterChain.doFilter(ApplicationFilterChain.java:207)
	at org.apache.catalina.core.StandardWrapperValve.invoke(StandardWrapperValve.java:212)
	at org.apache.catalina.core.StandardContextValve.invoke(StandardContextValve.java:94)
	at org.apache.catalina.authenticator.AuthenticatorBase.invoke(AuthenticatorBase.java:492)
	at org.apache.catalina.core.StandardHostValve.invoke(StandardHostValve.java:141)
	at org.apache.catalina.valves.ErrorReportValve.invoke(ErrorReportValve.java:80)
	at org.apache.catalina.valves.AbstractAccessLogValve.invoke(AbstractAccessLogValve.java:620)
	at org.apache.catalina.core.StandardEngineValve.invoke(StandardEngineValve.java:88)
	at org.apache.catalina.connector.CoyoteAdapter.service(CoyoteAdapter.java:502)
	at org.apache.coyote.http11.AbstractHttp11Processor.process(AbstractHttp11Processor.java:1152)
	at org.apache.coyote.AbstractProtocol$AbstractConnectionHandler.process(AbstractProtocol.java:684)
	at org.apache.tomcat.util.net.AprEndpoint$SocketProcessor.doRun(AprEndpoint.java:2527)
	at org.apache.tomcat.util.net.AprEndpoint$SocketProcessor.run(AprEndpoint.java:2516)
	at java.util.concurrent.ThreadPoolExecutor.runWorker(ThreadPoolExecutor.java:1142)
	at java.util.concurrent.ThreadPoolExecutor$Worker.run(ThreadPoolExecutor.java:617)
	at org.apache.tomcat.util.threads.TaskThread$WrappingRunnable.run(TaskThread.java:61)
	at java.lang.Thread.run(Thread.java:745)

22-Oct-2019 12:16:59.049 GRAVE [http-apr-8080-exec-58] org.apache.catalina.core.StandardWrapperValve.invoke Servlet.service() for servlet [Faces Servlet] in context with path [] threw exception [javax/servlet/jsp/jstl/core/Config] with root cause
 java.lang.NoClassDefFoundError: javax/servlet/jsp/jstl/core/Config
	at com.sun.faces.application.view.JspViewHandlingStrategy.executePageToBuildView(JspViewHandlingStrategy.java:344)
	at com.sun.faces.application.view.JspViewHandlingStrategy.buildView(JspViewHandlingStrategy.java:153)
	at com.sun.faces.lifecycle.RenderResponsePhase.execute(RenderResponsePhase.java:99)
	at com.sun.faces.lifecycle.Phase.doPhase(Phase.java:101)
	at com.sun.faces.lifecycle.LifecycleImpl.render(LifecycleImpl.java:219)
	at javax.faces.webapp.FacesServlet.service(FacesServlet.java:647)
	at org.apache.catalina.core.ApplicationFilterChain.internalDoFilter(ApplicationFilterChain.java:292)
	at org.apache.catalina.core.ApplicationFilterChain.doFilter(ApplicationFilterChain.java:207)
	at org.apache.tomcat.websocket.server.WsFilter.doFilter(WsFilter.java:52)
	at org.apache.catalina.core.ApplicationFilterChain.internalDoFilter(ApplicationFilterChain.java:240)
	at org.apache.catalina.core.ApplicationFilterChain.doFilter(ApplicationFilterChain.java:207)
	at org.apache.catalina.core.StandardWrapperValve.invoke(StandardWrapperValve.java:212)
	at org.apache.catalina.core.StandardContextValve.invoke(StandardContextValve.java:94)
	at org.apache.catalina.authenticator.AuthenticatorBase.invoke(AuthenticatorBase.java:492)
	at org.apache.catalina.core.StandardHostValve.invoke(StandardHostValve.java:141)
	at org.apache.catalina.valves.ErrorReportValve.invoke(ErrorReportValve.java:80)
	at org.apache.catalina.valves.AbstractAccessLogValve.invoke(AbstractAccessLogValve.java:620)
	at org.apache.catalina.core.StandardEngineValve.invoke(StandardEngineValve.java:88)
	at org.apache.catalina.connector.CoyoteAdapter.service(CoyoteAdapter.java:502)
	at org.apache.coyote.http11.AbstractHttp11Processor.process(AbstractHttp11Processor.java:1152)
	at org.apache.coyote.AbstractProtocol$AbstractConnectionHandler.process(AbstractProtocol.java:684)
	at org.apache.tomcat.util.net.AprEndpoint$SocketProcessor.doRun(AprEndpoint.java:2527)
	at org.apache.tomcat.util.net.AprEndpoint$SocketProcessor.run(AprEndpoint.java:2516)
	at java.util.concurrent.ThreadPoolExecutor.runWorker(ThreadPoolExecutor.java:1142)
	at java.util.concurrent.ThreadPoolExecutor$Worker.run(ThreadPoolExecutor.java:617)
	at org.apache.tomcat.util.threads.TaskThread$WrappingRunnable.run(TaskThread.java:61)
	at java.lang.Thread.run(Thread.java:745)

22-Oct-2019 12:20:46.262 GRAVE [116] org.apache.catalina.core.StandardWrapperValve.invoke Servlet.service() for servlet [Faces Servlet] in context with path [] threw exception [Unable to execute JPA schema generation create command [create table Aluno (id  serial not null, data_nascimento varchar(255), endereco varchar(255), id_curriculo int4 not null, id_responsavel int4 not null, id_turma int4 not null, mae varchar(255), naturaliadade varchar(255), nome varchar(255), pai varchar(255), primary key (id))]] with root cause
 org.postgresql.util.PSQLException: ERROR: duplicate key value violates unique constraint "pg_type_typname_nsp_index"
  Detalhe: Key (typname, typnamespace)=(aluno_id_seq, 2200) already exists.
	at org.postgresql.core.v3.QueryExecutorImpl.receiveErrorResponse(QueryExecutorImpl.java:2157)
	at org.postgresql.core.v3.QueryExecutorImpl.processResults(QueryExecutorImpl.java:1886)
	at org.postgresql.core.v3.QueryExecutorImpl.execute(QueryExecutorImpl.java:255)
	at org.postgresql.jdbc2.AbstractJdbc2Statement.execute(AbstractJdbc2Statement.java:555)
	at org.postgresql.jdbc2.AbstractJdbc2Statement.executeWithFlags(AbstractJdbc2Statement.java:403)
	at org.postgresql.jdbc2.AbstractJdbc2Statement.execute(AbstractJdbc2Statement.java:395)
	at org.hibernate.jpa.internal.schemagen.GenerationTargetToDatabase.acceptCreateCommands(GenerationTargetToDatabase.java:61)
	at org.hibernate.jpa.internal.schemagen.JpaSchemaGenerator.doGeneration(JpaSchemaGenerator.java:507)
	at org.hibernate.jpa.internal.schemagen.JpaSchemaGenerator.access$300(JpaSchemaGenerator.java:69)
	at org.hibernate.jpa.internal.schemagen.JpaSchemaGenerator$Generation.execute(JpaSchemaGenerator.java:184)
	at org.hibernate.jpa.internal.schemagen.JpaSchemaGenerator.performGeneration(JpaSchemaGenerator.java:76)
	at org.hibernate.jpa.boot.internal.EntityManagerFactoryBuilderImpl$4.perform(EntityManagerFactoryBuilderImpl.java:857)
	at org.hibernate.jpa.boot.internal.EntityManagerFactoryBuilderImpl$4.perform(EntityManagerFactoryBuilderImpl.java:843)
	at org.hibernate.boot.registry.classloading.internal.ClassLoaderServiceImpl.withTccl(ClassLoaderServiceImpl.java:399)
	at org.hibernate.jpa.boot.internal.EntityManagerFactoryBuilderImpl.build(EntityManagerFactoryBuilderImpl.java:842)
	at org.hibernate.jpa.HibernatePersistenceProvider.createEntityManagerFactory(HibernatePersistenceProvider.java:73)
	at org.hibernate.ejb.HibernatePersistence.createEntityManagerFactory(HibernatePersistence.java:54)
	at javax.persistence.Persistence.createEntityManagerFactory(Persistence.java:55)
	at javax.persistence.Persistence.createEntityManagerFactory(Persistence.java:39)
	at br.com.argus.model.JPAUtil.getEntityManagerFactory(JPAUtil.java:13)
	at br.com.argus.bean.Ano_LetivoBean.obterAno_Letivo(Ano_LetivoBean.java:58)
	at sun.reflect.NativeMethodAccessorImpl.invoke0(Native Method)
	at sun.reflect.NativeMethodAccessorImpl.invoke(NativeMethodAccessorImpl.java:62)
	at sun.reflect.DelegatingMethodAccessorImpl.invoke(DelegatingMethodAccessorImpl.java:43)
	at java.lang.reflect.Method.invoke(Method.java:498)
	at javax.el.BeanELResolver.invoke(BeanELResolver.java:165)
	at javax.el.CompositeELResolver.invoke(CompositeELResolver.java:80)
	at org.apache.el.parser.AstValue.getValue(AstValue.java:159)
	at org.apache.el.ValueExpressionImpl.getValue(ValueExpressionImpl.java:190)
	at com.sun.faces.facelets.el.TagValueExpression.getValue(TagValueExpression.java:109)
	at javax.faces.component.ComponentStateHelper.eval(ComponentStateHelper.java:194)
	at javax.faces.component.ComponentStateHelper.eval(ComponentStateHelper.java:182)
	at javax.faces.component.UIData.getValue(UIData.java:732)
	at javax.faces.component.UIData.getDataModel(UIData.java:1822)
	at javax.faces.component.UIData.setRowIndexWithoutRowStatePreserved(UIData.java:484)
	at javax.faces.component.UIData.setRowIndex(UIData.java:473)
	at com.sun.faces.renderkit.html_basic.TableRenderer.encodeBegin(TableRenderer.java:83)
	at javax.faces.component.UIComponentBase.encodeBegin(UIComponentBase.java:864)
	at javax.faces.component.UIData.encodeBegin(UIData.java:1133)
	at javax.faces.component.UIComponent.encodeAll(UIComponent.java:1854)
	at javax.faces.component.UIComponent.encodeAll(UIComponent.java:1859)
	at javax.faces.component.UIComponent.encodeAll(UIComponent.java:1859)
	at com.sun.faces.application.view.FaceletViewHandlingStrategy.renderView(FaceletViewHandlingStrategy.java:461)
	at com.sun.faces.application.view.MultiViewHandler.renderView(MultiViewHandler.java:133)
	at javax.faces.application.ViewHandlerWrapper.renderView(ViewHandlerWrapper.java:337)
	at com.sun.faces.lifecycle.RenderResponsePhase.execute(RenderResponsePhase.java:120)
	at com.sun.faces.lifecycle.Phase.doPhase(Phase.java:101)
	at com.sun.faces.lifecycle.LifecycleImpl.render(LifecycleImpl.java:219)
	at javax.faces.webapp.FacesServlet.service(FacesServlet.java:647)
	at org.apache.catalina.core.ApplicationFilterChain.internalDoFilter(ApplicationFilterChain.java:292)
	at org.apache.catalina.core.ApplicationFilterChain.doFilter(ApplicationFilterChain.java:207)
	at org.apache.tomcat.websocket.server.WsFilter.doFilter(WsFilter.java:52)
	at org.apache.catalina.core.ApplicationFilterChain.internalDoFilter(ApplicationFilterChain.java:240)
	at org.apache.catalina.core.ApplicationFilterChain.doFilter(ApplicationFilterChain.java:207)
	at org.apache.catalina.core.StandardWrapperValve.invoke(StandardWrapperValve.java:212)
	at org.apache.catalina.core.StandardContextValve.invoke(StandardContextValve.java:94)
	at org.apache.catalina.authenticator.AuthenticatorBase.invoke(AuthenticatorBase.java:492)
	at org.apache.catalina.core.StandardHostValve.invoke(StandardHostValve.java:141)
	at org.apache.catalina.valves.ErrorReportValve.invoke(ErrorReportValve.java:80)
	at org.apache.catalina.valves.AbstractAccessLogValve.invoke(AbstractAccessLogValve.java:620)
	at org.apache.catalina.core.StandardEngineValve.invoke(StandardEngineValve.java:88)
	at org.apache.catalina.connector.CoyoteAdapter.service(CoyoteAdapter.java:502)
	at org.apache.coyote.http11.AbstractHttp11Processor.process(AbstractHttp11Processor.java:1152)
	at org.apache.coyote.AbstractProtocol$AbstractConnectionHandler.process(AbstractProtocol.java:684)
	at org.apache.tomcat.util.net.AprEndpoint$SocketProcessor.doRun(AprEndpoint.java:2527)
	at org.apache.tomcat.util.net.AprEndpoint$SocketProcessor.run(AprEndpoint.java:2516)
	at java.util.concurrent.ThreadPoolExecutor.runWorker(ThreadPoolExecutor.java:1142)
	at java.util.concurrent.ThreadPoolExecutor$Worker.run(ThreadPoolExecutor.java:617)
	at org.apache.tomcat.util.threads.TaskThread$WrappingRunnable.run(TaskThread.java:61)
	at java.lang.Thread.run(Thread.java:745)

22-Oct-2019 12:26:30.492 INFORMA합ES [localhost-startStop-2] org.apache.catalina.core.ApplicationContext.log SessionListener: contextDestroyed()
22-Oct-2019 12:26:30.492 INFORMA합ES [localhost-startStop-2] org.apache.catalina.core.ApplicationContext.log ContextListener: contextDestroyed()
