07-Oct-2019 19:52:32.129 INFORMA합ES [localhost-startStop-1] org.apache.catalina.core.ApplicationContext.log ContextListener: contextInitialized()
07-Oct-2019 19:52:32.145 INFORMA합ES [localhost-startStop-1] org.apache.catalina.core.ApplicationContext.log SessionListener: contextInitialized()
07-Oct-2019 19:52:32.145 INFORMA합ES [localhost-startStop-1] org.apache.catalina.core.ApplicationContext.log ContextListener: attributeAdded('StockTicker', 'async.Stockticker@666d7546')
07-Oct-2019 20:17:07.022 GRAVE [http-apr-8080-exec-19] org.apache.catalina.core.StandardWrapperValve.invoke Servlet.service() for servlet [Faces Servlet] in context with path [] threw exception [/listar_usuario.xhtml @149,89 value="#{usuarioBean.obterUsuarios.usuario.nome}": Property 'obterUsuarios' not found on type br.com.argus.bean.UsuarioBean] with root cause
 javax.el.PropertyNotFoundException: Property 'obterUsuarios' not found on type br.com.argus.bean.UsuarioBean
	at javax.el.BeanELResolver$BeanProperties.get(BeanELResolver.java:269)
	at javax.el.BeanELResolver$BeanProperties.access$300(BeanELResolver.java:221)
	at javax.el.BeanELResolver.property(BeanELResolver.java:356)
	at javax.el.BeanELResolver.getValue(BeanELResolver.java:95)
	at com.sun.faces.el.DemuxCompositeELResolver._getValue(DemuxCompositeELResolver.java:176)
	at com.sun.faces.el.DemuxCompositeELResolver.getValue(DemuxCompositeELResolver.java:203)
	at org.apache.el.parser.AstValue.getValue(AstValue.java:169)
	at org.apache.el.ValueExpressionImpl.getValue(ValueExpressionImpl.java:190)
	at com.sun.faces.facelets.el.TagValueExpression.getValue(TagValueExpression.java:109)
	at javax.faces.component.ComponentStateHelper.eval(ComponentStateHelper.java:194)
	at javax.faces.component.ComponentStateHelper.eval(ComponentStateHelper.java:182)
	at javax.faces.component.UIOutput.getValue(UIOutput.java:174)
	at com.sun.faces.renderkit.html_basic.HtmlBasicInputRenderer.getValue(HtmlBasicInputRenderer.java:205)
	at com.sun.faces.renderkit.html_basic.HtmlBasicRenderer.getCurrentValue(HtmlBasicRenderer.java:355)
	at com.sun.faces.renderkit.html_basic.HtmlBasicRenderer.encodeEnd(HtmlBasicRenderer.java:164)
	at javax.faces.component.UIComponentBase.encodeEnd(UIComponentBase.java:919)
	at com.sun.faces.renderkit.html_basic.HtmlBasicRenderer.encodeRecursive(HtmlBasicRenderer.java:312)
	at com.sun.faces.renderkit.html_basic.TableRenderer.renderRow(TableRenderer.java:386)
	at com.sun.faces.renderkit.html_basic.TableRenderer.encodeChildren(TableRenderer.java:163)
	at javax.faces.component.UIComponentBase.encodeChildren(UIComponentBase.java:889)
	at javax.faces.component.UIComponent.encodeAll(UIComponent.java:1856)
	at javax.faces.component.UIComponent.encodeAll(UIComponent.java:1859)
	at javax.faces.component.UIComponent.encodeAll(UIComponent.java:1859)
	at com.sun.faces.application.view.FaceletViewHandlingStrategy.renderView(FaceletViewHandlingStrategy.java:461)
	at com.sun.faces.application.view.MultiViewHandler.renderView(MultiViewHandler.java:133)
	at javax.faces.application.ViewHandlerWrapper.renderView(ViewHandlerWrapper.java:337)
	at com.sun.faces.lifecycle.RenderResponsePhase.execute(RenderResponsePhase.java:120)
	at com.sun.faces.lifecycle.Phase.doPhase(Phase.java:101)
	at com.sun.faces.lifecycle.LifecycleImpl.render(LifecycleImpl.java:219)
	at javax.faces.webapp.FacesServlet.service(FacesServlet.java:647)
	at org.apache.catalina.core.ApplicationFilterChain.internalDoFilter(ApplicationFilterChain.java:292)
	at org.apache.catalina.core.ApplicationFilterChain.doFilter(ApplicationFilterChain.java:207)
	at org.apache.tomcat.websocket.server.WsFilter.doFilter(WsFilter.java:52)
	at org.apache.catalina.core.ApplicationFilterChain.internalDoFilter(ApplicationFilterChain.java:240)
	at org.apache.catalina.core.ApplicationFilterChain.doFilter(ApplicationFilterChain.java:207)
	at org.apache.catalina.core.StandardWrapperValve.invoke(StandardWrapperValve.java:212)
	at org.apache.catalina.core.StandardContextValve.invoke(StandardContextValve.java:94)
	at org.apache.catalina.authenticator.AuthenticatorBase.invoke(AuthenticatorBase.java:492)
	at org.apache.catalina.core.StandardHostValve.invoke(StandardHostValve.java:141)
	at org.apache.catalina.valves.ErrorReportValve.invoke(ErrorReportValve.java:80)
	at org.apache.catalina.valves.AbstractAccessLogValve.invoke(AbstractAccessLogValve.java:620)
	at org.apache.catalina.core.StandardEngineValve.invoke(StandardEngineValve.java:88)
	at org.apache.catalina.connector.CoyoteAdapter.service(CoyoteAdapter.java:502)
	at org.apache.coyote.http11.AbstractHttp11Processor.process(AbstractHttp11Processor.java:1152)
	at org.apache.coyote.AbstractProtocol$AbstractConnectionHandler.process(AbstractProtocol.java:684)
	at org.apache.tomcat.util.net.AprEndpoint$SocketProcessor.doRun(AprEndpoint.java:2527)
	at org.apache.tomcat.util.net.AprEndpoint$SocketProcessor.run(AprEndpoint.java:2516)
	at java.util.concurrent.ThreadPoolExecutor.runWorker(ThreadPoolExecutor.java:1142)
	at java.util.concurrent.ThreadPoolExecutor$Worker.run(ThreadPoolExecutor.java:617)
	at org.apache.tomcat.util.threads.TaskThread$WrappingRunnable.run(TaskThread.java:61)
	at java.lang.Thread.run(Thread.java:745)

07-Oct-2019 20:58:27.206 INFORMA합ES [localhost-startStop-2] org.apache.catalina.core.ApplicationContext.log SessionListener: contextDestroyed()
07-Oct-2019 20:58:27.206 INFORMA합ES [localhost-startStop-2] org.apache.catalina.core.ApplicationContext.log ContextListener: contextDestroyed()
