02-Nov-2019 15:07:45.678 INFORMA합ES [localhost-startStop-1] org.apache.catalina.core.ApplicationContext.log DiretorAuth:Initializing filter
02-Nov-2019 15:07:45.682 INFORMA합ES [localhost-startStop-1] org.apache.catalina.core.ApplicationContext.log Auth:Initializing filter
02-Nov-2019 15:07:45.682 INFORMA합ES [localhost-startStop-1] org.apache.catalina.core.ApplicationContext.log FuncionarioAuth:Initializing filter
02-Nov-2019 15:07:45.682 INFORMA합ES [localhost-startStop-1] org.apache.catalina.core.ApplicationContext.log PedagogoAuth:Initializing filter
02-Nov-2019 15:07:45.686 INFORMA합ES [localhost-startStop-1] org.apache.catalina.core.ApplicationContext.log AdminstradorAuth:Initializing filter
02-Nov-2019 15:07:49.437 INFORMA합ES [localhost-startStop-1] org.apache.catalina.core.ApplicationContext.log ContextListener: contextInitialized()
02-Nov-2019 15:07:49.437 INFORMA합ES [localhost-startStop-1] org.apache.catalina.core.ApplicationContext.log SessionListener: contextInitialized()
02-Nov-2019 15:07:49.445 INFORMA합ES [localhost-startStop-1] org.apache.catalina.core.ApplicationContext.log ContextListener: attributeAdded('StockTicker', 'async.Stockticker@1a07f03b')
02-Nov-2019 15:08:39.287 INFORMA합ES [http-apr-8080-exec-3] org.apache.catalina.core.ApplicationContext.log DiretorAuth:Initializing filter
02-Nov-2019 15:08:39.287 INFORMA합ES [http-apr-8080-exec-3] org.apache.catalina.core.ApplicationContext.log Auth:Initializing filter
02-Nov-2019 15:08:39.287 INFORMA합ES [http-apr-8080-exec-3] org.apache.catalina.core.ApplicationContext.log FuncionarioAuth:Initializing filter
02-Nov-2019 15:08:39.287 INFORMA합ES [http-apr-8080-exec-3] org.apache.catalina.core.ApplicationContext.log PedagogoAuth:Initializing filter
02-Nov-2019 15:08:39.291 INFORMA합ES [http-apr-8080-exec-3] org.apache.catalina.core.ApplicationContext.log AdminstradorAuth:Initializing filter
02-Nov-2019 15:13:08.298 GRAVE [http-apr-8080-exec-14] org.apache.catalina.core.StandardWrapperValve.invoke Servlet.service() for servlet [Faces Servlet] in context with path [] threw exception [javax.persistence.NoResultException: No entity found for query] with root cause
 javax.persistence.NoResultException: No entity found for query
	at org.hibernate.jpa.internal.QueryImpl.getSingleResult(QueryImpl.java:498)
	at br.com.argus.dao.UsuarioDAO.buscar(UsuarioDAO.java:27)
	at br.com.argus.bussiness.LoginUsuario.tipoUsuario(LoginUsuario.java:23)
	at br.com.argus.bean.LoginBean.logarNoSistema(LoginBean.java:32)
	at sun.reflect.NativeMethodAccessorImpl.invoke0(Native Method)
	at sun.reflect.NativeMethodAccessorImpl.invoke(NativeMethodAccessorImpl.java:62)
	at sun.reflect.DelegatingMethodAccessorImpl.invoke(DelegatingMethodAccessorImpl.java:43)
	at java.lang.reflect.Method.invoke(Method.java:498)
	at org.apache.el.parser.AstValue.invoke(AstValue.java:247)
	at org.apache.el.MethodExpressionImpl.invoke(MethodExpressionImpl.java:267)
	at com.sun.faces.facelets.el.TagMethodExpression.invoke(TagMethodExpression.java:105)
	at javax.faces.component.MethodBindingMethodExpressionAdapter.invoke(MethodBindingMethodExpressionAdapter.java:87)
	at com.sun.faces.application.ActionListenerImpl.processAction(ActionListenerImpl.java:102)
	at javax.faces.component.UICommand.broadcast(UICommand.java:315)
	at javax.faces.component.UIViewRoot.broadcastEvents(UIViewRoot.java:790)
	at javax.faces.component.UIViewRoot.processApplication(UIViewRoot.java:1282)
	at com.sun.faces.lifecycle.InvokeApplicationPhase.execute(InvokeApplicationPhase.java:81)
	at com.sun.faces.lifecycle.Phase.doPhase(Phase.java:101)
	at com.sun.faces.lifecycle.LifecycleImpl.execute(LifecycleImpl.java:198)
	at javax.faces.webapp.FacesServlet.service(FacesServlet.java:646)
	at org.apache.catalina.core.ApplicationFilterChain.internalDoFilter(ApplicationFilterChain.java:292)
	at org.apache.catalina.core.ApplicationFilterChain.doFilter(ApplicationFilterChain.java:207)
	at org.apache.tomcat.websocket.server.WsFilter.doFilter(WsFilter.java:52)
	at org.apache.catalina.core.ApplicationFilterChain.internalDoFilter(ApplicationFilterChain.java:240)
	at org.apache.catalina.core.ApplicationFilterChain.doFilter(ApplicationFilterChain.java:207)
	at org.apache.catalina.core.StandardWrapperValve.invoke(StandardWrapperValve.java:212)
	at org.apache.catalina.core.StandardContextValve.invoke(StandardContextValve.java:94)
	at org.apache.catalina.authenticator.AuthenticatorBase.invoke(AuthenticatorBase.java:492)
	at org.apache.catalina.core.StandardHostValve.invoke(StandardHostValve.java:141)
	at org.apache.catalina.valves.ErrorReportValve.invoke(ErrorReportValve.java:80)
	at org.apache.catalina.valves.AbstractAccessLogValve.invoke(AbstractAccessLogValve.java:620)
	at org.apache.catalina.core.StandardEngineValve.invoke(StandardEngineValve.java:88)
	at org.apache.catalina.connector.CoyoteAdapter.service(CoyoteAdapter.java:502)
	at org.apache.coyote.http11.AbstractHttp11Processor.process(AbstractHttp11Processor.java:1152)
	at org.apache.coyote.AbstractProtocol$AbstractConnectionHandler.process(AbstractProtocol.java:684)
	at org.apache.tomcat.util.net.AprEndpoint$SocketProcessor.doRun(AprEndpoint.java:2527)
	at org.apache.tomcat.util.net.AprEndpoint$SocketProcessor.run(AprEndpoint.java:2516)
	at java.util.concurrent.ThreadPoolExecutor.runWorker(ThreadPoolExecutor.java:1142)
	at java.util.concurrent.ThreadPoolExecutor$Worker.run(ThreadPoolExecutor.java:617)
	at org.apache.tomcat.util.threads.TaskThread$WrappingRunnable.run(TaskThread.java:61)
	at java.lang.Thread.run(Thread.java:745)

02-Nov-2019 15:25:16.725 INFORMA합ES [http-apr-8080-exec-14] org.apache.catalina.core.ApplicationContext.log DiretorAuth:Initializing filter
02-Nov-2019 15:25:16.729 INFORMA합ES [http-apr-8080-exec-14] org.apache.catalina.core.ApplicationContext.log Auth:Initializing filter
02-Nov-2019 15:25:16.729 INFORMA합ES [http-apr-8080-exec-14] org.apache.catalina.core.ApplicationContext.log FuncionarioAuth:Initializing filter
02-Nov-2019 15:25:16.733 INFORMA합ES [http-apr-8080-exec-14] org.apache.catalina.core.ApplicationContext.log PedagogoAuth:Initializing filter
02-Nov-2019 15:25:16.733 INFORMA합ES [http-apr-8080-exec-14] org.apache.catalina.core.ApplicationContext.log AdminstradorAuth:Initializing filter
02-Nov-2019 15:26:08.896 INFORMA합ES [http-apr-8080-exec-17] org.apache.catalina.core.ApplicationContext.log DiretorAuth:Initializing filter
02-Nov-2019 15:26:08.900 INFORMA합ES [http-apr-8080-exec-17] org.apache.catalina.core.ApplicationContext.log Auth:Initializing filter
02-Nov-2019 15:26:08.900 INFORMA합ES [http-apr-8080-exec-17] org.apache.catalina.core.ApplicationContext.log FuncionarioAuth:Initializing filter
02-Nov-2019 15:26:08.904 INFORMA합ES [http-apr-8080-exec-17] org.apache.catalina.core.ApplicationContext.log PedagogoAuth:Initializing filter
02-Nov-2019 15:26:08.904 INFORMA합ES [http-apr-8080-exec-17] org.apache.catalina.core.ApplicationContext.log AdminstradorAuth:Initializing filter
02-Nov-2019 15:26:56.973 INFORMA합ES [http-apr-8080-exec-24] org.apache.catalina.core.ApplicationContext.log DiretorAuth:Initializing filter
02-Nov-2019 15:26:56.973 INFORMA합ES [http-apr-8080-exec-24] org.apache.catalina.core.ApplicationContext.log Auth:Initializing filter
02-Nov-2019 15:26:56.977 INFORMA합ES [http-apr-8080-exec-24] org.apache.catalina.core.ApplicationContext.log FuncionarioAuth:Initializing filter
02-Nov-2019 15:26:56.977 INFORMA합ES [http-apr-8080-exec-24] org.apache.catalina.core.ApplicationContext.log PedagogoAuth:Initializing filter
02-Nov-2019 15:26:56.985 INFORMA합ES [http-apr-8080-exec-24] org.apache.catalina.core.ApplicationContext.log AdminstradorAuth:Initializing filter
02-Nov-2019 15:27:35.552 INFORMA합ES [http-apr-8080-exec-21] org.apache.catalina.core.ApplicationContext.log DiretorAuth:Initializing filter
02-Nov-2019 15:27:35.961 INFORMA합ES [http-apr-8080-exec-21] org.apache.catalina.core.ApplicationContext.log Auth:Initializing filter
02-Nov-2019 15:27:35.969 INFORMA합ES [http-apr-8080-exec-21] org.apache.catalina.core.ApplicationContext.log FuncionarioAuth:Initializing filter
02-Nov-2019 15:27:35.995 INFORMA합ES [http-apr-8080-exec-21] org.apache.catalina.core.ApplicationContext.log PedagogoAuth:Initializing filter
02-Nov-2019 15:27:35.995 INFORMA합ES [http-apr-8080-exec-21] org.apache.catalina.core.ApplicationContext.log AdminstradorAuth:Initializing filter
02-Nov-2019 15:28:25.844 INFORMA합ES [http-apr-8080-exec-27] org.apache.catalina.core.ApplicationContext.log DiretorAuth:Initializing filter
02-Nov-2019 15:28:25.848 INFORMA합ES [http-apr-8080-exec-27] org.apache.catalina.core.ApplicationContext.log Auth:Initializing filter
02-Nov-2019 15:28:25.848 INFORMA합ES [http-apr-8080-exec-27] org.apache.catalina.core.ApplicationContext.log FuncionarioAuth:Initializing filter
02-Nov-2019 15:28:25.848 INFORMA합ES [http-apr-8080-exec-27] org.apache.catalina.core.ApplicationContext.log PedagogoAuth:Initializing filter
02-Nov-2019 15:28:25.852 INFORMA합ES [http-apr-8080-exec-27] org.apache.catalina.core.ApplicationContext.log AdminstradorAuth:Initializing filter
02-Nov-2019 15:28:59.403 INFORMA합ES [http-apr-8080-exec-36] org.apache.catalina.core.ApplicationContext.log DiretorAuth:Initializing filter
02-Nov-2019 15:28:59.407 INFORMA합ES [http-apr-8080-exec-36] org.apache.catalina.core.ApplicationContext.log Auth:Initializing filter
02-Nov-2019 15:28:59.411 INFORMA합ES [http-apr-8080-exec-36] org.apache.catalina.core.ApplicationContext.log FuncionarioAuth:Initializing filter
02-Nov-2019 15:28:59.415 INFORMA합ES [http-apr-8080-exec-36] org.apache.catalina.core.ApplicationContext.log PedagogoAuth:Initializing filter
02-Nov-2019 15:28:59.415 INFORMA합ES [http-apr-8080-exec-36] org.apache.catalina.core.ApplicationContext.log AdminstradorAuth:Initializing filter
02-Nov-2019 15:29:25.640 INFORMA합ES [http-apr-8080-exec-12] org.apache.catalina.core.ApplicationContext.log DiretorAuth:Initializing filter
02-Nov-2019 15:29:25.640 INFORMA합ES [http-apr-8080-exec-12] org.apache.catalina.core.ApplicationContext.log Auth:Initializing filter
02-Nov-2019 15:29:25.644 INFORMA합ES [http-apr-8080-exec-12] org.apache.catalina.core.ApplicationContext.log FuncionarioAuth:Initializing filter
02-Nov-2019 15:29:25.644 INFORMA합ES [http-apr-8080-exec-12] org.apache.catalina.core.ApplicationContext.log PedagogoAuth:Initializing filter
02-Nov-2019 15:29:25.644 INFORMA합ES [http-apr-8080-exec-12] org.apache.catalina.core.ApplicationContext.log AdminstradorAuth:Initializing filter
02-Nov-2019 15:31:51.072 INFORMA합ES [http-apr-8080-exec-46] org.apache.catalina.core.ApplicationContext.log DiretorAuth:Initializing filter
02-Nov-2019 15:31:51.072 INFORMA합ES [http-apr-8080-exec-46] org.apache.catalina.core.ApplicationContext.log Auth:Initializing filter
02-Nov-2019 15:31:51.076 INFORMA합ES [http-apr-8080-exec-46] org.apache.catalina.core.ApplicationContext.log FuncionarioAuth:Initializing filter
02-Nov-2019 15:31:51.076 INFORMA합ES [http-apr-8080-exec-46] org.apache.catalina.core.ApplicationContext.log PedagogoAuth:Initializing filter
02-Nov-2019 15:31:51.080 INFORMA합ES [http-apr-8080-exec-46] org.apache.catalina.core.ApplicationContext.log AdminstradorAuth:Initializing filter
02-Nov-2019 15:34:07.567 GRAVE [http-apr-8080-exec-53] org.apache.catalina.core.StandardWrapperValve.invoke Servlet.service() for servlet [Faces Servlet] in context with path [] threw exception [javax/servlet/jsp/jstl/core/Config] with root cause
 java.lang.ClassNotFoundException: javax.servlet.jsp.jstl.core.Config
	at org.apache.catalina.loader.WebappClassLoaderBase.loadClass(WebappClassLoaderBase.java:1352)
	at org.apache.catalina.loader.WebappClassLoaderBase.loadClass(WebappClassLoaderBase.java:1180)
	at com.sun.faces.application.view.JspViewHandlingStrategy.executePageToBuildView(JspViewHandlingStrategy.java:344)
	at com.sun.faces.application.view.JspViewHandlingStrategy.buildView(JspViewHandlingStrategy.java:153)
	at com.sun.faces.lifecycle.RenderResponsePhase.execute(RenderResponsePhase.java:99)
	at com.sun.faces.lifecycle.Phase.doPhase(Phase.java:101)
	at com.sun.faces.lifecycle.LifecycleImpl.render(LifecycleImpl.java:219)
	at javax.faces.webapp.FacesServlet.service(FacesServlet.java:647)
	at org.apache.catalina.core.ApplicationFilterChain.internalDoFilter(ApplicationFilterChain.java:292)
	at org.apache.catalina.core.ApplicationFilterChain.doFilter(ApplicationFilterChain.java:207)
	at org.apache.tomcat.websocket.server.WsFilter.doFilter(WsFilter.java:52)
	at org.apache.catalina.core.ApplicationFilterChain.internalDoFilter(ApplicationFilterChain.java:240)
	at org.apache.catalina.core.ApplicationFilterChain.doFilter(ApplicationFilterChain.java:207)
	at org.apache.catalina.core.StandardWrapperValve.invoke(StandardWrapperValve.java:212)
	at org.apache.catalina.core.StandardContextValve.invoke(StandardContextValve.java:94)
	at org.apache.catalina.authenticator.AuthenticatorBase.invoke(AuthenticatorBase.java:492)
	at org.apache.catalina.core.StandardHostValve.invoke(StandardHostValve.java:141)
	at org.apache.catalina.valves.ErrorReportValve.invoke(ErrorReportValve.java:80)
	at org.apache.catalina.valves.AbstractAccessLogValve.invoke(AbstractAccessLogValve.java:620)
	at org.apache.catalina.core.StandardEngineValve.invoke(StandardEngineValve.java:88)
	at org.apache.catalina.connector.CoyoteAdapter.service(CoyoteAdapter.java:502)
	at org.apache.coyote.http11.AbstractHttp11Processor.process(AbstractHttp11Processor.java:1152)
	at org.apache.coyote.AbstractProtocol$AbstractConnectionHandler.process(AbstractProtocol.java:684)
	at org.apache.tomcat.util.net.AprEndpoint$SocketProcessor.doRun(AprEndpoint.java:2527)
	at org.apache.tomcat.util.net.AprEndpoint$SocketProcessor.run(AprEndpoint.java:2516)
	at java.util.concurrent.ThreadPoolExecutor.runWorker(ThreadPoolExecutor.java:1142)
	at java.util.concurrent.ThreadPoolExecutor$Worker.run(ThreadPoolExecutor.java:617)
	at org.apache.tomcat.util.threads.TaskThread$WrappingRunnable.run(TaskThread.java:61)
	at java.lang.Thread.run(Thread.java:745)

02-Nov-2019 15:36:09.633 INFORMA합ES [http-apr-8080-exec-52] org.apache.catalina.core.ApplicationContext.log DiretorAuth:Initializing filter
02-Nov-2019 15:36:09.637 INFORMA합ES [http-apr-8080-exec-52] org.apache.catalina.core.ApplicationContext.log Auth:Initializing filter
02-Nov-2019 15:36:09.637 INFORMA합ES [http-apr-8080-exec-52] org.apache.catalina.core.ApplicationContext.log FuncionarioAuth:Initializing filter
02-Nov-2019 15:36:09.641 INFORMA합ES [http-apr-8080-exec-52] org.apache.catalina.core.ApplicationContext.log PedagogoAuth:Initializing filter
02-Nov-2019 15:36:09.645 INFORMA합ES [http-apr-8080-exec-52] org.apache.catalina.core.ApplicationContext.log AdminstradorAuth:Initializing filter
02-Nov-2019 16:32:29.327 INFORMA합ES [localhost-startStop-2] org.apache.catalina.core.ApplicationContext.log SessionListener: contextDestroyed()
02-Nov-2019 16:32:29.327 INFORMA합ES [localhost-startStop-2] org.apache.catalina.core.ApplicationContext.log ContextListener: contextDestroyed()
