26-Nov-2019 11:31:34.017 INFORMAÇÕES [localhost-startStop-1] org.apache.catalina.core.ApplicationContext.log DiretorAuth:Initializing filter
26-Nov-2019 11:31:34.018 INFORMAÇÕES [localhost-startStop-1] org.apache.catalina.core.ApplicationContext.log Auth:Initializing filter
26-Nov-2019 11:31:34.019 INFORMAÇÕES [localhost-startStop-1] org.apache.catalina.core.ApplicationContext.log FuncionarioAuth:Initializing filter
26-Nov-2019 11:31:34.020 INFORMAÇÕES [localhost-startStop-1] org.apache.catalina.core.ApplicationContext.log PedagogoAuth:Initializing filter
26-Nov-2019 11:31:34.020 INFORMAÇÕES [localhost-startStop-1] org.apache.catalina.core.ApplicationContext.log AdminstradorAuth:Initializing filter
26-Nov-2019 11:31:38.472 INFORMAÇÕES [localhost-startStop-1] org.apache.catalina.core.ApplicationContext.log ContextListener: contextInitialized()
26-Nov-2019 11:31:38.473 INFORMAÇÕES [localhost-startStop-1] org.apache.catalina.core.ApplicationContext.log SessionListener: contextInitialized()
26-Nov-2019 11:31:38.558 INFORMAÇÕES [localhost-startStop-1] org.apache.catalina.core.ApplicationContext.log ContextListener: attributeAdded('StockTicker', 'async.Stockticker@1e2aaf4f')
26-Nov-2019 11:32:21.606 INFORMAÇÕES [http-apr-8080-exec-7] org.apache.catalina.core.ApplicationContext.log DiretorAuth:Initializing filter
26-Nov-2019 11:32:21.608 INFORMAÇÕES [http-apr-8080-exec-7] org.apache.catalina.core.ApplicationContext.log Auth:Initializing filter
26-Nov-2019 11:32:21.609 INFORMAÇÕES [http-apr-8080-exec-7] org.apache.catalina.core.ApplicationContext.log FuncionarioAuth:Initializing filter
26-Nov-2019 11:32:21.610 INFORMAÇÕES [http-apr-8080-exec-7] org.apache.catalina.core.ApplicationContext.log PedagogoAuth:Initializing filter
26-Nov-2019 11:32:21.612 INFORMAÇÕES [http-apr-8080-exec-7] org.apache.catalina.core.ApplicationContext.log AdminstradorAuth:Initializing filter
26-Nov-2019 11:39:11.299 INFORMAÇÕES [http-apr-8080-exec-19] org.apache.catalina.core.ApplicationContext.log DiretorAuth:Initializing filter
26-Nov-2019 11:39:11.300 INFORMAÇÕES [http-apr-8080-exec-19] org.apache.catalina.core.ApplicationContext.log Auth:Initializing filter
26-Nov-2019 11:39:11.301 INFORMAÇÕES [http-apr-8080-exec-19] org.apache.catalina.core.ApplicationContext.log FuncionarioAuth:Initializing filter
26-Nov-2019 11:39:11.302 INFORMAÇÕES [http-apr-8080-exec-19] org.apache.catalina.core.ApplicationContext.log PedagogoAuth:Initializing filter
26-Nov-2019 11:39:11.305 INFORMAÇÕES [http-apr-8080-exec-19] org.apache.catalina.core.ApplicationContext.log AdminstradorAuth:Initializing filter
26-Nov-2019 11:39:42.992 INFORMAÇÕES [http-apr-8080-exec-21] org.apache.catalina.core.ApplicationContext.log DiretorAuth:Initializing filter
26-Nov-2019 11:39:42.993 INFORMAÇÕES [http-apr-8080-exec-21] org.apache.catalina.core.ApplicationContext.log Auth:Initializing filter
26-Nov-2019 11:39:42.994 INFORMAÇÕES [http-apr-8080-exec-21] org.apache.catalina.core.ApplicationContext.log FuncionarioAuth:Initializing filter
26-Nov-2019 11:39:42.994 INFORMAÇÕES [http-apr-8080-exec-21] org.apache.catalina.core.ApplicationContext.log PedagogoAuth:Initializing filter
26-Nov-2019 11:39:42.995 INFORMAÇÕES [http-apr-8080-exec-21] org.apache.catalina.core.ApplicationContext.log AdminstradorAuth:Initializing filter
26-Nov-2019 11:41:35.258 GRAVE [http-apr-8080-exec-34] org.apache.catalina.core.StandardWrapperValve.invoke Servlet.service() for servlet [Faces Servlet] in context with path [] threw exception [Error Parsing /protegido/pedagogo/index.xhtml: Error Traced[line: 69] O tipo de elemento "a" deve ser seguido pelas especificações do atributo, ">" ou "/>".] with root cause
 javax.faces.view.facelets.FaceletException: Error Parsing /protegido/pedagogo/index.xhtml: Error Traced[line: 69] O tipo de elemento "a" deve ser seguido pelas especificações do atributo, ">" ou "/>".
	at com.sun.faces.facelets.compiler.SAXCompiler.doCompile(SAXCompiler.java:456)
	at com.sun.faces.facelets.compiler.SAXCompiler.doMetadataCompile(SAXCompiler.java:439)
	at com.sun.faces.facelets.compiler.Compiler.metadataCompile(Compiler.java:130)
	at com.sun.faces.facelets.impl.DefaultFaceletFactory.createMetadataFacelet(DefaultFaceletFactory.java:495)
	at com.sun.faces.facelets.impl.DefaultFaceletFactory.access$200(DefaultFaceletFactory.java:106)
	at com.sun.faces.facelets.impl.DefaultFaceletFactory$2.newInstance(DefaultFaceletFactory.java:205)
	at com.sun.faces.facelets.impl.DefaultFaceletFactory$2.newInstance(DefaultFaceletFactory.java:203)
	at com.sun.faces.facelets.impl.DefaultFaceletCache$2.newInstance(DefaultFaceletCache.java:97)
	at com.sun.faces.facelets.impl.DefaultFaceletCache$2.newInstance(DefaultFaceletCache.java:92)
	at com.sun.faces.util.ExpiringConcurrentCache$1.call(ExpiringConcurrentCache.java:99)
	at java.util.concurrent.FutureTask.run(FutureTask.java:266)
	at com.sun.faces.util.ExpiringConcurrentCache.get(ExpiringConcurrentCache.java:114)
	at com.sun.faces.facelets.impl.DefaultFaceletCache.getViewMetadataFacelet(DefaultFaceletCache.java:146)
	at com.sun.faces.facelets.impl.DefaultFaceletCache.getViewMetadataFacelet(DefaultFaceletCache.java:63)
	at com.sun.faces.facelets.impl.DefaultFaceletFactory.getMetadataFacelet(DefaultFaceletFactory.java:316)
	at com.sun.faces.facelets.impl.DefaultFaceletFactory.getMetadataFacelet(DefaultFaceletFactory.java:246)
	at com.sun.faces.application.view.ViewMetadataImpl.createMetadataView(ViewMetadataImpl.java:114)
	at com.sun.faces.lifecycle.RestoreViewPhase.execute(RestoreViewPhase.java:241)
	at com.sun.faces.lifecycle.Phase.doPhase(Phase.java:101)
	at com.sun.faces.lifecycle.RestoreViewPhase.doPhase(RestoreViewPhase.java:121)
	at com.sun.faces.lifecycle.LifecycleImpl.execute(LifecycleImpl.java:198)
	at javax.faces.webapp.FacesServlet.service(FacesServlet.java:646)
	at org.apache.catalina.core.ApplicationFilterChain.internalDoFilter(ApplicationFilterChain.java:292)
	at org.apache.catalina.core.ApplicationFilterChain.doFilter(ApplicationFilterChain.java:207)
	at org.apache.tomcat.websocket.server.WsFilter.doFilter(WsFilter.java:52)
	at org.apache.catalina.core.ApplicationFilterChain.internalDoFilter(ApplicationFilterChain.java:240)
	at org.apache.catalina.core.ApplicationFilterChain.doFilter(ApplicationFilterChain.java:207)
	at br.com.argus.filtros.PedagogoAuth.doFilter(PedagogoAuth.java:61)
	at org.apache.catalina.core.ApplicationFilterChain.internalDoFilter(ApplicationFilterChain.java:240)
	at org.apache.catalina.core.ApplicationFilterChain.doFilter(ApplicationFilterChain.java:207)
	at org.apache.catalina.core.StandardWrapperValve.invoke(StandardWrapperValve.java:212)
	at org.apache.catalina.core.StandardContextValve.invoke(StandardContextValve.java:94)
	at org.apache.catalina.authenticator.AuthenticatorBase.invoke(AuthenticatorBase.java:492)
	at org.apache.catalina.core.StandardHostValve.invoke(StandardHostValve.java:141)
	at org.apache.catalina.valves.ErrorReportValve.invoke(ErrorReportValve.java:80)
	at org.apache.catalina.valves.AbstractAccessLogValve.invoke(AbstractAccessLogValve.java:620)
	at org.apache.catalina.core.StandardEngineValve.invoke(StandardEngineValve.java:88)
	at org.apache.catalina.connector.CoyoteAdapter.service(CoyoteAdapter.java:502)
	at org.apache.coyote.http11.AbstractHttp11Processor.process(AbstractHttp11Processor.java:1152)
	at org.apache.coyote.AbstractProtocol$AbstractConnectionHandler.process(AbstractProtocol.java:684)
	at org.apache.tomcat.util.net.AprEndpoint$SocketProcessor.doRun(AprEndpoint.java:2527)
	at org.apache.tomcat.util.net.AprEndpoint$SocketProcessor.run(AprEndpoint.java:2516)
	at java.util.concurrent.ThreadPoolExecutor.runWorker(ThreadPoolExecutor.java:1142)
	at java.util.concurrent.ThreadPoolExecutor$Worker.run(ThreadPoolExecutor.java:617)
	at org.apache.tomcat.util.threads.TaskThread$WrappingRunnable.run(TaskThread.java:61)
	at java.lang.Thread.run(Thread.java:745)

26-Nov-2019 11:43:07.497 GRAVE [http-apr-8080-exec-26] org.apache.catalina.core.StandardWrapperValve.invoke Servlet.service() for servlet [Faces Servlet] in context with path [] threw exception [javax.persistence.NoResultException: No entity found for query] with root cause
 javax.persistence.NoResultException: No entity found for query
	at org.hibernate.jpa.internal.QueryImpl.getSingleResult(QueryImpl.java:498)
	at br.com.argus.dao.UsuarioDAO.buscar(UsuarioDAO.java:28)
	at br.com.argus.bussiness.LoginUsuario.tipoUsuario(LoginUsuario.java:25)
	at br.com.argus.bean.LoginBean.logarNoSistema(LoginBean.java:33)
	at sun.reflect.NativeMethodAccessorImpl.invoke0(Native Method)
	at sun.reflect.NativeMethodAccessorImpl.invoke(NativeMethodAccessorImpl.java:62)
	at sun.reflect.DelegatingMethodAccessorImpl.invoke(DelegatingMethodAccessorImpl.java:43)
	at java.lang.reflect.Method.invoke(Method.java:498)
	at org.apache.el.parser.AstValue.invoke(AstValue.java:247)
	at org.apache.el.MethodExpressionImpl.invoke(MethodExpressionImpl.java:267)
	at com.sun.faces.facelets.el.TagMethodExpression.invoke(TagMethodExpression.java:105)
	at javax.faces.component.MethodBindingMethodExpressionAdapter.invoke(MethodBindingMethodExpressionAdapter.java:87)
	at com.sun.faces.application.ActionListenerImpl.processAction(ActionListenerImpl.java:102)
	at javax.faces.component.UICommand.broadcast(UICommand.java:315)
	at javax.faces.component.UIViewRoot.broadcastEvents(UIViewRoot.java:790)
	at javax.faces.component.UIViewRoot.processApplication(UIViewRoot.java:1282)
	at com.sun.faces.lifecycle.InvokeApplicationPhase.execute(InvokeApplicationPhase.java:81)
	at com.sun.faces.lifecycle.Phase.doPhase(Phase.java:101)
	at com.sun.faces.lifecycle.LifecycleImpl.execute(LifecycleImpl.java:198)
	at javax.faces.webapp.FacesServlet.service(FacesServlet.java:646)
	at org.apache.catalina.core.ApplicationFilterChain.internalDoFilter(ApplicationFilterChain.java:292)
	at org.apache.catalina.core.ApplicationFilterChain.doFilter(ApplicationFilterChain.java:207)
	at org.apache.tomcat.websocket.server.WsFilter.doFilter(WsFilter.java:52)
	at org.apache.catalina.core.ApplicationFilterChain.internalDoFilter(ApplicationFilterChain.java:240)
	at org.apache.catalina.core.ApplicationFilterChain.doFilter(ApplicationFilterChain.java:207)
	at org.apache.catalina.core.StandardWrapperValve.invoke(StandardWrapperValve.java:212)
	at org.apache.catalina.core.StandardContextValve.invoke(StandardContextValve.java:94)
	at org.apache.catalina.authenticator.AuthenticatorBase.invoke(AuthenticatorBase.java:492)
	at org.apache.catalina.core.StandardHostValve.invoke(StandardHostValve.java:141)
	at org.apache.catalina.valves.ErrorReportValve.invoke(ErrorReportValve.java:80)
	at org.apache.catalina.valves.AbstractAccessLogValve.invoke(AbstractAccessLogValve.java:620)
	at org.apache.catalina.core.StandardEngineValve.invoke(StandardEngineValve.java:88)
	at org.apache.catalina.connector.CoyoteAdapter.service(CoyoteAdapter.java:502)
	at org.apache.coyote.http11.AbstractHttp11Processor.process(AbstractHttp11Processor.java:1152)
	at org.apache.coyote.AbstractProtocol$AbstractConnectionHandler.process(AbstractProtocol.java:684)
	at org.apache.tomcat.util.net.AprEndpoint$SocketProcessor.doRun(AprEndpoint.java:2527)
	at org.apache.tomcat.util.net.AprEndpoint$SocketProcessor.run(AprEndpoint.java:2516)
	at java.util.concurrent.ThreadPoolExecutor.runWorker(ThreadPoolExecutor.java:1142)
	at java.util.concurrent.ThreadPoolExecutor$Worker.run(ThreadPoolExecutor.java:617)
	at org.apache.tomcat.util.threads.TaskThread$WrappingRunnable.run(TaskThread.java:61)
	at java.lang.Thread.run(Thread.java:745)

26-Nov-2019 11:45:04.760 INFORMAÇÕES [http-apr-8080-exec-25] org.apache.catalina.core.ApplicationContext.log DiretorAuth:Initializing filter
26-Nov-2019 11:45:04.763 INFORMAÇÕES [http-apr-8080-exec-25] org.apache.catalina.core.ApplicationContext.log Auth:Initializing filter
26-Nov-2019 11:45:04.763 INFORMAÇÕES [http-apr-8080-exec-25] org.apache.catalina.core.ApplicationContext.log FuncionarioAuth:Initializing filter
26-Nov-2019 11:45:04.763 INFORMAÇÕES [http-apr-8080-exec-25] org.apache.catalina.core.ApplicationContext.log PedagogoAuth:Initializing filter
26-Nov-2019 11:45:04.765 INFORMAÇÕES [http-apr-8080-exec-25] org.apache.catalina.core.ApplicationContext.log AdminstradorAuth:Initializing filter
26-Nov-2019 11:45:23.146 INFORMAÇÕES [http-apr-8080-exec-34] org.apache.catalina.core.ApplicationContext.log DiretorAuth:Initializing filter
26-Nov-2019 11:45:23.147 INFORMAÇÕES [http-apr-8080-exec-34] org.apache.catalina.core.ApplicationContext.log Auth:Initializing filter
26-Nov-2019 11:45:23.147 INFORMAÇÕES [http-apr-8080-exec-34] org.apache.catalina.core.ApplicationContext.log FuncionarioAuth:Initializing filter
26-Nov-2019 11:45:23.148 INFORMAÇÕES [http-apr-8080-exec-34] org.apache.catalina.core.ApplicationContext.log PedagogoAuth:Initializing filter
26-Nov-2019 11:45:23.149 INFORMAÇÕES [http-apr-8080-exec-34] org.apache.catalina.core.ApplicationContext.log AdminstradorAuth:Initializing filter
26-Nov-2019 11:46:34.584 GRAVE [72] org.apache.catalina.core.StandardWrapperValve.invoke Servlet.service() for servlet [Faces Servlet] in context with path [] threw exception [javax.persistence.NoResultException: No entity found for query] with root cause
 javax.persistence.NoResultException: No entity found for query
	at org.hibernate.jpa.internal.QueryImpl.getSingleResult(QueryImpl.java:498)
	at br.com.argus.dao.UsuarioDAO.buscar(UsuarioDAO.java:28)
	at br.com.argus.bussiness.LoginUsuario.tipoUsuario(LoginUsuario.java:25)
	at br.com.argus.bean.LoginBean.logarNoSistema(LoginBean.java:33)
	at sun.reflect.NativeMethodAccessorImpl.invoke0(Native Method)
	at sun.reflect.NativeMethodAccessorImpl.invoke(NativeMethodAccessorImpl.java:62)
	at sun.reflect.DelegatingMethodAccessorImpl.invoke(DelegatingMethodAccessorImpl.java:43)
	at java.lang.reflect.Method.invoke(Method.java:498)
	at org.apache.el.parser.AstValue.invoke(AstValue.java:247)
	at org.apache.el.MethodExpressionImpl.invoke(MethodExpressionImpl.java:267)
	at com.sun.faces.facelets.el.TagMethodExpression.invoke(TagMethodExpression.java:105)
	at javax.faces.component.MethodBindingMethodExpressionAdapter.invoke(MethodBindingMethodExpressionAdapter.java:87)
	at com.sun.faces.application.ActionListenerImpl.processAction(ActionListenerImpl.java:102)
	at javax.faces.component.UICommand.broadcast(UICommand.java:315)
	at javax.faces.component.UIViewRoot.broadcastEvents(UIViewRoot.java:790)
	at javax.faces.component.UIViewRoot.processApplication(UIViewRoot.java:1282)
	at com.sun.faces.lifecycle.InvokeApplicationPhase.execute(InvokeApplicationPhase.java:81)
	at com.sun.faces.lifecycle.Phase.doPhase(Phase.java:101)
	at com.sun.faces.lifecycle.LifecycleImpl.execute(LifecycleImpl.java:198)
	at javax.faces.webapp.FacesServlet.service(FacesServlet.java:646)
	at org.apache.catalina.core.ApplicationFilterChain.internalDoFilter(ApplicationFilterChain.java:292)
	at org.apache.catalina.core.ApplicationFilterChain.doFilter(ApplicationFilterChain.java:207)
	at org.apache.tomcat.websocket.server.WsFilter.doFilter(WsFilter.java:52)
	at org.apache.catalina.core.ApplicationFilterChain.internalDoFilter(ApplicationFilterChain.java:240)
	at org.apache.catalina.core.ApplicationFilterChain.doFilter(ApplicationFilterChain.java:207)
	at org.apache.catalina.core.StandardWrapperValve.invoke(StandardWrapperValve.java:212)
	at org.apache.catalina.core.StandardContextValve.invoke(StandardContextValve.java:94)
	at org.apache.catalina.authenticator.AuthenticatorBase.invoke(AuthenticatorBase.java:492)
	at org.apache.catalina.core.StandardHostValve.invoke(StandardHostValve.java:141)
	at org.apache.catalina.valves.ErrorReportValve.invoke(ErrorReportValve.java:80)
	at org.apache.catalina.valves.AbstractAccessLogValve.invoke(AbstractAccessLogValve.java:620)
	at org.apache.catalina.core.StandardEngineValve.invoke(StandardEngineValve.java:88)
	at org.apache.catalina.connector.CoyoteAdapter.service(CoyoteAdapter.java:502)
	at org.apache.coyote.http11.AbstractHttp11Processor.process(AbstractHttp11Processor.java:1152)
	at org.apache.coyote.AbstractProtocol$AbstractConnectionHandler.process(AbstractProtocol.java:684)
	at org.apache.tomcat.util.net.AprEndpoint$SocketProcessor.doRun(AprEndpoint.java:2527)
	at org.apache.tomcat.util.net.AprEndpoint$SocketProcessor.run(AprEndpoint.java:2516)
	at java.util.concurrent.ThreadPoolExecutor.runWorker(ThreadPoolExecutor.java:1142)
	at java.util.concurrent.ThreadPoolExecutor$Worker.run(ThreadPoolExecutor.java:617)
	at org.apache.tomcat.util.threads.TaskThread$WrappingRunnable.run(TaskThread.java:61)
	at java.lang.Thread.run(Thread.java:745)

26-Nov-2019 11:47:25.455 INFORMAÇÕES [http-apr-8080-exec-43] org.apache.catalina.core.ApplicationContext.log DiretorAuth:Initializing filter
26-Nov-2019 11:47:25.455 INFORMAÇÕES [http-apr-8080-exec-43] org.apache.catalina.core.ApplicationContext.log Auth:Initializing filter
26-Nov-2019 11:47:25.455 INFORMAÇÕES [http-apr-8080-exec-43] org.apache.catalina.core.ApplicationContext.log FuncionarioAuth:Initializing filter
26-Nov-2019 11:47:25.455 INFORMAÇÕES [http-apr-8080-exec-43] org.apache.catalina.core.ApplicationContext.log PedagogoAuth:Initializing filter
26-Nov-2019 11:47:25.455 INFORMAÇÕES [http-apr-8080-exec-43] org.apache.catalina.core.ApplicationContext.log AdminstradorAuth:Initializing filter
26-Nov-2019 11:47:46.395 INFORMAÇÕES [http-apr-8080-exec-39] org.apache.catalina.core.ApplicationContext.log DiretorAuth:Initializing filter
26-Nov-2019 11:47:46.396 INFORMAÇÕES [http-apr-8080-exec-39] org.apache.catalina.core.ApplicationContext.log Auth:Initializing filter
26-Nov-2019 11:47:46.397 INFORMAÇÕES [http-apr-8080-exec-39] org.apache.catalina.core.ApplicationContext.log FuncionarioAuth:Initializing filter
26-Nov-2019 11:47:46.398 INFORMAÇÕES [http-apr-8080-exec-39] org.apache.catalina.core.ApplicationContext.log PedagogoAuth:Initializing filter
26-Nov-2019 11:47:46.399 INFORMAÇÕES [http-apr-8080-exec-39] org.apache.catalina.core.ApplicationContext.log AdminstradorAuth:Initializing filter
26-Nov-2019 11:48:34.609 GRAVE [http-apr-8080-exec-41] org.apache.catalina.core.StandardWrapperValve.invoke Servlet.service() for servlet [Faces Servlet] in context with path [] threw exception [javax/servlet/jsp/jstl/core/Config] with root cause
 java.lang.ClassNotFoundException: javax.servlet.jsp.jstl.core.Config
	at org.apache.catalina.loader.WebappClassLoaderBase.loadClass(WebappClassLoaderBase.java:1352)
	at org.apache.catalina.loader.WebappClassLoaderBase.loadClass(WebappClassLoaderBase.java:1180)
	at com.sun.faces.application.view.JspViewHandlingStrategy.executePageToBuildView(JspViewHandlingStrategy.java:344)
	at com.sun.faces.application.view.JspViewHandlingStrategy.buildView(JspViewHandlingStrategy.java:153)
	at com.sun.faces.lifecycle.RenderResponsePhase.execute(RenderResponsePhase.java:99)
	at com.sun.faces.lifecycle.Phase.doPhase(Phase.java:101)
	at com.sun.faces.lifecycle.LifecycleImpl.render(LifecycleImpl.java:219)
	at javax.faces.webapp.FacesServlet.service(FacesServlet.java:647)
	at org.apache.catalina.core.ApplicationFilterChain.internalDoFilter(ApplicationFilterChain.java:292)
	at org.apache.catalina.core.ApplicationFilterChain.doFilter(ApplicationFilterChain.java:207)
	at org.apache.tomcat.websocket.server.WsFilter.doFilter(WsFilter.java:52)
	at org.apache.catalina.core.ApplicationFilterChain.internalDoFilter(ApplicationFilterChain.java:240)
	at org.apache.catalina.core.ApplicationFilterChain.doFilter(ApplicationFilterChain.java:207)
	at org.apache.catalina.core.StandardWrapperValve.invoke(StandardWrapperValve.java:212)
	at org.apache.catalina.core.StandardContextValve.invoke(StandardContextValve.java:94)
	at org.apache.catalina.authenticator.AuthenticatorBase.invoke(AuthenticatorBase.java:492)
	at org.apache.catalina.core.StandardHostValve.invoke(StandardHostValve.java:141)
	at org.apache.catalina.valves.ErrorReportValve.invoke(ErrorReportValve.java:80)
	at org.apache.catalina.valves.AbstractAccessLogValve.invoke(AbstractAccessLogValve.java:620)
	at org.apache.catalina.core.StandardEngineValve.invoke(StandardEngineValve.java:88)
	at org.apache.catalina.connector.CoyoteAdapter.service(CoyoteAdapter.java:502)
	at org.apache.coyote.http11.AbstractHttp11Processor.process(AbstractHttp11Processor.java:1152)
	at org.apache.coyote.AbstractProtocol$AbstractConnectionHandler.process(AbstractProtocol.java:684)
	at org.apache.tomcat.util.net.AprEndpoint$SocketProcessor.doRun(AprEndpoint.java:2527)
	at org.apache.tomcat.util.net.AprEndpoint$SocketProcessor.run(AprEndpoint.java:2516)
	at java.util.concurrent.ThreadPoolExecutor.runWorker(ThreadPoolExecutor.java:1142)
	at java.util.concurrent.ThreadPoolExecutor$Worker.run(ThreadPoolExecutor.java:617)
	at org.apache.tomcat.util.threads.TaskThread$WrappingRunnable.run(TaskThread.java:61)
	at java.lang.Thread.run(Thread.java:745)

26-Nov-2019 11:53:36.576 INFORMAÇÕES [http-apr-8080-exec-54] org.apache.catalina.core.ApplicationContext.log DiretorAuth:Initializing filter
26-Nov-2019 11:53:36.577 INFORMAÇÕES [http-apr-8080-exec-54] org.apache.catalina.core.ApplicationContext.log Auth:Initializing filter
26-Nov-2019 11:53:36.578 INFORMAÇÕES [http-apr-8080-exec-54] org.apache.catalina.core.ApplicationContext.log FuncionarioAuth:Initializing filter
26-Nov-2019 11:53:36.591 INFORMAÇÕES [http-apr-8080-exec-54] org.apache.catalina.core.ApplicationContext.log PedagogoAuth:Initializing filter
26-Nov-2019 11:53:36.592 INFORMAÇÕES [http-apr-8080-exec-54] org.apache.catalina.core.ApplicationContext.log AdminstradorAuth:Initializing filter
26-Nov-2019 11:55:34.373 INFORMAÇÕES [http-apr-8080-exec-58] org.apache.catalina.core.ApplicationContext.log DiretorAuth:Initializing filter
26-Nov-2019 11:55:34.374 INFORMAÇÕES [http-apr-8080-exec-58] org.apache.catalina.core.ApplicationContext.log Auth:Initializing filter
26-Nov-2019 11:55:34.375 INFORMAÇÕES [http-apr-8080-exec-58] org.apache.catalina.core.ApplicationContext.log FuncionarioAuth:Initializing filter
26-Nov-2019 11:55:34.376 INFORMAÇÕES [http-apr-8080-exec-58] org.apache.catalina.core.ApplicationContext.log PedagogoAuth:Initializing filter
26-Nov-2019 11:55:34.377 INFORMAÇÕES [http-apr-8080-exec-58] org.apache.catalina.core.ApplicationContext.log AdminstradorAuth:Initializing filter
26-Nov-2019 11:55:57.356 INFORMAÇÕES [http-apr-8080-exec-53] org.apache.catalina.core.ApplicationContext.log DiretorAuth:Initializing filter
26-Nov-2019 11:55:57.357 INFORMAÇÕES [http-apr-8080-exec-53] org.apache.catalina.core.ApplicationContext.log Auth:Initializing filter
26-Nov-2019 11:55:57.358 INFORMAÇÕES [http-apr-8080-exec-53] org.apache.catalina.core.ApplicationContext.log FuncionarioAuth:Initializing filter
26-Nov-2019 11:55:57.359 INFORMAÇÕES [http-apr-8080-exec-53] org.apache.catalina.core.ApplicationContext.log PedagogoAuth:Initializing filter
26-Nov-2019 11:55:57.360 INFORMAÇÕES [http-apr-8080-exec-53] org.apache.catalina.core.ApplicationContext.log AdminstradorAuth:Initializing filter
26-Nov-2019 11:56:25.749 INFORMAÇÕES [http-apr-8080-exec-50] org.apache.catalina.core.ApplicationContext.log DiretorAuth:Initializing filter
26-Nov-2019 11:56:25.750 INFORMAÇÕES [http-apr-8080-exec-50] org.apache.catalina.core.ApplicationContext.log Auth:Initializing filter
26-Nov-2019 11:56:25.752 INFORMAÇÕES [http-apr-8080-exec-50] org.apache.catalina.core.ApplicationContext.log FuncionarioAuth:Initializing filter
26-Nov-2019 11:56:25.757 INFORMAÇÕES [http-apr-8080-exec-50] org.apache.catalina.core.ApplicationContext.log PedagogoAuth:Initializing filter
26-Nov-2019 11:56:25.758 INFORMAÇÕES [http-apr-8080-exec-50] org.apache.catalina.core.ApplicationContext.log AdminstradorAuth:Initializing filter
26-Nov-2019 11:56:46.414 INFORMAÇÕES [http-apr-8080-exec-61] org.apache.catalina.core.ApplicationContext.log DiretorAuth:Initializing filter
26-Nov-2019 11:56:46.415 INFORMAÇÕES [http-apr-8080-exec-61] org.apache.catalina.core.ApplicationContext.log Auth:Initializing filter
26-Nov-2019 11:56:46.417 INFORMAÇÕES [http-apr-8080-exec-61] org.apache.catalina.core.ApplicationContext.log FuncionarioAuth:Initializing filter
26-Nov-2019 11:56:46.417 INFORMAÇÕES [http-apr-8080-exec-61] org.apache.catalina.core.ApplicationContext.log PedagogoAuth:Initializing filter
26-Nov-2019 11:56:46.418 INFORMAÇÕES [http-apr-8080-exec-61] org.apache.catalina.core.ApplicationContext.log AdminstradorAuth:Initializing filter
26-Nov-2019 11:57:08.885 INFORMAÇÕES [http-apr-8080-exec-49] org.apache.catalina.core.ApplicationContext.log DiretorAuth:Initializing filter
26-Nov-2019 11:57:08.886 INFORMAÇÕES [http-apr-8080-exec-49] org.apache.catalina.core.ApplicationContext.log Auth:Initializing filter
26-Nov-2019 11:57:08.887 INFORMAÇÕES [http-apr-8080-exec-49] org.apache.catalina.core.ApplicationContext.log FuncionarioAuth:Initializing filter
26-Nov-2019 11:57:08.887 INFORMAÇÕES [http-apr-8080-exec-49] org.apache.catalina.core.ApplicationContext.log PedagogoAuth:Initializing filter
26-Nov-2019 11:57:08.889 INFORMAÇÕES [http-apr-8080-exec-49] org.apache.catalina.core.ApplicationContext.log AdminstradorAuth:Initializing filter
26-Nov-2019 11:57:27.579 INFORMAÇÕES [http-apr-8080-exec-64] org.apache.catalina.core.ApplicationContext.log DiretorAuth:Initializing filter
26-Nov-2019 11:57:27.580 INFORMAÇÕES [http-apr-8080-exec-64] org.apache.catalina.core.ApplicationContext.log Auth:Initializing filter
26-Nov-2019 11:57:27.591 INFORMAÇÕES [http-apr-8080-exec-64] org.apache.catalina.core.ApplicationContext.log FuncionarioAuth:Initializing filter
26-Nov-2019 11:57:27.592 INFORMAÇÕES [http-apr-8080-exec-64] org.apache.catalina.core.ApplicationContext.log PedagogoAuth:Initializing filter
26-Nov-2019 11:57:27.593 INFORMAÇÕES [http-apr-8080-exec-64] org.apache.catalina.core.ApplicationContext.log AdminstradorAuth:Initializing filter
26-Nov-2019 12:03:31.231 GRAVE [http-apr-8080-exec-72] org.apache.catalina.core.StandardWrapperValve.invoke Servlet.service() for servlet [Faces Servlet] in context with path [] threw exception [Error while committing the transaction] with root cause
 org.postgresql.util.PSQLException: ERROR: update or delete on table "aluno" violates foreign key constraint "fk_3l6hd55lituy89sg2dgosak87" on table "atendimento_pedagogico"
  Detalhe: Key (id)=(1) is still referenced from table "atendimento_pedagogico".
	at org.postgresql.core.v3.QueryExecutorImpl.receiveErrorResponse(QueryExecutorImpl.java:2157)
	at org.postgresql.core.v3.QueryExecutorImpl.processResults(QueryExecutorImpl.java:1886)
	at org.postgresql.core.v3.QueryExecutorImpl.execute(QueryExecutorImpl.java:255)
	at org.postgresql.jdbc2.AbstractJdbc2Statement.execute(AbstractJdbc2Statement.java:555)
	at org.postgresql.jdbc2.AbstractJdbc2Statement.executeWithFlags(AbstractJdbc2Statement.java:417)
	at org.postgresql.jdbc2.AbstractJdbc2Statement.executeUpdate(AbstractJdbc2Statement.java:363)
	at org.hibernate.engine.jdbc.internal.ResultSetReturnImpl.executeUpdate(ResultSetReturnImpl.java:187)
	at org.hibernate.engine.jdbc.batch.internal.NonBatchingBatch.addToBatch(NonBatchingBatch.java:62)
	at org.hibernate.persister.entity.AbstractEntityPersister.delete(AbstractEntityPersister.java:3400)
	at org.hibernate.persister.entity.AbstractEntityPersister.delete(AbstractEntityPersister.java:3624)
	at org.hibernate.action.internal.EntityDeleteAction.execute(EntityDeleteAction.java:113)
	at org.hibernate.engine.spi.ActionQueue.executeActions(ActionQueue.java:453)
	at org.hibernate.engine.spi.ActionQueue.executeActions(ActionQueue.java:345)
	at org.hibernate.event.internal.AbstractFlushingEventListener.performExecutions(AbstractFlushingEventListener.java:350)
	at org.hibernate.event.internal.DefaultFlushEventListener.onFlush(DefaultFlushEventListener.java:56)
	at org.hibernate.internal.SessionImpl.flush(SessionImpl.java:1218)
	at org.hibernate.internal.SessionImpl.managedFlush(SessionImpl.java:421)
	at org.hibernate.engine.transaction.internal.jdbc.JdbcTransaction.beforeTransactionCommit(JdbcTransaction.java:101)
	at org.hibernate.engine.transaction.spi.AbstractTransactionImpl.commit(AbstractTransactionImpl.java:177)
	at org.hibernate.jpa.internal.TransactionImpl.commit(TransactionImpl.java:77)
	at br.com.argus.dao.AlunoDAO.eliminar(AlunoDAO.java:33)
	at br.com.argus.bean.AlunoBean.eliminar(AlunoBean.java:88)
	at sun.reflect.NativeMethodAccessorImpl.invoke0(Native Method)
	at sun.reflect.NativeMethodAccessorImpl.invoke(NativeMethodAccessorImpl.java:62)
	at sun.reflect.DelegatingMethodAccessorImpl.invoke(DelegatingMethodAccessorImpl.java:43)
	at java.lang.reflect.Method.invoke(Method.java:498)
	at org.apache.el.parser.AstValue.invoke(AstValue.java:247)
	at org.apache.el.MethodExpressionImpl.invoke(MethodExpressionImpl.java:267)
	at com.sun.faces.facelets.el.TagMethodExpression.invoke(TagMethodExpression.java:105)
	at javax.faces.event.MethodExpressionActionListener.processAction(MethodExpressionActionListener.java:147)
	at javax.faces.event.ActionEvent.processListener(ActionEvent.java:88)
	at javax.faces.component.UIComponentBase.broadcast(UIComponentBase.java:813)
	at javax.faces.component.UICommand.broadcast(UICommand.java:300)
	at javax.faces.component.UIData.broadcast(UIData.java:1108)
	at javax.faces.component.UIViewRoot.broadcastEvents(UIViewRoot.java:790)
	at javax.faces.component.UIViewRoot.processApplication(UIViewRoot.java:1282)
	at com.sun.faces.lifecycle.InvokeApplicationPhase.execute(InvokeApplicationPhase.java:81)
	at com.sun.faces.lifecycle.Phase.doPhase(Phase.java:101)
	at com.sun.faces.lifecycle.LifecycleImpl.execute(LifecycleImpl.java:198)
	at javax.faces.webapp.FacesServlet.service(FacesServlet.java:646)
	at org.apache.catalina.core.ApplicationFilterChain.internalDoFilter(ApplicationFilterChain.java:292)
	at org.apache.catalina.core.ApplicationFilterChain.doFilter(ApplicationFilterChain.java:207)
	at org.apache.tomcat.websocket.server.WsFilter.doFilter(WsFilter.java:52)
	at org.apache.catalina.core.ApplicationFilterChain.internalDoFilter(ApplicationFilterChain.java:240)
	at org.apache.catalina.core.ApplicationFilterChain.doFilter(ApplicationFilterChain.java:207)
	at br.com.argus.filtros.DiretorAuth.doFilter(DiretorAuth.java:61)
	at org.apache.catalina.core.ApplicationFilterChain.internalDoFilter(ApplicationFilterChain.java:240)
	at org.apache.catalina.core.ApplicationFilterChain.doFilter(ApplicationFilterChain.java:207)
	at org.apache.catalina.core.StandardWrapperValve.invoke(StandardWrapperValve.java:212)
	at org.apache.catalina.core.StandardContextValve.invoke(StandardContextValve.java:94)
	at org.apache.catalina.authenticator.AuthenticatorBase.invoke(AuthenticatorBase.java:492)
	at org.apache.catalina.core.StandardHostValve.invoke(StandardHostValve.java:141)
	at org.apache.catalina.valves.ErrorReportValve.invoke(ErrorReportValve.java:80)
	at org.apache.catalina.valves.AbstractAccessLogValve.invoke(AbstractAccessLogValve.java:620)
	at org.apache.catalina.core.StandardEngineValve.invoke(StandardEngineValve.java:88)
	at org.apache.catalina.connector.CoyoteAdapter.service(CoyoteAdapter.java:502)
	at org.apache.coyote.http11.AbstractHttp11Processor.process(AbstractHttp11Processor.java:1152)
	at org.apache.coyote.AbstractProtocol$AbstractConnectionHandler.process(AbstractProtocol.java:684)
	at org.apache.tomcat.util.net.AprEndpoint$SocketProcessor.doRun(AprEndpoint.java:2527)
	at org.apache.tomcat.util.net.AprEndpoint$SocketProcessor.run(AprEndpoint.java:2516)
	at java.util.concurrent.ThreadPoolExecutor.runWorker(ThreadPoolExecutor.java:1142)
	at java.util.concurrent.ThreadPoolExecutor$Worker.run(ThreadPoolExecutor.java:617)
	at org.apache.tomcat.util.threads.TaskThread$WrappingRunnable.run(TaskThread.java:61)
	at java.lang.Thread.run(Thread.java:745)

26-Nov-2019 12:27:29.634 GRAVE [http-apr-8080-exec-71] org.apache.catalina.core.StandardWrapperValve.invoke Servlet.service() for servlet [Faces Servlet] in context with path [] threw exception [Error Parsing /protegido/funcionario/index.xhtml: Error Traced[line: 1] O conteúdo não é permitido no prólogo.] with root cause
 javax.faces.view.facelets.FaceletException: Error Parsing /protegido/funcionario/index.xhtml: Error Traced[line: 1] O conteúdo não é permitido no prólogo.
	at com.sun.faces.facelets.compiler.SAXCompiler.doCompile(SAXCompiler.java:456)
	at com.sun.faces.facelets.compiler.SAXCompiler.doMetadataCompile(SAXCompiler.java:439)
	at com.sun.faces.facelets.compiler.Compiler.metadataCompile(Compiler.java:130)
	at com.sun.faces.facelets.impl.DefaultFaceletFactory.createMetadataFacelet(DefaultFaceletFactory.java:495)
	at com.sun.faces.facelets.impl.DefaultFaceletFactory.access$200(DefaultFaceletFactory.java:106)
	at com.sun.faces.facelets.impl.DefaultFaceletFactory$2.newInstance(DefaultFaceletFactory.java:205)
	at com.sun.faces.facelets.impl.DefaultFaceletFactory$2.newInstance(DefaultFaceletFactory.java:203)
	at com.sun.faces.facelets.impl.DefaultFaceletCache$2.newInstance(DefaultFaceletCache.java:97)
	at com.sun.faces.facelets.impl.DefaultFaceletCache$2.newInstance(DefaultFaceletCache.java:92)
	at com.sun.faces.util.ExpiringConcurrentCache$1.call(ExpiringConcurrentCache.java:99)
	at java.util.concurrent.FutureTask.run(FutureTask.java:266)
	at com.sun.faces.util.ExpiringConcurrentCache.get(ExpiringConcurrentCache.java:114)
	at com.sun.faces.facelets.impl.DefaultFaceletCache.getViewMetadataFacelet(DefaultFaceletCache.java:146)
	at com.sun.faces.facelets.impl.DefaultFaceletCache.getViewMetadataFacelet(DefaultFaceletCache.java:63)
	at com.sun.faces.facelets.impl.DefaultFaceletFactory.getMetadataFacelet(DefaultFaceletFactory.java:316)
	at com.sun.faces.facelets.impl.DefaultFaceletFactory.getMetadataFacelet(DefaultFaceletFactory.java:246)
	at com.sun.faces.application.view.ViewMetadataImpl.createMetadataView(ViewMetadataImpl.java:114)
	at com.sun.faces.lifecycle.RestoreViewPhase.execute(RestoreViewPhase.java:241)
	at com.sun.faces.lifecycle.Phase.doPhase(Phase.java:101)
	at com.sun.faces.lifecycle.RestoreViewPhase.doPhase(RestoreViewPhase.java:121)
	at com.sun.faces.lifecycle.LifecycleImpl.execute(LifecycleImpl.java:198)
	at javax.faces.webapp.FacesServlet.service(FacesServlet.java:646)
	at org.apache.catalina.core.ApplicationFilterChain.internalDoFilter(ApplicationFilterChain.java:292)
	at org.apache.catalina.core.ApplicationFilterChain.doFilter(ApplicationFilterChain.java:207)
	at org.apache.tomcat.websocket.server.WsFilter.doFilter(WsFilter.java:52)
	at org.apache.catalina.core.ApplicationFilterChain.internalDoFilter(ApplicationFilterChain.java:240)
	at org.apache.catalina.core.ApplicationFilterChain.doFilter(ApplicationFilterChain.java:207)
	at br.com.argus.filtros.FuncionarioAuth.doFilter(FuncionarioAuth.java:62)
	at org.apache.catalina.core.ApplicationFilterChain.internalDoFilter(ApplicationFilterChain.java:240)
	at org.apache.catalina.core.ApplicationFilterChain.doFilter(ApplicationFilterChain.java:207)
	at org.apache.catalina.core.StandardWrapperValve.invoke(StandardWrapperValve.java:212)
	at org.apache.catalina.core.StandardContextValve.invoke(StandardContextValve.java:94)
	at org.apache.catalina.authenticator.AuthenticatorBase.invoke(AuthenticatorBase.java:492)
	at org.apache.catalina.core.StandardHostValve.invoke(StandardHostValve.java:141)
	at org.apache.catalina.valves.ErrorReportValve.invoke(ErrorReportValve.java:80)
	at org.apache.catalina.valves.AbstractAccessLogValve.invoke(AbstractAccessLogValve.java:620)
	at org.apache.catalina.core.StandardEngineValve.invoke(StandardEngineValve.java:88)
	at org.apache.catalina.connector.CoyoteAdapter.service(CoyoteAdapter.java:502)
	at org.apache.coyote.http11.AbstractHttp11Processor.process(AbstractHttp11Processor.java:1152)
	at org.apache.coyote.AbstractProtocol$AbstractConnectionHandler.process(AbstractProtocol.java:684)
	at org.apache.tomcat.util.net.AprEndpoint$SocketProcessor.doRun(AprEndpoint.java:2527)
	at org.apache.tomcat.util.net.AprEndpoint$SocketProcessor.run(AprEndpoint.java:2516)
	at java.util.concurrent.ThreadPoolExecutor.runWorker(ThreadPoolExecutor.java:1142)
	at java.util.concurrent.ThreadPoolExecutor$Worker.run(ThreadPoolExecutor.java:617)
	at org.apache.tomcat.util.threads.TaskThread$WrappingRunnable.run(TaskThread.java:61)
	at java.lang.Thread.run(Thread.java:745)

26-Nov-2019 12:28:20.856 GRAVE [http-apr-8080-exec-68] org.apache.catalina.core.StandardWrapperValve.invoke Servlet.service() for servlet [Faces Servlet] in context with path [] threw exception [Error Parsing /protegido/funcionario/index.xhtml: Error Traced[line: 1] O destino da instrução de processamento correspondente "[xX][mM][lL]" não é permitido.] with root cause
 javax.faces.view.facelets.FaceletException: Error Parsing /protegido/funcionario/index.xhtml: Error Traced[line: 1] O destino da instrução de processamento correspondente "[xX][mM][lL]" não é permitido.
	at com.sun.faces.facelets.compiler.SAXCompiler.doCompile(SAXCompiler.java:456)
	at com.sun.faces.facelets.compiler.SAXCompiler.doMetadataCompile(SAXCompiler.java:439)
	at com.sun.faces.facelets.compiler.Compiler.metadataCompile(Compiler.java:130)
	at com.sun.faces.facelets.impl.DefaultFaceletFactory.createMetadataFacelet(DefaultFaceletFactory.java:495)
	at com.sun.faces.facelets.impl.DefaultFaceletFactory.access$200(DefaultFaceletFactory.java:106)
	at com.sun.faces.facelets.impl.DefaultFaceletFactory$2.newInstance(DefaultFaceletFactory.java:205)
	at com.sun.faces.facelets.impl.DefaultFaceletFactory$2.newInstance(DefaultFaceletFactory.java:203)
	at com.sun.faces.facelets.impl.DefaultFaceletCache$2.newInstance(DefaultFaceletCache.java:97)
	at com.sun.faces.facelets.impl.DefaultFaceletCache$2.newInstance(DefaultFaceletCache.java:92)
	at com.sun.faces.util.ExpiringConcurrentCache$1.call(ExpiringConcurrentCache.java:99)
	at java.util.concurrent.FutureTask.run(FutureTask.java:266)
	at com.sun.faces.util.ExpiringConcurrentCache.get(ExpiringConcurrentCache.java:114)
	at com.sun.faces.facelets.impl.DefaultFaceletCache.getViewMetadataFacelet(DefaultFaceletCache.java:146)
	at com.sun.faces.facelets.impl.DefaultFaceletCache.getViewMetadataFacelet(DefaultFaceletCache.java:63)
	at com.sun.faces.facelets.impl.DefaultFaceletFactory.getMetadataFacelet(DefaultFaceletFactory.java:316)
	at com.sun.faces.facelets.impl.DefaultFaceletFactory.getMetadataFacelet(DefaultFaceletFactory.java:246)
	at com.sun.faces.application.view.ViewMetadataImpl.createMetadataView(ViewMetadataImpl.java:114)
	at com.sun.faces.lifecycle.RestoreViewPhase.execute(RestoreViewPhase.java:241)
	at com.sun.faces.lifecycle.Phase.doPhase(Phase.java:101)
	at com.sun.faces.lifecycle.RestoreViewPhase.doPhase(RestoreViewPhase.java:121)
	at com.sun.faces.lifecycle.LifecycleImpl.execute(LifecycleImpl.java:198)
	at javax.faces.webapp.FacesServlet.service(FacesServlet.java:646)
	at org.apache.catalina.core.ApplicationFilterChain.internalDoFilter(ApplicationFilterChain.java:292)
	at org.apache.catalina.core.ApplicationFilterChain.doFilter(ApplicationFilterChain.java:207)
	at org.apache.tomcat.websocket.server.WsFilter.doFilter(WsFilter.java:52)
	at org.apache.catalina.core.ApplicationFilterChain.internalDoFilter(ApplicationFilterChain.java:240)
	at org.apache.catalina.core.ApplicationFilterChain.doFilter(ApplicationFilterChain.java:207)
	at br.com.argus.filtros.FuncionarioAuth.doFilter(FuncionarioAuth.java:62)
	at org.apache.catalina.core.ApplicationFilterChain.internalDoFilter(ApplicationFilterChain.java:240)
	at org.apache.catalina.core.ApplicationFilterChain.doFilter(ApplicationFilterChain.java:207)
	at org.apache.catalina.core.StandardWrapperValve.invoke(StandardWrapperValve.java:212)
	at org.apache.catalina.core.StandardContextValve.invoke(StandardContextValve.java:94)
	at org.apache.catalina.authenticator.AuthenticatorBase.invoke(AuthenticatorBase.java:492)
	at org.apache.catalina.core.StandardHostValve.invoke(StandardHostValve.java:141)
	at org.apache.catalina.valves.ErrorReportValve.invoke(ErrorReportValve.java:80)
	at org.apache.catalina.valves.AbstractAccessLogValve.invoke(AbstractAccessLogValve.java:620)
	at org.apache.catalina.core.StandardEngineValve.invoke(StandardEngineValve.java:88)
	at org.apache.catalina.connector.CoyoteAdapter.service(CoyoteAdapter.java:502)
	at org.apache.coyote.http11.AbstractHttp11Processor.process(AbstractHttp11Processor.java:1152)
	at org.apache.coyote.AbstractProtocol$AbstractConnectionHandler.process(AbstractProtocol.java:684)
	at org.apache.tomcat.util.net.AprEndpoint$SocketProcessor.doRun(AprEndpoint.java:2527)
	at org.apache.tomcat.util.net.AprEndpoint$SocketProcessor.run(AprEndpoint.java:2516)
	at java.util.concurrent.ThreadPoolExecutor.runWorker(ThreadPoolExecutor.java:1142)
	at java.util.concurrent.ThreadPoolExecutor$Worker.run(ThreadPoolExecutor.java:617)
	at org.apache.tomcat.util.threads.TaskThread$WrappingRunnable.run(TaskThread.java:61)
	at java.lang.Thread.run(Thread.java:745)

26-Nov-2019 12:29:26.521 GRAVE [http-apr-8080-exec-75] org.apache.catalina.core.StandardWrapperValve.invoke Servlet.service() for servlet [Faces Servlet] in context with path [] threw exception [Error Parsing /protegido/funcionario/index.xhtml: Error Traced[line: 1] O destino da instrução de processamento correspondente "[xX][mM][lL]" não é permitido.] with root cause
 javax.faces.view.facelets.FaceletException: Error Parsing /protegido/funcionario/index.xhtml: Error Traced[line: 1] O destino da instrução de processamento correspondente "[xX][mM][lL]" não é permitido.
	at com.sun.faces.facelets.compiler.SAXCompiler.doCompile(SAXCompiler.java:456)
	at com.sun.faces.facelets.compiler.SAXCompiler.doMetadataCompile(SAXCompiler.java:439)
	at com.sun.faces.facelets.compiler.Compiler.metadataCompile(Compiler.java:130)
	at com.sun.faces.facelets.impl.DefaultFaceletFactory.createMetadataFacelet(DefaultFaceletFactory.java:495)
	at com.sun.faces.facelets.impl.DefaultFaceletFactory.access$200(DefaultFaceletFactory.java:106)
	at com.sun.faces.facelets.impl.DefaultFaceletFactory$2.newInstance(DefaultFaceletFactory.java:205)
	at com.sun.faces.facelets.impl.DefaultFaceletFactory$2.newInstance(DefaultFaceletFactory.java:203)
	at com.sun.faces.facelets.impl.DefaultFaceletCache$2.newInstance(DefaultFaceletCache.java:97)
	at com.sun.faces.facelets.impl.DefaultFaceletCache$2.newInstance(DefaultFaceletCache.java:92)
	at com.sun.faces.util.ExpiringConcurrentCache$1.call(ExpiringConcurrentCache.java:99)
	at java.util.concurrent.FutureTask.run(FutureTask.java:266)
	at com.sun.faces.util.ExpiringConcurrentCache.get(ExpiringConcurrentCache.java:114)
	at com.sun.faces.facelets.impl.DefaultFaceletCache.getViewMetadataFacelet(DefaultFaceletCache.java:146)
	at com.sun.faces.facelets.impl.DefaultFaceletCache.getViewMetadataFacelet(DefaultFaceletCache.java:63)
	at com.sun.faces.facelets.impl.DefaultFaceletFactory.getMetadataFacelet(DefaultFaceletFactory.java:316)
	at com.sun.faces.facelets.impl.DefaultFaceletFactory.getMetadataFacelet(DefaultFaceletFactory.java:246)
	at com.sun.faces.application.view.ViewMetadataImpl.createMetadataView(ViewMetadataImpl.java:114)
	at com.sun.faces.lifecycle.RestoreViewPhase.execute(RestoreViewPhase.java:241)
	at com.sun.faces.lifecycle.Phase.doPhase(Phase.java:101)
	at com.sun.faces.lifecycle.RestoreViewPhase.doPhase(RestoreViewPhase.java:121)
	at com.sun.faces.lifecycle.LifecycleImpl.execute(LifecycleImpl.java:198)
	at javax.faces.webapp.FacesServlet.service(FacesServlet.java:646)
	at org.apache.catalina.core.ApplicationFilterChain.internalDoFilter(ApplicationFilterChain.java:292)
	at org.apache.catalina.core.ApplicationFilterChain.doFilter(ApplicationFilterChain.java:207)
	at org.apache.tomcat.websocket.server.WsFilter.doFilter(WsFilter.java:52)
	at org.apache.catalina.core.ApplicationFilterChain.internalDoFilter(ApplicationFilterChain.java:240)
	at org.apache.catalina.core.ApplicationFilterChain.doFilter(ApplicationFilterChain.java:207)
	at br.com.argus.filtros.FuncionarioAuth.doFilter(FuncionarioAuth.java:62)
	at org.apache.catalina.core.ApplicationFilterChain.internalDoFilter(ApplicationFilterChain.java:240)
	at org.apache.catalina.core.ApplicationFilterChain.doFilter(ApplicationFilterChain.java:207)
	at org.apache.catalina.core.StandardWrapperValve.invoke(StandardWrapperValve.java:212)
	at org.apache.catalina.core.StandardContextValve.invoke(StandardContextValve.java:94)
	at org.apache.catalina.authenticator.AuthenticatorBase.invoke(AuthenticatorBase.java:492)
	at org.apache.catalina.core.StandardHostValve.invoke(StandardHostValve.java:141)
	at org.apache.catalina.valves.ErrorReportValve.invoke(ErrorReportValve.java:80)
	at org.apache.catalina.valves.AbstractAccessLogValve.invoke(AbstractAccessLogValve.java:620)
	at org.apache.catalina.core.StandardEngineValve.invoke(StandardEngineValve.java:88)
	at org.apache.catalina.connector.CoyoteAdapter.service(CoyoteAdapter.java:502)
	at org.apache.coyote.http11.AbstractHttp11Processor.process(AbstractHttp11Processor.java:1152)
	at org.apache.coyote.AbstractProtocol$AbstractConnectionHandler.process(AbstractProtocol.java:684)
	at org.apache.tomcat.util.net.AprEndpoint$SocketProcessor.doRun(AprEndpoint.java:2527)
	at org.apache.tomcat.util.net.AprEndpoint$SocketProcessor.run(AprEndpoint.java:2516)
	at java.util.concurrent.ThreadPoolExecutor.runWorker(ThreadPoolExecutor.java:1142)
	at java.util.concurrent.ThreadPoolExecutor$Worker.run(ThreadPoolExecutor.java:617)
	at org.apache.tomcat.util.threads.TaskThread$WrappingRunnable.run(TaskThread.java:61)
	at java.lang.Thread.run(Thread.java:745)

