04-Nov-2019 20:17:46.405 INFORMA합ES [localhost-startStop-1] org.apache.catalina.core.ApplicationContext.log DiretorAuth:Initializing filter
04-Nov-2019 20:17:46.405 INFORMA합ES [localhost-startStop-1] org.apache.catalina.core.ApplicationContext.log Auth:Initializing filter
04-Nov-2019 20:17:46.406 INFORMA합ES [localhost-startStop-1] org.apache.catalina.core.ApplicationContext.log FuncionarioAuth:Initializing filter
04-Nov-2019 20:17:46.407 INFORMA합ES [localhost-startStop-1] org.apache.catalina.core.ApplicationContext.log PedagogoAuth:Initializing filter
04-Nov-2019 20:17:46.408 INFORMA합ES [localhost-startStop-1] org.apache.catalina.core.ApplicationContext.log AdminstradorAuth:Initializing filter
04-Nov-2019 20:17:48.758 INFORMA합ES [localhost-startStop-1] org.apache.catalina.core.ApplicationContext.log ContextListener: contextInitialized()
04-Nov-2019 20:17:48.758 INFORMA합ES [localhost-startStop-1] org.apache.catalina.core.ApplicationContext.log SessionListener: contextInitialized()
04-Nov-2019 20:17:48.762 INFORMA합ES [localhost-startStop-1] org.apache.catalina.core.ApplicationContext.log ContextListener: attributeAdded('StockTicker', 'async.Stockticker@4d24a008')
04-Nov-2019 20:21:58.439 INFORMA합ES [http-apr-8080-exec-1] org.apache.catalina.core.ApplicationContext.log DiretorAuth:Initializing filter
04-Nov-2019 20:21:58.440 INFORMA합ES [http-apr-8080-exec-1] org.apache.catalina.core.ApplicationContext.log Auth:Initializing filter
04-Nov-2019 20:21:58.441 INFORMA합ES [http-apr-8080-exec-1] org.apache.catalina.core.ApplicationContext.log FuncionarioAuth:Initializing filter
04-Nov-2019 20:21:58.441 INFORMA합ES [http-apr-8080-exec-1] org.apache.catalina.core.ApplicationContext.log PedagogoAuth:Initializing filter
04-Nov-2019 20:21:58.442 INFORMA합ES [http-apr-8080-exec-1] org.apache.catalina.core.ApplicationContext.log AdminstradorAuth:Initializing filter
04-Nov-2019 20:22:21.635 INFORMA합ES [http-apr-8080-exec-6] org.apache.catalina.core.ApplicationContext.log DiretorAuth:Initializing filter
04-Nov-2019 20:22:21.636 INFORMA합ES [http-apr-8080-exec-6] org.apache.catalina.core.ApplicationContext.log Auth:Initializing filter
04-Nov-2019 20:22:21.637 INFORMA합ES [http-apr-8080-exec-6] org.apache.catalina.core.ApplicationContext.log FuncionarioAuth:Initializing filter
04-Nov-2019 20:22:21.639 INFORMA합ES [http-apr-8080-exec-6] org.apache.catalina.core.ApplicationContext.log PedagogoAuth:Initializing filter
04-Nov-2019 20:22:21.640 INFORMA합ES [http-apr-8080-exec-6] org.apache.catalina.core.ApplicationContext.log AdminstradorAuth:Initializing filter
04-Nov-2019 21:20:33.736 INFORMA합ES [http-apr-8080-exec-15] org.apache.catalina.core.ApplicationContext.log DiretorAuth:Initializing filter
04-Nov-2019 21:20:33.740 INFORMA합ES [http-apr-8080-exec-15] org.apache.catalina.core.ApplicationContext.log Auth:Initializing filter
04-Nov-2019 21:20:33.740 INFORMA합ES [http-apr-8080-exec-15] org.apache.catalina.core.ApplicationContext.log FuncionarioAuth:Initializing filter
04-Nov-2019 21:20:33.740 INFORMA합ES [http-apr-8080-exec-15] org.apache.catalina.core.ApplicationContext.log PedagogoAuth:Initializing filter
04-Nov-2019 21:20:33.740 INFORMA합ES [http-apr-8080-exec-15] org.apache.catalina.core.ApplicationContext.log AdminstradorAuth:Initializing filter
04-Nov-2019 21:21:07.819 INFORMA합ES [http-apr-8080-exec-22] org.apache.catalina.core.ApplicationContext.log DiretorAuth:Initializing filter
04-Nov-2019 21:21:07.823 INFORMA합ES [http-apr-8080-exec-22] org.apache.catalina.core.ApplicationContext.log Auth:Initializing filter
04-Nov-2019 21:21:07.823 INFORMA합ES [http-apr-8080-exec-22] org.apache.catalina.core.ApplicationContext.log FuncionarioAuth:Initializing filter
04-Nov-2019 21:21:07.823 INFORMA합ES [http-apr-8080-exec-22] org.apache.catalina.core.ApplicationContext.log PedagogoAuth:Initializing filter
04-Nov-2019 21:21:07.827 INFORMA합ES [http-apr-8080-exec-22] org.apache.catalina.core.ApplicationContext.log AdminstradorAuth:Initializing filter
04-Nov-2019 21:48:41.043 INFORMA합ES [http-apr-8080-exec-25] org.apache.catalina.core.ApplicationContext.log DiretorAuth:Initializing filter
04-Nov-2019 21:48:41.047 INFORMA합ES [http-apr-8080-exec-25] org.apache.catalina.core.ApplicationContext.log Auth:Initializing filter
04-Nov-2019 21:48:41.047 INFORMA합ES [http-apr-8080-exec-25] org.apache.catalina.core.ApplicationContext.log FuncionarioAuth:Initializing filter
04-Nov-2019 21:48:41.047 INFORMA합ES [http-apr-8080-exec-25] org.apache.catalina.core.ApplicationContext.log PedagogoAuth:Initializing filter
04-Nov-2019 21:48:41.051 INFORMA합ES [http-apr-8080-exec-25] org.apache.catalina.core.ApplicationContext.log AdminstradorAuth:Initializing filter
04-Nov-2019 21:49:21.585 INFORMA합ES [http-apr-8080-exec-34] org.apache.catalina.core.ApplicationContext.log DiretorAuth:Initializing filter
04-Nov-2019 21:49:21.589 INFORMA합ES [http-apr-8080-exec-34] org.apache.catalina.core.ApplicationContext.log Auth:Initializing filter
04-Nov-2019 21:49:21.589 INFORMA합ES [http-apr-8080-exec-34] org.apache.catalina.core.ApplicationContext.log FuncionarioAuth:Initializing filter
04-Nov-2019 21:49:21.589 INFORMA합ES [http-apr-8080-exec-34] org.apache.catalina.core.ApplicationContext.log PedagogoAuth:Initializing filter
04-Nov-2019 21:49:21.593 INFORMA합ES [http-apr-8080-exec-34] org.apache.catalina.core.ApplicationContext.log AdminstradorAuth:Initializing filter
04-Nov-2019 21:51:33.389 INFORMA합ES [http-apr-8080-exec-32] org.apache.catalina.core.ApplicationContext.log DiretorAuth:Initializing filter
04-Nov-2019 21:51:33.393 INFORMA합ES [http-apr-8080-exec-32] org.apache.catalina.core.ApplicationContext.log Auth:Initializing filter
04-Nov-2019 21:51:33.393 INFORMA합ES [http-apr-8080-exec-32] org.apache.catalina.core.ApplicationContext.log FuncionarioAuth:Initializing filter
04-Nov-2019 21:51:33.393 INFORMA합ES [http-apr-8080-exec-32] org.apache.catalina.core.ApplicationContext.log PedagogoAuth:Initializing filter
04-Nov-2019 21:51:33.397 INFORMA합ES [http-apr-8080-exec-32] org.apache.catalina.core.ApplicationContext.log AdminstradorAuth:Initializing filter
04-Nov-2019 21:58:53.159 INFORMA합ES [localhost-startStop-2] org.apache.catalina.core.ApplicationContext.log SessionListener: contextDestroyed()
04-Nov-2019 21:58:53.159 INFORMA합ES [localhost-startStop-2] org.apache.catalina.core.ApplicationContext.log ContextListener: contextDestroyed()
