25-Nov-2019 11:42:57.082 INFORMA합ES [http-apr-8080-exec-5] org.apache.catalina.core.ApplicationContext.log Manager: init: Associated with Deployer 'Catalina:type=Deployer,host=localhost'
25-Nov-2019 11:42:57.083 INFORMA합ES [http-apr-8080-exec-5] org.apache.catalina.core.ApplicationContext.log Manager: init: Global resources are available
25-Nov-2019 11:42:57.085 INFORMA합ES [http-apr-8080-exec-5] org.apache.catalina.core.ApplicationContext.log Manager: list: Listing contexts for virtual host 'localhost'
25-Nov-2019 11:42:58.191 INFORMA합ES [http-apr-8080-exec-6] org.apache.catalina.core.ApplicationContext.log Manager: list: Listing contexts for virtual host 'localhost'
25-Nov-2019 11:43:00.427 INFORMA합ES [http-apr-8080-exec-8] org.apache.catalina.core.ApplicationContext.log Manager: restart: Reloading web application '/'
25-Nov-2019 11:51:53.261 INFORMA합ES [http-apr-8080-exec-23] org.apache.catalina.core.ApplicationContext.log Manager: list: Listing contexts for virtual host 'localhost'
25-Nov-2019 11:51:53.456 INFORMA합ES [http-apr-8080-exec-24] org.apache.catalina.core.ApplicationContext.log Manager: restart: Reloading web application '/'
25-Nov-2019 11:58:38.556 INFORMA합ES [http-apr-8080-exec-29] org.apache.catalina.core.ApplicationContext.log Manager: list: Listing contexts for virtual host 'localhost'
25-Nov-2019 11:58:38.664 INFORMA합ES [http-apr-8080-exec-30] org.apache.catalina.core.ApplicationContext.log Manager: restart: Reloading web application '/'
25-Nov-2019 12:00:22.986 INFORMA합ES [http-apr-8080-exec-35] org.apache.catalina.core.ApplicationContext.log Manager: list: Listing contexts for virtual host 'localhost'
25-Nov-2019 12:00:23.015 INFORMA합ES [http-apr-8080-exec-40] org.apache.catalina.core.ApplicationContext.log Manager: restart: Reloading web application '/'
25-Nov-2019 12:01:50.353 INFORMA합ES [http-apr-8080-exec-47] org.apache.catalina.core.ApplicationContext.log Manager: list: Listing contexts for virtual host 'localhost'
25-Nov-2019 12:01:51.435 INFORMA합ES [http-apr-8080-exec-44] org.apache.catalina.core.ApplicationContext.log Manager: list: Listing contexts for virtual host 'localhost'
25-Nov-2019 12:05:01.739 INFORMA합ES [http-apr-8080-exec-55] org.apache.catalina.core.ApplicationContext.log Manager: list: Listing contexts for virtual host 'localhost'
25-Nov-2019 12:09:40.254 INFORMA합ES [http-apr-8080-exec-48] org.apache.catalina.core.ApplicationContext.log Manager: list: Listing contexts for virtual host 'localhost'
25-Nov-2019 12:09:59.850 INFORMA합ES [http-apr-8080-exec-53] org.apache.catalina.core.ApplicationContext.log Manager: list: Listing contexts for virtual host 'localhost'
25-Nov-2019 12:10:28.159 INFORMA합ES [http-apr-8080-exec-50] org.apache.catalina.core.ApplicationContext.log Manager: list: Listing contexts for virtual host 'localhost'
25-Nov-2019 12:11:31.762 INFORMA합ES [http-apr-8080-exec-50] org.apache.catalina.core.ApplicationContext.log Manager: list: Listing contexts for virtual host 'localhost'
25-Nov-2019 12:16:38.485 INFORMA합ES [http-apr-8080-exec-47] org.apache.catalina.core.ApplicationContext.log Manager: list: Listing contexts for virtual host 'localhost'
25-Nov-2019 12:16:38.639 INFORMA합ES [http-apr-8080-exec-50] org.apache.catalina.core.ApplicationContext.log Manager: restart: Reloading web application '/'
25-Nov-2019 12:17:45.004 INFORMA합ES [http-apr-8080-exec-57] org.apache.catalina.core.ApplicationContext.log Manager: list: Listing contexts for virtual host 'localhost'
25-Nov-2019 12:17:45.048 INFORMA합ES [http-apr-8080-exec-51] org.apache.catalina.core.ApplicationContext.log Manager: restart: Reloading web application '/'
25-Nov-2019 12:18:57.935 INFORMA합ES [http-apr-8080-exec-56] org.apache.catalina.core.ApplicationContext.log Manager: list: Listing contexts for virtual host 'localhost'
25-Nov-2019 12:18:58.014 INFORMA합ES [http-apr-8080-exec-60] org.apache.catalina.core.ApplicationContext.log Manager: restart: Reloading web application '/'
25-Nov-2019 12:20:34.420 INFORMA합ES [http-apr-8080-exec-61] org.apache.catalina.core.ApplicationContext.log Manager: list: Listing contexts for virtual host 'localhost'
25-Nov-2019 12:20:34.519 INFORMA합ES [http-apr-8080-exec-63] org.apache.catalina.core.ApplicationContext.log Manager: restart: Reloading web application '/'
25-Nov-2019 12:21:46.983 INFORMA합ES [http-apr-8080-exec-70] org.apache.catalina.core.ApplicationContext.log Manager: list: Listing contexts for virtual host 'localhost'
25-Nov-2019 12:21:47.018 INFORMA합ES [http-apr-8080-exec-72] org.apache.catalina.core.ApplicationContext.log Manager: restart: Reloading web application '/'
25-Nov-2019 12:22:27.058 INFORMA합ES [http-apr-8080-exec-69] org.apache.catalina.core.ApplicationContext.log Manager: list: Listing contexts for virtual host 'localhost'
25-Nov-2019 12:22:27.085 INFORMA합ES [http-apr-8080-exec-68] org.apache.catalina.core.ApplicationContext.log Manager: restart: Reloading web application '/'
25-Nov-2019 12:22:49.838 INFORMA합ES [http-apr-8080-exec-73] org.apache.catalina.core.ApplicationContext.log Manager: list: Listing contexts for virtual host 'localhost'
25-Nov-2019 12:22:50.106 INFORMA합ES [http-apr-8080-exec-71] org.apache.catalina.core.ApplicationContext.log Manager: restart: Reloading web application '/'
25-Nov-2019 12:23:16.305 INFORMA합ES [http-apr-8080-exec-74] org.apache.catalina.core.ApplicationContext.log Manager: list: Listing contexts for virtual host 'localhost'
25-Nov-2019 12:23:16.330 INFORMA합ES [http-apr-8080-exec-61] org.apache.catalina.core.ApplicationContext.log Manager: restart: Reloading web application '/'
25-Nov-2019 12:24:12.701 INFORMA합ES [http-apr-8080-exec-54] org.apache.catalina.core.ApplicationContext.log Manager: list: Listing contexts for virtual host 'localhost'
25-Nov-2019 12:24:12.771 INFORMA합ES [http-apr-8080-exec-74] org.apache.catalina.core.ApplicationContext.log Manager: restart: Reloading web application '/'
25-Nov-2019 12:25:01.188 INFORMA합ES [http-apr-8080-exec-66] org.apache.catalina.core.ApplicationContext.log Manager: list: Listing contexts for virtual host 'localhost'
25-Nov-2019 12:25:01.283 INFORMA합ES [http-apr-8080-exec-54] org.apache.catalina.core.ApplicationContext.log Manager: restart: Reloading web application '/'
25-Nov-2019 12:26:52.857 INFORMA합ES [http-apr-8080-exec-82] org.apache.catalina.core.ApplicationContext.log Manager: list: Listing contexts for virtual host 'localhost'
25-Nov-2019 12:27:41.245 INFORMA합ES [http-apr-8080-exec-76] org.apache.catalina.core.ApplicationContext.log Manager: list: Listing contexts for virtual host 'localhost'
25-Nov-2019 12:28:34.136 INFORMA합ES [http-apr-8080-exec-76] org.apache.catalina.core.ApplicationContext.log Manager: list: Listing contexts for virtual host 'localhost'
25-Nov-2019 12:28:53.789 INFORMA합ES [147] org.apache.catalina.core.ApplicationContext.log Manager: list: Listing contexts for virtual host 'localhost'
25-Nov-2019 12:34:32.356 INFORMA합ES [http-apr-8080-exec-89] org.apache.catalina.core.ApplicationContext.log Manager: list: Listing contexts for virtual host 'localhost'
25-Nov-2019 12:35:25.791 INFORMA합ES [http-apr-8080-exec-84] org.apache.catalina.core.ApplicationContext.log Manager: list: Listing contexts for virtual host 'localhost'
25-Nov-2019 12:36:30.631 INFORMA합ES [http-apr-8080-exec-85] org.apache.catalina.core.ApplicationContext.log Manager: list: Listing contexts for virtual host 'localhost'
25-Nov-2019 12:36:55.432 INFORMA합ES [http-apr-8080-exec-80] org.apache.catalina.core.ApplicationContext.log Manager: list: Listing contexts for virtual host 'localhost'
25-Nov-2019 12:37:37.650 INFORMA합ES [http-apr-8080-exec-84] org.apache.catalina.core.ApplicationContext.log Manager: list: Listing contexts for virtual host 'localhost'
25-Nov-2019 12:41:04.609 INFORMA합ES [http-apr-8080-exec-83] org.apache.catalina.core.ApplicationContext.log Manager: list: Listing contexts for virtual host 'localhost'
25-Nov-2019 12:41:04.767 INFORMA합ES [http-apr-8080-exec-82] org.apache.catalina.core.ApplicationContext.log Manager: restart: Reloading web application '/'
25-Nov-2019 12:45:39.669 INFORMA합ES [http-apr-8080-exec-86] org.apache.catalina.core.ApplicationContext.log Manager: list: Listing contexts for virtual host 'localhost'
25-Nov-2019 12:45:39.857 INFORMA합ES [http-apr-8080-exec-88] org.apache.catalina.core.ApplicationContext.log Manager: restart: Reloading web application '/'
25-Nov-2019 12:46:37.216 INFORMA합ES [http-apr-8080-exec-84] org.apache.catalina.core.ApplicationContext.log Manager: list: Listing contexts for virtual host 'localhost'
25-Nov-2019 12:46:37.322 INFORMA합ES [http-apr-8080-exec-87] org.apache.catalina.core.ApplicationContext.log Manager: restart: Reloading web application '/'
25-Nov-2019 12:47:00.278 INFORMA합ES [http-apr-8080-exec-84] org.apache.catalina.core.ApplicationContext.log Manager: list: Listing contexts for virtual host 'localhost'
25-Nov-2019 12:47:00.296 INFORMA합ES [http-apr-8080-exec-91] org.apache.catalina.core.ApplicationContext.log Manager: restart: Reloading web application '/'
25-Nov-2019 12:49:22.967 INFORMA합ES [156] org.apache.catalina.core.ApplicationContext.log Manager: list: Listing contexts for virtual host 'localhost'
25-Nov-2019 12:49:23.076 INFORMA합ES [http-apr-8080-exec-102] org.apache.catalina.core.ApplicationContext.log Manager: restart: Reloading web application '/'
25-Nov-2019 12:50:04.805 INFORMA합ES [http-apr-8080-exec-106] org.apache.catalina.core.ApplicationContext.log Manager: list: Listing contexts for virtual host 'localhost'
25-Nov-2019 12:50:05.061 INFORMA합ES [http-apr-8080-exec-100] org.apache.catalina.core.ApplicationContext.log Manager: restart: Reloading web application '/'
25-Nov-2019 12:50:54.493 INFORMA합ES [http-apr-8080-exec-109] org.apache.catalina.core.ApplicationContext.log Manager: list: Listing contexts for virtual host 'localhost'
25-Nov-2019 12:50:54.814 INFORMA합ES [http-apr-8080-exec-99] org.apache.catalina.core.ApplicationContext.log Manager: restart: Reloading web application '/'
25-Nov-2019 12:54:20.057 INFORMA합ES [http-apr-8080-exec-114] org.apache.catalina.core.ApplicationContext.log Manager: list: Listing contexts for virtual host 'localhost'
25-Nov-2019 12:54:22.283 INFORMA합ES [http-apr-8080-exec-113] org.apache.catalina.core.ApplicationContext.log Manager: restart: Reloading web application '/'
25-Nov-2019 12:55:10.216 INFORMA합ES [http-apr-8080-exec-111] org.apache.catalina.core.ApplicationContext.log Manager: list: Listing contexts for virtual host 'localhost'
25-Nov-2019 12:55:10.356 INFORMA합ES [http-apr-8080-exec-115] org.apache.catalina.core.ApplicationContext.log Manager: restart: Reloading web application '/'
25-Nov-2019 12:59:14.052 INFORMA합ES [http-apr-8080-exec-128] org.apache.catalina.core.ApplicationContext.log Manager: list: Listing contexts for virtual host 'localhost'
25-Nov-2019 12:59:14.152 INFORMA합ES [http-apr-8080-exec-124] org.apache.catalina.core.ApplicationContext.log Manager: restart: Reloading web application '/'
25-Nov-2019 14:06:30.352 INFORMA합ES [http-apr-8080-exec-133] org.apache.catalina.core.ApplicationContext.log Manager: list: Listing contexts for virtual host 'localhost'
25-Nov-2019 14:06:30.506 INFORMA합ES [http-apr-8080-exec-138] org.apache.catalina.core.ApplicationContext.log Manager: restart: Reloading web application '/'
25-Nov-2019 14:09:51.503 INFORMA합ES [http-apr-8080-exec-134] org.apache.catalina.core.ApplicationContext.log Manager: list: Listing contexts for virtual host 'localhost'
25-Nov-2019 14:09:51.535 INFORMA합ES [http-apr-8080-exec-139] org.apache.catalina.core.ApplicationContext.log Manager: restart: Reloading web application '/'
25-Nov-2019 14:12:37.716 INFORMA합ES [http-apr-8080-exec-149] org.apache.catalina.core.ApplicationContext.log Manager: list: Listing contexts for virtual host 'localhost'
25-Nov-2019 14:12:37.949 INFORMA합ES [http-apr-8080-exec-150] org.apache.catalina.core.ApplicationContext.log Manager: restart: Reloading web application '/'
25-Nov-2019 16:31:08.786 INFORMA합ES [http-apr-8080-exec-5] org.apache.catalina.core.ApplicationContext.log Manager: init: Associated with Deployer 'Catalina:type=Deployer,host=localhost'
25-Nov-2019 16:31:08.786 INFORMA합ES [http-apr-8080-exec-5] org.apache.catalina.core.ApplicationContext.log Manager: init: Global resources are available
25-Nov-2019 16:31:08.790 INFORMA합ES [http-apr-8080-exec-5] org.apache.catalina.core.ApplicationContext.log Manager: list: Listing contexts for virtual host 'localhost'
25-Nov-2019 16:31:09.181 INFORMA합ES [http-apr-8080-exec-4] org.apache.catalina.core.ApplicationContext.log Manager: list: Listing contexts for virtual host 'localhost'
25-Nov-2019 16:31:10.588 INFORMA합ES [http-apr-8080-exec-2] org.apache.catalina.core.ApplicationContext.log Manager: restart: Reloading web application '/'
25-Nov-2019 16:36:02.099 INFORMA합ES [http-apr-8080-exec-16] org.apache.catalina.core.ApplicationContext.log Manager: list: Listing contexts for virtual host 'localhost'
25-Nov-2019 16:36:47.148 INFORMA합ES [http-apr-8080-exec-16] org.apache.catalina.core.ApplicationContext.log Manager: list: Listing contexts for virtual host 'localhost'
25-Nov-2019 16:40:40.153 INFORMA합ES [http-apr-8080-exec-18] org.apache.catalina.core.ApplicationContext.log Manager: list: Listing contexts for virtual host 'localhost'
25-Nov-2019 16:40:40.227 INFORMA합ES [http-apr-8080-exec-14] org.apache.catalina.core.ApplicationContext.log Manager: restart: Reloading web application '/'
25-Nov-2019 16:41:31.970 INFORMA합ES [http-apr-8080-exec-17] org.apache.catalina.core.ApplicationContext.log Manager: list: Listing contexts for virtual host 'localhost'
25-Nov-2019 16:41:32.027 INFORMA합ES [http-apr-8080-exec-20] org.apache.catalina.core.ApplicationContext.log Manager: restart: Reloading web application '/'
25-Nov-2019 16:42:28.219 INFORMA합ES [http-apr-8080-exec-17] org.apache.catalina.core.ApplicationContext.log Manager: list: Listing contexts for virtual host 'localhost'
25-Nov-2019 16:42:28.255 INFORMA합ES [http-apr-8080-exec-12] org.apache.catalina.core.ApplicationContext.log Manager: restart: Reloading web application '/'
25-Nov-2019 16:44:32.017 INFORMA합ES [http-apr-8080-exec-13] org.apache.catalina.core.ApplicationContext.log Manager: list: Listing contexts for virtual host 'localhost'
25-Nov-2019 16:44:32.099 INFORMA합ES [http-apr-8080-exec-15] org.apache.catalina.core.ApplicationContext.log Manager: restart: Reloading web application '/'
25-Nov-2019 16:45:14.881 INFORMA합ES [http-apr-8080-exec-27] org.apache.catalina.core.ApplicationContext.log Manager: list: Listing contexts for virtual host 'localhost'
25-Nov-2019 16:45:14.953 INFORMA합ES [http-apr-8080-exec-29] org.apache.catalina.core.ApplicationContext.log Manager: restart: Reloading web application '/'
25-Nov-2019 16:46:16.351 INFORMA합ES [67] org.apache.catalina.core.ApplicationContext.log Manager: list: Listing contexts for virtual host 'localhost'
25-Nov-2019 16:46:16.733 INFORMA합ES [http-apr-8080-exec-13] org.apache.catalina.core.ApplicationContext.log Manager: restart: Reloading web application '/'
25-Nov-2019 16:46:56.979 INFORMA합ES [http-apr-8080-exec-27] org.apache.catalina.core.ApplicationContext.log Manager: list: Listing contexts for virtual host 'localhost'
25-Nov-2019 16:46:57.037 INFORMA합ES [http-apr-8080-exec-35] org.apache.catalina.core.ApplicationContext.log Manager: restart: Reloading web application '/'
25-Nov-2019 16:49:27.408 INFORMA합ES [http-apr-8080-exec-36] org.apache.catalina.core.ApplicationContext.log Manager: list: Listing contexts for virtual host 'localhost'
25-Nov-2019 16:49:27.504 INFORMA합ES [http-apr-8080-exec-21] org.apache.catalina.core.ApplicationContext.log Manager: restart: Reloading web application '/'
25-Nov-2019 16:52:53.722 INFORMA합ES [http-apr-8080-exec-37] org.apache.catalina.core.ApplicationContext.log Manager: list: Listing contexts for virtual host 'localhost'
25-Nov-2019 16:52:53.774 INFORMA합ES [http-apr-8080-exec-23] org.apache.catalina.core.ApplicationContext.log Manager: restart: Reloading web application '/'
25-Nov-2019 16:53:53.139 INFORMA합ES [http-apr-8080-exec-45] org.apache.catalina.core.ApplicationContext.log Manager: list: Listing contexts for virtual host 'localhost'
25-Nov-2019 16:53:53.171 INFORMA합ES [http-apr-8080-exec-48] org.apache.catalina.core.ApplicationContext.log Manager: restart: Reloading web application '/'
25-Nov-2019 16:55:34.572 INFORMA합ES [http-apr-8080-exec-49] org.apache.catalina.core.ApplicationContext.log Manager: list: Listing contexts for virtual host 'localhost'
25-Nov-2019 16:55:34.764 INFORMA합ES [http-apr-8080-exec-44] org.apache.catalina.core.ApplicationContext.log Manager: restart: Reloading web application '/'
25-Nov-2019 16:56:30.721 INFORMA합ES [http-apr-8080-exec-53] org.apache.catalina.core.ApplicationContext.log Manager: list: Listing contexts for virtual host 'localhost'
25-Nov-2019 17:00:08.235 INFORMA합ES [http-apr-8080-exec-55] org.apache.catalina.core.ApplicationContext.log Manager: list: Listing contexts for virtual host 'localhost'
25-Nov-2019 17:00:39.319 INFORMA합ES [http-apr-8080-exec-59] org.apache.catalina.core.ApplicationContext.log Manager: list: Listing contexts for virtual host 'localhost'
25-Nov-2019 17:01:47.434 INFORMA합ES [http-apr-8080-exec-59] org.apache.catalina.core.ApplicationContext.log Manager: list: Listing contexts for virtual host 'localhost'
25-Nov-2019 17:23:36.204 INFORMA합ES [http-apr-8080-exec-54] org.apache.catalina.core.ApplicationContext.log Manager: list: Listing contexts for virtual host 'localhost'
25-Nov-2019 17:23:36.517 INFORMA합ES [http-apr-8080-exec-57] org.apache.catalina.core.ApplicationContext.log Manager: restart: Reloading web application '/'
25-Nov-2019 17:34:33.118 INFORMA합ES [http-apr-8080-exec-71] org.apache.catalina.core.ApplicationContext.log Manager: list: Listing contexts for virtual host 'localhost'
25-Nov-2019 17:34:33.602 INFORMA합ES [http-apr-8080-exec-72] org.apache.catalina.core.ApplicationContext.log Manager: restart: Reloading web application '/'
25-Nov-2019 17:45:16.449 INFORMA합ES [http-apr-8080-exec-82] org.apache.catalina.core.ApplicationContext.log Manager: list: Listing contexts for virtual host 'localhost'
25-Nov-2019 17:45:16.668 INFORMA합ES [http-apr-8080-exec-78] org.apache.catalina.core.ApplicationContext.log Manager: list: Listing contexts for virtual host 'localhost'
25-Nov-2019 18:02:51.717 INFORMA합ES [http-apr-8080-exec-75] org.apache.catalina.core.ApplicationContext.log Manager: list: Listing contexts for virtual host 'localhost'
25-Nov-2019 18:02:52.355 INFORMA합ES [http-apr-8080-exec-78] org.apache.catalina.core.ApplicationContext.log Manager: restart: Reloading web application '/'
25-Nov-2019 18:03:57.062 INFORMA합ES [http-apr-8080-exec-84] org.apache.catalina.core.ApplicationContext.log Manager: list: Listing contexts for virtual host 'localhost'
25-Nov-2019 18:03:57.078 INFORMA합ES [http-apr-8080-exec-83] org.apache.catalina.core.ApplicationContext.log Manager: restart: Reloading web application '/'
25-Nov-2019 18:05:22.610 INFORMA합ES [http-apr-8080-exec-82] org.apache.catalina.core.ApplicationContext.log Manager: list: Listing contexts for virtual host 'localhost'
25-Nov-2019 21:21:25.922 INFORMA합ES [http-apr-8080-exec-27] org.apache.catalina.core.ApplicationContext.log Manager: init: Associated with Deployer 'Catalina:type=Deployer,host=localhost'
25-Nov-2019 21:21:25.922 INFORMA합ES [http-apr-8080-exec-27] org.apache.catalina.core.ApplicationContext.log Manager: init: Global resources are available
25-Nov-2019 21:21:25.922 INFORMA합ES [http-apr-8080-exec-27] org.apache.catalina.core.ApplicationContext.log Manager: list: Listing contexts for virtual host 'localhost'
25-Nov-2019 21:21:26.274 INFORMA합ES [http-apr-8080-exec-28] org.apache.catalina.core.ApplicationContext.log Manager: list: Listing contexts for virtual host 'localhost'
25-Nov-2019 21:21:28.418 INFORMA합ES [http-apr-8080-exec-26] org.apache.catalina.core.ApplicationContext.log Manager: restart: Reloading web application '/'
25-Nov-2019 22:01:31.129 INFORMA합ES [http-apr-8080-exec-36] org.apache.catalina.core.ApplicationContext.log Manager: list: Listing contexts for virtual host 'localhost'
25-Nov-2019 22:01:31.598 INFORMA합ES [http-apr-8080-exec-38] org.apache.catalina.core.ApplicationContext.log Manager: restart: Reloading web application '/'
25-Nov-2019 22:05:47.713 INFORMA합ES [http-apr-8080-exec-47] org.apache.catalina.core.ApplicationContext.log Manager: list: Listing contexts for virtual host 'localhost'
25-Nov-2019 22:05:47.745 INFORMA합ES [http-apr-8080-exec-52] org.apache.catalina.core.ApplicationContext.log Manager: restart: Reloading web application '/'
25-Nov-2019 22:08:06.736 INFORMA합ES [http-apr-8080-exec-61] org.apache.catalina.core.ApplicationContext.log Manager: list: Listing contexts for virtual host 'localhost'
25-Nov-2019 22:08:32.362 INFORMA합ES [http-apr-8080-exec-59] org.apache.catalina.core.ApplicationContext.log Manager: list: Listing contexts for virtual host 'localhost'
25-Nov-2019 22:10:04.729 INFORMA합ES [http-apr-8080-exec-57] org.apache.catalina.core.ApplicationContext.log Manager: list: Listing contexts for virtual host 'localhost'
25-Nov-2019 22:12:04.012 INFORMA합ES [http-apr-8080-exec-63] org.apache.catalina.core.ApplicationContext.log Manager: list: Listing contexts for virtual host 'localhost'
25-Nov-2019 22:19:46.125 INFORMA합ES [http-apr-8080-exec-61] org.apache.catalina.core.ApplicationContext.log Manager: list: Listing contexts for virtual host 'localhost'
25-Nov-2019 22:19:46.172 INFORMA합ES [http-apr-8080-exec-64] org.apache.catalina.core.ApplicationContext.log Manager: restart: Reloading web application '/'
