19-Oct-2019 06:41:19.758 INFORMA합ES [http-apr-8080-exec-1] org.apache.catalina.core.ApplicationContext.log Manager: init: Associated with Deployer 'Catalina:type=Deployer,host=localhost'
19-Oct-2019 06:41:19.758 INFORMA합ES [http-apr-8080-exec-1] org.apache.catalina.core.ApplicationContext.log Manager: init: Global resources are available
19-Oct-2019 06:41:19.758 INFORMA합ES [http-apr-8080-exec-1] org.apache.catalina.core.ApplicationContext.log Manager: list: Listing contexts for virtual host 'localhost'
19-Oct-2019 06:41:19.820 INFORMA합ES [http-apr-8080-exec-10] org.apache.catalina.core.ApplicationContext.log Manager: list: Listing contexts for virtual host 'localhost'
19-Oct-2019 06:41:20.508 INFORMA합ES [http-apr-8080-exec-11] org.apache.catalina.core.ApplicationContext.log Manager: restart: Reloading web application '/'
19-Oct-2019 06:44:54.017 INFORMA합ES [http-apr-8080-exec-21] org.apache.catalina.core.ApplicationContext.log Manager: list: Listing contexts for virtual host 'localhost'
19-Oct-2019 06:44:54.621 INFORMA합ES [http-apr-8080-exec-13] org.apache.catalina.core.ApplicationContext.log Manager: list: Listing contexts for virtual host 'localhost'
19-Oct-2019 06:47:22.081 INFORMA합ES [http-apr-8080-exec-13] org.apache.catalina.core.ApplicationContext.log Manager: list: Listing contexts for virtual host 'localhost'
19-Oct-2019 06:47:58.997 INFORMA합ES [http-apr-8080-exec-13] org.apache.catalina.core.ApplicationContext.log Manager: list: Listing contexts for virtual host 'localhost'
19-Oct-2019 06:49:05.623 INFORMA합ES [http-apr-8080-exec-20] org.apache.catalina.core.ApplicationContext.log Manager: list: Listing contexts for virtual host 'localhost'
19-Oct-2019 06:49:05.663 INFORMA합ES [http-apr-8080-exec-12] org.apache.catalina.core.ApplicationContext.log Manager: restart: Reloading web application '/'
19-Oct-2019 06:51:44.934 INFORMA합ES [http-apr-8080-exec-14] org.apache.catalina.core.ApplicationContext.log Manager: list: Listing contexts for virtual host 'localhost'
19-Oct-2019 06:52:04.315 INFORMA합ES [http-apr-8080-exec-24] org.apache.catalina.core.ApplicationContext.log Manager: list: Listing contexts for virtual host 'localhost'
19-Oct-2019 06:54:52.146 INFORMA합ES [http-apr-8080-exec-30] org.apache.catalina.core.ApplicationContext.log Manager: list: Listing contexts for virtual host 'localhost'
19-Oct-2019 06:54:52.194 INFORMA합ES [http-apr-8080-exec-23] org.apache.catalina.core.ApplicationContext.log Manager: restart: Reloading web application '/'
19-Oct-2019 06:55:35.877 INFORMA합ES [http-apr-8080-exec-27] org.apache.catalina.core.ApplicationContext.log Manager: list: Listing contexts for virtual host 'localhost'
19-Oct-2019 06:55:35.917 INFORMA합ES [http-apr-8080-exec-28] org.apache.catalina.core.ApplicationContext.log Manager: restart: Reloading web application '/'
19-Oct-2019 06:56:10.308 INFORMA합ES [http-apr-8080-exec-31] org.apache.catalina.core.ApplicationContext.log Manager: list: Listing contexts for virtual host 'localhost'
19-Oct-2019 06:56:10.424 INFORMA합ES [http-apr-8080-exec-22] org.apache.catalina.core.ApplicationContext.log Manager: restart: Reloading web application '/'
19-Oct-2019 06:58:10.070 INFORMA합ES [72] org.apache.catalina.core.ApplicationContext.log Manager: list: Listing contexts for virtual host 'localhost'
19-Oct-2019 06:58:10.130 INFORMA합ES [http-apr-8080-exec-31] org.apache.catalina.core.ApplicationContext.log Manager: restart: Reloading web application '/'
19-Oct-2019 06:58:37.655 INFORMA합ES [http-apr-8080-exec-40] org.apache.catalina.core.ApplicationContext.log Manager: list: Listing contexts for virtual host 'localhost'
19-Oct-2019 06:58:37.683 INFORMA합ES [http-apr-8080-exec-34] org.apache.catalina.core.ApplicationContext.log Manager: restart: Reloading web application '/'
19-Oct-2019 06:59:12.808 INFORMA합ES [http-apr-8080-exec-44] org.apache.catalina.core.ApplicationContext.log Manager: list: Listing contexts for virtual host 'localhost'
19-Oct-2019 06:59:12.880 INFORMA합ES [http-apr-8080-exec-40] org.apache.catalina.core.ApplicationContext.log Manager: restart: Reloading web application '/'
19-Oct-2019 06:59:41.949 INFORMA합ES [http-apr-8080-exec-39] org.apache.catalina.core.ApplicationContext.log Manager: list: Listing contexts for virtual host 'localhost'
19-Oct-2019 06:59:41.989 INFORMA합ES [http-apr-8080-exec-45] org.apache.catalina.core.ApplicationContext.log Manager: restart: Reloading web application '/'
19-Oct-2019 07:00:06.984 INFORMA합ES [http-apr-8080-exec-48] org.apache.catalina.core.ApplicationContext.log Manager: list: Listing contexts for virtual host 'localhost'
19-Oct-2019 07:00:07.016 INFORMA합ES [http-apr-8080-exec-37] org.apache.catalina.core.ApplicationContext.log Manager: restart: Reloading web application '/'
19-Oct-2019 07:06:48.065 INFORMA합ES [http-apr-8080-exec-57] org.apache.catalina.core.ApplicationContext.log Manager: list: Listing contexts for virtual host 'localhost'
19-Oct-2019 07:06:48.298 INFORMA합ES [http-apr-8080-exec-58] org.apache.catalina.core.ApplicationContext.log Manager: restart: Reloading web application '/'
19-Oct-2019 07:07:51.009 INFORMA합ES [http-apr-8080-exec-63] org.apache.catalina.core.ApplicationContext.log Manager: list: Listing contexts for virtual host 'localhost'
19-Oct-2019 07:07:51.055 INFORMA합ES [http-apr-8080-exec-60] org.apache.catalina.core.ApplicationContext.log Manager: restart: Reloading web application '/'
19-Oct-2019 07:09:36.233 INFORMA합ES [http-apr-8080-exec-51] org.apache.catalina.core.ApplicationContext.log Manager: list: Listing contexts for virtual host 'localhost'
19-Oct-2019 07:09:36.262 INFORMA합ES [http-apr-8080-exec-50] org.apache.catalina.core.ApplicationContext.log Manager: restart: Reloading web application '/'
19-Oct-2019 07:09:53.245 INFORMA합ES [http-apr-8080-exec-67] org.apache.catalina.core.ApplicationContext.log Manager: list: Listing contexts for virtual host 'localhost'
19-Oct-2019 07:09:53.268 INFORMA합ES [http-apr-8080-exec-70] org.apache.catalina.core.ApplicationContext.log Manager: restart: Reloading web application '/'
19-Oct-2019 07:12:35.340 INFORMA합ES [http-apr-8080-exec-73] org.apache.catalina.core.ApplicationContext.log Manager: list: Listing contexts for virtual host 'localhost'
19-Oct-2019 07:12:48.953 INFORMA합ES [127] org.apache.catalina.core.ApplicationContext.log Manager: list: Listing contexts for virtual host 'localhost'
19-Oct-2019 07:13:22.282 INFORMA합ES [http-apr-8080-exec-82] org.apache.catalina.core.ApplicationContext.log Manager: list: Listing contexts for virtual host 'localhost'
19-Oct-2019 07:16:23.409 INFORMA합ES [http-apr-8080-exec-77] org.apache.catalina.core.ApplicationContext.log Manager: list: Listing contexts for virtual host 'localhost'
19-Oct-2019 07:17:24.364 INFORMA합ES [http-apr-8080-exec-81] org.apache.catalina.core.ApplicationContext.log Manager: list: Listing contexts for virtual host 'localhost'
19-Oct-2019 07:20:50.725 INFORMA합ES [http-apr-8080-exec-80] org.apache.catalina.core.ApplicationContext.log Manager: list: Listing contexts for virtual host 'localhost'
19-Oct-2019 07:20:50.963 INFORMA합ES [http-apr-8080-exec-78] org.apache.catalina.core.ApplicationContext.log Manager: restart: Reloading web application '/'
19-Oct-2019 07:21:53.558 INFORMA합ES [http-apr-8080-exec-79] org.apache.catalina.core.ApplicationContext.log Manager: list: Listing contexts for virtual host 'localhost'
19-Oct-2019 07:21:53.593 INFORMA합ES [http-apr-8080-exec-88] org.apache.catalina.core.ApplicationContext.log Manager: restart: Reloading web application '/'
19-Oct-2019 07:22:24.588 INFORMA합ES [http-apr-8080-exec-89] org.apache.catalina.core.ApplicationContext.log Manager: list: Listing contexts for virtual host 'localhost'
19-Oct-2019 07:22:24.631 INFORMA합ES [http-apr-8080-exec-85] org.apache.catalina.core.ApplicationContext.log Manager: restart: Reloading web application '/'
19-Oct-2019 07:27:27.965 INFORMA합ES [http-apr-8080-exec-98] org.apache.catalina.core.ApplicationContext.log Manager: list: Listing contexts for virtual host 'localhost'
19-Oct-2019 07:27:43.649 INFORMA합ES [http-apr-8080-exec-99] org.apache.catalina.core.ApplicationContext.log Manager: list: Listing contexts for virtual host 'localhost'
19-Oct-2019 07:28:04.274 INFORMA합ES [http-apr-8080-exec-98] org.apache.catalina.core.ApplicationContext.log Manager: list: Listing contexts for virtual host 'localhost'
19-Oct-2019 07:28:43.392 INFORMA합ES [http-apr-8080-exec-102] org.apache.catalina.core.ApplicationContext.log Manager: list: Listing contexts for virtual host 'localhost'
19-Oct-2019 07:33:21.499 INFORMA합ES [http-apr-8080-exec-99] org.apache.catalina.core.ApplicationContext.log Manager: list: Listing contexts for virtual host 'localhost'
19-Oct-2019 07:33:21.682 INFORMA합ES [http-apr-8080-exec-98] org.apache.catalina.core.ApplicationContext.log Manager: restart: Reloading web application '/'
19-Oct-2019 07:46:19.718 INFORMA합ES [http-apr-8080-exec-113] org.apache.catalina.core.ApplicationContext.log Manager: list: Listing contexts for virtual host 'localhost'
19-Oct-2019 07:51:48.503 INFORMA합ES [http-apr-8080-exec-114] org.apache.catalina.core.ApplicationContext.log Manager: list: Listing contexts for virtual host 'localhost'
19-Oct-2019 07:51:49.143 INFORMA합ES [http-apr-8080-exec-110] org.apache.catalina.core.ApplicationContext.log Manager: restart: Reloading web application '/'
19-Oct-2019 11:08:36.312 INFORMA합ES [http-apr-8080-exec-2] org.apache.catalina.core.ApplicationContext.log Manager: init: Associated with Deployer 'Catalina:type=Deployer,host=localhost'
19-Oct-2019 11:08:36.312 INFORMA합ES [http-apr-8080-exec-2] org.apache.catalina.core.ApplicationContext.log Manager: init: Global resources are available
19-Oct-2019 11:08:36.312 INFORMA합ES [http-apr-8080-exec-2] org.apache.catalina.core.ApplicationContext.log Manager: list: Listing contexts for virtual host 'localhost'
19-Oct-2019 11:12:27.323 INFORMA합ES [http-apr-8080-exec-2] org.apache.catalina.core.ApplicationContext.log Manager: list: Listing contexts for virtual host 'localhost'
19-Oct-2019 11:12:34.304 INFORMA합ES [http-apr-8080-exec-2] org.apache.catalina.core.ApplicationContext.log Manager: list: Listing contexts for virtual host 'localhost'
19-Oct-2019 11:12:34.394 INFORMA합ES [http-apr-8080-exec-1] org.apache.catalina.core.ApplicationContext.log Manager: restart: Reloading web application '/'
19-Oct-2019 11:13:39.479 INFORMA합ES [http-apr-8080-exec-8] org.apache.catalina.core.ApplicationContext.log Manager: list: Listing contexts for virtual host 'localhost'
19-Oct-2019 11:14:46.882 INFORMA합ES [http-apr-8080-exec-8] org.apache.catalina.core.ApplicationContext.log Manager: list: Listing contexts for virtual host 'localhost'
19-Oct-2019 11:14:46.958 INFORMA합ES [http-apr-8080-exec-4] org.apache.catalina.core.ApplicationContext.log Manager: restart: Reloading web application '/'
19-Oct-2019 11:15:44.762 INFORMA합ES [http-apr-8080-exec-49] org.apache.catalina.core.ApplicationContext.log Manager: list: Listing contexts for virtual host 'localhost'
19-Oct-2019 11:15:44.800 INFORMA합ES [http-apr-8080-exec-5] org.apache.catalina.core.ApplicationContext.log Manager: restart: Reloading web application '/'
19-Oct-2019 11:18:27.131 INFORMA합ES [http-apr-8080-exec-49] org.apache.catalina.core.ApplicationContext.log Manager: list: Listing contexts for virtual host 'localhost'
19-Oct-2019 11:18:27.254 INFORMA합ES [http-apr-8080-exec-51] org.apache.catalina.core.ApplicationContext.log Manager: restart: Reloading web application '/'
19-Oct-2019 11:19:11.217 INFORMA합ES [http-apr-8080-exec-55] org.apache.catalina.core.ApplicationContext.log Manager: list: Listing contexts for virtual host 'localhost'
19-Oct-2019 11:19:11.256 INFORMA합ES [http-apr-8080-exec-8] org.apache.catalina.core.ApplicationContext.log Manager: restart: Reloading web application '/'
19-Oct-2019 11:21:40.301 INFORMA합ES [http-apr-8080-exec-49] org.apache.catalina.core.ApplicationContext.log Manager: list: Listing contexts for virtual host 'localhost'
19-Oct-2019 11:25:51.747 INFORMA합ES [http-apr-8080-exec-66] org.apache.catalina.core.ApplicationContext.log Manager: list: Listing contexts for virtual host 'localhost'
19-Oct-2019 11:25:52.005 INFORMA합ES [http-apr-8080-exec-67] org.apache.catalina.core.ApplicationContext.log Manager: restart: Reloading web application '/'
19-Oct-2019 11:27:29.603 INFORMA합ES [http-apr-8080-exec-69] org.apache.catalina.core.ApplicationContext.log Manager: list: Listing contexts for virtual host 'localhost'
19-Oct-2019 11:27:29.615 INFORMA합ES [http-apr-8080-exec-70] org.apache.catalina.core.ApplicationContext.log Manager: list: Listing contexts for virtual host 'localhost'
19-Oct-2019 11:27:30.529 INFORMA합ES [http-apr-8080-exec-68] org.apache.catalina.core.ApplicationContext.log Manager: restart: Reloading web application '/'
19-Oct-2019 11:31:39.341 INFORMA합ES [http-apr-8080-exec-77] org.apache.catalina.core.ApplicationContext.log Manager: list: Listing contexts for virtual host 'localhost'
19-Oct-2019 11:31:39.474 INFORMA합ES [http-apr-8080-exec-78] org.apache.catalina.core.ApplicationContext.log Manager: restart: Reloading web application '/'
19-Oct-2019 11:34:59.190 INFORMA합ES [http-apr-8080-exec-83] org.apache.catalina.core.ApplicationContext.log Manager: list: Listing contexts for virtual host 'localhost'
19-Oct-2019 11:34:59.330 INFORMA합ES [http-apr-8080-exec-86] org.apache.catalina.core.ApplicationContext.log Manager: list: Listing contexts for virtual host 'localhost'
19-Oct-2019 11:36:37.171 INFORMA합ES [http-apr-8080-exec-83] org.apache.catalina.core.ApplicationContext.log Manager: list: Listing contexts for virtual host 'localhost'
19-Oct-2019 11:39:06.086 INFORMA합ES [http-apr-8080-exec-84] org.apache.catalina.core.ApplicationContext.log Manager: list: Listing contexts for virtual host 'localhost'
19-Oct-2019 11:39:06.154 INFORMA합ES [http-apr-8080-exec-85] org.apache.catalina.core.ApplicationContext.log Manager: restart: Reloading web application '/'
19-Oct-2019 11:39:40.744 INFORMA합ES [http-apr-8080-exec-90] org.apache.catalina.core.ApplicationContext.log Manager: list: Listing contexts for virtual host 'localhost'
19-Oct-2019 11:39:40.780 INFORMA합ES [http-apr-8080-exec-89] org.apache.catalina.core.ApplicationContext.log Manager: restart: Reloading web application '/'
19-Oct-2019 11:44:38.445 INFORMA합ES [http-apr-8080-exec-83] org.apache.catalina.core.ApplicationContext.log Manager: list: Listing contexts for virtual host 'localhost'
19-Oct-2019 11:44:38.489 INFORMA합ES [http-apr-8080-exec-92] org.apache.catalina.core.ApplicationContext.log Manager: restart: Reloading web application '/'
19-Oct-2019 11:45:07.649 INFORMA합ES [http-apr-8080-exec-100] org.apache.catalina.core.ApplicationContext.log Manager: list: Listing contexts for virtual host 'localhost'
19-Oct-2019 11:45:07.689 INFORMA합ES [http-apr-8080-exec-101] org.apache.catalina.core.ApplicationContext.log Manager: restart: Reloading web application '/'
19-Oct-2019 11:46:38.779 INFORMA합ES [http-apr-8080-exec-112] org.apache.catalina.core.ApplicationContext.log Manager: list: Listing contexts for virtual host 'localhost'
19-Oct-2019 11:46:38.873 INFORMA합ES [http-apr-8080-exec-105] org.apache.catalina.core.ApplicationContext.log Manager: restart: Reloading web application '/'
19-Oct-2019 11:49:15.585 INFORMA합ES [http-apr-8080-exec-108] org.apache.catalina.core.ApplicationContext.log Manager: list: Listing contexts for virtual host 'localhost'
19-Oct-2019 11:50:15.888 INFORMA합ES [http-apr-8080-exec-103] org.apache.catalina.core.ApplicationContext.log Manager: list: Listing contexts for virtual host 'localhost'
19-Oct-2019 11:51:21.907 INFORMA합ES [http-apr-8080-exec-122] org.apache.catalina.core.ApplicationContext.log Manager: list: Listing contexts for virtual host 'localhost'
19-Oct-2019 11:51:22.083 INFORMA합ES [http-apr-8080-exec-118] org.apache.catalina.core.ApplicationContext.log Manager: restart: Reloading web application '/'
19-Oct-2019 11:51:54.833 INFORMA합ES [http-apr-8080-exec-123] org.apache.catalina.core.ApplicationContext.log Manager: list: Listing contexts for virtual host 'localhost'
19-Oct-2019 11:51:54.948 INFORMA합ES [http-apr-8080-exec-117] org.apache.catalina.core.ApplicationContext.log Manager: restart: Reloading web application '/'
19-Oct-2019 11:52:38.259 INFORMA합ES [http-apr-8080-exec-129] org.apache.catalina.core.ApplicationContext.log Manager: list: Listing contexts for virtual host 'localhost'
19-Oct-2019 11:52:38.331 INFORMA합ES [http-apr-8080-exec-127] org.apache.catalina.core.ApplicationContext.log Manager: restart: Reloading web application '/'
19-Oct-2019 11:53:54.483 INFORMA합ES [http-apr-8080-exec-136] org.apache.catalina.core.ApplicationContext.log Manager: list: Listing contexts for virtual host 'localhost'
19-Oct-2019 11:53:54.579 INFORMA합ES [http-apr-8080-exec-135] org.apache.catalina.core.ApplicationContext.log Manager: restart: Reloading web application '/'
19-Oct-2019 11:55:01.683 INFORMA합ES [http-apr-8080-exec-137] org.apache.catalina.core.ApplicationContext.log Manager: list: Listing contexts for virtual host 'localhost'
19-Oct-2019 11:55:01.731 INFORMA합ES [http-apr-8080-exec-121] org.apache.catalina.core.ApplicationContext.log Manager: restart: Reloading web application '/'
19-Oct-2019 11:55:35.346 INFORMA합ES [http-apr-8080-exec-142] org.apache.catalina.core.ApplicationContext.log Manager: list: Listing contexts for virtual host 'localhost'
19-Oct-2019 11:55:35.374 INFORMA합ES [http-apr-8080-exec-137] org.apache.catalina.core.ApplicationContext.log Manager: restart: Reloading web application '/'
19-Oct-2019 11:56:25.017 INFORMA합ES [http-apr-8080-exec-140] org.apache.catalina.core.ApplicationContext.log Manager: list: Listing contexts for virtual host 'localhost'
19-Oct-2019 11:56:25.073 INFORMA합ES [http-apr-8080-exec-147] org.apache.catalina.core.ApplicationContext.log Manager: restart: Reloading web application '/'
19-Oct-2019 11:57:18.100 INFORMA합ES [http-apr-8080-exec-141] org.apache.catalina.core.ApplicationContext.log Manager: list: Listing contexts for virtual host 'localhost'
19-Oct-2019 11:57:45.952 INFORMA합ES [http-apr-8080-exec-156] org.apache.catalina.core.ApplicationContext.log Manager: list: Listing contexts for virtual host 'localhost'
19-Oct-2019 11:57:45.988 INFORMA합ES [http-apr-8080-exec-157] org.apache.catalina.core.ApplicationContext.log Manager: restart: Reloading web application '/'
19-Oct-2019 11:58:35.161 INFORMA합ES [http-apr-8080-exec-150] org.apache.catalina.core.ApplicationContext.log Manager: list: Listing contexts for virtual host 'localhost'
19-Oct-2019 12:03:07.193 INFORMA합ES [http-apr-8080-exec-168] org.apache.catalina.core.ApplicationContext.log Manager: list: Listing contexts for virtual host 'localhost'
19-Oct-2019 12:04:01.616 INFORMA합ES [http-apr-8080-exec-163] org.apache.catalina.core.ApplicationContext.log Manager: list: Listing contexts for virtual host 'localhost'
19-Oct-2019 12:04:55.724 INFORMA합ES [http-apr-8080-exec-161] org.apache.catalina.core.ApplicationContext.log Manager: list: Listing contexts for virtual host 'localhost'
19-Oct-2019 12:05:43.310 INFORMA합ES [http-apr-8080-exec-163] org.apache.catalina.core.ApplicationContext.log Manager: list: Listing contexts for virtual host 'localhost'
19-Oct-2019 12:08:20.878 INFORMA합ES [http-apr-8080-exec-166] org.apache.catalina.core.ApplicationContext.log Manager: list: Listing contexts for virtual host 'localhost'
19-Oct-2019 12:09:34.798 INFORMA합ES [http-apr-8080-exec-161] org.apache.catalina.core.ApplicationContext.log Manager: list: Listing contexts for virtual host 'localhost'
19-Oct-2019 12:11:25.792 INFORMA합ES [http-apr-8080-exec-162] org.apache.catalina.core.ApplicationContext.log Manager: list: Listing contexts for virtual host 'localhost'
19-Oct-2019 12:12:09.118 INFORMA합ES [http-apr-8080-exec-167] org.apache.catalina.core.ApplicationContext.log Manager: list: Listing contexts for virtual host 'localhost'
19-Oct-2019 12:12:44.785 INFORMA합ES [http-apr-8080-exec-165] org.apache.catalina.core.ApplicationContext.log Manager: list: Listing contexts for virtual host 'localhost'
19-Oct-2019 12:13:05.529 INFORMA합ES [http-apr-8080-exec-162] org.apache.catalina.core.ApplicationContext.log Manager: list: Listing contexts for virtual host 'localhost'
19-Oct-2019 12:14:20.897 INFORMA합ES [http-apr-8080-exec-163] org.apache.catalina.core.ApplicationContext.log Manager: list: Listing contexts for virtual host 'localhost'
19-Oct-2019 12:14:41.963 INFORMA합ES [http-apr-8080-exec-165] org.apache.catalina.core.ApplicationContext.log Manager: list: Listing contexts for virtual host 'localhost'
19-Oct-2019 12:16:13.087 INFORMA합ES [http-apr-8080-exec-168] org.apache.catalina.core.ApplicationContext.log Manager: list: Listing contexts for virtual host 'localhost'
19-Oct-2019 12:16:30.002 INFORMA합ES [http-apr-8080-exec-167] org.apache.catalina.core.ApplicationContext.log Manager: list: Listing contexts for virtual host 'localhost'
19-Oct-2019 12:17:47.258 INFORMA합ES [http-apr-8080-exec-165] org.apache.catalina.core.ApplicationContext.log Manager: list: Listing contexts for virtual host 'localhost'
19-Oct-2019 12:18:04.346 INFORMA합ES [http-apr-8080-exec-165] org.apache.catalina.core.ApplicationContext.log Manager: list: Listing contexts for virtual host 'localhost'
19-Oct-2019 12:18:22.556 INFORMA합ES [http-apr-8080-exec-168] org.apache.catalina.core.ApplicationContext.log Manager: list: Listing contexts for virtual host 'localhost'
19-Oct-2019 12:18:43.783 INFORMA합ES [http-apr-8080-exec-162] org.apache.catalina.core.ApplicationContext.log Manager: list: Listing contexts for virtual host 'localhost'
19-Oct-2019 12:18:47.582 INFORMA합ES [http-apr-8080-exec-164] org.apache.catalina.core.ApplicationContext.log Manager: list: Listing contexts for virtual host 'localhost'
19-Oct-2019 12:19:14.507 INFORMA합ES [http-apr-8080-exec-163] org.apache.catalina.core.ApplicationContext.log Manager: list: Listing contexts for virtual host 'localhost'
19-Oct-2019 12:19:28.645 INFORMA합ES [http-apr-8080-exec-166] org.apache.catalina.core.ApplicationContext.log Manager: list: Listing contexts for virtual host 'localhost'
19-Oct-2019 12:21:07.370 INFORMA합ES [http-apr-8080-exec-166] org.apache.catalina.core.ApplicationContext.log Manager: list: Listing contexts for virtual host 'localhost'
19-Oct-2019 12:21:09.226 INFORMA합ES [http-apr-8080-exec-160] org.apache.catalina.core.ApplicationContext.log Manager: list: Listing contexts for virtual host 'localhost'
19-Oct-2019 12:21:23.822 INFORMA합ES [http-apr-8080-exec-168] org.apache.catalina.core.ApplicationContext.log Manager: list: Listing contexts for virtual host 'localhost'
19-Oct-2019 12:21:39.406 INFORMA합ES [http-apr-8080-exec-165] org.apache.catalina.core.ApplicationContext.log Manager: list: Listing contexts for virtual host 'localhost'
19-Oct-2019 12:22:34.994 INFORMA합ES [http-apr-8080-exec-160] org.apache.catalina.core.ApplicationContext.log Manager: list: Listing contexts for virtual host 'localhost'
19-Oct-2019 12:23:21.104 INFORMA합ES [http-apr-8080-exec-167] org.apache.catalina.core.ApplicationContext.log Manager: list: Listing contexts for virtual host 'localhost'
19-Oct-2019 12:24:46.731 INFORMA합ES [http-apr-8080-exec-160] org.apache.catalina.core.ApplicationContext.log Manager: list: Listing contexts for virtual host 'localhost'
19-Oct-2019 12:25:20.991 INFORMA합ES [http-apr-8080-exec-163] org.apache.catalina.core.ApplicationContext.log Manager: list: Listing contexts for virtual host 'localhost'
19-Oct-2019 12:25:44.167 INFORMA합ES [http-apr-8080-exec-162] org.apache.catalina.core.ApplicationContext.log Manager: list: Listing contexts for virtual host 'localhost'
19-Oct-2019 12:26:12.472 INFORMA합ES [http-apr-8080-exec-160] org.apache.catalina.core.ApplicationContext.log Manager: list: Listing contexts for virtual host 'localhost'
19-Oct-2019 12:26:45.567 INFORMA합ES [http-apr-8080-exec-164] org.apache.catalina.core.ApplicationContext.log Manager: list: Listing contexts for virtual host 'localhost'
19-Oct-2019 12:28:35.986 INFORMA합ES [http-apr-8080-exec-160] org.apache.catalina.core.ApplicationContext.log Manager: list: Listing contexts for virtual host 'localhost'
19-Oct-2019 12:29:34.116 INFORMA합ES [http-apr-8080-exec-169] org.apache.catalina.core.ApplicationContext.log Manager: list: Listing contexts for virtual host 'localhost'
19-Oct-2019 12:29:53.623 INFORMA합ES [http-apr-8080-exec-163] org.apache.catalina.core.ApplicationContext.log Manager: list: Listing contexts for virtual host 'localhost'
19-Oct-2019 14:26:33.378 INFORMA합ES [http-apr-8080-exec-164] org.apache.catalina.core.ApplicationContext.log Manager: list: Listing contexts for virtual host 'localhost'
19-Oct-2019 14:26:52.039 INFORMA합ES [http-apr-8080-exec-164] org.apache.catalina.core.ApplicationContext.log Manager: list: Listing contexts for virtual host 'localhost'
19-Oct-2019 14:27:12.232 INFORMA합ES [http-apr-8080-exec-164] org.apache.catalina.core.ApplicationContext.log Manager: list: Listing contexts for virtual host 'localhost'
19-Oct-2019 14:28:43.040 INFORMA합ES [http-apr-8080-exec-164] org.apache.catalina.core.ApplicationContext.log Manager: list: Listing contexts for virtual host 'localhost'
19-Oct-2019 14:28:43.434 INFORMA합ES [http-apr-8080-exec-162] org.apache.catalina.core.ApplicationContext.log Manager: restart: Reloading web application '/'
19-Oct-2019 14:44:39.717 INFORMA합ES [http-apr-8080-exec-177] org.apache.catalina.core.ApplicationContext.log Manager: list: Listing contexts for virtual host 'localhost'
19-Oct-2019 14:44:40.185 INFORMA합ES [http-apr-8080-exec-178] org.apache.catalina.core.ApplicationContext.log Manager: restart: Reloading web application '/'
19-Oct-2019 14:45:32.155 INFORMA합ES [http-apr-8080-exec-170] org.apache.catalina.core.ApplicationContext.log Manager: list: Listing contexts for virtual host 'localhost'
19-Oct-2019 14:45:32.217 INFORMA합ES [http-apr-8080-exec-173] org.apache.catalina.core.ApplicationContext.log Manager: restart: Reloading web application '/'
19-Oct-2019 14:47:45.806 INFORMA합ES [http-apr-8080-exec-181] org.apache.catalina.core.ApplicationContext.log Manager: list: Listing contexts for virtual host 'localhost'
19-Oct-2019 14:47:45.884 INFORMA합ES [http-apr-8080-exec-175] org.apache.catalina.core.ApplicationContext.log Manager: restart: Reloading web application '/'
19-Oct-2019 14:48:21.426 INFORMA합ES [http-apr-8080-exec-183] org.apache.catalina.core.ApplicationContext.log Manager: list: Listing contexts for virtual host 'localhost'
19-Oct-2019 14:48:21.468 INFORMA합ES [http-apr-8080-exec-170] org.apache.catalina.core.ApplicationContext.log Manager: restart: Reloading web application '/'
19-Oct-2019 14:48:21.494 GRAVE [http-apr-8080-exec-170] org.apache.catalina.core.ApplicationContext.log Manager: ManagerServlet.reload[/]
 java.lang.IllegalStateException: Context with name [] has not yet been started
	at org.apache.catalina.core.StandardContext.reload(StandardContext.java:3889)
	at org.apache.catalina.manager.ManagerServlet.reload(ManagerServlet.java:1007)
	at org.apache.catalina.manager.ManagerServlet.doGet(ManagerServlet.java:351)
	at javax.servlet.http.HttpServlet.service(HttpServlet.java:622)
	at javax.servlet.http.HttpServlet.service(HttpServlet.java:729)
	at org.apache.catalina.core.ApplicationFilterChain.internalDoFilter(ApplicationFilterChain.java:292)
	at org.apache.catalina.core.ApplicationFilterChain.doFilter(ApplicationFilterChain.java:207)
	at org.apache.tomcat.websocket.server.WsFilter.doFilter(WsFilter.java:52)
	at org.apache.catalina.core.ApplicationFilterChain.internalDoFilter(ApplicationFilterChain.java:240)
	at org.apache.catalina.core.ApplicationFilterChain.doFilter(ApplicationFilterChain.java:207)
	at org.apache.catalina.filters.SetCharacterEncodingFilter.doFilter(SetCharacterEncodingFilter.java:109)
	at org.apache.catalina.core.ApplicationFilterChain.internalDoFilter(ApplicationFilterChain.java:240)
	at org.apache.catalina.core.ApplicationFilterChain.doFilter(ApplicationFilterChain.java:207)
	at org.apache.catalina.core.StandardWrapperValve.invoke(StandardWrapperValve.java:212)
	at org.apache.catalina.core.StandardContextValve.invoke(StandardContextValve.java:94)
	at org.apache.catalina.authenticator.AuthenticatorBase.invoke(AuthenticatorBase.java:604)
	at org.apache.catalina.core.StandardHostValve.invoke(StandardHostValve.java:141)
	at org.apache.catalina.valves.ErrorReportValve.invoke(ErrorReportValve.java:80)
	at org.apache.catalina.valves.AbstractAccessLogValve.invoke(AbstractAccessLogValve.java:620)
	at org.apache.catalina.core.StandardEngineValve.invoke(StandardEngineValve.java:88)
	at org.apache.catalina.connector.CoyoteAdapter.service(CoyoteAdapter.java:502)
	at org.apache.coyote.http11.AbstractHttp11Processor.process(AbstractHttp11Processor.java:1152)
	at org.apache.coyote.AbstractProtocol$AbstractConnectionHandler.process(AbstractProtocol.java:684)
	at org.apache.tomcat.util.net.AprEndpoint$SocketProcessor.doRun(AprEndpoint.java:2527)
	at org.apache.tomcat.util.net.AprEndpoint$SocketProcessor.run(AprEndpoint.java:2516)
	at java.util.concurrent.ThreadPoolExecutor.runWorker(ThreadPoolExecutor.java:1142)
	at java.util.concurrent.ThreadPoolExecutor$Worker.run(ThreadPoolExecutor.java:617)
	at org.apache.tomcat.util.threads.TaskThread$WrappingRunnable.run(TaskThread.java:61)
	at java.lang.Thread.run(Thread.java:745)

19-Oct-2019 14:49:17.374 INFORMA합ES [http-apr-8080-exec-180] org.apache.catalina.core.ApplicationContext.log Manager: list: Listing contexts for virtual host 'localhost'
19-Oct-2019 14:49:17.382 INFORMA합ES [http-apr-8080-exec-183] org.apache.catalina.core.ApplicationContext.log Manager: list: Listing contexts for virtual host 'localhost'
19-Oct-2019 14:49:19.192 INFORMA합ES [http-apr-8080-exec-187] org.apache.catalina.core.ApplicationContext.log Manager: undeploy: Undeploying web application at '/'
19-Oct-2019 14:49:21.903 INFORMA합ES [http-apr-8080-exec-185] org.apache.catalina.core.ApplicationContext.log Manager: install: Installing context configuration at 'file:/C:/Users/LUCASQ~1/AppData/Local/Temp/context2109445042219335466.xml'
19-Oct-2019 14:50:16.609 INFORMA합ES [http-apr-8080-exec-186] org.apache.catalina.core.ApplicationContext.log Manager: start: Starting web application '/'
19-Oct-2019 14:50:17.214 INFORMA합ES [http-apr-8080-exec-188] org.apache.catalina.core.ApplicationContext.log Manager: list: Listing contexts for virtual host 'localhost'
19-Oct-2019 14:50:17.399 INFORMA합ES [http-apr-8080-exec-187] org.apache.catalina.core.ApplicationContext.log Manager: restart: Reloading web application '/'
19-Oct-2019 14:50:57.574 INFORMA합ES [http-apr-8080-exec-180] org.apache.catalina.core.ApplicationContext.log Manager: list: Listing contexts for virtual host 'localhost'
19-Oct-2019 14:58:45.822 INFORMA합ES [http-apr-8080-exec-197] org.apache.catalina.core.ApplicationContext.log Manager: list: Listing contexts for virtual host 'localhost'
19-Oct-2019 14:58:45.961 INFORMA합ES [http-apr-8080-exec-170] org.apache.catalina.core.ApplicationContext.log Manager: restart: Reloading web application '/'
19-Oct-2019 14:59:20.627 INFORMA합ES [http-apr-8080-exec-195] org.apache.catalina.core.ApplicationContext.log Manager: list: Listing contexts for virtual host 'localhost'
19-Oct-2019 14:59:20.671 INFORMA합ES [http-apr-8080-exec-183] org.apache.catalina.core.ApplicationContext.log Manager: restart: Reloading web application '/'
19-Oct-2019 15:00:06.016 INFORMA합ES [http-apr-8080-exec-199] org.apache.catalina.core.ApplicationContext.log Manager: list: Listing contexts for virtual host 'localhost'
19-Oct-2019 15:00:06.098 INFORMA합ES [http-apr-8080-exec-196] org.apache.catalina.core.ApplicationContext.log Manager: restart: Reloading web application '/'
19-Oct-2019 15:08:43.357 INFORMA합ES [http-apr-8080-exec-208] org.apache.catalina.core.ApplicationContext.log Manager: list: Listing contexts for virtual host 'localhost'
19-Oct-2019 15:08:43.478 INFORMA합ES [http-apr-8080-exec-209] org.apache.catalina.core.ApplicationContext.log Manager: restart: Reloading web application '/'
19-Oct-2019 15:09:55.997 INFORMA합ES [http-apr-8080-exec-210] org.apache.catalina.core.ApplicationContext.log Manager: list: Listing contexts for virtual host 'localhost'
19-Oct-2019 15:09:56.368 INFORMA합ES [http-apr-8080-exec-208] org.apache.catalina.core.ApplicationContext.log Manager: restart: Reloading web application '/'
19-Oct-2019 15:15:17.344 INFORMA합ES [http-apr-8080-exec-221] org.apache.catalina.core.ApplicationContext.log Manager: list: Listing contexts for virtual host 'localhost'
19-Oct-2019 15:15:18.042 INFORMA합ES [http-apr-8080-exec-201] org.apache.catalina.core.ApplicationContext.log Manager: restart: Reloading web application '/'
19-Oct-2019 15:15:57.148 INFORMA합ES [http-apr-8080-exec-218] org.apache.catalina.core.ApplicationContext.log Manager: list: Listing contexts for virtual host 'localhost'
19-Oct-2019 15:16:18.393 INFORMA합ES [http-apr-8080-exec-218] org.apache.catalina.core.ApplicationContext.log Manager: list: Listing contexts for virtual host 'localhost'
19-Oct-2019 15:16:18.435 INFORMA합ES [http-apr-8080-exec-222] org.apache.catalina.core.ApplicationContext.log Manager: restart: Reloading web application '/'
19-Oct-2019 15:16:50.369 INFORMA합ES [http-apr-8080-exec-206] org.apache.catalina.core.ApplicationContext.log Manager: list: Listing contexts for virtual host 'localhost'
19-Oct-2019 15:16:50.420 INFORMA합ES [http-apr-8080-exec-218] org.apache.catalina.core.ApplicationContext.log Manager: restart: Reloading web application '/'
19-Oct-2019 15:19:57.355 INFORMA합ES [http-apr-8080-exec-216] org.apache.catalina.core.ApplicationContext.log Manager: list: Listing contexts for virtual host 'localhost'
19-Oct-2019 15:20:17.295 INFORMA합ES [366] org.apache.catalina.core.ApplicationContext.log Manager: list: Listing contexts for virtual host 'localhost'
19-Oct-2019 15:22:01.640 INFORMA합ES [http-apr-8080-exec-232] org.apache.catalina.core.ApplicationContext.log Manager: list: Listing contexts for virtual host 'localhost'
