12-Oct-2019 13:55:43.480 INFORMA합ES [http-apr-8080-exec-7] org.apache.catalina.core.ApplicationContext.log Manager: init: Associated with Deployer 'Catalina:type=Deployer,host=localhost'
12-Oct-2019 13:55:43.480 INFORMA합ES [http-apr-8080-exec-7] org.apache.catalina.core.ApplicationContext.log Manager: init: Global resources are available
12-Oct-2019 13:55:43.484 INFORMA합ES [http-apr-8080-exec-7] org.apache.catalina.core.ApplicationContext.log Manager: list: Listing contexts for virtual host 'localhost'
12-Oct-2019 13:55:43.556 INFORMA합ES [http-apr-8080-exec-8] org.apache.catalina.core.ApplicationContext.log Manager: list: Listing contexts for virtual host 'localhost'
12-Oct-2019 13:55:44.388 INFORMA합ES [http-apr-8080-exec-10] org.apache.catalina.core.ApplicationContext.log Manager: restart: Reloading web application '/'
12-Oct-2019 14:01:18.516 INFORMA합ES [http-apr-8080-exec-26] org.apache.catalina.core.ApplicationContext.log Manager: list: Listing contexts for virtual host 'localhost'
12-Oct-2019 14:01:18.638 INFORMA합ES [http-apr-8080-exec-16] org.apache.catalina.core.ApplicationContext.log Manager: list: Listing contexts for virtual host 'localhost'
12-Oct-2019 14:03:11.972 INFORMA합ES [http-apr-8080-exec-24] org.apache.catalina.core.ApplicationContext.log Manager: list: Listing contexts for virtual host 'localhost'
12-Oct-2019 14:04:10.852 INFORMA합ES [http-apr-8080-exec-26] org.apache.catalina.core.ApplicationContext.log Manager: list: Listing contexts for virtual host 'localhost'
12-Oct-2019 14:26:28.839 INFORMA합ES [http-apr-8080-exec-22] org.apache.catalina.core.ApplicationContext.log Manager: list: Listing contexts for virtual host 'localhost'
12-Oct-2019 14:27:35.316 INFORMA합ES [http-apr-8080-exec-23] org.apache.catalina.core.ApplicationContext.log Manager: list: Listing contexts for virtual host 'localhost'
12-Oct-2019 14:27:59.065 INFORMA합ES [http-apr-8080-exec-25] org.apache.catalina.core.ApplicationContext.log Manager: list: Listing contexts for virtual host 'localhost'
12-Oct-2019 14:31:08.226 INFORMA합ES [http-apr-8080-exec-21] org.apache.catalina.core.ApplicationContext.log Manager: list: Listing contexts for virtual host 'localhost'
12-Oct-2019 14:31:08.276 INFORMA합ES [http-apr-8080-exec-22] org.apache.catalina.core.ApplicationContext.log Manager: restart: Reloading web application '/'
12-Oct-2019 14:31:58.625 INFORMA합ES [http-apr-8080-exec-23] org.apache.catalina.core.ApplicationContext.log Manager: list: Listing contexts for virtual host 'localhost'
12-Oct-2019 14:31:58.741 INFORMA합ES [http-apr-8080-exec-16] org.apache.catalina.core.ApplicationContext.log Manager: restart: Reloading web application '/'
12-Oct-2019 14:32:43.241 INFORMA합ES [http-apr-8080-exec-30] org.apache.catalina.core.ApplicationContext.log Manager: list: Listing contexts for virtual host 'localhost'
12-Oct-2019 14:32:43.388 INFORMA합ES [http-apr-8080-exec-25] org.apache.catalina.core.ApplicationContext.log Manager: restart: Reloading web application '/'
12-Oct-2019 14:33:08.148 INFORMA합ES [http-apr-8080-exec-23] org.apache.catalina.core.ApplicationContext.log Manager: list: Listing contexts for virtual host 'localhost'
12-Oct-2019 14:33:08.209 INFORMA합ES [http-apr-8080-exec-28] org.apache.catalina.core.ApplicationContext.log Manager: restart: Reloading web application '/'
12-Oct-2019 14:37:25.128 INFORMA합ES [http-apr-8080-exec-23] org.apache.catalina.core.ApplicationContext.log Manager: list: Listing contexts for virtual host 'localhost'
12-Oct-2019 14:37:25.345 INFORMA합ES [http-apr-8080-exec-32] org.apache.catalina.core.ApplicationContext.log Manager: restart: Reloading web application '/'
12-Oct-2019 14:37:56.501 INFORMA합ES [http-apr-8080-exec-40] org.apache.catalina.core.ApplicationContext.log Manager: list: Listing contexts for virtual host 'localhost'
12-Oct-2019 14:37:56.570 INFORMA합ES [http-apr-8080-exec-34] org.apache.catalina.core.ApplicationContext.log Manager: restart: Reloading web application '/'
12-Oct-2019 14:40:58.080 INFORMA합ES [http-apr-8080-exec-42] org.apache.catalina.core.ApplicationContext.log Manager: list: Listing contexts for virtual host 'localhost'
12-Oct-2019 14:40:58.152 INFORMA합ES [http-apr-8080-exec-50] org.apache.catalina.core.ApplicationContext.log Manager: restart: Reloading web application '/'
12-Oct-2019 14:41:30.609 INFORMA합ES [http-apr-8080-exec-47] org.apache.catalina.core.ApplicationContext.log Manager: list: Listing contexts for virtual host 'localhost'
12-Oct-2019 14:41:30.633 INFORMA합ES [http-apr-8080-exec-45] org.apache.catalina.core.ApplicationContext.log Manager: restart: Reloading web application '/'
12-Oct-2019 14:47:01.001 INFORMA합ES [103] org.apache.catalina.core.ApplicationContext.log Manager: list: Listing contexts for virtual host 'localhost'
12-Oct-2019 14:53:59.786 INFORMA합ES [http-apr-8080-exec-59] org.apache.catalina.core.ApplicationContext.log Manager: list: Listing contexts for virtual host 'localhost'
12-Oct-2019 14:53:59.887 INFORMA합ES [http-apr-8080-exec-60] org.apache.catalina.core.ApplicationContext.log Manager: restart: Reloading web application '/'
12-Oct-2019 14:54:36.217 INFORMA합ES [http-apr-8080-exec-61] org.apache.catalina.core.ApplicationContext.log Manager: list: Listing contexts for virtual host 'localhost'
12-Oct-2019 14:54:36.240 INFORMA합ES [http-apr-8080-exec-63] org.apache.catalina.core.ApplicationContext.log Manager: restart: Reloading web application '/'
12-Oct-2019 14:55:08.874 INFORMA합ES [http-apr-8080-exec-65] org.apache.catalina.core.ApplicationContext.log Manager: list: Listing contexts for virtual host 'localhost'
12-Oct-2019 14:55:09.086 INFORMA합ES [http-apr-8080-exec-62] org.apache.catalina.core.ApplicationContext.log Manager: list: Listing contexts for virtual host 'localhost'
12-Oct-2019 14:56:28.609 INFORMA합ES [http-apr-8080-exec-62] org.apache.catalina.core.ApplicationContext.log Manager: list: Listing contexts for virtual host 'localhost'
12-Oct-2019 14:56:28.690 INFORMA합ES [http-apr-8080-exec-54] org.apache.catalina.core.ApplicationContext.log Manager: restart: Reloading web application '/'
12-Oct-2019 14:58:42.884 INFORMA합ES [http-apr-8080-exec-73] org.apache.catalina.core.ApplicationContext.log Manager: list: Listing contexts for virtual host 'localhost'
12-Oct-2019 15:03:49.333 INFORMA합ES [http-apr-8080-exec-72] org.apache.catalina.core.ApplicationContext.log Manager: list: Listing contexts for virtual host 'localhost'
12-Oct-2019 15:17:54.813 INFORMA합ES [http-apr-8080-exec-76] org.apache.catalina.core.ApplicationContext.log Manager: list: Listing contexts for virtual host 'localhost'
12-Oct-2019 15:17:55.046 INFORMA합ES [http-apr-8080-exec-70] org.apache.catalina.core.ApplicationContext.log Manager: restart: Reloading web application '/'
12-Oct-2019 15:18:19.407 INFORMA합ES [http-apr-8080-exec-74] org.apache.catalina.core.ApplicationContext.log Manager: list: Listing contexts for virtual host 'localhost'
12-Oct-2019 15:18:19.470 INFORMA합ES [http-apr-8080-exec-75] org.apache.catalina.core.ApplicationContext.log Manager: restart: Reloading web application '/'
12-Oct-2019 15:18:43.819 INFORMA합ES [http-apr-8080-exec-77] org.apache.catalina.core.ApplicationContext.log Manager: list: Listing contexts for virtual host 'localhost'
12-Oct-2019 15:18:43.835 INFORMA합ES [http-apr-8080-exec-74] org.apache.catalina.core.ApplicationContext.log Manager: restart: Reloading web application '/'
12-Oct-2019 15:19:13.768 INFORMA합ES [http-apr-8080-exec-69] org.apache.catalina.core.ApplicationContext.log Manager: list: Listing contexts for virtual host 'localhost'
12-Oct-2019 15:19:13.815 INFORMA합ES [http-apr-8080-exec-81] org.apache.catalina.core.ApplicationContext.log Manager: restart: Reloading web application '/'
12-Oct-2019 15:21:41.223 INFORMA합ES [http-apr-8080-exec-80] org.apache.catalina.core.ApplicationContext.log Manager: list: Listing contexts for virtual host 'localhost'
12-Oct-2019 15:24:15.274 INFORMA합ES [http-apr-8080-exec-90] org.apache.catalina.core.ApplicationContext.log Manager: list: Listing contexts for virtual host 'localhost'
12-Oct-2019 15:24:15.312 INFORMA합ES [http-apr-8080-exec-91] org.apache.catalina.core.ApplicationContext.log Manager: restart: Reloading web application '/'
12-Oct-2019 15:24:47.676 INFORMA합ES [http-apr-8080-exec-89] org.apache.catalina.core.ApplicationContext.log Manager: list: Listing contexts for virtual host 'localhost'
12-Oct-2019 15:24:47.765 INFORMA합ES [http-apr-8080-exec-92] org.apache.catalina.core.ApplicationContext.log Manager: restart: Reloading web application '/'
12-Oct-2019 15:25:14.138 INFORMA합ES [http-apr-8080-exec-86] org.apache.catalina.core.ApplicationContext.log Manager: list: Listing contexts for virtual host 'localhost'
12-Oct-2019 15:26:28.519 INFORMA합ES [http-apr-8080-exec-89] org.apache.catalina.core.ApplicationContext.log Manager: list: Listing contexts for virtual host 'localhost'
12-Oct-2019 15:26:28.523 INFORMA합ES [http-apr-8080-exec-95] org.apache.catalina.core.ApplicationContext.log Manager: list: Listing contexts for virtual host 'localhost'
12-Oct-2019 15:26:29.079 INFORMA합ES [http-apr-8080-exec-96] org.apache.catalina.core.ApplicationContext.log Manager: restart: Reloading web application '/'
12-Oct-2019 15:36:33.714 INFORMA합ES [http-apr-8080-exec-8] org.apache.catalina.core.ApplicationContext.log Manager: init: Associated with Deployer 'Catalina:type=Deployer,host=localhost'
12-Oct-2019 15:36:33.714 INFORMA합ES [http-apr-8080-exec-8] org.apache.catalina.core.ApplicationContext.log Manager: init: Global resources are available
12-Oct-2019 15:36:33.714 INFORMA합ES [http-apr-8080-exec-8] org.apache.catalina.core.ApplicationContext.log Manager: list: Listing contexts for virtual host 'localhost'
12-Oct-2019 15:36:33.736 INFORMA합ES [http-apr-8080-exec-9] org.apache.catalina.core.ApplicationContext.log Manager: list: Listing contexts for virtual host 'localhost'
12-Oct-2019 15:40:23.737 INFORMA합ES [http-apr-8080-exec-6] org.apache.catalina.core.ApplicationContext.log Manager: list: Listing contexts for virtual host 'localhost'
12-Oct-2019 15:40:23.797 INFORMA합ES [http-apr-8080-exec-8] org.apache.catalina.core.ApplicationContext.log Manager: restart: Reloading web application '/'
12-Oct-2019 15:40:47.585 INFORMA합ES [http-apr-8080-exec-1] org.apache.catalina.core.ApplicationContext.log Manager: list: Listing contexts for virtual host 'localhost'
12-Oct-2019 15:40:47.661 INFORMA합ES [http-apr-8080-exec-6] org.apache.catalina.core.ApplicationContext.log Manager: restart: Reloading web application '/'
12-Oct-2019 15:41:35.702 INFORMA합ES [http-apr-8080-exec-13] org.apache.catalina.core.ApplicationContext.log Manager: list: Listing contexts for virtual host 'localhost'
12-Oct-2019 15:41:35.711 INFORMA합ES [25] org.apache.catalina.core.ApplicationContext.log Manager: list: Listing contexts for virtual host 'localhost'
12-Oct-2019 15:41:36.289 INFORMA합ES [http-apr-8080-exec-18] org.apache.catalina.core.ApplicationContext.log Manager: restart: Reloading web application '/'
12-Oct-2019 15:51:07.797 INFORMA합ES [http-apr-8080-exec-23] org.apache.catalina.core.ApplicationContext.log Manager: list: Listing contexts for virtual host 'localhost'
12-Oct-2019 15:51:07.819 INFORMA합ES [http-apr-8080-exec-27] org.apache.catalina.core.ApplicationContext.log Manager: list: Listing contexts for virtual host 'localhost'
12-Oct-2019 15:51:08.211 INFORMA합ES [http-apr-8080-exec-28] org.apache.catalina.core.ApplicationContext.log Manager: restart: Reloading web application '/'
12-Oct-2019 15:54:19.479 INFORMA합ES [http-apr-8080-exec-38] org.apache.catalina.core.ApplicationContext.log Manager: list: Listing contexts for virtual host 'localhost'
12-Oct-2019 15:54:19.542 INFORMA합ES [http-apr-8080-exec-39] org.apache.catalina.core.ApplicationContext.log Manager: restart: Reloading web application '/'
12-Oct-2019 15:57:11.556 INFORMA합ES [http-apr-8080-exec-41] org.apache.catalina.core.ApplicationContext.log Manager: list: Listing contexts for virtual host 'localhost'
12-Oct-2019 15:57:11.565 INFORMA합ES [http-apr-8080-exec-42] org.apache.catalina.core.ApplicationContext.log Manager: list: Listing contexts for virtual host 'localhost'
12-Oct-2019 15:57:12.355 INFORMA합ES [http-apr-8080-exec-43] org.apache.catalina.core.ApplicationContext.log Manager: restart: Reloading web application '/'
12-Oct-2019 16:01:19.607 INFORMA합ES [http-apr-8080-exec-50] org.apache.catalina.core.ApplicationContext.log Manager: list: Listing contexts for virtual host 'localhost'
12-Oct-2019 16:01:19.664 INFORMA합ES [http-apr-8080-exec-51] org.apache.catalina.core.ApplicationContext.log Manager: restart: Reloading web application '/'
12-Oct-2019 16:02:40.713 INFORMA합ES [http-apr-8080-exec-60] org.apache.catalina.core.ApplicationContext.log Manager: list: Listing contexts for virtual host 'localhost'
12-Oct-2019 16:02:40.737 INFORMA합ES [http-apr-8080-exec-61] org.apache.catalina.core.ApplicationContext.log Manager: restart: Reloading web application '/'
12-Oct-2019 16:03:02.128 INFORMA합ES [http-apr-8080-exec-60] org.apache.catalina.core.ApplicationContext.log Manager: list: Listing contexts for virtual host 'localhost'
12-Oct-2019 16:03:02.152 INFORMA합ES [http-apr-8080-exec-66] org.apache.catalina.core.ApplicationContext.log Manager: restart: Reloading web application '/'
12-Oct-2019 16:03:32.161 INFORMA합ES [http-apr-8080-exec-60] org.apache.catalina.core.ApplicationContext.log Manager: list: Listing contexts for virtual host 'localhost'
12-Oct-2019 16:03:32.230 INFORMA합ES [http-apr-8080-exec-63] org.apache.catalina.core.ApplicationContext.log Manager: restart: Reloading web application '/'
12-Oct-2019 16:04:33.807 INFORMA합ES [http-apr-8080-exec-71] org.apache.catalina.core.ApplicationContext.log Manager: list: Listing contexts for virtual host 'localhost'
12-Oct-2019 16:04:33.861 INFORMA합ES [http-apr-8080-exec-75] org.apache.catalina.core.ApplicationContext.log Manager: restart: Reloading web application '/'
12-Oct-2019 16:04:57.297 INFORMA합ES [http-apr-8080-exec-73] org.apache.catalina.core.ApplicationContext.log Manager: list: Listing contexts for virtual host 'localhost'
12-Oct-2019 16:04:57.329 INFORMA합ES [http-apr-8080-exec-76] org.apache.catalina.core.ApplicationContext.log Manager: restart: Reloading web application '/'
12-Oct-2019 16:06:50.417 INFORMA합ES [http-apr-8080-exec-79] org.apache.catalina.core.ApplicationContext.log Manager: list: Listing contexts for virtual host 'localhost'
12-Oct-2019 16:07:07.330 INFORMA합ES [http-apr-8080-exec-78] org.apache.catalina.core.ApplicationContext.log Manager: list: Listing contexts for virtual host 'localhost'
12-Oct-2019 16:08:11.140 INFORMA합ES [http-apr-8080-exec-77] org.apache.catalina.core.ApplicationContext.log Manager: list: Listing contexts for virtual host 'localhost'
12-Oct-2019 16:08:11.175 INFORMA합ES [http-apr-8080-exec-81] org.apache.catalina.core.ApplicationContext.log Manager: restart: Reloading web application '/'
12-Oct-2019 16:08:32.120 INFORMA합ES [http-apr-8080-exec-79] org.apache.catalina.core.ApplicationContext.log Manager: list: Listing contexts for virtual host 'localhost'
12-Oct-2019 16:11:23.292 INFORMA합ES [http-apr-8080-exec-86] org.apache.catalina.core.ApplicationContext.log Manager: list: Listing contexts for virtual host 'localhost'
12-Oct-2019 16:11:23.300 INFORMA합ES [http-apr-8080-exec-87] org.apache.catalina.core.ApplicationContext.log Manager: list: Listing contexts for virtual host 'localhost'
12-Oct-2019 16:11:23.767 INFORMA합ES [http-apr-8080-exec-88] org.apache.catalina.core.ApplicationContext.log Manager: restart: Reloading web application '/'
12-Oct-2019 16:15:21.102 INFORMA합ES [http-apr-8080-exec-95] org.apache.catalina.core.ApplicationContext.log Manager: list: Listing contexts for virtual host 'localhost'
12-Oct-2019 16:15:21.148 INFORMA합ES [http-apr-8080-exec-96] org.apache.catalina.core.ApplicationContext.log Manager: restart: Reloading web application '/'
12-Oct-2019 16:24:43.387 INFORMA합ES [http-apr-8080-exec-105] org.apache.catalina.core.ApplicationContext.log Manager: list: Listing contexts for virtual host 'localhost'
12-Oct-2019 16:24:44.288 INFORMA합ES [http-apr-8080-exec-106] org.apache.catalina.core.ApplicationContext.log Manager: restart: Reloading web application '/'
12-Oct-2019 16:25:59.697 INFORMA합ES [http-apr-8080-exec-109] org.apache.catalina.core.ApplicationContext.log Manager: list: Listing contexts for virtual host 'localhost'
12-Oct-2019 16:25:59.701 INFORMA합ES [http-apr-8080-exec-112] org.apache.catalina.core.ApplicationContext.log Manager: list: Listing contexts for virtual host 'localhost'
12-Oct-2019 16:26:00.145 INFORMA합ES [http-apr-8080-exec-107] org.apache.catalina.core.ApplicationContext.log Manager: restart: Reloading web application '/'
12-Oct-2019 16:26:31.554 INFORMA합ES [http-apr-8080-exec-99] org.apache.catalina.core.ApplicationContext.log Manager: list: Listing contexts for virtual host 'localhost'
12-Oct-2019 16:26:31.581 INFORMA합ES [http-apr-8080-exec-108] org.apache.catalina.core.ApplicationContext.log Manager: restart: Reloading web application '/'
12-Oct-2019 16:29:25.202 INFORMA합ES [http-apr-8080-exec-124] org.apache.catalina.core.ApplicationContext.log Manager: list: Listing contexts for virtual host 'localhost'
12-Oct-2019 16:29:25.249 INFORMA합ES [http-apr-8080-exec-120] org.apache.catalina.core.ApplicationContext.log Manager: restart: Reloading web application '/'
12-Oct-2019 16:30:22.016 INFORMA합ES [http-apr-8080-exec-130] org.apache.catalina.core.ApplicationContext.log Manager: list: Listing contexts for virtual host 'localhost'
12-Oct-2019 16:30:22.032 INFORMA합ES [http-apr-8080-exec-129] org.apache.catalina.core.ApplicationContext.log Manager: restart: Reloading web application '/'
12-Oct-2019 16:31:11.290 INFORMA합ES [http-apr-8080-exec-137] org.apache.catalina.core.ApplicationContext.log Manager: list: Listing contexts for virtual host 'localhost'
12-Oct-2019 16:31:31.843 INFORMA합ES [http-apr-8080-exec-135] org.apache.catalina.core.ApplicationContext.log Manager: list: Listing contexts for virtual host 'localhost'
12-Oct-2019 16:32:25.497 INFORMA합ES [http-apr-8080-exec-135] org.apache.catalina.core.ApplicationContext.log Manager: list: Listing contexts for virtual host 'localhost'
12-Oct-2019 16:32:25.512 INFORMA합ES [http-apr-8080-exec-136] org.apache.catalina.core.ApplicationContext.log Manager: restart: Reloading web application '/'
12-Oct-2019 16:32:45.444 INFORMA합ES [http-apr-8080-exec-132] org.apache.catalina.core.ApplicationContext.log Manager: list: Listing contexts for virtual host 'localhost'
12-Oct-2019 16:32:45.464 INFORMA합ES [http-apr-8080-exec-139] org.apache.catalina.core.ApplicationContext.log Manager: restart: Reloading web application '/'
12-Oct-2019 16:33:06.151 INFORMA합ES [http-apr-8080-exec-142] org.apache.catalina.core.ApplicationContext.log Manager: list: Listing contexts for virtual host 'localhost'
12-Oct-2019 16:33:06.430 INFORMA합ES [http-apr-8080-exec-141] org.apache.catalina.core.ApplicationContext.log Manager: restart: Reloading web application '/'
12-Oct-2019 16:34:30.345 INFORMA합ES [http-apr-8080-exec-142] org.apache.catalina.core.ApplicationContext.log Manager: list: Listing contexts for virtual host 'localhost'
12-Oct-2019 16:34:30.470 INFORMA합ES [http-apr-8080-exec-149] org.apache.catalina.core.ApplicationContext.log Manager: restart: Reloading web application '/'
12-Oct-2019 16:36:15.753 INFORMA합ES [http-apr-8080-exec-156] org.apache.catalina.core.ApplicationContext.log Manager: list: Listing contexts for virtual host 'localhost'
