22-Nov-2019 10:52:55.624 INFORMA합ES [http-apr-8080-exec-3] org.apache.catalina.core.ApplicationContext.log Manager: init: Associated with Deployer 'Catalina:type=Deployer,host=localhost'
22-Nov-2019 10:52:55.624 INFORMA합ES [http-apr-8080-exec-3] org.apache.catalina.core.ApplicationContext.log Manager: init: Global resources are available
22-Nov-2019 10:52:55.628 INFORMA합ES [http-apr-8080-exec-3] org.apache.catalina.core.ApplicationContext.log Manager: list: Listing contexts for virtual host 'localhost'
22-Nov-2019 10:52:55.889 INFORMA합ES [http-apr-8080-exec-4] org.apache.catalina.core.ApplicationContext.log Manager: list: Listing contexts for virtual host 'localhost'
22-Nov-2019 10:52:57.703 INFORMA합ES [http-apr-8080-exec-5] org.apache.catalina.core.ApplicationContext.log Manager: restart: Reloading web application '/'
22-Nov-2019 11:02:02.238 INFORMA합ES [http-apr-8080-exec-13] org.apache.catalina.core.ApplicationContext.log Manager: list: Listing contexts for virtual host 'localhost'
22-Nov-2019 11:06:56.144 INFORMA합ES [http-apr-8080-exec-16] org.apache.catalina.core.ApplicationContext.log Manager: list: Listing contexts for virtual host 'localhost'
22-Nov-2019 11:06:56.435 INFORMA합ES [http-apr-8080-exec-14] org.apache.catalina.core.ApplicationContext.log Manager: list: Listing contexts for virtual host 'localhost'
22-Nov-2019 11:09:09.470 INFORMA합ES [http-apr-8080-exec-15] org.apache.catalina.core.ApplicationContext.log Manager: list: Listing contexts for virtual host 'localhost'
22-Nov-2019 11:09:47.275 INFORMA합ES [http-apr-8080-exec-11] org.apache.catalina.core.ApplicationContext.log Manager: list: Listing contexts for virtual host 'localhost'
22-Nov-2019 11:10:05.129 INFORMA합ES [http-apr-8080-exec-15] org.apache.catalina.core.ApplicationContext.log Manager: list: Listing contexts for virtual host 'localhost'
22-Nov-2019 11:10:33.919 INFORMA합ES [http-apr-8080-exec-11] org.apache.catalina.core.ApplicationContext.log Manager: list: Listing contexts for virtual host 'localhost'
22-Nov-2019 11:11:01.521 INFORMA합ES [http-apr-8080-exec-14] org.apache.catalina.core.ApplicationContext.log Manager: list: Listing contexts for virtual host 'localhost'
22-Nov-2019 11:11:32.389 INFORMA합ES [http-apr-8080-exec-20] org.apache.catalina.core.ApplicationContext.log Manager: list: Listing contexts for virtual host 'localhost'
22-Nov-2019 11:11:59.537 INFORMA합ES [http-apr-8080-exec-19] org.apache.catalina.core.ApplicationContext.log Manager: list: Listing contexts for virtual host 'localhost'
22-Nov-2019 11:12:28.820 INFORMA합ES [http-apr-8080-exec-20] org.apache.catalina.core.ApplicationContext.log Manager: list: Listing contexts for virtual host 'localhost'
22-Nov-2019 11:13:25.598 INFORMA합ES [http-apr-8080-exec-18] org.apache.catalina.core.ApplicationContext.log Manager: list: Listing contexts for virtual host 'localhost'
22-Nov-2019 11:13:51.970 INFORMA합ES [http-apr-8080-exec-15] org.apache.catalina.core.ApplicationContext.log Manager: list: Listing contexts for virtual host 'localhost'
22-Nov-2019 11:14:10.673 INFORMA합ES [http-apr-8080-exec-19] org.apache.catalina.core.ApplicationContext.log Manager: list: Listing contexts for virtual host 'localhost'
22-Nov-2019 11:14:38.775 INFORMA합ES [http-apr-8080-exec-15] org.apache.catalina.core.ApplicationContext.log Manager: list: Listing contexts for virtual host 'localhost'
22-Nov-2019 11:15:49.515 INFORMA합ES [http-apr-8080-exec-14] org.apache.catalina.core.ApplicationContext.log Manager: list: Listing contexts for virtual host 'localhost'
22-Nov-2019 11:15:56.359 INFORMA합ES [http-apr-8080-exec-15] org.apache.catalina.core.ApplicationContext.log Manager: list: Listing contexts for virtual host 'localhost'
22-Nov-2019 11:22:31.553 INFORMA합ES [http-apr-8080-exec-11] org.apache.catalina.core.ApplicationContext.log Manager: list: Listing contexts for virtual host 'localhost'
22-Nov-2019 11:33:45.572 INFORMA합ES [http-apr-8080-exec-14] org.apache.catalina.core.ApplicationContext.log Manager: list: Listing contexts for virtual host 'localhost'
22-Nov-2019 11:35:40.494 INFORMA합ES [http-apr-8080-exec-15] org.apache.catalina.core.ApplicationContext.log Manager: list: Listing contexts for virtual host 'localhost'
22-Nov-2019 12:12:52.080 INFORMA합ES [http-apr-8080-exec-15] org.apache.catalina.core.ApplicationContext.log Manager: list: Listing contexts for virtual host 'localhost'
22-Nov-2019 12:12:52.958 INFORMA합ES [http-apr-8080-exec-17] org.apache.catalina.core.ApplicationContext.log Manager: restart: Reloading web application '/'
22-Nov-2019 12:14:48.158 INFORMA합ES [http-apr-8080-exec-19] org.apache.catalina.core.ApplicationContext.log Manager: list: Listing contexts for virtual host 'localhost'
22-Nov-2019 12:14:48.230 INFORMA합ES [http-apr-8080-exec-12] org.apache.catalina.core.ApplicationContext.log Manager: restart: Reloading web application '/'
22-Nov-2019 12:14:48.258 GRAVE [http-apr-8080-exec-12] org.apache.catalina.core.ApplicationContext.log Manager: ManagerServlet.reload[/]
 java.lang.IllegalStateException: Context with name [] has not yet been started
	at org.apache.catalina.core.StandardContext.reload(StandardContext.java:3889)
	at org.apache.catalina.manager.ManagerServlet.reload(ManagerServlet.java:1007)
	at org.apache.catalina.manager.ManagerServlet.doGet(ManagerServlet.java:351)
	at javax.servlet.http.HttpServlet.service(HttpServlet.java:622)
	at javax.servlet.http.HttpServlet.service(HttpServlet.java:729)
	at org.apache.catalina.core.ApplicationFilterChain.internalDoFilter(ApplicationFilterChain.java:292)
	at org.apache.catalina.core.ApplicationFilterChain.doFilter(ApplicationFilterChain.java:207)
	at org.apache.tomcat.websocket.server.WsFilter.doFilter(WsFilter.java:52)
	at org.apache.catalina.core.ApplicationFilterChain.internalDoFilter(ApplicationFilterChain.java:240)
	at org.apache.catalina.core.ApplicationFilterChain.doFilter(ApplicationFilterChain.java:207)
	at org.apache.catalina.filters.SetCharacterEncodingFilter.doFilter(SetCharacterEncodingFilter.java:109)
	at org.apache.catalina.core.ApplicationFilterChain.internalDoFilter(ApplicationFilterChain.java:240)
	at org.apache.catalina.core.ApplicationFilterChain.doFilter(ApplicationFilterChain.java:207)
	at org.apache.catalina.core.StandardWrapperValve.invoke(StandardWrapperValve.java:212)
	at org.apache.catalina.core.StandardContextValve.invoke(StandardContextValve.java:94)
	at org.apache.catalina.authenticator.AuthenticatorBase.invoke(AuthenticatorBase.java:604)
	at org.apache.catalina.core.StandardHostValve.invoke(StandardHostValve.java:141)
	at org.apache.catalina.valves.ErrorReportValve.invoke(ErrorReportValve.java:80)
	at org.apache.catalina.valves.AbstractAccessLogValve.invoke(AbstractAccessLogValve.java:620)
	at org.apache.catalina.core.StandardEngineValve.invoke(StandardEngineValve.java:88)
	at org.apache.catalina.connector.CoyoteAdapter.service(CoyoteAdapter.java:502)
	at org.apache.coyote.http11.AbstractHttp11Processor.process(AbstractHttp11Processor.java:1152)
	at org.apache.coyote.AbstractProtocol$AbstractConnectionHandler.process(AbstractProtocol.java:684)
	at org.apache.tomcat.util.net.AprEndpoint$SocketProcessor.doRun(AprEndpoint.java:2527)
	at org.apache.tomcat.util.net.AprEndpoint$SocketProcessor.run(AprEndpoint.java:2516)
	at java.util.concurrent.ThreadPoolExecutor.runWorker(ThreadPoolExecutor.java:1142)
	at java.util.concurrent.ThreadPoolExecutor$Worker.run(ThreadPoolExecutor.java:617)
	at org.apache.tomcat.util.threads.TaskThread$WrappingRunnable.run(TaskThread.java:61)
	at java.lang.Thread.run(Thread.java:745)

22-Nov-2019 12:18:15.779 INFORMA합ES [http-apr-8080-exec-15] org.apache.catalina.core.ApplicationContext.log Manager: list: Listing contexts for virtual host 'localhost'
22-Nov-2019 12:18:15.823 INFORMA합ES [http-apr-8080-exec-22] org.apache.catalina.core.ApplicationContext.log Manager: list: Listing contexts for virtual host 'localhost'
22-Nov-2019 12:18:17.179 INFORMA합ES [http-apr-8080-exec-23] org.apache.catalina.core.ApplicationContext.log Manager: undeploy: Undeploying web application at '/'
22-Nov-2019 12:18:19.191 INFORMA합ES [http-apr-8080-exec-24] org.apache.catalina.core.ApplicationContext.log Manager: install: Installing context configuration at 'file:/C:/Users/LUCASQ~1/AppData/Local/Temp/context4166872347809269712.xml'
22-Nov-2019 12:19:26.389 INFORMA합ES [http-apr-8080-exec-25] org.apache.catalina.core.ApplicationContext.log Manager: start: Starting web application '/'
22-Nov-2019 12:20:03.219 INFORMA합ES [http-apr-8080-exec-25] org.apache.catalina.core.ApplicationContext.log Manager: list: Listing contexts for virtual host 'localhost'
22-Nov-2019 12:20:05.717 INFORMA합ES [http-apr-8080-exec-26] org.apache.catalina.core.ApplicationContext.log Manager: restart: Reloading web application '/'
22-Nov-2019 12:21:13.704 INFORMA합ES [http-apr-8080-exec-22] org.apache.catalina.core.ApplicationContext.log Manager: list: Listing contexts for virtual host 'localhost'
22-Nov-2019 12:21:13.794 INFORMA합ES [http-apr-8080-exec-29] org.apache.catalina.core.ApplicationContext.log Manager: restart: Reloading web application '/'
22-Nov-2019 12:24:33.557 INFORMA합ES [http-apr-8080-exec-25] org.apache.catalina.core.ApplicationContext.log Manager: list: Listing contexts for virtual host 'localhost'
22-Nov-2019 12:24:34.237 INFORMA합ES [http-apr-8080-exec-33] org.apache.catalina.core.ApplicationContext.log Manager: restart: Reloading web application '/'
22-Nov-2019 12:29:38.612 INFORMA합ES [http-apr-8080-exec-25] org.apache.catalina.core.ApplicationContext.log Manager: list: Listing contexts for virtual host 'localhost'
22-Nov-2019 12:29:39.039 INFORMA합ES [http-apr-8080-exec-36] org.apache.catalina.core.ApplicationContext.log Manager: restart: Reloading web application '/'
22-Nov-2019 12:36:12.112 INFORMA합ES [http-apr-8080-exec-41] org.apache.catalina.core.ApplicationContext.log Manager: list: Listing contexts for virtual host 'localhost'
22-Nov-2019 12:36:12.576 INFORMA합ES [http-apr-8080-exec-46] org.apache.catalina.core.ApplicationContext.log Manager: restart: Reloading web application '/'
22-Nov-2019 12:40:23.258 INFORMA합ES [http-apr-8080-exec-63] org.apache.catalina.core.ApplicationContext.log Manager: list: Listing contexts for virtual host 'localhost'
22-Nov-2019 12:40:23.454 INFORMA합ES [http-apr-8080-exec-56] org.apache.catalina.core.ApplicationContext.log Manager: restart: Reloading web application '/'
22-Nov-2019 12:41:31.711 INFORMA합ES [http-apr-8080-exec-54] org.apache.catalina.core.ApplicationContext.log Manager: list: Listing contexts for virtual host 'localhost'
22-Nov-2019 12:41:31.839 INFORMA합ES [http-apr-8080-exec-62] org.apache.catalina.core.ApplicationContext.log Manager: restart: Reloading web application '/'
