24-Oct-2019 08:31:47.470 INFORMA합ES [http-apr-8080-exec-10] org.apache.catalina.core.ApplicationContext.log Manager: init: Associated with Deployer 'Catalina:type=Deployer,host=localhost'
24-Oct-2019 08:31:47.470 INFORMA합ES [http-apr-8080-exec-10] org.apache.catalina.core.ApplicationContext.log Manager: init: Global resources are available
24-Oct-2019 08:31:47.473 INFORMA합ES [http-apr-8080-exec-10] org.apache.catalina.core.ApplicationContext.log Manager: list: Listing contexts for virtual host 'localhost'
24-Oct-2019 08:31:47.492 INFORMA합ES [http-apr-8080-exec-8] org.apache.catalina.core.ApplicationContext.log Manager: list: Listing contexts for virtual host 'localhost'
24-Oct-2019 08:31:50.475 INFORMA합ES [http-apr-8080-exec-9] org.apache.catalina.core.ApplicationContext.log Manager: restart: Reloading web application '/'
24-Oct-2019 08:38:03.082 INFORMA합ES [http-apr-8080-exec-15] org.apache.catalina.core.ApplicationContext.log Manager: list: Listing contexts for virtual host 'localhost'
24-Oct-2019 08:41:51.557 INFORMA합ES [http-apr-8080-exec-13] org.apache.catalina.core.ApplicationContext.log Manager: list: Listing contexts for virtual host 'localhost'
24-Oct-2019 08:42:25.871 INFORMA합ES [http-apr-8080-exec-17] org.apache.catalina.core.ApplicationContext.log Manager: list: Listing contexts for virtual host 'localhost'
24-Oct-2019 08:46:27.715 INFORMA합ES [http-apr-8080-exec-14] org.apache.catalina.core.ApplicationContext.log Manager: list: Listing contexts for virtual host 'localhost'
24-Oct-2019 08:46:28.281 INFORMA합ES [http-apr-8080-exec-17] org.apache.catalina.core.ApplicationContext.log Manager: restart: Reloading web application '/'
24-Oct-2019 08:48:23.247 INFORMA합ES [http-apr-8080-exec-18] org.apache.catalina.core.ApplicationContext.log Manager: list: Listing contexts for virtual host 'localhost'
24-Oct-2019 08:48:23.301 INFORMA합ES [http-apr-8080-exec-23] org.apache.catalina.core.ApplicationContext.log Manager: restart: Reloading web application '/'
24-Oct-2019 08:50:04.730 INFORMA합ES [http-apr-8080-exec-11] org.apache.catalina.core.ApplicationContext.log Manager: list: Listing contexts for virtual host 'localhost'
24-Oct-2019 08:50:04.765 INFORMA합ES [http-apr-8080-exec-18] org.apache.catalina.core.ApplicationContext.log Manager: restart: Reloading web application '/'
24-Oct-2019 08:50:53.114 INFORMA합ES [http-apr-8080-exec-34] org.apache.catalina.core.ApplicationContext.log Manager: list: Listing contexts for virtual host 'localhost'
24-Oct-2019 08:52:52.854 INFORMA합ES [http-apr-8080-exec-34] org.apache.catalina.core.ApplicationContext.log Manager: list: Listing contexts for virtual host 'localhost'
24-Oct-2019 08:54:18.002 INFORMA합ES [http-apr-8080-exec-32] org.apache.catalina.core.ApplicationContext.log Manager: list: Listing contexts for virtual host 'localhost'
24-Oct-2019 08:54:18.140 INFORMA합ES [http-apr-8080-exec-40] org.apache.catalina.core.ApplicationContext.log Manager: restart: Reloading web application '/'
24-Oct-2019 08:55:37.561 INFORMA합ES [http-apr-8080-exec-37] org.apache.catalina.core.ApplicationContext.log Manager: list: Listing contexts for virtual host 'localhost'
24-Oct-2019 08:55:37.641 INFORMA합ES [http-apr-8080-exec-34] org.apache.catalina.core.ApplicationContext.log Manager: restart: Reloading web application '/'
24-Oct-2019 08:56:25.886 INFORMA합ES [http-apr-8080-exec-45] org.apache.catalina.core.ApplicationContext.log Manager: list: Listing contexts for virtual host 'localhost'
24-Oct-2019 08:56:26.011 INFORMA합ES [http-apr-8080-exec-43] org.apache.catalina.core.ApplicationContext.log Manager: restart: Reloading web application '/'
24-Oct-2019 08:57:49.262 INFORMA합ES [http-apr-8080-exec-47] org.apache.catalina.core.ApplicationContext.log Manager: list: Listing contexts for virtual host 'localhost'
24-Oct-2019 08:59:21.662 INFORMA합ES [81] org.apache.catalina.core.ApplicationContext.log Manager: list: Listing contexts for virtual host 'localhost'
24-Oct-2019 09:07:29.613 INFORMA합ES [http-apr-8080-exec-55] org.apache.catalina.core.ApplicationContext.log Manager: list: Listing contexts for virtual host 'localhost'
24-Oct-2019 09:11:16.180 INFORMA합ES [http-apr-8080-exec-50] org.apache.catalina.core.ApplicationContext.log Manager: list: Listing contexts for virtual host 'localhost'
24-Oct-2019 09:12:06.205 INFORMA합ES [http-apr-8080-exec-54] org.apache.catalina.core.ApplicationContext.log Manager: list: Listing contexts for virtual host 'localhost'
24-Oct-2019 09:12:49.906 INFORMA합ES [http-apr-8080-exec-49] org.apache.catalina.core.ApplicationContext.log Manager: list: Listing contexts for virtual host 'localhost'
24-Oct-2019 09:14:15.820 INFORMA합ES [http-apr-8080-exec-51] org.apache.catalina.core.ApplicationContext.log Manager: list: Listing contexts for virtual host 'localhost'
24-Oct-2019 09:14:15.854 INFORMA합ES [http-apr-8080-exec-48] org.apache.catalina.core.ApplicationContext.log Manager: restart: Reloading web application '/'
24-Oct-2019 09:15:06.585 INFORMA합ES [http-apr-8080-exec-50] org.apache.catalina.core.ApplicationContext.log Manager: list: Listing contexts for virtual host 'localhost'
24-Oct-2019 09:15:34.861 INFORMA합ES [http-apr-8080-exec-52] org.apache.catalina.core.ApplicationContext.log Manager: list: Listing contexts for virtual host 'localhost'
24-Oct-2019 09:16:39.689 INFORMA합ES [http-apr-8080-exec-57] org.apache.catalina.core.ApplicationContext.log Manager: list: Listing contexts for virtual host 'localhost'
24-Oct-2019 09:16:39.834 INFORMA합ES [http-apr-8080-exec-61] org.apache.catalina.core.ApplicationContext.log Manager: restart: Reloading web application '/'
24-Oct-2019 09:17:15.861 INFORMA합ES [http-apr-8080-exec-59] org.apache.catalina.core.ApplicationContext.log Manager: list: Listing contexts for virtual host 'localhost'
24-Oct-2019 09:17:15.912 INFORMA합ES [http-apr-8080-exec-57] org.apache.catalina.core.ApplicationContext.log Manager: restart: Reloading web application '/'
24-Oct-2019 09:17:49.110 INFORMA합ES [http-apr-8080-exec-68] org.apache.catalina.core.ApplicationContext.log Manager: list: Listing contexts for virtual host 'localhost'
24-Oct-2019 09:17:49.201 INFORMA합ES [http-apr-8080-exec-64] org.apache.catalina.core.ApplicationContext.log Manager: restart: Reloading web application '/'
24-Oct-2019 09:18:11.238 INFORMA합ES [http-apr-8080-exec-71] org.apache.catalina.core.ApplicationContext.log Manager: list: Listing contexts for virtual host 'localhost'
24-Oct-2019 09:22:42.656 INFORMA합ES [http-apr-8080-exec-78] org.apache.catalina.core.ApplicationContext.log Manager: list: Listing contexts for virtual host 'localhost'
24-Oct-2019 09:22:55.882 INFORMA합ES [http-apr-8080-exec-76] org.apache.catalina.core.ApplicationContext.log Manager: list: Listing contexts for virtual host 'localhost'
24-Oct-2019 09:23:03.699 INFORMA합ES [http-apr-8080-exec-74] org.apache.catalina.core.ApplicationContext.log Manager: list: Listing contexts for virtual host 'localhost'
24-Oct-2019 09:26:01.088 INFORMA합ES [http-apr-8080-exec-79] org.apache.catalina.core.ApplicationContext.log Manager: list: Listing contexts for virtual host 'localhost'
24-Oct-2019 09:27:12.950 INFORMA합ES [http-apr-8080-exec-73] org.apache.catalina.core.ApplicationContext.log Manager: list: Listing contexts for virtual host 'localhost'
24-Oct-2019 09:27:59.467 INFORMA합ES [http-apr-8080-exec-73] org.apache.catalina.core.ApplicationContext.log Manager: list: Listing contexts for virtual host 'localhost'
24-Oct-2019 09:28:56.317 INFORMA합ES [http-apr-8080-exec-73] org.apache.catalina.core.ApplicationContext.log Manager: list: Listing contexts for virtual host 'localhost'
24-Oct-2019 09:28:56.658 INFORMA합ES [http-apr-8080-exec-76] org.apache.catalina.core.ApplicationContext.log Manager: restart: Reloading web application '/'
24-Oct-2019 09:30:34.818 INFORMA합ES [http-apr-8080-exec-71] org.apache.catalina.core.ApplicationContext.log Manager: list: Listing contexts for virtual host 'localhost'
24-Oct-2019 09:30:34.949 INFORMA합ES [http-apr-8080-exec-79] org.apache.catalina.core.ApplicationContext.log Manager: restart: Reloading web application '/'
24-Oct-2019 09:31:54.007 INFORMA합ES [http-apr-8080-exec-81] org.apache.catalina.core.ApplicationContext.log Manager: list: Listing contexts for virtual host 'localhost'
24-Oct-2019 09:31:54.043 INFORMA합ES [http-apr-8080-exec-83] org.apache.catalina.core.ApplicationContext.log Manager: restart: Reloading web application '/'
24-Oct-2019 09:32:22.158 INFORMA합ES [http-apr-8080-exec-80] org.apache.catalina.core.ApplicationContext.log Manager: list: Listing contexts for virtual host 'localhost'
24-Oct-2019 09:32:22.194 INFORMA합ES [http-apr-8080-exec-85] org.apache.catalina.core.ApplicationContext.log Manager: restart: Reloading web application '/'
24-Oct-2019 09:32:43.648 INFORMA합ES [http-apr-8080-exec-84] org.apache.catalina.core.ApplicationContext.log Manager: list: Listing contexts for virtual host 'localhost'
24-Oct-2019 09:32:43.720 INFORMA합ES [http-apr-8080-exec-87] org.apache.catalina.core.ApplicationContext.log Manager: restart: Reloading web application '/'
24-Oct-2019 09:33:43.364 INFORMA합ES [http-apr-8080-exec-93] org.apache.catalina.core.ApplicationContext.log Manager: list: Listing contexts for virtual host 'localhost'
24-Oct-2019 09:33:43.429 INFORMA합ES [http-apr-8080-exec-89] org.apache.catalina.core.ApplicationContext.log Manager: restart: Reloading web application '/'
24-Oct-2019 09:34:03.450 INFORMA합ES [http-apr-8080-exec-90] org.apache.catalina.core.ApplicationContext.log Manager: list: Listing contexts for virtual host 'localhost'
24-Oct-2019 09:34:03.498 INFORMA합ES [http-apr-8080-exec-93] org.apache.catalina.core.ApplicationContext.log Manager: restart: Reloading web application '/'
24-Oct-2019 09:40:54.098 INFORMA합ES [http-apr-8080-exec-102] org.apache.catalina.core.ApplicationContext.log Manager: list: Listing contexts for virtual host 'localhost'
24-Oct-2019 09:40:54.355 INFORMA합ES [http-apr-8080-exec-103] org.apache.catalina.core.ApplicationContext.log Manager: restart: Reloading web application '/'
24-Oct-2019 09:45:06.761 INFORMA합ES [http-apr-8080-exec-106] org.apache.catalina.core.ApplicationContext.log Manager: list: Listing contexts for virtual host 'localhost'
24-Oct-2019 09:45:40.524 INFORMA합ES [http-apr-8080-exec-106] org.apache.catalina.core.ApplicationContext.log Manager: list: Listing contexts for virtual host 'localhost'
24-Oct-2019 09:47:42.185 INFORMA합ES [http-apr-8080-exec-104] org.apache.catalina.core.ApplicationContext.log Manager: list: Listing contexts for virtual host 'localhost'
24-Oct-2019 09:47:59.953 INFORMA합ES [http-apr-8080-exec-104] org.apache.catalina.core.ApplicationContext.log Manager: list: Listing contexts for virtual host 'localhost'
24-Oct-2019 09:48:00.203 INFORMA합ES [http-apr-8080-exec-105] org.apache.catalina.core.ApplicationContext.log Manager: restart: Reloading web application '/'
24-Oct-2019 09:50:07.166 INFORMA합ES [http-apr-8080-exec-112] org.apache.catalina.core.ApplicationContext.log Manager: list: Listing contexts for virtual host 'localhost'
24-Oct-2019 09:50:50.886 INFORMA합ES [http-apr-8080-exec-116] org.apache.catalina.core.ApplicationContext.log Manager: list: Listing contexts for virtual host 'localhost'
24-Oct-2019 09:51:14.096 INFORMA합ES [http-apr-8080-exec-119] org.apache.catalina.core.ApplicationContext.log Manager: list: Listing contexts for virtual host 'localhost'
24-Oct-2019 09:51:55.366 INFORMA합ES [http-apr-8080-exec-121] org.apache.catalina.core.ApplicationContext.log Manager: list: Listing contexts for virtual host 'localhost'
24-Oct-2019 09:54:34.944 INFORMA합ES [http-apr-8080-exec-121] org.apache.catalina.core.ApplicationContext.log Manager: list: Listing contexts for virtual host 'localhost'
24-Oct-2019 09:54:46.024 INFORMA합ES [http-apr-8080-exec-114] org.apache.catalina.core.ApplicationContext.log Manager: list: Listing contexts for virtual host 'localhost'
24-Oct-2019 09:54:54.764 INFORMA합ES [http-apr-8080-exec-114] org.apache.catalina.core.ApplicationContext.log Manager: list: Listing contexts for virtual host 'localhost'
24-Oct-2019 11:11:46.555 INFORMA합ES [http-apr-8080-exec-12] org.apache.catalina.core.ApplicationContext.log Manager: init: Associated with Deployer 'Catalina:type=Deployer,host=localhost'
24-Oct-2019 11:11:46.639 INFORMA합ES [http-apr-8080-exec-12] org.apache.catalina.core.ApplicationContext.log Manager: init: Global resources are available
24-Oct-2019 11:11:46.643 INFORMA합ES [http-apr-8080-exec-12] org.apache.catalina.core.ApplicationContext.log Manager: list: Listing contexts for virtual host 'localhost'
24-Oct-2019 11:11:46.707 INFORMA합ES [http-apr-8080-exec-9] org.apache.catalina.core.ApplicationContext.log Manager: list: Listing contexts for virtual host 'localhost'
24-Oct-2019 11:11:47.752 INFORMA합ES [http-apr-8080-exec-10] org.apache.catalina.core.ApplicationContext.log Manager: restart: Reloading web application '/'
24-Oct-2019 11:16:27.159 INFORMA합ES [http-apr-8080-exec-18] org.apache.catalina.core.ApplicationContext.log Manager: list: Listing contexts for virtual host 'localhost'
24-Oct-2019 11:16:27.491 INFORMA합ES [http-apr-8080-exec-16] org.apache.catalina.core.ApplicationContext.log Manager: restart: Reloading web application '/'
24-Oct-2019 11:19:15.868 INFORMA합ES [http-apr-8080-exec-28] org.apache.catalina.core.ApplicationContext.log Manager: list: Listing contexts for virtual host 'localhost'
24-Oct-2019 11:19:15.933 INFORMA합ES [http-apr-8080-exec-32] org.apache.catalina.core.ApplicationContext.log Manager: restart: Reloading web application '/'
24-Oct-2019 11:19:53.912 INFORMA합ES [http-apr-8080-exec-27] org.apache.catalina.core.ApplicationContext.log Manager: list: Listing contexts for virtual host 'localhost'
24-Oct-2019 11:19:53.962 INFORMA합ES [http-apr-8080-exec-25] org.apache.catalina.core.ApplicationContext.log Manager: restart: Reloading web application '/'
24-Oct-2019 11:20:32.576 INFORMA합ES [http-apr-8080-exec-29] org.apache.catalina.core.ApplicationContext.log Manager: list: Listing contexts for virtual host 'localhost'
24-Oct-2019 11:20:32.630 INFORMA합ES [http-apr-8080-exec-35] org.apache.catalina.core.ApplicationContext.log Manager: restart: Reloading web application '/'
24-Oct-2019 11:21:30.583 INFORMA합ES [http-apr-8080-exec-37] org.apache.catalina.core.ApplicationContext.log Manager: list: Listing contexts for virtual host 'localhost'
24-Oct-2019 11:21:30.639 INFORMA합ES [http-apr-8080-exec-38] org.apache.catalina.core.ApplicationContext.log Manager: restart: Reloading web application '/'
24-Oct-2019 11:22:13.725 INFORMA합ES [http-apr-8080-exec-40] org.apache.catalina.core.ApplicationContext.log Manager: list: Listing contexts for virtual host 'localhost'
24-Oct-2019 11:22:13.807 INFORMA합ES [http-apr-8080-exec-39] org.apache.catalina.core.ApplicationContext.log Manager: restart: Reloading web application '/'
24-Oct-2019 11:22:51.196 INFORMA합ES [http-apr-8080-exec-30] org.apache.catalina.core.ApplicationContext.log Manager: list: Listing contexts for virtual host 'localhost'
24-Oct-2019 11:25:03.350 INFORMA합ES [http-apr-8080-exec-43] org.apache.catalina.core.ApplicationContext.log Manager: list: Listing contexts for virtual host 'localhost'
24-Oct-2019 11:26:58.104 INFORMA합ES [http-apr-8080-exec-45] org.apache.catalina.core.ApplicationContext.log Manager: list: Listing contexts for virtual host 'localhost'
24-Oct-2019 11:27:14.492 INFORMA합ES [http-apr-8080-exec-46] org.apache.catalina.core.ApplicationContext.log Manager: list: Listing contexts for virtual host 'localhost'
24-Oct-2019 11:28:14.405 INFORMA합ES [http-apr-8080-exec-45] org.apache.catalina.core.ApplicationContext.log Manager: list: Listing contexts for virtual host 'localhost'
24-Oct-2019 11:28:55.395 INFORMA합ES [http-apr-8080-exec-47] org.apache.catalina.core.ApplicationContext.log Manager: list: Listing contexts for virtual host 'localhost'
24-Oct-2019 11:28:58.825 INFORMA합ES [http-apr-8080-exec-44] org.apache.catalina.core.ApplicationContext.log Manager: list: Listing contexts for virtual host 'localhost'
24-Oct-2019 11:37:46.787 INFORMA합ES [http-apr-8080-exec-52] org.apache.catalina.core.ApplicationContext.log Manager: list: Listing contexts for virtual host 'localhost'
24-Oct-2019 11:39:37.217 INFORMA합ES [http-apr-8080-exec-46] org.apache.catalina.core.ApplicationContext.log Manager: list: Listing contexts for virtual host 'localhost'
24-Oct-2019 11:39:38.585 INFORMA합ES [http-apr-8080-exec-49] org.apache.catalina.core.ApplicationContext.log Manager: restart: Reloading web application '/'
24-Oct-2019 11:41:09.651 INFORMA합ES [http-apr-8080-exec-51] org.apache.catalina.core.ApplicationContext.log Manager: list: Listing contexts for virtual host 'localhost'
24-Oct-2019 11:41:09.790 INFORMA합ES [http-apr-8080-exec-43] org.apache.catalina.core.ApplicationContext.log Manager: restart: Reloading web application '/'
24-Oct-2019 11:48:18.657 INFORMA합ES [http-apr-8080-exec-57] org.apache.catalina.core.ApplicationContext.log Manager: list: Listing contexts for virtual host 'localhost'
24-Oct-2019 11:48:19.203 INFORMA합ES [http-apr-8080-exec-61] org.apache.catalina.core.ApplicationContext.log Manager: restart: Reloading web application '/'
24-Oct-2019 11:50:19.701 INFORMA합ES [http-apr-8080-exec-71] org.apache.catalina.core.ApplicationContext.log Manager: list: Listing contexts for virtual host 'localhost'
24-Oct-2019 11:50:20.111 INFORMA합ES [http-apr-8080-exec-66] org.apache.catalina.core.ApplicationContext.log Manager: restart: Reloading web application '/'
24-Oct-2019 11:54:42.616 INFORMA합ES [http-apr-8080-exec-78] org.apache.catalina.core.ApplicationContext.log Manager: list: Listing contexts for virtual host 'localhost'
24-Oct-2019 11:54:58.748 INFORMA합ES [http-apr-8080-exec-79] org.apache.catalina.core.ApplicationContext.log Manager: list: Listing contexts for virtual host 'localhost'
24-Oct-2019 11:59:30.754 INFORMA합ES [http-apr-8080-exec-80] org.apache.catalina.core.ApplicationContext.log Manager: list: Listing contexts for virtual host 'localhost'
24-Oct-2019 11:59:30.988 INFORMA합ES [http-apr-8080-exec-83] org.apache.catalina.core.ApplicationContext.log Manager: restart: Reloading web application '/'
24-Oct-2019 12:00:25.560 INFORMA합ES [http-apr-8080-exec-77] org.apache.catalina.core.ApplicationContext.log Manager: list: Listing contexts for virtual host 'localhost'
24-Oct-2019 12:00:26.731 INFORMA합ES [http-apr-8080-exec-75] org.apache.catalina.core.ApplicationContext.log Manager: restart: Reloading web application '/'
24-Oct-2019 12:02:15.769 INFORMA합ES [http-apr-8080-exec-94] org.apache.catalina.core.ApplicationContext.log Manager: list: Listing contexts for virtual host 'localhost'
24-Oct-2019 12:02:15.826 INFORMA합ES [http-apr-8080-exec-93] org.apache.catalina.core.ApplicationContext.log Manager: restart: Reloading web application '/'
24-Oct-2019 12:02:55.486 INFORMA합ES [175] org.apache.catalina.core.ApplicationContext.log Manager: list: Listing contexts for virtual host 'localhost'
24-Oct-2019 12:02:55.750 INFORMA합ES [http-apr-8080-exec-94] org.apache.catalina.core.ApplicationContext.log Manager: restart: Reloading web application '/'
24-Oct-2019 12:03:58.804 INFORMA합ES [http-apr-8080-exec-98] org.apache.catalina.core.ApplicationContext.log Manager: list: Listing contexts for virtual host 'localhost'
24-Oct-2019 12:09:53.987 INFORMA합ES [http-apr-8080-exec-107] org.apache.catalina.core.ApplicationContext.log Manager: list: Listing contexts for virtual host 'localhost'
24-Oct-2019 12:09:54.582 INFORMA합ES [http-apr-8080-exec-100] org.apache.catalina.core.ApplicationContext.log Manager: restart: Reloading web application '/'
24-Oct-2019 12:11:57.460 INFORMA합ES [http-apr-8080-exec-103] org.apache.catalina.core.ApplicationContext.log Manager: list: Listing contexts for virtual host 'localhost'
24-Oct-2019 12:11:58.326 INFORMA합ES [http-apr-8080-exec-108] org.apache.catalina.core.ApplicationContext.log Manager: restart: Reloading web application '/'
24-Oct-2019 12:14:25.048 INFORMA합ES [http-apr-8080-exec-115] org.apache.catalina.core.ApplicationContext.log Manager: list: Listing contexts for virtual host 'localhost'
24-Oct-2019 12:14:25.481 INFORMA합ES [http-apr-8080-exec-120] org.apache.catalina.core.ApplicationContext.log Manager: restart: Reloading web application '/'
24-Oct-2019 12:16:00.437 INFORMA합ES [http-apr-8080-exec-123] org.apache.catalina.core.ApplicationContext.log Manager: list: Listing contexts for virtual host 'localhost'
24-Oct-2019 12:17:08.161 INFORMA합ES [http-apr-8080-exec-130] org.apache.catalina.core.ApplicationContext.log Manager: list: Listing contexts for virtual host 'localhost'
24-Oct-2019 12:20:13.102 INFORMA합ES [http-apr-8080-exec-130] org.apache.catalina.core.ApplicationContext.log Manager: list: Listing contexts for virtual host 'localhost'
24-Oct-2019 12:21:08.777 INFORMA합ES [http-apr-8080-exec-130] org.apache.catalina.core.ApplicationContext.log Manager: list: Listing contexts for virtual host 'localhost'
24-Oct-2019 12:21:45.784 INFORMA합ES [http-apr-8080-exec-124] org.apache.catalina.core.ApplicationContext.log Manager: list: Listing contexts for virtual host 'localhost'
24-Oct-2019 12:22:06.196 INFORMA합ES [http-apr-8080-exec-130] org.apache.catalina.core.ApplicationContext.log Manager: list: Listing contexts for virtual host 'localhost'
24-Oct-2019 12:22:52.889 INFORMA합ES [http-apr-8080-exec-128] org.apache.catalina.core.ApplicationContext.log Manager: list: Listing contexts for virtual host 'localhost'
24-Oct-2019 12:26:41.479 INFORMA합ES [http-apr-8080-exec-124] org.apache.catalina.core.ApplicationContext.log Manager: list: Listing contexts for virtual host 'localhost'
24-Oct-2019 12:26:42.057 INFORMA합ES [http-apr-8080-exec-126] org.apache.catalina.core.ApplicationContext.log Manager: restart: Reloading web application '/'
