01-Dec-2019 00:57:16.009 INFORMA합ES [http-apr-8080-exec-1] org.apache.catalina.core.ApplicationContext.log Manager: init: Associated with Deployer 'Catalina:type=Deployer,host=localhost'
01-Dec-2019 00:57:16.009 INFORMA합ES [http-apr-8080-exec-1] org.apache.catalina.core.ApplicationContext.log Manager: init: Global resources are available
01-Dec-2019 00:57:16.009 INFORMA합ES [http-apr-8080-exec-1] org.apache.catalina.core.ApplicationContext.log Manager: list: Listing contexts for virtual host 'localhost'
01-Dec-2019 00:57:16.118 INFORMA합ES [http-apr-8080-exec-21] org.apache.catalina.core.ApplicationContext.log Manager: list: Listing contexts for virtual host 'localhost'
01-Dec-2019 00:57:17.352 INFORMA합ES [http-apr-8080-exec-20] org.apache.catalina.core.ApplicationContext.log Manager: restart: Reloading web application '/'
01-Dec-2019 08:20:37.709 INFORMA합ES [http-apr-8080-exec-7] org.apache.catalina.core.ApplicationContext.log Manager: init: Associated with Deployer 'Catalina:type=Deployer,host=localhost'
01-Dec-2019 08:20:37.709 INFORMA합ES [http-apr-8080-exec-7] org.apache.catalina.core.ApplicationContext.log Manager: init: Global resources are available
01-Dec-2019 08:20:37.709 INFORMA합ES [http-apr-8080-exec-7] org.apache.catalina.core.ApplicationContext.log Manager: list: Listing contexts for virtual host 'localhost'
01-Dec-2019 08:20:37.740 INFORMA합ES [http-apr-8080-exec-6] org.apache.catalina.core.ApplicationContext.log Manager: list: Listing contexts for virtual host 'localhost'
01-Dec-2019 08:29:12.076 INFORMA합ES [http-apr-8080-exec-8] org.apache.catalina.core.ApplicationContext.log Manager: list: Listing contexts for virtual host 'localhost'
01-Dec-2019 08:29:12.120 INFORMA합ES [http-apr-8080-exec-7] org.apache.catalina.core.ApplicationContext.log Manager: restart: Reloading web application '/'
01-Dec-2019 08:29:45.174 INFORMA합ES [http-apr-8080-exec-6] org.apache.catalina.core.ApplicationContext.log Manager: list: Listing contexts for virtual host 'localhost'
01-Dec-2019 08:29:45.470 INFORMA합ES [http-apr-8080-exec-12] org.apache.catalina.core.ApplicationContext.log Manager: restart: Reloading web application '/'
01-Dec-2019 08:42:25.546 INFORMA합ES [http-apr-8080-exec-25] org.apache.catalina.core.ApplicationContext.log Manager: list: Listing contexts for virtual host 'localhost'
01-Dec-2019 08:42:25.606 INFORMA합ES [http-apr-8080-exec-26] org.apache.catalina.core.ApplicationContext.log Manager: restart: Reloading web application '/'
01-Dec-2019 08:43:04.040 INFORMA합ES [http-apr-8080-exec-27] org.apache.catalina.core.ApplicationContext.log Manager: list: Listing contexts for virtual host 'localhost'
01-Dec-2019 08:43:04.108 INFORMA합ES [http-apr-8080-exec-21] org.apache.catalina.core.ApplicationContext.log Manager: restart: Reloading web application '/'
01-Dec-2019 08:43:37.084 INFORMA합ES [http-apr-8080-exec-19] org.apache.catalina.core.ApplicationContext.log Manager: list: Listing contexts for virtual host 'localhost'
01-Dec-2019 08:43:37.104 INFORMA합ES [http-apr-8080-exec-22] org.apache.catalina.core.ApplicationContext.log Manager: restart: Reloading web application '/'
01-Dec-2019 08:46:01.962 INFORMA합ES [http-apr-8080-exec-30] org.apache.catalina.core.ApplicationContext.log Manager: list: Listing contexts for virtual host 'localhost'
01-Dec-2019 08:46:01.994 INFORMA합ES [http-apr-8080-exec-18] org.apache.catalina.core.ApplicationContext.log Manager: restart: Reloading web application '/'
01-Dec-2019 08:46:31.459 INFORMA합ES [http-apr-8080-exec-30] org.apache.catalina.core.ApplicationContext.log Manager: list: Listing contexts for virtual host 'localhost'
01-Dec-2019 08:46:31.515 INFORMA합ES [http-apr-8080-exec-33] org.apache.catalina.core.ApplicationContext.log Manager: restart: Reloading web application '/'
01-Dec-2019 08:47:08.321 INFORMA합ES [http-apr-8080-exec-38] org.apache.catalina.core.ApplicationContext.log Manager: list: Listing contexts for virtual host 'localhost'
01-Dec-2019 08:47:08.361 INFORMA합ES [http-apr-8080-exec-32] org.apache.catalina.core.ApplicationContext.log Manager: restart: Reloading web application '/'
01-Dec-2019 08:49:50.002 INFORMA합ES [http-apr-8080-exec-31] org.apache.catalina.core.ApplicationContext.log Manager: list: Listing contexts for virtual host 'localhost'
01-Dec-2019 08:49:50.298 INFORMA합ES [http-apr-8080-exec-37] org.apache.catalina.core.ApplicationContext.log Manager: restart: Reloading web application '/'
01-Dec-2019 09:07:35.516 INFORMA합ES [http-apr-8080-exec-54] org.apache.catalina.core.ApplicationContext.log Manager: list: Listing contexts for virtual host 'localhost'
01-Dec-2019 09:07:35.588 INFORMA합ES [http-apr-8080-exec-55] org.apache.catalina.core.ApplicationContext.log Manager: restart: Reloading web application '/'
01-Dec-2019 09:16:06.882 INFORMA합ES [http-apr-8080-exec-64] org.apache.catalina.core.ApplicationContext.log Manager: list: Listing contexts for virtual host 'localhost'
01-Dec-2019 09:16:06.921 INFORMA합ES [http-apr-8080-exec-65] org.apache.catalina.core.ApplicationContext.log Manager: restart: Reloading web application '/'
01-Dec-2019 09:16:25.671 INFORMA합ES [http-apr-8080-exec-62] org.apache.catalina.core.ApplicationContext.log Manager: list: Listing contexts for virtual host 'localhost'
01-Dec-2019 09:16:25.700 INFORMA합ES [http-apr-8080-exec-57] org.apache.catalina.core.ApplicationContext.log Manager: restart: Reloading web application '/'
01-Dec-2019 09:19:03.089 INFORMA합ES [116] org.apache.catalina.core.ApplicationContext.log Manager: list: Listing contexts for virtual host 'localhost'
01-Dec-2019 09:19:03.246 INFORMA합ES [http-apr-8080-exec-60] org.apache.catalina.core.ApplicationContext.log Manager: restart: Reloading web application '/'
01-Dec-2019 09:20:16.267 INFORMA합ES [http-apr-8080-exec-76] org.apache.catalina.core.ApplicationContext.log Manager: list: Listing contexts for virtual host 'localhost'
01-Dec-2019 09:20:26.753 INFORMA합ES [http-apr-8080-exec-79] org.apache.catalina.core.ApplicationContext.log Manager: list: Listing contexts for virtual host 'localhost'
01-Dec-2019 09:20:26.768 INFORMA합ES [http-apr-8080-exec-73] org.apache.catalina.core.ApplicationContext.log Manager: restart: Reloading web application '/'
01-Dec-2019 09:22:28.712 INFORMA합ES [http-apr-8080-exec-78] org.apache.catalina.core.ApplicationContext.log Manager: list: Listing contexts for virtual host 'localhost'
01-Dec-2019 09:22:28.728 INFORMA합ES [http-apr-8080-exec-82] org.apache.catalina.core.ApplicationContext.log Manager: restart: Reloading web application '/'
01-Dec-2019 09:22:58.962 INFORMA합ES [http-apr-8080-exec-87] org.apache.catalina.core.ApplicationContext.log Manager: list: Listing contexts for virtual host 'localhost'
01-Dec-2019 09:22:58.993 INFORMA합ES [http-apr-8080-exec-78] org.apache.catalina.core.ApplicationContext.log Manager: restart: Reloading web application '/'
01-Dec-2019 09:26:05.495 INFORMA합ES [http-apr-8080-exec-83] org.apache.catalina.core.ApplicationContext.log Manager: list: Listing contexts for virtual host 'localhost'
01-Dec-2019 09:26:05.541 INFORMA합ES [http-apr-8080-exec-77] org.apache.catalina.core.ApplicationContext.log Manager: restart: Reloading web application '/'
01-Dec-2019 09:26:21.401 INFORMA합ES [http-apr-8080-exec-87] org.apache.catalina.core.ApplicationContext.log Manager: list: Listing contexts for virtual host 'localhost'
01-Dec-2019 09:26:21.436 INFORMA합ES [http-apr-8080-exec-94] org.apache.catalina.core.ApplicationContext.log Manager: restart: Reloading web application '/'
01-Dec-2019 09:42:01.120 INFORMA합ES [http-apr-8080-exec-107] org.apache.catalina.core.ApplicationContext.log Manager: list: Listing contexts for virtual host 'localhost'
01-Dec-2019 09:42:01.412 INFORMA합ES [http-apr-8080-exec-108] org.apache.catalina.core.ApplicationContext.log Manager: restart: Reloading web application '/'
01-Dec-2019 09:42:26.858 INFORMA합ES [http-apr-8080-exec-109] org.apache.catalina.core.ApplicationContext.log Manager: list: Listing contexts for virtual host 'localhost'
01-Dec-2019 09:42:26.886 INFORMA합ES [http-apr-8080-exec-102] org.apache.catalina.core.ApplicationContext.log Manager: restart: Reloading web application '/'
01-Dec-2019 09:44:06.367 INFORMA합ES [http-apr-8080-exec-112] org.apache.catalina.core.ApplicationContext.log Manager: list: Listing contexts for virtual host 'localhost'
01-Dec-2019 09:44:06.395 INFORMA합ES [http-apr-8080-exec-113] org.apache.catalina.core.ApplicationContext.log Manager: restart: Reloading web application '/'
01-Dec-2019 09:45:24.189 INFORMA합ES [http-apr-8080-exec-114] org.apache.catalina.core.ApplicationContext.log Manager: list: Listing contexts for virtual host 'localhost'
01-Dec-2019 09:45:24.213 INFORMA합ES [http-apr-8080-exec-117] org.apache.catalina.core.ApplicationContext.log Manager: restart: Reloading web application '/'
01-Dec-2019 09:48:45.764 INFORMA합ES [http-apr-8080-exec-116] org.apache.catalina.core.ApplicationContext.log Manager: list: Listing contexts for virtual host 'localhost'
01-Dec-2019 09:48:45.788 INFORMA합ES [http-apr-8080-exec-110] org.apache.catalina.core.ApplicationContext.log Manager: restart: Reloading web application '/'
01-Dec-2019 09:49:45.595 INFORMA합ES [http-apr-8080-exec-124] org.apache.catalina.core.ApplicationContext.log Manager: list: Listing contexts for virtual host 'localhost'
01-Dec-2019 09:49:45.616 INFORMA합ES [http-apr-8080-exec-126] org.apache.catalina.core.ApplicationContext.log Manager: restart: Reloading web application '/'
01-Dec-2019 09:50:01.208 INFORMA합ES [http-apr-8080-exec-125] org.apache.catalina.core.ApplicationContext.log Manager: list: Listing contexts for virtual host 'localhost'
01-Dec-2019 09:50:01.248 INFORMA합ES [http-apr-8080-exec-127] org.apache.catalina.core.ApplicationContext.log Manager: restart: Reloading web application '/'
01-Dec-2019 09:51:24.607 INFORMA합ES [http-apr-8080-exec-130] org.apache.catalina.core.ApplicationContext.log Manager: list: Listing contexts for virtual host 'localhost'
01-Dec-2019 09:57:15.041 INFORMA합ES [http-apr-8080-exec-136] org.apache.catalina.core.ApplicationContext.log Manager: list: Listing contexts for virtual host 'localhost'
01-Dec-2019 09:57:15.061 INFORMA합ES [http-apr-8080-exec-137] org.apache.catalina.core.ApplicationContext.log Manager: restart: Reloading web application '/'
01-Dec-2019 09:57:38.895 INFORMA합ES [http-apr-8080-exec-138] org.apache.catalina.core.ApplicationContext.log Manager: list: Listing contexts for virtual host 'localhost'
01-Dec-2019 09:57:38.947 INFORMA합ES [http-apr-8080-exec-131] org.apache.catalina.core.ApplicationContext.log Manager: restart: Reloading web application '/'
01-Dec-2019 09:57:56.686 INFORMA합ES [http-apr-8080-exec-130] org.apache.catalina.core.ApplicationContext.log Manager: list: Listing contexts for virtual host 'localhost'
01-Dec-2019 09:57:56.730 INFORMA합ES [http-apr-8080-exec-133] org.apache.catalina.core.ApplicationContext.log Manager: restart: Reloading web application '/'
01-Dec-2019 11:13:49.914 INFORMA합ES [http-apr-8080-exec-10] org.apache.catalina.core.ApplicationContext.log Manager: init: Associated with Deployer 'Catalina:type=Deployer,host=localhost'
01-Dec-2019 11:13:49.914 INFORMA합ES [http-apr-8080-exec-10] org.apache.catalina.core.ApplicationContext.log Manager: init: Global resources are available
01-Dec-2019 11:13:49.914 INFORMA합ES [http-apr-8080-exec-10] org.apache.catalina.core.ApplicationContext.log Manager: list: Listing contexts for virtual host 'localhost'
01-Dec-2019 11:13:49.945 INFORMA합ES [http-apr-8080-exec-1] org.apache.catalina.core.ApplicationContext.log Manager: list: Listing contexts for virtual host 'localhost'
01-Dec-2019 11:13:50.695 INFORMA합ES [http-apr-8080-exec-11] org.apache.catalina.core.ApplicationContext.log Manager: restart: Reloading web application '/'
01-Dec-2019 11:28:05.766 INFORMA합ES [http-apr-8080-exec-17] org.apache.catalina.core.ApplicationContext.log Manager: list: Listing contexts for virtual host 'localhost'
01-Dec-2019 11:28:06.072 INFORMA합ES [http-apr-8080-exec-18] org.apache.catalina.core.ApplicationContext.log Manager: restart: Reloading web application '/'
01-Dec-2019 11:28:36.719 INFORMA합ES [http-apr-8080-exec-12] org.apache.catalina.core.ApplicationContext.log Manager: list: Listing contexts for virtual host 'localhost'
01-Dec-2019 11:28:36.772 INFORMA합ES [http-apr-8080-exec-22] org.apache.catalina.core.ApplicationContext.log Manager: restart: Reloading web application '/'
01-Dec-2019 11:47:08.055 INFORMA합ES [http-apr-8080-exec-30] org.apache.catalina.core.ApplicationContext.log Manager: list: Listing contexts for virtual host 'localhost'
01-Dec-2019 11:47:08.317 INFORMA합ES [http-apr-8080-exec-25] org.apache.catalina.core.ApplicationContext.log Manager: restart: Reloading web application '/'
01-Dec-2019 11:54:36.134 INFORMA합ES [http-apr-8080-exec-39] org.apache.catalina.core.ApplicationContext.log Manager: list: Listing contexts for virtual host 'localhost'
01-Dec-2019 11:54:36.556 INFORMA합ES [http-apr-8080-exec-38] org.apache.catalina.core.ApplicationContext.log Manager: restart: Reloading web application '/'
01-Dec-2019 15:01:53.940 INFORMA합ES [http-apr-8080-exec-3] org.apache.catalina.core.ApplicationContext.log Manager: init: Associated with Deployer 'Catalina:type=Deployer,host=localhost'
01-Dec-2019 15:01:53.940 INFORMA합ES [http-apr-8080-exec-3] org.apache.catalina.core.ApplicationContext.log Manager: init: Global resources are available
01-Dec-2019 15:01:53.940 INFORMA합ES [http-apr-8080-exec-3] org.apache.catalina.core.ApplicationContext.log Manager: list: Listing contexts for virtual host 'localhost'
01-Dec-2019 15:01:53.987 INFORMA합ES [http-apr-8080-exec-5] org.apache.catalina.core.ApplicationContext.log Manager: list: Listing contexts for virtual host 'localhost'
01-Dec-2019 15:01:55.065 INFORMA합ES [http-apr-8080-exec-6] org.apache.catalina.core.ApplicationContext.log Manager: restart: Reloading web application '/'
01-Dec-2019 15:09:01.644 INFORMA합ES [http-apr-8080-exec-14] org.apache.catalina.core.ApplicationContext.log Manager: list: Listing contexts for virtual host 'localhost'
01-Dec-2019 15:10:13.096 INFORMA합ES [http-apr-8080-exec-17] org.apache.catalina.core.ApplicationContext.log Manager: list: Listing contexts for virtual host 'localhost'
01-Dec-2019 15:10:15.535 INFORMA합ES [http-apr-8080-exec-20] org.apache.catalina.core.ApplicationContext.log Manager: list: Listing contexts for virtual host 'localhost'
01-Dec-2019 15:10:15.575 INFORMA합ES [http-apr-8080-exec-15] org.apache.catalina.core.ApplicationContext.log Manager: restart: Reloading web application '/'
01-Dec-2019 15:10:57.645 INFORMA합ES [http-apr-8080-exec-22] org.apache.catalina.core.ApplicationContext.log Manager: list: Listing contexts for virtual host 'localhost'
01-Dec-2019 15:10:57.757 INFORMA합ES [http-apr-8080-exec-12] org.apache.catalina.core.ApplicationContext.log Manager: restart: Reloading web application '/'
01-Dec-2019 15:11:51.511 INFORMA합ES [http-apr-8080-exec-16] org.apache.catalina.core.ApplicationContext.log Manager: list: Listing contexts for virtual host 'localhost'
01-Dec-2019 15:11:51.555 INFORMA합ES [http-apr-8080-exec-24] org.apache.catalina.core.ApplicationContext.log Manager: restart: Reloading web application '/'
01-Dec-2019 15:23:31.439 INFORMA합ES [http-apr-8080-exec-34] org.apache.catalina.core.ApplicationContext.log Manager: list: Listing contexts for virtual host 'localhost'
01-Dec-2019 15:23:31.475 INFORMA합ES [http-apr-8080-exec-35] org.apache.catalina.core.ApplicationContext.log Manager: restart: Reloading web application '/'
01-Dec-2019 15:27:10.004 INFORMA합ES [http-apr-8080-exec-43] org.apache.catalina.core.ApplicationContext.log Manager: list: Listing contexts for virtual host 'localhost'
01-Dec-2019 15:27:10.040 INFORMA합ES [http-apr-8080-exec-49] org.apache.catalina.core.ApplicationContext.log Manager: restart: Reloading web application '/'
01-Dec-2019 15:33:00.421 INFORMA합ES [http-apr-8080-exec-54] org.apache.catalina.core.ApplicationContext.log Manager: list: Listing contexts for virtual host 'localhost'
01-Dec-2019 15:33:00.497 INFORMA합ES [http-apr-8080-exec-58] org.apache.catalina.core.ApplicationContext.log Manager: restart: Reloading web application '/'
01-Dec-2019 15:34:04.228 INFORMA합ES [http-apr-8080-exec-53] org.apache.catalina.core.ApplicationContext.log Manager: list: Listing contexts for virtual host 'localhost'
01-Dec-2019 15:34:04.259 INFORMA합ES [http-apr-8080-exec-61] org.apache.catalina.core.ApplicationContext.log Manager: restart: Reloading web application '/'
01-Dec-2019 15:39:21.474 INFORMA합ES [http-apr-8080-exec-73] org.apache.catalina.core.ApplicationContext.log Manager: list: Listing contexts for virtual host 'localhost'
01-Dec-2019 15:39:21.790 INFORMA합ES [http-apr-8080-exec-66] org.apache.catalina.core.ApplicationContext.log Manager: restart: Reloading web application '/'
01-Dec-2019 15:48:14.093 INFORMA합ES [http-apr-8080-exec-83] org.apache.catalina.core.ApplicationContext.log Manager: list: Listing contexts for virtual host 'localhost'
01-Dec-2019 15:48:14.173 INFORMA합ES [http-apr-8080-exec-82] org.apache.catalina.core.ApplicationContext.log Manager: restart: Reloading web application '/'
01-Dec-2019 15:54:10.223 INFORMA합ES [http-apr-8080-exec-88] org.apache.catalina.core.ApplicationContext.log Manager: list: Listing contexts for virtual host 'localhost'
01-Dec-2019 15:54:10.504 INFORMA합ES [http-apr-8080-exec-86] org.apache.catalina.core.ApplicationContext.log Manager: restart: Reloading web application '/'
01-Dec-2019 16:03:44.182 INFORMA합ES [http-apr-8080-exec-101] org.apache.catalina.core.ApplicationContext.log Manager: list: Listing contexts for virtual host 'localhost'
01-Dec-2019 16:03:44.245 INFORMA합ES [http-apr-8080-exec-102] org.apache.catalina.core.ApplicationContext.log Manager: restart: Reloading web application '/'
01-Dec-2019 16:04:11.758 INFORMA합ES [http-apr-8080-exec-97] org.apache.catalina.core.ApplicationContext.log Manager: list: Listing contexts for virtual host 'localhost'
01-Dec-2019 16:04:11.786 INFORMA합ES [http-apr-8080-exec-100] org.apache.catalina.core.ApplicationContext.log Manager: restart: Reloading web application '/'
01-Dec-2019 16:04:44.756 INFORMA합ES [http-apr-8080-exec-103] org.apache.catalina.core.ApplicationContext.log Manager: list: Listing contexts for virtual host 'localhost'
01-Dec-2019 16:04:44.788 INFORMA합ES [http-apr-8080-exec-103] org.apache.catalina.core.ApplicationContext.log Manager: restart: Reloading web application '/'
01-Dec-2019 16:19:38.311 INFORMA합ES [http-apr-8080-exec-109] org.apache.catalina.core.ApplicationContext.log Manager: list: Listing contexts for virtual host 'localhost'
01-Dec-2019 16:19:38.407 INFORMA합ES [http-apr-8080-exec-116] org.apache.catalina.core.ApplicationContext.log Manager: restart: Reloading web application '/'
01-Dec-2019 16:20:14.845 INFORMA합ES [http-apr-8080-exec-112] org.apache.catalina.core.ApplicationContext.log Manager: list: Listing contexts for virtual host 'localhost'
01-Dec-2019 16:20:14.889 INFORMA합ES [http-apr-8080-exec-113] org.apache.catalina.core.ApplicationContext.log Manager: restart: Reloading web application '/'
01-Dec-2019 16:20:52.424 INFORMA합ES [http-apr-8080-exec-110] org.apache.catalina.core.ApplicationContext.log Manager: list: Listing contexts for virtual host 'localhost'
01-Dec-2019 16:20:52.474 INFORMA합ES [http-apr-8080-exec-119] org.apache.catalina.core.ApplicationContext.log Manager: restart: Reloading web application '/'
