13-Oct-2019 08:16:06.557 INFORMA합ES [http-apr-8080-exec-2] org.apache.catalina.core.ApplicationContext.log Manager: init: Associated with Deployer 'Catalina:type=Deployer,host=localhost'
13-Oct-2019 08:16:06.557 INFORMA합ES [http-apr-8080-exec-2] org.apache.catalina.core.ApplicationContext.log Manager: init: Global resources are available
13-Oct-2019 08:16:06.573 INFORMA합ES [http-apr-8080-exec-2] org.apache.catalina.core.ApplicationContext.log Manager: list: Listing contexts for virtual host 'localhost'
13-Oct-2019 08:16:06.612 INFORMA합ES [http-apr-8080-exec-3] org.apache.catalina.core.ApplicationContext.log Manager: list: Listing contexts for virtual host 'localhost'
13-Oct-2019 08:16:07.393 INFORMA합ES [http-apr-8080-exec-5] org.apache.catalina.core.ApplicationContext.log Manager: restart: Reloading web application '/'
13-Oct-2019 08:25:59.256 INFORMA합ES [http-apr-8080-exec-4] org.apache.catalina.core.ApplicationContext.log Manager: init: Associated with Deployer 'Catalina:type=Deployer,host=localhost'
13-Oct-2019 08:25:59.256 INFORMA합ES [http-apr-8080-exec-4] org.apache.catalina.core.ApplicationContext.log Manager: init: Global resources are available
13-Oct-2019 08:25:59.256 INFORMA합ES [http-apr-8080-exec-4] org.apache.catalina.core.ApplicationContext.log Manager: list: Listing contexts for virtual host 'localhost'
13-Oct-2019 08:25:59.271 INFORMA합ES [http-apr-8080-exec-5] org.apache.catalina.core.ApplicationContext.log Manager: list: Listing contexts for virtual host 'localhost'
13-Oct-2019 08:31:30.843 INFORMA합ES [http-apr-8080-exec-4] org.apache.catalina.core.ApplicationContext.log Manager: list: Listing contexts for virtual host 'localhost'
13-Oct-2019 08:32:32.542 INFORMA합ES [http-apr-8080-exec-10] org.apache.catalina.core.ApplicationContext.log Manager: list: Listing contexts for virtual host 'localhost'
13-Oct-2019 08:54:55.527 INFORMA합ES [http-apr-8080-exec-10] org.apache.catalina.core.ApplicationContext.log Manager: list: Listing contexts for virtual host 'localhost'
13-Oct-2019 08:57:22.489 INFORMA합ES [http-apr-8080-exec-9] org.apache.catalina.core.ApplicationContext.log Manager: list: Listing contexts for virtual host 'localhost'
13-Oct-2019 08:59:26.452 INFORMA합ES [http-apr-8080-exec-9] org.apache.catalina.core.ApplicationContext.log Manager: list: Listing contexts for virtual host 'localhost'
13-Oct-2019 09:00:24.450 INFORMA합ES [http-apr-8080-exec-9] org.apache.catalina.core.ApplicationContext.log Manager: list: Listing contexts for virtual host 'localhost'
13-Oct-2019 09:00:52.969 INFORMA합ES [http-apr-8080-exec-9] org.apache.catalina.core.ApplicationContext.log Manager: list: Listing contexts for virtual host 'localhost'
13-Oct-2019 09:02:46.885 INFORMA합ES [http-apr-8080-exec-9] org.apache.catalina.core.ApplicationContext.log Manager: list: Listing contexts for virtual host 'localhost'
13-Oct-2019 09:03:17.812 INFORMA합ES [http-apr-8080-exec-9] org.apache.catalina.core.ApplicationContext.log Manager: list: Listing contexts for virtual host 'localhost'
13-Oct-2019 09:03:21.508 INFORMA합ES [http-apr-8080-exec-7] org.apache.catalina.core.ApplicationContext.log Manager: list: Listing contexts for virtual host 'localhost'
13-Oct-2019 09:04:20.580 INFORMA합ES [http-apr-8080-exec-3] org.apache.catalina.core.ApplicationContext.log Manager: list: Listing contexts for virtual host 'localhost'
13-Oct-2019 09:04:47.219 INFORMA합ES [http-apr-8080-exec-13] org.apache.catalina.core.ApplicationContext.log Manager: list: Listing contexts for virtual host 'localhost'
13-Oct-2019 09:05:01.587 INFORMA합ES [http-apr-8080-exec-12] org.apache.catalina.core.ApplicationContext.log Manager: list: Listing contexts for virtual host 'localhost'
13-Oct-2019 09:06:09.573 INFORMA합ES [http-apr-8080-exec-12] org.apache.catalina.core.ApplicationContext.log Manager: list: Listing contexts for virtual host 'localhost'
13-Oct-2019 09:06:43.280 INFORMA합ES [http-apr-8080-exec-3] org.apache.catalina.core.ApplicationContext.log Manager: list: Listing contexts for virtual host 'localhost'
13-Oct-2019 09:07:38.302 INFORMA합ES [http-apr-8080-exec-4] org.apache.catalina.core.ApplicationContext.log Manager: list: Listing contexts for virtual host 'localhost'
13-Oct-2019 09:09:04.468 INFORMA합ES [http-apr-8080-exec-12] org.apache.catalina.core.ApplicationContext.log Manager: list: Listing contexts for virtual host 'localhost'
13-Oct-2019 09:09:14.268 INFORMA합ES [http-apr-8080-exec-5] org.apache.catalina.core.ApplicationContext.log Manager: list: Listing contexts for virtual host 'localhost'
13-Oct-2019 09:09:56.429 INFORMA합ES [http-apr-8080-exec-5] org.apache.catalina.core.ApplicationContext.log Manager: list: Listing contexts for virtual host 'localhost'
13-Oct-2019 09:10:49.773 INFORMA합ES [http-apr-8080-exec-5] org.apache.catalina.core.ApplicationContext.log Manager: list: Listing contexts for virtual host 'localhost'
13-Oct-2019 09:12:33.745 INFORMA합ES [http-apr-8080-exec-6] org.apache.catalina.core.ApplicationContext.log Manager: list: Listing contexts for virtual host 'localhost'
13-Oct-2019 09:16:50.104 INFORMA합ES [http-apr-8080-exec-6] org.apache.catalina.core.ApplicationContext.log Manager: list: Listing contexts for virtual host 'localhost'
13-Oct-2019 09:19:10.249 INFORMA합ES [http-apr-8080-exec-10] org.apache.catalina.core.ApplicationContext.log Manager: list: Listing contexts for virtual host 'localhost'
13-Oct-2019 09:19:10.377 INFORMA합ES [http-apr-8080-exec-12] org.apache.catalina.core.ApplicationContext.log Manager: restart: Reloading web application '/'
13-Oct-2019 09:20:20.620 INFORMA합ES [http-apr-8080-exec-17] org.apache.catalina.core.ApplicationContext.log Manager: list: Listing contexts for virtual host 'localhost'
13-Oct-2019 09:20:20.727 INFORMA합ES [http-apr-8080-exec-18] org.apache.catalina.core.ApplicationContext.log Manager: restart: Reloading web application '/'
13-Oct-2019 09:21:06.900 INFORMA합ES [http-apr-8080-exec-10] org.apache.catalina.core.ApplicationContext.log Manager: list: Listing contexts for virtual host 'localhost'
13-Oct-2019 09:21:06.912 INFORMA합ES [http-apr-8080-exec-24] org.apache.catalina.core.ApplicationContext.log Manager: list: Listing contexts for virtual host 'localhost'
13-Oct-2019 09:21:07.495 INFORMA합ES [http-apr-8080-exec-22] org.apache.catalina.core.ApplicationContext.log Manager: restart: Reloading web application '/'
13-Oct-2019 09:23:51.684 INFORMA합ES [http-apr-8080-exec-33] org.apache.catalina.core.ApplicationContext.log Manager: list: Listing contexts for virtual host 'localhost'
13-Oct-2019 09:23:51.792 INFORMA합ES [http-apr-8080-exec-7] org.apache.catalina.core.ApplicationContext.log Manager: restart: Reloading web application '/'
13-Oct-2019 09:24:31.311 INFORMA합ES [http-apr-8080-exec-29] org.apache.catalina.core.ApplicationContext.log Manager: list: Listing contexts for virtual host 'localhost'
13-Oct-2019 09:24:31.351 INFORMA합ES [http-apr-8080-exec-32] org.apache.catalina.core.ApplicationContext.log Manager: restart: Reloading web application '/'
13-Oct-2019 09:27:41.126 INFORMA합ES [http-apr-8080-exec-28] org.apache.catalina.core.ApplicationContext.log Manager: list: Listing contexts for virtual host 'localhost'
13-Oct-2019 09:27:41.250 INFORMA합ES [http-apr-8080-exec-33] org.apache.catalina.core.ApplicationContext.log Manager: restart: Reloading web application '/'
13-Oct-2019 09:29:03.966 INFORMA합ES [http-apr-8080-exec-38] org.apache.catalina.core.ApplicationContext.log Manager: list: Listing contexts for virtual host 'localhost'
13-Oct-2019 09:29:04.018 INFORMA합ES [http-apr-8080-exec-42] org.apache.catalina.core.ApplicationContext.log Manager: restart: Reloading web application '/'
13-Oct-2019 09:30:07.762 INFORMA합ES [http-apr-8080-exec-28] org.apache.catalina.core.ApplicationContext.log Manager: list: Listing contexts for virtual host 'localhost'
13-Oct-2019 09:30:07.798 INFORMA합ES [http-apr-8080-exec-41] org.apache.catalina.core.ApplicationContext.log Manager: restart: Reloading web application '/'
13-Oct-2019 09:31:18.386 INFORMA합ES [http-apr-8080-exec-43] org.apache.catalina.core.ApplicationContext.log Manager: list: Listing contexts for virtual host 'localhost'
13-Oct-2019 09:31:18.526 INFORMA합ES [http-apr-8080-exec-44] org.apache.catalina.core.ApplicationContext.log Manager: restart: Reloading web application '/'
13-Oct-2019 09:31:48.876 INFORMA합ES [http-apr-8080-exec-46] org.apache.catalina.core.ApplicationContext.log Manager: list: Listing contexts for virtual host 'localhost'
13-Oct-2019 09:31:48.912 INFORMA합ES [http-apr-8080-exec-51] org.apache.catalina.core.ApplicationContext.log Manager: restart: Reloading web application '/'
13-Oct-2019 09:32:39.761 INFORMA합ES [http-apr-8080-exec-53] org.apache.catalina.core.ApplicationContext.log Manager: list: Listing contexts for virtual host 'localhost'
13-Oct-2019 09:32:39.833 INFORMA합ES [http-apr-8080-exec-49] org.apache.catalina.core.ApplicationContext.log Manager: restart: Reloading web application '/'
13-Oct-2019 09:33:08.776 INFORMA합ES [http-apr-8080-exec-52] org.apache.catalina.core.ApplicationContext.log Manager: list: Listing contexts for virtual host 'localhost'
13-Oct-2019 09:33:08.804 INFORMA합ES [http-apr-8080-exec-50] org.apache.catalina.core.ApplicationContext.log Manager: restart: Reloading web application '/'
13-Oct-2019 09:44:17.046 INFORMA합ES [http-apr-8080-exec-63] org.apache.catalina.core.ApplicationContext.log Manager: list: Listing contexts for virtual host 'localhost'
13-Oct-2019 09:44:17.171 INFORMA합ES [http-apr-8080-exec-56] org.apache.catalina.core.ApplicationContext.log Manager: restart: Reloading web application '/'
13-Oct-2019 09:47:02.461 INFORMA합ES [http-apr-8080-exec-73] org.apache.catalina.core.ApplicationContext.log Manager: list: Listing contexts for virtual host 'localhost'
13-Oct-2019 09:47:02.493 INFORMA합ES [http-apr-8080-exec-74] org.apache.catalina.core.ApplicationContext.log Manager: restart: Reloading web application '/'
13-Oct-2019 09:47:29.235 INFORMA합ES [http-apr-8080-exec-70] org.apache.catalina.core.ApplicationContext.log Manager: list: Listing contexts for virtual host 'localhost'
13-Oct-2019 09:47:29.295 INFORMA합ES [http-apr-8080-exec-63] org.apache.catalina.core.ApplicationContext.log Manager: restart: Reloading web application '/'
13-Oct-2019 09:48:02.386 INFORMA합ES [http-apr-8080-exec-70] org.apache.catalina.core.ApplicationContext.log Manager: list: Listing contexts for virtual host 'localhost'
13-Oct-2019 09:48:02.578 INFORMA합ES [http-apr-8080-exec-75] org.apache.catalina.core.ApplicationContext.log Manager: restart: Reloading web application '/'
13-Oct-2019 09:48:48.751 INFORMA합ES [http-apr-8080-exec-78] org.apache.catalina.core.ApplicationContext.log Manager: list: Listing contexts for virtual host 'localhost'
13-Oct-2019 09:48:48.816 INFORMA합ES [http-apr-8080-exec-76] org.apache.catalina.core.ApplicationContext.log Manager: restart: Reloading web application '/'
13-Oct-2019 09:49:11.985 INFORMA합ES [http-apr-8080-exec-77] org.apache.catalina.core.ApplicationContext.log Manager: list: Listing contexts for virtual host 'localhost'
13-Oct-2019 09:49:12.025 INFORMA합ES [http-apr-8080-exec-69] org.apache.catalina.core.ApplicationContext.log Manager: restart: Reloading web application '/'
13-Oct-2019 09:51:56.579 INFORMA합ES [http-apr-8080-exec-87] org.apache.catalina.core.ApplicationContext.log Manager: list: Listing contexts for virtual host 'localhost'
13-Oct-2019 09:51:56.623 INFORMA합ES [http-apr-8080-exec-88] org.apache.catalina.core.ApplicationContext.log Manager: list: Listing contexts for virtual host 'localhost'
13-Oct-2019 09:51:57.025 INFORMA합ES [http-apr-8080-exec-71] org.apache.catalina.core.ApplicationContext.log Manager: restart: Reloading web application '/'
13-Oct-2019 09:57:53.903 INFORMA합ES [http-apr-8080-exec-90] org.apache.catalina.core.ApplicationContext.log Manager: list: Listing contexts for virtual host 'localhost'
13-Oct-2019 09:57:53.987 INFORMA합ES [http-apr-8080-exec-89] org.apache.catalina.core.ApplicationContext.log Manager: restart: Reloading web application '/'
13-Oct-2019 09:58:22.730 INFORMA합ES [http-apr-8080-exec-97] org.apache.catalina.core.ApplicationContext.log Manager: list: Listing contexts for virtual host 'localhost'
13-Oct-2019 09:58:37.170 INFORMA합ES [http-apr-8080-exec-97] org.apache.catalina.core.ApplicationContext.log Manager: list: Listing contexts for virtual host 'localhost'
13-Oct-2019 09:59:57.384 INFORMA합ES [http-apr-8080-exec-105] org.apache.catalina.core.ApplicationContext.log Manager: list: Listing contexts for virtual host 'localhost'
13-Oct-2019 09:59:57.390 INFORMA합ES [http-apr-8080-exec-99] org.apache.catalina.core.ApplicationContext.log Manager: list: Listing contexts for virtual host 'localhost'
13-Oct-2019 09:59:57.791 INFORMA합ES [http-apr-8080-exec-101] org.apache.catalina.core.ApplicationContext.log Manager: restart: Reloading web application '/'
13-Oct-2019 10:01:29.582 INFORMA합ES [http-apr-8080-exec-99] org.apache.catalina.core.ApplicationContext.log Manager: list: Listing contexts for virtual host 'localhost'
13-Oct-2019 10:03:00.664 INFORMA합ES [http-apr-8080-exec-100] org.apache.catalina.core.ApplicationContext.log Manager: list: Listing contexts for virtual host 'localhost'
13-Oct-2019 10:03:00.701 INFORMA합ES [http-apr-8080-exec-114] org.apache.catalina.core.ApplicationContext.log Manager: restart: Reloading web application '/'
13-Oct-2019 10:04:19.574 INFORMA합ES [http-apr-8080-exec-116] org.apache.catalina.core.ApplicationContext.log Manager: list: Listing contexts for virtual host 'localhost'
13-Oct-2019 10:04:19.612 INFORMA합ES [http-apr-8080-exec-120] org.apache.catalina.core.ApplicationContext.log Manager: restart: Reloading web application '/'
13-Oct-2019 10:11:45.525 INFORMA합ES [http-apr-8080-exec-129] org.apache.catalina.core.ApplicationContext.log Manager: list: Listing contexts for virtual host 'localhost'
13-Oct-2019 10:11:45.595 INFORMA합ES [http-apr-8080-exec-130] org.apache.catalina.core.ApplicationContext.log Manager: restart: Reloading web application '/'
13-Oct-2019 10:12:04.885 INFORMA합ES [http-apr-8080-exec-123] org.apache.catalina.core.ApplicationContext.log Manager: list: Listing contexts for virtual host 'localhost'
13-Oct-2019 10:12:04.918 INFORMA합ES [http-apr-8080-exec-122] org.apache.catalina.core.ApplicationContext.log Manager: restart: Reloading web application '/'
13-Oct-2019 10:13:05.533 INFORMA합ES [http-apr-8080-exec-125] org.apache.catalina.core.ApplicationContext.log Manager: list: Listing contexts for virtual host 'localhost'
13-Oct-2019 10:13:05.591 INFORMA합ES [http-apr-8080-exec-132] org.apache.catalina.core.ApplicationContext.log Manager: restart: Reloading web application '/'
13-Oct-2019 10:19:14.922 INFORMA합ES [http-apr-8080-exec-142] org.apache.catalina.core.ApplicationContext.log Manager: list: Listing contexts for virtual host 'localhost'
13-Oct-2019 10:19:14.992 INFORMA합ES [http-apr-8080-exec-143] org.apache.catalina.core.ApplicationContext.log Manager: restart: Reloading web application '/'
13-Oct-2019 10:45:44.269 INFORMA합ES [http-apr-8080-exec-152] org.apache.catalina.core.ApplicationContext.log Manager: list: Listing contexts for virtual host 'localhost'
13-Oct-2019 10:46:18.329 INFORMA합ES [http-apr-8080-exec-152] org.apache.catalina.core.ApplicationContext.log Manager: list: Listing contexts for virtual host 'localhost'
13-Oct-2019 10:46:24.791 INFORMA합ES [http-apr-8080-exec-152] org.apache.catalina.core.ApplicationContext.log Manager: list: Listing contexts for virtual host 'localhost'
13-Oct-2019 10:46:55.489 INFORMA합ES [http-apr-8080-exec-152] org.apache.catalina.core.ApplicationContext.log Manager: list: Listing contexts for virtual host 'localhost'
13-Oct-2019 10:54:19.921 INFORMA합ES [http-apr-8080-exec-147] org.apache.catalina.core.ApplicationContext.log Manager: list: Listing contexts for virtual host 'localhost'
13-Oct-2019 10:54:20.271 INFORMA합ES [http-apr-8080-exec-145] org.apache.catalina.core.ApplicationContext.log Manager: restart: Reloading web application '/'
13-Oct-2019 10:56:55.385 INFORMA합ES [http-apr-8080-exec-162] org.apache.catalina.core.ApplicationContext.log Manager: list: Listing contexts for virtual host 'localhost'
13-Oct-2019 10:56:55.469 INFORMA합ES [http-apr-8080-exec-158] org.apache.catalina.core.ApplicationContext.log Manager: restart: Reloading web application '/'
13-Oct-2019 11:01:33.665 INFORMA합ES [http-apr-8080-exec-160] org.apache.catalina.core.ApplicationContext.log Manager: list: Listing contexts for virtual host 'localhost'
13-Oct-2019 11:01:33.781 INFORMA합ES [http-apr-8080-exec-156] org.apache.catalina.core.ApplicationContext.log Manager: restart: Reloading web application '/'
13-Oct-2019 13:37:10.732 INFORMA합ES [http-apr-8080-exec-11] org.apache.catalina.core.ApplicationContext.log Manager: init: Associated with Deployer 'Catalina:type=Deployer,host=localhost'
13-Oct-2019 13:37:10.732 INFORMA합ES [http-apr-8080-exec-11] org.apache.catalina.core.ApplicationContext.log Manager: init: Global resources are available
13-Oct-2019 13:37:10.737 INFORMA합ES [http-apr-8080-exec-11] org.apache.catalina.core.ApplicationContext.log Manager: list: Listing contexts for virtual host 'localhost'
13-Oct-2019 13:37:10.777 INFORMA합ES [http-apr-8080-exec-12] org.apache.catalina.core.ApplicationContext.log Manager: list: Listing contexts for virtual host 'localhost'
13-Oct-2019 13:37:11.628 INFORMA합ES [http-apr-8080-exec-1] org.apache.catalina.core.ApplicationContext.log Manager: restart: Reloading web application '/'
13-Oct-2019 13:44:25.198 INFORMA합ES [http-apr-8080-exec-20] org.apache.catalina.core.ApplicationContext.log Manager: list: Listing contexts for virtual host 'localhost'
13-Oct-2019 13:47:19.291 INFORMA합ES [http-apr-8080-exec-22] org.apache.catalina.core.ApplicationContext.log Manager: list: Listing contexts for virtual host 'localhost'
13-Oct-2019 13:47:54.466 INFORMA합ES [http-apr-8080-exec-22] org.apache.catalina.core.ApplicationContext.log Manager: list: Listing contexts for virtual host 'localhost'
13-Oct-2019 13:48:51.984 INFORMA합ES [http-apr-8080-exec-20] org.apache.catalina.core.ApplicationContext.log Manager: list: Listing contexts for virtual host 'localhost'
13-Oct-2019 13:52:46.024 INFORMA합ES [http-apr-8080-exec-16] org.apache.catalina.core.ApplicationContext.log Manager: list: Listing contexts for virtual host 'localhost'
13-Oct-2019 13:55:04.345 INFORMA합ES [http-apr-8080-exec-19] org.apache.catalina.core.ApplicationContext.log Manager: list: Listing contexts for virtual host 'localhost'
13-Oct-2019 13:55:04.421 INFORMA합ES [http-apr-8080-exec-22] org.apache.catalina.core.ApplicationContext.log Manager: restart: Reloading web application '/'
13-Oct-2019 13:56:43.653 INFORMA합ES [http-apr-8080-exec-26] org.apache.catalina.core.ApplicationContext.log Manager: list: Listing contexts for virtual host 'localhost'
13-Oct-2019 13:56:43.733 INFORMA합ES [http-apr-8080-exec-25] org.apache.catalina.core.ApplicationContext.log Manager: restart: Reloading web application '/'
13-Oct-2019 13:57:51.143 INFORMA합ES [http-apr-8080-exec-29] org.apache.catalina.core.ApplicationContext.log Manager: list: Listing contexts for virtual host 'localhost'
13-Oct-2019 13:57:51.187 INFORMA합ES [http-apr-8080-exec-32] org.apache.catalina.core.ApplicationContext.log Manager: restart: Reloading web application '/'
13-Oct-2019 13:58:15.757 INFORMA합ES [http-apr-8080-exec-33] org.apache.catalina.core.ApplicationContext.log Manager: list: Listing contexts for virtual host 'localhost'
13-Oct-2019 13:58:15.905 INFORMA합ES [http-apr-8080-exec-34] org.apache.catalina.core.ApplicationContext.log Manager: restart: Reloading web application '/'
13-Oct-2019 13:59:20.374 INFORMA합ES [http-apr-8080-exec-37] org.apache.catalina.core.ApplicationContext.log Manager: list: Listing contexts for virtual host 'localhost'
13-Oct-2019 13:59:20.458 INFORMA합ES [http-apr-8080-exec-36] org.apache.catalina.core.ApplicationContext.log Manager: restart: Reloading web application '/'
13-Oct-2019 13:59:51.842 INFORMA합ES [http-apr-8080-exec-17] org.apache.catalina.core.ApplicationContext.log Manager: list: Listing contexts for virtual host 'localhost'
13-Oct-2019 13:59:51.874 INFORMA합ES [http-apr-8080-exec-37] org.apache.catalina.core.ApplicationContext.log Manager: restart: Reloading web application '/'
13-Oct-2019 14:03:06.356 INFORMA합ES [http-apr-8080-exec-24] org.apache.catalina.core.ApplicationContext.log Manager: list: Listing contexts for virtual host 'localhost'
13-Oct-2019 14:04:16.581 INFORMA합ES [http-apr-8080-exec-41] org.apache.catalina.core.ApplicationContext.log Manager: list: Listing contexts for virtual host 'localhost'
13-Oct-2019 14:07:55.931 INFORMA합ES [http-apr-8080-exec-44] org.apache.catalina.core.ApplicationContext.log Manager: list: Listing contexts for virtual host 'localhost'
13-Oct-2019 14:07:56.131 INFORMA합ES [http-apr-8080-exec-41] org.apache.catalina.core.ApplicationContext.log Manager: restart: Reloading web application '/'
13-Oct-2019 16:13:09.639 INFORMA합ES [http-apr-8080-exec-9] org.apache.catalina.core.ApplicationContext.log Manager: init: Associated with Deployer 'Catalina:type=Deployer,host=localhost'
13-Oct-2019 16:13:09.639 INFORMA합ES [http-apr-8080-exec-9] org.apache.catalina.core.ApplicationContext.log Manager: init: Global resources are available
13-Oct-2019 16:13:09.639 INFORMA합ES [http-apr-8080-exec-9] org.apache.catalina.core.ApplicationContext.log Manager: list: Listing contexts for virtual host 'localhost'
13-Oct-2019 16:13:09.717 INFORMA합ES [http-apr-8080-exec-10] org.apache.catalina.core.ApplicationContext.log Manager: list: Listing contexts for virtual host 'localhost'
13-Oct-2019 16:13:10.718 INFORMA합ES [http-apr-8080-exec-11] org.apache.catalina.core.ApplicationContext.log Manager: restart: Reloading web application '/'
13-Oct-2019 16:15:38.389 INFORMA합ES [http-apr-8080-exec-35] org.apache.catalina.core.ApplicationContext.log Manager: list: Listing contexts for virtual host 'localhost'
13-Oct-2019 16:16:54.521 INFORMA합ES [http-apr-8080-exec-36] org.apache.catalina.core.ApplicationContext.log Manager: list: Listing contexts for virtual host 'localhost'
13-Oct-2019 16:16:54.557 INFORMA합ES [http-apr-8080-exec-32] org.apache.catalina.core.ApplicationContext.log Manager: restart: Reloading web application '/'
13-Oct-2019 16:17:45.690 INFORMA합ES [http-apr-8080-exec-33] org.apache.catalina.core.ApplicationContext.log Manager: list: Listing contexts for virtual host 'localhost'
13-Oct-2019 16:17:48.085 INFORMA합ES [http-apr-8080-exec-37] org.apache.catalina.core.ApplicationContext.log Manager: restart: Reloading web application '/'
13-Oct-2019 16:20:16.937 INFORMA합ES [http-apr-8080-exec-49] org.apache.catalina.core.ApplicationContext.log Manager: list: Listing contexts for virtual host 'localhost'
13-Oct-2019 16:20:17.261 INFORMA합ES [http-apr-8080-exec-40] org.apache.catalina.core.ApplicationContext.log Manager: restart: Reloading web application '/'
13-Oct-2019 16:21:42.867 INFORMA합ES [http-apr-8080-exec-43] org.apache.catalina.core.ApplicationContext.log Manager: list: Listing contexts for virtual host 'localhost'
13-Oct-2019 16:21:42.947 INFORMA합ES [http-apr-8080-exec-44] org.apache.catalina.core.ApplicationContext.log Manager: restart: Reloading web application '/'
13-Oct-2019 16:23:36.672 INFORMA합ES [http-apr-8080-exec-56] org.apache.catalina.core.ApplicationContext.log Manager: list: Listing contexts for virtual host 'localhost'
13-Oct-2019 16:23:36.776 INFORMA합ES [http-apr-8080-exec-53] org.apache.catalina.core.ApplicationContext.log Manager: restart: Reloading web application '/'
13-Oct-2019 16:24:17.556 INFORMA합ES [http-apr-8080-exec-63] org.apache.catalina.core.ApplicationContext.log Manager: list: Listing contexts for virtual host 'localhost'
13-Oct-2019 16:24:17.588 INFORMA합ES [http-apr-8080-exec-62] org.apache.catalina.core.ApplicationContext.log Manager: restart: Reloading web application '/'
13-Oct-2019 16:24:51.612 INFORMA합ES [http-apr-8080-exec-63] org.apache.catalina.core.ApplicationContext.log Manager: list: Listing contexts for virtual host 'localhost'
13-Oct-2019 16:24:51.656 INFORMA합ES [http-apr-8080-exec-61] org.apache.catalina.core.ApplicationContext.log Manager: restart: Reloading web application '/'
13-Oct-2019 16:25:26.163 INFORMA합ES [http-apr-8080-exec-63] org.apache.catalina.core.ApplicationContext.log Manager: list: Listing contexts for virtual host 'localhost'
13-Oct-2019 16:25:26.199 INFORMA합ES [http-apr-8080-exec-57] org.apache.catalina.core.ApplicationContext.log Manager: restart: Reloading web application '/'
13-Oct-2019 16:25:59.199 INFORMA합ES [http-apr-8080-exec-66] org.apache.catalina.core.ApplicationContext.log Manager: list: Listing contexts for virtual host 'localhost'
13-Oct-2019 16:25:59.251 INFORMA합ES [http-apr-8080-exec-54] org.apache.catalina.core.ApplicationContext.log Manager: restart: Reloading web application '/'
13-Oct-2019 16:25:59.255 GRAVE [http-apr-8080-exec-54] org.apache.catalina.core.ApplicationContext.log Manager: ManagerServlet.reload[/]
 java.lang.IllegalStateException: Context with name [] has not yet been started
	at org.apache.catalina.core.StandardContext.reload(StandardContext.java:3889)
	at org.apache.catalina.manager.ManagerServlet.reload(ManagerServlet.java:1007)
	at org.apache.catalina.manager.ManagerServlet.doGet(ManagerServlet.java:351)
	at javax.servlet.http.HttpServlet.service(HttpServlet.java:622)
	at javax.servlet.http.HttpServlet.service(HttpServlet.java:729)
	at org.apache.catalina.core.ApplicationFilterChain.internalDoFilter(ApplicationFilterChain.java:292)
	at org.apache.catalina.core.ApplicationFilterChain.doFilter(ApplicationFilterChain.java:207)
	at org.apache.tomcat.websocket.server.WsFilter.doFilter(WsFilter.java:52)
	at org.apache.catalina.core.ApplicationFilterChain.internalDoFilter(ApplicationFilterChain.java:240)
	at org.apache.catalina.core.ApplicationFilterChain.doFilter(ApplicationFilterChain.java:207)
	at org.apache.catalina.filters.SetCharacterEncodingFilter.doFilter(SetCharacterEncodingFilter.java:109)
	at org.apache.catalina.core.ApplicationFilterChain.internalDoFilter(ApplicationFilterChain.java:240)
	at org.apache.catalina.core.ApplicationFilterChain.doFilter(ApplicationFilterChain.java:207)
	at org.apache.catalina.core.StandardWrapperValve.invoke(StandardWrapperValve.java:212)
	at org.apache.catalina.core.StandardContextValve.invoke(StandardContextValve.java:94)
	at org.apache.catalina.authenticator.AuthenticatorBase.invoke(AuthenticatorBase.java:604)
	at org.apache.catalina.core.StandardHostValve.invoke(StandardHostValve.java:141)
	at org.apache.catalina.valves.ErrorReportValve.invoke(ErrorReportValve.java:80)
	at org.apache.catalina.valves.AbstractAccessLogValve.invoke(AbstractAccessLogValve.java:620)
	at org.apache.catalina.core.StandardEngineValve.invoke(StandardEngineValve.java:88)
	at org.apache.catalina.connector.CoyoteAdapter.service(CoyoteAdapter.java:502)
	at org.apache.coyote.http11.AbstractHttp11Processor.process(AbstractHttp11Processor.java:1152)
	at org.apache.coyote.AbstractProtocol$AbstractConnectionHandler.process(AbstractProtocol.java:684)
	at org.apache.tomcat.util.net.AprEndpoint$SocketProcessor.doRun(AprEndpoint.java:2527)
	at org.apache.tomcat.util.net.AprEndpoint$SocketProcessor.run(AprEndpoint.java:2516)
	at java.util.concurrent.ThreadPoolExecutor.runWorker(ThreadPoolExecutor.java:1142)
	at java.util.concurrent.ThreadPoolExecutor$Worker.run(ThreadPoolExecutor.java:617)
	at org.apache.tomcat.util.threads.TaskThread$WrappingRunnable.run(TaskThread.java:61)
	at java.lang.Thread.run(Thread.java:745)

13-Oct-2019 16:27:02.099 INFORMA합ES [http-apr-8080-exec-65] org.apache.catalina.core.ApplicationContext.log Manager: list: Listing contexts for virtual host 'localhost'
13-Oct-2019 16:27:02.114 INFORMA합ES [http-apr-8080-exec-68] org.apache.catalina.core.ApplicationContext.log Manager: list: Listing contexts for virtual host 'localhost'
13-Oct-2019 16:27:02.224 INFORMA합ES [http-apr-8080-exec-69] org.apache.catalina.core.ApplicationContext.log Manager: undeploy: Undeploying web application at '/'
13-Oct-2019 16:27:03.020 INFORMA합ES [http-apr-8080-exec-70] org.apache.catalina.core.ApplicationContext.log Manager: install: Installing context configuration at 'file:/C:/Users/LUCASQ~1/AppData/Local/Temp/context1141597482237226072.xml'
13-Oct-2019 16:27:17.766 INFORMA합ES [http-apr-8080-exec-71] org.apache.catalina.core.ApplicationContext.log Manager: start: Starting web application '/'
13-Oct-2019 16:27:36.186 INFORMA합ES [http-apr-8080-exec-75] org.apache.catalina.core.ApplicationContext.log Manager: list: Listing contexts for virtual host 'localhost'
13-Oct-2019 16:27:36.288 INFORMA합ES [http-apr-8080-exec-71] org.apache.catalina.core.ApplicationContext.log Manager: restart: Reloading web application '/'
13-Oct-2019 16:30:40.012 INFORMA합ES [http-apr-8080-exec-84] org.apache.catalina.core.ApplicationContext.log Manager: list: Listing contexts for virtual host 'localhost'
13-Oct-2019 16:31:18.423 INFORMA합ES [http-apr-8080-exec-79] org.apache.catalina.core.ApplicationContext.log Manager: list: Listing contexts for virtual host 'localhost'
13-Oct-2019 16:32:02.486 INFORMA합ES [http-apr-8080-exec-84] org.apache.catalina.core.ApplicationContext.log Manager: list: Listing contexts for virtual host 'localhost'
13-Oct-2019 16:33:07.395 INFORMA합ES [http-apr-8080-exec-81] org.apache.catalina.core.ApplicationContext.log Manager: list: Listing contexts for virtual host 'localhost'
13-Oct-2019 16:33:57.231 INFORMA합ES [http-apr-8080-exec-77] org.apache.catalina.core.ApplicationContext.log Manager: list: Listing contexts for virtual host 'localhost'
13-Oct-2019 16:34:35.529 INFORMA합ES [http-apr-8080-exec-79] org.apache.catalina.core.ApplicationContext.log Manager: list: Listing contexts for virtual host 'localhost'
13-Oct-2019 16:38:55.776 INFORMA합ES [http-apr-8080-exec-77] org.apache.catalina.core.ApplicationContext.log Manager: list: Listing contexts for virtual host 'localhost'
13-Oct-2019 16:40:44.031 INFORMA합ES [http-apr-8080-exec-85] org.apache.catalina.core.ApplicationContext.log Manager: list: Listing contexts for virtual host 'localhost'
13-Oct-2019 16:42:03.311 INFORMA합ES [http-apr-8080-exec-77] org.apache.catalina.core.ApplicationContext.log Manager: list: Listing contexts for virtual host 'localhost'
13-Oct-2019 16:42:03.467 INFORMA합ES [http-apr-8080-exec-81] org.apache.catalina.core.ApplicationContext.log Manager: restart: Reloading web application '/'
13-Oct-2019 16:43:29.869 INFORMA합ES [http-apr-8080-exec-78] org.apache.catalina.core.ApplicationContext.log Manager: list: Listing contexts for virtual host 'localhost'
13-Oct-2019 16:43:29.900 INFORMA합ES [http-apr-8080-exec-83] org.apache.catalina.core.ApplicationContext.log Manager: restart: Reloading web application '/'
13-Oct-2019 16:44:49.443 INFORMA합ES [http-apr-8080-exec-77] org.apache.catalina.core.ApplicationContext.log Manager: list: Listing contexts for virtual host 'localhost'
13-Oct-2019 16:44:49.474 INFORMA합ES [http-apr-8080-exec-87] org.apache.catalina.core.ApplicationContext.log Manager: restart: Reloading web application '/'
13-Oct-2019 16:45:06.908 INFORMA합ES [http-apr-8080-exec-96] org.apache.catalina.core.ApplicationContext.log Manager: list: Listing contexts for virtual host 'localhost'
13-Oct-2019 16:45:06.945 INFORMA합ES [http-apr-8080-exec-97] org.apache.catalina.core.ApplicationContext.log Manager: restart: Reloading web application '/'
13-Oct-2019 16:47:34.501 INFORMA합ES [http-apr-8080-exec-105] org.apache.catalina.core.ApplicationContext.log Manager: list: Listing contexts for virtual host 'localhost'
13-Oct-2019 16:47:34.563 INFORMA합ES [http-apr-8080-exec-100] org.apache.catalina.core.ApplicationContext.log Manager: restart: Reloading web application '/'
13-Oct-2019 16:48:53.692 INFORMA합ES [http-apr-8080-exec-102] org.apache.catalina.core.ApplicationContext.log Manager: list: Listing contexts for virtual host 'localhost'
13-Oct-2019 16:48:53.707 INFORMA합ES [http-apr-8080-exec-111] org.apache.catalina.core.ApplicationContext.log Manager: restart: Reloading web application '/'
13-Oct-2019 16:49:10.511 INFORMA합ES [http-apr-8080-exec-105] org.apache.catalina.core.ApplicationContext.log Manager: list: Listing contexts for virtual host 'localhost'
13-Oct-2019 16:49:10.586 INFORMA합ES [http-apr-8080-exec-102] org.apache.catalina.core.ApplicationContext.log Manager: restart: Reloading web application '/'
13-Oct-2019 16:51:44.706 INFORMA합ES [http-apr-8080-exec-108] org.apache.catalina.core.ApplicationContext.log Manager: list: Listing contexts for virtual host 'localhost'
13-Oct-2019 16:52:39.483 INFORMA합ES [http-apr-8080-exec-115] org.apache.catalina.core.ApplicationContext.log Manager: list: Listing contexts for virtual host 'localhost'
13-Oct-2019 16:54:27.438 INFORMA합ES [http-apr-8080-exec-117] org.apache.catalina.core.ApplicationContext.log Manager: list: Listing contexts for virtual host 'localhost'
13-Oct-2019 16:54:27.501 INFORMA합ES [http-apr-8080-exec-121] org.apache.catalina.core.ApplicationContext.log Manager: list: Listing contexts for virtual host 'localhost'
13-Oct-2019 16:54:27.876 INFORMA합ES [http-apr-8080-exec-118] org.apache.catalina.core.ApplicationContext.log Manager: restart: Reloading web application '/'
13-Oct-2019 17:07:27.653 INFORMA합ES [http-apr-8080-exec-123] org.apache.catalina.core.ApplicationContext.log Manager: list: Listing contexts for virtual host 'localhost'
13-Oct-2019 17:07:38.356 INFORMA합ES [http-apr-8080-exec-131] org.apache.catalina.core.ApplicationContext.log Manager: list: Listing contexts for virtual host 'localhost'
13-Oct-2019 17:09:44.448 INFORMA합ES [http-apr-8080-exec-125] org.apache.catalina.core.ApplicationContext.log Manager: list: Listing contexts for virtual host 'localhost'
13-Oct-2019 17:09:44.656 INFORMA합ES [http-apr-8080-exec-127] org.apache.catalina.core.ApplicationContext.log Manager: restart: Reloading web application '/'
13-Oct-2019 17:10:08.531 INFORMA합ES [http-apr-8080-exec-123] org.apache.catalina.core.ApplicationContext.log Manager: list: Listing contexts for virtual host 'localhost'
13-Oct-2019 17:10:08.718 INFORMA합ES [http-apr-8080-exec-131] org.apache.catalina.core.ApplicationContext.log Manager: restart: Reloading web application '/'
13-Oct-2019 17:10:35.674 INFORMA합ES [http-apr-8080-exec-126] org.apache.catalina.core.ApplicationContext.log Manager: list: Listing contexts for virtual host 'localhost'
13-Oct-2019 17:10:35.706 INFORMA합ES [http-apr-8080-exec-136] org.apache.catalina.core.ApplicationContext.log Manager: restart: Reloading web application '/'
13-Oct-2019 17:11:30.244 INFORMA합ES [http-apr-8080-exec-128] org.apache.catalina.core.ApplicationContext.log Manager: list: Listing contexts for virtual host 'localhost'
13-Oct-2019 17:12:18.124 INFORMA합ES [http-apr-8080-exec-128] org.apache.catalina.core.ApplicationContext.log Manager: list: Listing contexts for virtual host 'localhost'
13-Oct-2019 17:12:18.279 INFORMA합ES [http-apr-8080-exec-141] org.apache.catalina.core.ApplicationContext.log Manager: restart: Reloading web application '/'
13-Oct-2019 17:14:04.159 INFORMA합ES [http-apr-8080-exec-144] org.apache.catalina.core.ApplicationContext.log Manager: list: Listing contexts for virtual host 'localhost'
13-Oct-2019 17:14:04.241 INFORMA합ES [http-apr-8080-exec-146] org.apache.catalina.core.ApplicationContext.log Manager: restart: Reloading web application '/'
13-Oct-2019 17:14:21.366 INFORMA합ES [http-apr-8080-exec-128] org.apache.catalina.core.ApplicationContext.log Manager: list: Listing contexts for virtual host 'localhost'
13-Oct-2019 17:14:21.400 INFORMA합ES [http-apr-8080-exec-149] org.apache.catalina.core.ApplicationContext.log Manager: restart: Reloading web application '/'
13-Oct-2019 17:17:39.727 INFORMA합ES [http-apr-8080-exec-160] org.apache.catalina.core.ApplicationContext.log Manager: list: Listing contexts for virtual host 'localhost'
13-Oct-2019 17:17:39.762 INFORMA합ES [http-apr-8080-exec-151] org.apache.catalina.core.ApplicationContext.log Manager: restart: Reloading web application '/'
13-Oct-2019 17:17:55.523 INFORMA합ES [http-apr-8080-exec-157] org.apache.catalina.core.ApplicationContext.log Manager: list: Listing contexts for virtual host 'localhost'
13-Oct-2019 17:17:55.551 INFORMA합ES [http-apr-8080-exec-158] org.apache.catalina.core.ApplicationContext.log Manager: restart: Reloading web application '/'
13-Oct-2019 17:18:14.325 INFORMA합ES [http-apr-8080-exec-161] org.apache.catalina.core.ApplicationContext.log Manager: list: Listing contexts for virtual host 'localhost'
13-Oct-2019 17:18:14.401 INFORMA합ES [http-apr-8080-exec-156] org.apache.catalina.core.ApplicationContext.log Manager: restart: Reloading web application '/'
13-Oct-2019 17:19:36.801 INFORMA합ES [http-apr-8080-exec-168] org.apache.catalina.core.ApplicationContext.log Manager: list: Listing contexts for virtual host 'localhost'
13-Oct-2019 17:19:36.828 INFORMA합ES [http-apr-8080-exec-164] org.apache.catalina.core.ApplicationContext.log Manager: restart: Reloading web application '/'
13-Oct-2019 17:20:01.465 INFORMA합ES [http-apr-8080-exec-171] org.apache.catalina.core.ApplicationContext.log Manager: list: Listing contexts for virtual host 'localhost'
13-Oct-2019 17:20:01.491 INFORMA합ES [http-apr-8080-exec-155] org.apache.catalina.core.ApplicationContext.log Manager: restart: Reloading web application '/'
13-Oct-2019 17:20:20.441 INFORMA합ES [http-apr-8080-exec-172] org.apache.catalina.core.ApplicationContext.log Manager: list: Listing contexts for virtual host 'localhost'
13-Oct-2019 17:20:20.469 INFORMA합ES [http-apr-8080-exec-173] org.apache.catalina.core.ApplicationContext.log Manager: restart: Reloading web application '/'
13-Oct-2019 17:20:53.662 INFORMA합ES [http-apr-8080-exec-180] org.apache.catalina.core.ApplicationContext.log Manager: list: Listing contexts for virtual host 'localhost'
13-Oct-2019 17:20:53.685 INFORMA합ES [http-apr-8080-exec-177] org.apache.catalina.core.ApplicationContext.log Manager: restart: Reloading web application '/'
13-Oct-2019 17:22:30.539 INFORMA합ES [255] org.apache.catalina.core.ApplicationContext.log Manager: list: Listing contexts for virtual host 'localhost'
13-Oct-2019 17:22:30.554 INFORMA합ES [http-apr-8080-exec-165] org.apache.catalina.core.ApplicationContext.log Manager: restart: Reloading web application '/'
13-Oct-2019 17:24:20.825 INFORMA합ES [http-apr-8080-exec-188] org.apache.catalina.core.ApplicationContext.log Manager: list: Listing contexts for virtual host 'localhost'
13-Oct-2019 17:24:20.872 INFORMA합ES [http-apr-8080-exec-198] org.apache.catalina.core.ApplicationContext.log Manager: restart: Reloading web application '/'
13-Oct-2019 17:24:55.300 INFORMA합ES [http-apr-8080-exec-204] org.apache.catalina.core.ApplicationContext.log Manager: list: Listing contexts for virtual host 'localhost'
13-Oct-2019 17:24:55.331 INFORMA합ES [http-apr-8080-exec-201] org.apache.catalina.core.ApplicationContext.log Manager: restart: Reloading web application '/'
13-Oct-2019 17:26:41.143 INFORMA합ES [http-apr-8080-exec-197] org.apache.catalina.core.ApplicationContext.log Manager: list: Listing contexts for virtual host 'localhost'
13-Oct-2019 17:26:41.206 INFORMA합ES [http-apr-8080-exec-200] org.apache.catalina.core.ApplicationContext.log Manager: restart: Reloading web application '/'
13-Oct-2019 17:26:59.363 INFORMA합ES [http-apr-8080-exec-211] org.apache.catalina.core.ApplicationContext.log Manager: list: Listing contexts for virtual host 'localhost'
13-Oct-2019 17:26:59.383 INFORMA합ES [http-apr-8080-exec-212] org.apache.catalina.core.ApplicationContext.log Manager: restart: Reloading web application '/'
13-Oct-2019 17:27:13.052 INFORMA합ES [http-apr-8080-exec-215] org.apache.catalina.core.ApplicationContext.log Manager: list: Listing contexts for virtual host 'localhost'
13-Oct-2019 17:27:13.070 INFORMA합ES [http-apr-8080-exec-214] org.apache.catalina.core.ApplicationContext.log Manager: restart: Reloading web application '/'
13-Oct-2019 17:30:00.965 INFORMA합ES [http-apr-8080-exec-208] org.apache.catalina.core.ApplicationContext.log Manager: list: Listing contexts for virtual host 'localhost'
13-Oct-2019 17:30:00.989 INFORMA합ES [http-apr-8080-exec-218] org.apache.catalina.core.ApplicationContext.log Manager: restart: Reloading web application '/'
13-Oct-2019 19:26:07.993 INFORMA합ES [http-apr-8080-exec-13] org.apache.catalina.core.ApplicationContext.log Manager: init: Associated with Deployer 'Catalina:type=Deployer,host=localhost'
13-Oct-2019 19:26:08.024 INFORMA합ES [http-apr-8080-exec-13] org.apache.catalina.core.ApplicationContext.log Manager: init: Global resources are available
13-Oct-2019 19:26:08.024 INFORMA합ES [http-apr-8080-exec-13] org.apache.catalina.core.ApplicationContext.log Manager: list: Listing contexts for virtual host 'localhost'
13-Oct-2019 19:26:08.071 INFORMA합ES [http-apr-8080-exec-12] org.apache.catalina.core.ApplicationContext.log Manager: list: Listing contexts for virtual host 'localhost'
13-Oct-2019 19:26:09.071 INFORMA합ES [http-apr-8080-exec-11] org.apache.catalina.core.ApplicationContext.log Manager: restart: Reloading web application '/'
13-Oct-2019 19:33:01.994 INFORMA합ES [http-apr-8080-exec-25] org.apache.catalina.core.ApplicationContext.log Manager: list: Listing contexts for virtual host 'localhost'
13-Oct-2019 19:33:03.902 INFORMA합ES [http-apr-8080-exec-26] org.apache.catalina.core.ApplicationContext.log Manager: restart: Reloading web application '/'
13-Oct-2019 19:34:24.157 INFORMA합ES [http-apr-8080-exec-31] org.apache.catalina.core.ApplicationContext.log Manager: list: Listing contexts for virtual host 'localhost'
13-Oct-2019 19:34:24.204 INFORMA합ES [http-apr-8080-exec-32] org.apache.catalina.core.ApplicationContext.log Manager: restart: Reloading web application '/'
13-Oct-2019 19:35:39.349 INFORMA합ES [http-apr-8080-exec-40] org.apache.catalina.core.ApplicationContext.log Manager: list: Listing contexts for virtual host 'localhost'
13-Oct-2019 19:35:39.395 INFORMA합ES [http-apr-8080-exec-45] org.apache.catalina.core.ApplicationContext.log Manager: restart: Reloading web application '/'
13-Oct-2019 19:36:07.709 INFORMA합ES [http-apr-8080-exec-40] org.apache.catalina.core.ApplicationContext.log Manager: list: Listing contexts for virtual host 'localhost'
13-Oct-2019 19:36:07.781 INFORMA합ES [http-apr-8080-exec-42] org.apache.catalina.core.ApplicationContext.log Manager: restart: Reloading web application '/'
13-Oct-2019 19:36:45.986 INFORMA합ES [http-apr-8080-exec-41] org.apache.catalina.core.ApplicationContext.log Manager: list: Listing contexts for virtual host 'localhost'
13-Oct-2019 19:36:46.106 INFORMA합ES [http-apr-8080-exec-47] org.apache.catalina.core.ApplicationContext.log Manager: restart: Reloading web application '/'
13-Oct-2019 19:37:51.480 INFORMA합ES [http-apr-8080-exec-53] org.apache.catalina.core.ApplicationContext.log Manager: list: Listing contexts for virtual host 'localhost'
13-Oct-2019 19:37:51.528 INFORMA합ES [http-apr-8080-exec-56] org.apache.catalina.core.ApplicationContext.log Manager: restart: Reloading web application '/'
13-Oct-2019 19:40:22.759 INFORMA합ES [http-apr-8080-exec-55] org.apache.catalina.core.ApplicationContext.log Manager: list: Listing contexts for virtual host 'localhost'
13-Oct-2019 19:40:22.855 INFORMA합ES [http-apr-8080-exec-54] org.apache.catalina.core.ApplicationContext.log Manager: restart: Reloading web application '/'
13-Oct-2019 19:44:56.823 INFORMA합ES [http-apr-8080-exec-74] org.apache.catalina.core.ApplicationContext.log Manager: list: Listing contexts for virtual host 'localhost'
13-Oct-2019 19:44:56.831 INFORMA합ES [http-apr-8080-exec-66] org.apache.catalina.core.ApplicationContext.log Manager: list: Listing contexts for virtual host 'localhost'
13-Oct-2019 19:44:57.411 INFORMA합ES [http-apr-8080-exec-67] org.apache.catalina.core.ApplicationContext.log Manager: restart: Reloading web application '/'
13-Oct-2019 19:46:49.925 INFORMA합ES [http-apr-8080-exec-84] org.apache.catalina.core.ApplicationContext.log Manager: list: Listing contexts for virtual host 'localhost'
13-Oct-2019 19:46:50.149 INFORMA합ES [http-apr-8080-exec-82] org.apache.catalina.core.ApplicationContext.log Manager: restart: Reloading web application '/'
13-Oct-2019 19:49:45.775 INFORMA합ES [http-apr-8080-exec-85] org.apache.catalina.core.ApplicationContext.log Manager: list: Listing contexts for virtual host 'localhost'
13-Oct-2019 19:49:45.884 INFORMA합ES [http-apr-8080-exec-78] org.apache.catalina.core.ApplicationContext.log Manager: restart: Reloading web application '/'
13-Oct-2019 19:50:33.758 INFORMA합ES [http-apr-8080-exec-93] org.apache.catalina.core.ApplicationContext.log Manager: list: Listing contexts for virtual host 'localhost'
13-Oct-2019 19:50:33.977 INFORMA합ES [http-apr-8080-exec-95] org.apache.catalina.core.ApplicationContext.log Manager: restart: Reloading web application '/'
13-Oct-2019 19:54:50.164 INFORMA합ES [http-apr-8080-exec-104] org.apache.catalina.core.ApplicationContext.log Manager: list: Listing contexts for virtual host 'localhost'
13-Oct-2019 19:54:50.430 INFORMA합ES [http-apr-8080-exec-87] org.apache.catalina.core.ApplicationContext.log Manager: restart: Reloading web application '/'
13-Oct-2019 19:55:52.552 INFORMA합ES [http-apr-8080-exec-107] org.apache.catalina.core.ApplicationContext.log Manager: list: Listing contexts for virtual host 'localhost'
13-Oct-2019 19:55:52.662 INFORMA합ES [http-apr-8080-exec-103] org.apache.catalina.core.ApplicationContext.log Manager: restart: Reloading web application '/'
13-Oct-2019 19:56:59.444 INFORMA합ES [http-apr-8080-exec-111] org.apache.catalina.core.ApplicationContext.log Manager: list: Listing contexts for virtual host 'localhost'
13-Oct-2019 19:57:36.769 INFORMA합ES [http-apr-8080-exec-99] org.apache.catalina.core.ApplicationContext.log Manager: list: Listing contexts for virtual host 'localhost'
13-Oct-2019 19:58:55.868 INFORMA합ES [http-apr-8080-exec-117] org.apache.catalina.core.ApplicationContext.log Manager: list: Listing contexts for virtual host 'localhost'
13-Oct-2019 19:59:16.479 INFORMA합ES [http-apr-8080-exec-116] org.apache.catalina.core.ApplicationContext.log Manager: list: Listing contexts for virtual host 'localhost'
13-Oct-2019 19:59:45.797 INFORMA합ES [http-apr-8080-exec-111] org.apache.catalina.core.ApplicationContext.log Manager: list: Listing contexts for virtual host 'localhost'
13-Oct-2019 20:00:46.588 INFORMA합ES [http-apr-8080-exec-117] org.apache.catalina.core.ApplicationContext.log Manager: list: Listing contexts for virtual host 'localhost'
13-Oct-2019 20:00:46.635 INFORMA합ES [http-apr-8080-exec-113] org.apache.catalina.core.ApplicationContext.log Manager: restart: Reloading web application '/'
13-Oct-2019 20:01:33.234 INFORMA합ES [http-apr-8080-exec-110] org.apache.catalina.core.ApplicationContext.log Manager: list: Listing contexts for virtual host 'localhost'
13-Oct-2019 20:01:33.322 INFORMA합ES [http-apr-8080-exec-115] org.apache.catalina.core.ApplicationContext.log Manager: restart: Reloading web application '/'
13-Oct-2019 20:02:19.127 INFORMA합ES [http-apr-8080-exec-116] org.apache.catalina.core.ApplicationContext.log Manager: list: Listing contexts for virtual host 'localhost'
13-Oct-2019 20:02:19.163 INFORMA합ES [http-apr-8080-exec-117] org.apache.catalina.core.ApplicationContext.log Manager: restart: Reloading web application '/'
13-Oct-2019 20:03:04.827 INFORMA합ES [http-apr-8080-exec-116] org.apache.catalina.core.ApplicationContext.log Manager: list: Listing contexts for virtual host 'localhost'
13-Oct-2019 20:03:04.915 INFORMA합ES [http-apr-8080-exec-119] org.apache.catalina.core.ApplicationContext.log Manager: restart: Reloading web application '/'
13-Oct-2019 20:03:42.440 INFORMA합ES [http-apr-8080-exec-125] org.apache.catalina.core.ApplicationContext.log Manager: list: Listing contexts for virtual host 'localhost'
13-Oct-2019 20:03:42.572 INFORMA합ES [http-apr-8080-exec-116] org.apache.catalina.core.ApplicationContext.log Manager: restart: Reloading web application '/'
13-Oct-2019 20:07:46.398 INFORMA합ES [http-apr-8080-exec-133] org.apache.catalina.core.ApplicationContext.log Manager: list: Listing contexts for virtual host 'localhost'
13-Oct-2019 20:07:46.429 INFORMA합ES [http-apr-8080-exec-134] org.apache.catalina.core.ApplicationContext.log Manager: restart: Reloading web application '/'
13-Oct-2019 20:10:04.804 INFORMA합ES [http-apr-8080-exec-110] org.apache.catalina.core.ApplicationContext.log Manager: list: Listing contexts for virtual host 'localhost'
13-Oct-2019 20:10:48.009 INFORMA합ES [http-apr-8080-exec-141] org.apache.catalina.core.ApplicationContext.log Manager: list: Listing contexts for virtual host 'localhost'
13-Oct-2019 20:10:52.513 INFORMA합ES [http-apr-8080-exec-139] org.apache.catalina.core.ApplicationContext.log Manager: list: Listing contexts for virtual host 'localhost'
13-Oct-2019 20:11:15.034 INFORMA합ES [http-apr-8080-exec-140] org.apache.catalina.core.ApplicationContext.log Manager: list: Listing contexts for virtual host 'localhost'
13-Oct-2019 20:12:08.823 INFORMA합ES [http-apr-8080-exec-143] org.apache.catalina.core.ApplicationContext.log Manager: list: Listing contexts for virtual host 'localhost'
13-Oct-2019 20:16:15.554 INFORMA합ES [http-apr-8080-exec-139] org.apache.catalina.core.ApplicationContext.log Manager: list: Listing contexts for virtual host 'localhost'
13-Oct-2019 20:16:15.614 INFORMA합ES [http-apr-8080-exec-140] org.apache.catalina.core.ApplicationContext.log Manager: restart: Reloading web application '/'
13-Oct-2019 20:18:02.493 INFORMA합ES [http-apr-8080-exec-135] org.apache.catalina.core.ApplicationContext.log Manager: list: Listing contexts for virtual host 'localhost'
13-Oct-2019 20:18:02.524 INFORMA합ES [http-apr-8080-exec-151] org.apache.catalina.core.ApplicationContext.log Manager: restart: Reloading web application '/'
13-Oct-2019 20:19:10.453 INFORMA합ES [http-apr-8080-exec-161] org.apache.catalina.core.ApplicationContext.log Manager: list: Listing contexts for virtual host 'localhost'
13-Oct-2019 20:19:10.469 INFORMA합ES [http-apr-8080-exec-154] org.apache.catalina.core.ApplicationContext.log Manager: restart: Reloading web application '/'
13-Oct-2019 20:20:30.977 INFORMA합ES [http-apr-8080-exec-165] org.apache.catalina.core.ApplicationContext.log Manager: list: Listing contexts for virtual host 'localhost'
13-Oct-2019 20:20:31.024 INFORMA합ES [http-apr-8080-exec-158] org.apache.catalina.core.ApplicationContext.log Manager: restart: Reloading web application '/'
13-Oct-2019 20:20:54.691 INFORMA합ES [http-apr-8080-exec-169] org.apache.catalina.core.ApplicationContext.log Manager: list: Listing contexts for virtual host 'localhost'
13-Oct-2019 20:20:54.743 INFORMA합ES [http-apr-8080-exec-166] org.apache.catalina.core.ApplicationContext.log Manager: restart: Reloading web application '/'
13-Oct-2019 20:21:53.741 INFORMA합ES [http-apr-8080-exec-175] org.apache.catalina.core.ApplicationContext.log Manager: list: Listing contexts for virtual host 'localhost'
13-Oct-2019 20:21:53.777 INFORMA합ES [http-apr-8080-exec-172] org.apache.catalina.core.ApplicationContext.log Manager: restart: Reloading web application '/'
13-Oct-2019 20:33:08.969 INFORMA합ES [http-apr-8080-exec-188] org.apache.catalina.core.ApplicationContext.log Manager: list: Listing contexts for virtual host 'localhost'
13-Oct-2019 20:33:09.169 INFORMA합ES [http-apr-8080-exec-185] org.apache.catalina.core.ApplicationContext.log Manager: restart: Reloading web application '/'
13-Oct-2019 20:35:21.022 INFORMA합ES [http-apr-8080-exec-195] org.apache.catalina.core.ApplicationContext.log Manager: list: Listing contexts for virtual host 'localhost'
13-Oct-2019 20:35:21.130 INFORMA합ES [http-apr-8080-exec-200] org.apache.catalina.core.ApplicationContext.log Manager: restart: Reloading web application '/'
13-Oct-2019 20:36:48.071 INFORMA합ES [http-apr-8080-exec-208] org.apache.catalina.core.ApplicationContext.log Manager: list: Listing contexts for virtual host 'localhost'
13-Oct-2019 20:36:48.149 INFORMA합ES [http-apr-8080-exec-200] org.apache.catalina.core.ApplicationContext.log Manager: restart: Reloading web application '/'
13-Oct-2019 20:37:21.940 INFORMA합ES [http-apr-8080-exec-208] org.apache.catalina.core.ApplicationContext.log Manager: list: Listing contexts for virtual host 'localhost'
13-Oct-2019 20:37:21.976 INFORMA합ES [http-apr-8080-exec-207] org.apache.catalina.core.ApplicationContext.log Manager: restart: Reloading web application '/'
13-Oct-2019 20:40:29.681 INFORMA합ES [http-apr-8080-exec-220] org.apache.catalina.core.ApplicationContext.log Manager: list: Listing contexts for virtual host 'localhost'
13-Oct-2019 20:40:29.797 INFORMA합ES [http-apr-8080-exec-214] org.apache.catalina.core.ApplicationContext.log Manager: restart: Reloading web application '/'
13-Oct-2019 20:42:46.211 INFORMA합ES [353] org.apache.catalina.core.ApplicationContext.log Manager: list: Listing contexts for virtual host 'localhost'
13-Oct-2019 20:42:46.305 INFORMA합ES [http-apr-8080-exec-229] org.apache.catalina.core.ApplicationContext.log Manager: restart: Reloading web application '/'
