30-Nov-2019 00:03:40.400 INFORMA합ES [131] org.apache.catalina.core.ApplicationContext.log Manager: list: Listing contexts for virtual host 'localhost'
30-Nov-2019 00:03:40.447 INFORMA합ES [http-apr-8080-exec-60] org.apache.catalina.core.ApplicationContext.log Manager: restart: Reloading web application '/'
30-Nov-2019 00:12:45.449 INFORMA합ES [http-apr-8080-exec-80] org.apache.catalina.core.ApplicationContext.log Manager: list: Listing contexts for virtual host 'localhost'
30-Nov-2019 00:13:09.067 INFORMA합ES [http-apr-8080-exec-76] org.apache.catalina.core.ApplicationContext.log Manager: list: Listing contexts for virtual host 'localhost'
30-Nov-2019 00:13:31.701 INFORMA합ES [http-apr-8080-exec-73] org.apache.catalina.core.ApplicationContext.log Manager: list: Listing contexts for virtual host 'localhost'
30-Nov-2019 00:13:47.173 INFORMA합ES [http-apr-8080-exec-75] org.apache.catalina.core.ApplicationContext.log Manager: list: Listing contexts for virtual host 'localhost'
30-Nov-2019 00:15:24.336 INFORMA합ES [http-apr-8080-exec-82] org.apache.catalina.core.ApplicationContext.log Manager: list: Listing contexts for virtual host 'localhost'
30-Nov-2019 00:15:24.367 INFORMA합ES [http-apr-8080-exec-76] org.apache.catalina.core.ApplicationContext.log Manager: restart: Reloading web application '/'
30-Nov-2019 00:15:55.987 INFORMA합ES [http-apr-8080-exec-83] org.apache.catalina.core.ApplicationContext.log Manager: list: Listing contexts for virtual host 'localhost'
30-Nov-2019 00:15:56.018 INFORMA합ES [http-apr-8080-exec-81] org.apache.catalina.core.ApplicationContext.log Manager: restart: Reloading web application '/'
30-Nov-2019 00:26:24.917 INFORMA합ES [http-apr-8080-exec-90] org.apache.catalina.core.ApplicationContext.log Manager: list: Listing contexts for virtual host 'localhost'
30-Nov-2019 00:27:18.019 INFORMA합ES [http-apr-8080-exec-90] org.apache.catalina.core.ApplicationContext.log Manager: list: Listing contexts for virtual host 'localhost'
30-Nov-2019 00:27:18.050 INFORMA합ES [http-apr-8080-exec-91] org.apache.catalina.core.ApplicationContext.log Manager: restart: Reloading web application '/'
30-Nov-2019 00:27:45.325 INFORMA합ES [http-apr-8080-exec-90] org.apache.catalina.core.ApplicationContext.log Manager: list: Listing contexts for virtual host 'localhost'
30-Nov-2019 00:27:45.353 INFORMA합ES [http-apr-8080-exec-88] org.apache.catalina.core.ApplicationContext.log Manager: restart: Reloading web application '/'
30-Nov-2019 00:28:13.221 INFORMA합ES [http-apr-8080-exec-87] org.apache.catalina.core.ApplicationContext.log Manager: list: Listing contexts for virtual host 'localhost'
30-Nov-2019 00:28:13.273 INFORMA합ES [http-apr-8080-exec-92] org.apache.catalina.core.ApplicationContext.log Manager: restart: Reloading web application '/'
30-Nov-2019 07:02:10.010 INFORMA합ES [http-apr-8080-exec-6] org.apache.catalina.core.ApplicationContext.log Manager: init: Associated with Deployer 'Catalina:type=Deployer,host=localhost'
30-Nov-2019 07:02:10.011 INFORMA합ES [http-apr-8080-exec-6] org.apache.catalina.core.ApplicationContext.log Manager: init: Global resources are available
30-Nov-2019 07:02:10.013 INFORMA합ES [http-apr-8080-exec-6] org.apache.catalina.core.ApplicationContext.log Manager: list: Listing contexts for virtual host 'localhost'
30-Nov-2019 07:02:10.030 INFORMA합ES [http-apr-8080-exec-9] org.apache.catalina.core.ApplicationContext.log Manager: list: Listing contexts for virtual host 'localhost'
30-Nov-2019 07:02:10.941 INFORMA합ES [http-apr-8080-exec-8] org.apache.catalina.core.ApplicationContext.log Manager: restart: Reloading web application '/'
30-Nov-2019 07:03:41.292 INFORMA합ES [http-apr-8080-exec-16] org.apache.catalina.core.ApplicationContext.log Manager: list: Listing contexts for virtual host 'localhost'
30-Nov-2019 07:03:41.448 INFORMA합ES [http-apr-8080-exec-12] org.apache.catalina.core.ApplicationContext.log Manager: restart: Reloading web application '/'
30-Nov-2019 07:04:08.923 INFORMA합ES [http-apr-8080-exec-15] org.apache.catalina.core.ApplicationContext.log Manager: list: Listing contexts for virtual host 'localhost'
30-Nov-2019 07:04:08.952 INFORMA합ES [http-apr-8080-exec-16] org.apache.catalina.core.ApplicationContext.log Manager: restart: Reloading web application '/'
30-Nov-2019 07:06:39.719 INFORMA합ES [http-apr-8080-exec-15] org.apache.catalina.core.ApplicationContext.log Manager: list: Listing contexts for virtual host 'localhost'
30-Nov-2019 07:06:39.746 INFORMA합ES [http-apr-8080-exec-14] org.apache.catalina.core.ApplicationContext.log Manager: restart: Reloading web application '/'
30-Nov-2019 07:11:49.219 INFORMA합ES [http-apr-8080-exec-32] org.apache.catalina.core.ApplicationContext.log Manager: list: Listing contexts for virtual host 'localhost'
30-Nov-2019 07:11:49.338 INFORMA합ES [http-apr-8080-exec-33] org.apache.catalina.core.ApplicationContext.log Manager: restart: Reloading web application '/'
30-Nov-2019 07:12:51.933 INFORMA합ES [http-apr-8080-exec-36] org.apache.catalina.core.ApplicationContext.log Manager: list: Listing contexts for virtual host 'localhost'
30-Nov-2019 07:12:51.980 INFORMA합ES [http-apr-8080-exec-26] org.apache.catalina.core.ApplicationContext.log Manager: restart: Reloading web application '/'
30-Nov-2019 07:13:18.932 INFORMA합ES [http-apr-8080-exec-40] org.apache.catalina.core.ApplicationContext.log Manager: list: Listing contexts for virtual host 'localhost'
30-Nov-2019 07:13:18.980 INFORMA합ES [http-apr-8080-exec-25] org.apache.catalina.core.ApplicationContext.log Manager: restart: Reloading web application '/'
30-Nov-2019 07:13:43.242 INFORMA합ES [http-apr-8080-exec-36] org.apache.catalina.core.ApplicationContext.log Manager: list: Listing contexts for virtual host 'localhost'
30-Nov-2019 07:19:51.255 INFORMA합ES [http-apr-8080-exec-48] org.apache.catalina.core.ApplicationContext.log Manager: list: Listing contexts for virtual host 'localhost'
30-Nov-2019 07:19:51.302 INFORMA합ES [http-apr-8080-exec-49] org.apache.catalina.core.ApplicationContext.log Manager: restart: Reloading web application '/'
30-Nov-2019 07:24:18.083 INFORMA합ES [http-apr-8080-exec-53] org.apache.catalina.core.ApplicationContext.log Manager: list: Listing contexts for virtual host 'localhost'
30-Nov-2019 07:24:18.111 INFORMA합ES [http-apr-8080-exec-58] org.apache.catalina.core.ApplicationContext.log Manager: restart: Reloading web application '/'
30-Nov-2019 07:26:40.019 INFORMA합ES [http-apr-8080-exec-68] org.apache.catalina.core.ApplicationContext.log Manager: list: Listing contexts for virtual host 'localhost'
30-Nov-2019 07:26:40.095 INFORMA합ES [http-apr-8080-exec-63] org.apache.catalina.core.ApplicationContext.log Manager: restart: Reloading web application '/'
30-Nov-2019 07:28:38.189 INFORMA합ES [http-apr-8080-exec-72] org.apache.catalina.core.ApplicationContext.log Manager: list: Listing contexts for virtual host 'localhost'
30-Nov-2019 07:28:38.233 INFORMA합ES [http-apr-8080-exec-77] org.apache.catalina.core.ApplicationContext.log Manager: restart: Reloading web application '/'
30-Nov-2019 07:31:18.774 INFORMA합ES [http-apr-8080-exec-87] org.apache.catalina.core.ApplicationContext.log Manager: list: Listing contexts for virtual host 'localhost'
30-Nov-2019 07:31:18.805 INFORMA합ES [http-apr-8080-exec-83] org.apache.catalina.core.ApplicationContext.log Manager: restart: Reloading web application '/'
30-Nov-2019 07:32:36.309 INFORMA합ES [http-apr-8080-exec-96] org.apache.catalina.core.ApplicationContext.log Manager: list: Listing contexts for virtual host 'localhost'
30-Nov-2019 07:32:36.340 INFORMA합ES [http-apr-8080-exec-99] org.apache.catalina.core.ApplicationContext.log Manager: restart: Reloading web application '/'
30-Nov-2019 07:32:54.704 INFORMA합ES [http-apr-8080-exec-92] org.apache.catalina.core.ApplicationContext.log Manager: list: Listing contexts for virtual host 'localhost'
30-Nov-2019 07:32:54.776 INFORMA합ES [http-apr-8080-exec-101] org.apache.catalina.core.ApplicationContext.log Manager: restart: Reloading web application '/'
30-Nov-2019 07:37:20.890 INFORMA합ES [http-apr-8080-exec-98] org.apache.catalina.core.ApplicationContext.log Manager: list: Listing contexts for virtual host 'localhost'
30-Nov-2019 07:37:20.905 INFORMA합ES [http-apr-8080-exec-95] org.apache.catalina.core.ApplicationContext.log Manager: restart: Reloading web application '/'
30-Nov-2019 07:41:24.638 INFORMA합ES [http-apr-8080-exec-114] org.apache.catalina.core.ApplicationContext.log Manager: list: Listing contexts for virtual host 'localhost'
30-Nov-2019 07:41:24.716 INFORMA합ES [http-apr-8080-exec-117] org.apache.catalina.core.ApplicationContext.log Manager: restart: Reloading web application '/'
30-Nov-2019 07:46:13.057 INFORMA합ES [http-apr-8080-exec-114] org.apache.catalina.core.ApplicationContext.log Manager: list: Listing contexts for virtual host 'localhost'
30-Nov-2019 07:46:13.081 INFORMA합ES [http-apr-8080-exec-126] org.apache.catalina.core.ApplicationContext.log Manager: restart: Reloading web application '/'
30-Nov-2019 07:48:44.948 INFORMA합ES [http-apr-8080-exec-129] org.apache.catalina.core.ApplicationContext.log Manager: list: Listing contexts for virtual host 'localhost'
30-Nov-2019 07:48:44.995 INFORMA합ES [http-apr-8080-exec-124] org.apache.catalina.core.ApplicationContext.log Manager: restart: Reloading web application '/'
30-Nov-2019 07:52:29.094 INFORMA합ES [http-apr-8080-exec-135] org.apache.catalina.core.ApplicationContext.log Manager: list: Listing contexts for virtual host 'localhost'
30-Nov-2019 07:52:29.155 INFORMA합ES [http-apr-8080-exec-133] org.apache.catalina.core.ApplicationContext.log Manager: restart: Reloading web application '/'
30-Nov-2019 07:55:11.187 INFORMA합ES [http-apr-8080-exec-150] org.apache.catalina.core.ApplicationContext.log Manager: list: Listing contexts for virtual host 'localhost'
30-Nov-2019 07:55:11.403 INFORMA합ES [http-apr-8080-exec-141] org.apache.catalina.core.ApplicationContext.log Manager: restart: Reloading web application '/'
30-Nov-2019 07:56:49.707 INFORMA합ES [http-apr-8080-exec-152] org.apache.catalina.core.ApplicationContext.log Manager: list: Listing contexts for virtual host 'localhost'
30-Nov-2019 07:56:49.816 INFORMA합ES [http-apr-8080-exec-153] org.apache.catalina.core.ApplicationContext.log Manager: restart: Reloading web application '/'
30-Nov-2019 08:00:29.844 INFORMA합ES [http-apr-8080-exec-167] org.apache.catalina.core.ApplicationContext.log Manager: list: Listing contexts for virtual host 'localhost'
30-Nov-2019 08:00:30.077 INFORMA합ES [http-apr-8080-exec-168] org.apache.catalina.core.ApplicationContext.log Manager: restart: Reloading web application '/'
30-Nov-2019 08:01:07.294 INFORMA합ES [http-apr-8080-exec-166] org.apache.catalina.core.ApplicationContext.log Manager: list: Listing contexts for virtual host 'localhost'
30-Nov-2019 08:01:07.413 INFORMA합ES [http-apr-8080-exec-161] org.apache.catalina.core.ApplicationContext.log Manager: restart: Reloading web application '/'
30-Nov-2019 08:03:05.205 INFORMA합ES [http-apr-8080-exec-178] org.apache.catalina.core.ApplicationContext.log Manager: list: Listing contexts for virtual host 'localhost'
30-Nov-2019 08:03:05.395 INFORMA합ES [http-apr-8080-exec-172] org.apache.catalina.core.ApplicationContext.log Manager: restart: Reloading web application '/'
30-Nov-2019 08:03:33.284 INFORMA합ES [http-apr-8080-exec-176] org.apache.catalina.core.ApplicationContext.log Manager: list: Listing contexts for virtual host 'localhost'
30-Nov-2019 08:03:33.325 INFORMA합ES [http-apr-8080-exec-174] org.apache.catalina.core.ApplicationContext.log Manager: restart: Reloading web application '/'
30-Nov-2019 08:03:56.502 INFORMA합ES [http-apr-8080-exec-182] org.apache.catalina.core.ApplicationContext.log Manager: list: Listing contexts for virtual host 'localhost'
30-Nov-2019 08:03:56.530 INFORMA합ES [http-apr-8080-exec-179] org.apache.catalina.core.ApplicationContext.log Manager: restart: Reloading web application '/'
30-Nov-2019 08:53:53.386 INFORMA합ES [http-apr-8080-exec-10] org.apache.catalina.core.ApplicationContext.log Manager: init: Associated with Deployer 'Catalina:type=Deployer,host=localhost'
30-Nov-2019 08:53:53.386 INFORMA합ES [http-apr-8080-exec-10] org.apache.catalina.core.ApplicationContext.log Manager: init: Global resources are available
30-Nov-2019 08:53:53.386 INFORMA합ES [http-apr-8080-exec-10] org.apache.catalina.core.ApplicationContext.log Manager: list: Listing contexts for virtual host 'localhost'
30-Nov-2019 08:53:53.401 INFORMA합ES [http-apr-8080-exec-1] org.apache.catalina.core.ApplicationContext.log Manager: list: Listing contexts for virtual host 'localhost'
30-Nov-2019 08:53:54.239 INFORMA합ES [http-apr-8080-exec-3] org.apache.catalina.core.ApplicationContext.log Manager: restart: Reloading web application '/'
30-Nov-2019 09:01:42.825 INFORMA합ES [http-apr-8080-exec-16] org.apache.catalina.core.ApplicationContext.log Manager: list: Listing contexts for virtual host 'localhost'
30-Nov-2019 09:01:42.911 INFORMA합ES [http-apr-8080-exec-15] org.apache.catalina.core.ApplicationContext.log Manager: restart: Reloading web application '/'
30-Nov-2019 09:08:30.401 INFORMA합ES [http-apr-8080-exec-28] org.apache.catalina.core.ApplicationContext.log Manager: list: Listing contexts for virtual host 'localhost'
30-Nov-2019 09:08:30.431 INFORMA합ES [http-apr-8080-exec-29] org.apache.catalina.core.ApplicationContext.log Manager: restart: Reloading web application '/'
30-Nov-2019 09:09:05.091 INFORMA합ES [http-apr-8080-exec-23] org.apache.catalina.core.ApplicationContext.log Manager: list: Listing contexts for virtual host 'localhost'
30-Nov-2019 09:15:20.726 INFORMA합ES [http-apr-8080-exec-32] org.apache.catalina.core.ApplicationContext.log Manager: list: Listing contexts for virtual host 'localhost'
30-Nov-2019 09:15:20.972 INFORMA합ES [http-apr-8080-exec-39] org.apache.catalina.core.ApplicationContext.log Manager: restart: Reloading web application '/'
30-Nov-2019 09:16:04.452 INFORMA합ES [http-apr-8080-exec-31] org.apache.catalina.core.ApplicationContext.log Manager: list: Listing contexts for virtual host 'localhost'
30-Nov-2019 09:16:04.502 INFORMA합ES [http-apr-8080-exec-37] org.apache.catalina.core.ApplicationContext.log Manager: restart: Reloading web application '/'
30-Nov-2019 09:35:50.261 INFORMA합ES [http-apr-8080-exec-44] org.apache.catalina.core.ApplicationContext.log Manager: list: Listing contexts for virtual host 'localhost'
30-Nov-2019 09:35:50.393 INFORMA합ES [http-apr-8080-exec-50] org.apache.catalina.core.ApplicationContext.log Manager: restart: Reloading web application '/'
30-Nov-2019 09:41:00.538 INFORMA합ES [http-apr-8080-exec-62] org.apache.catalina.core.ApplicationContext.log Manager: list: Listing contexts for virtual host 'localhost'
30-Nov-2019 09:41:47.175 INFORMA합ES [http-apr-8080-exec-55] org.apache.catalina.core.ApplicationContext.log Manager: list: Listing contexts for virtual host 'localhost'
30-Nov-2019 09:46:44.556 INFORMA합ES [http-apr-8080-exec-59] org.apache.catalina.core.ApplicationContext.log Manager: list: Listing contexts for virtual host 'localhost'
30-Nov-2019 10:16:28.652 INFORMA합ES [http-apr-8080-exec-57] org.apache.catalina.core.ApplicationContext.log Manager: list: Listing contexts for virtual host 'localhost'
30-Nov-2019 10:16:29.290 INFORMA합ES [http-apr-8080-exec-55] org.apache.catalina.core.ApplicationContext.log Manager: restart: Reloading web application '/'
30-Nov-2019 10:17:47.785 INFORMA합ES [http-apr-8080-exec-56] org.apache.catalina.core.ApplicationContext.log Manager: list: Listing contexts for virtual host 'localhost'
30-Nov-2019 10:17:47.925 INFORMA합ES [http-apr-8080-exec-60] org.apache.catalina.core.ApplicationContext.log Manager: restart: Reloading web application '/'
30-Nov-2019 10:18:38.947 INFORMA합ES [http-apr-8080-exec-64] org.apache.catalina.core.ApplicationContext.log Manager: list: Listing contexts for virtual host 'localhost'
30-Nov-2019 10:18:38.993 INFORMA합ES [http-apr-8080-exec-65] org.apache.catalina.core.ApplicationContext.log Manager: restart: Reloading web application '/'
30-Nov-2019 10:19:11.435 INFORMA합ES [http-apr-8080-exec-54] org.apache.catalina.core.ApplicationContext.log Manager: list: Listing contexts for virtual host 'localhost'
30-Nov-2019 10:19:11.482 INFORMA합ES [http-apr-8080-exec-61] org.apache.catalina.core.ApplicationContext.log Manager: restart: Reloading web application '/'
30-Nov-2019 10:19:57.558 INFORMA합ES [http-apr-8080-exec-68] org.apache.catalina.core.ApplicationContext.log Manager: list: Listing contexts for virtual host 'localhost'
30-Nov-2019 10:19:57.633 INFORMA합ES [http-apr-8080-exec-63] org.apache.catalina.core.ApplicationContext.log Manager: restart: Reloading web application '/'
30-Nov-2019 10:20:23.949 INFORMA합ES [http-apr-8080-exec-64] org.apache.catalina.core.ApplicationContext.log Manager: list: Listing contexts for virtual host 'localhost'
30-Nov-2019 10:20:23.988 INFORMA합ES [http-apr-8080-exec-54] org.apache.catalina.core.ApplicationContext.log Manager: restart: Reloading web application '/'
30-Nov-2019 10:21:32.978 INFORMA합ES [http-apr-8080-exec-59] org.apache.catalina.core.ApplicationContext.log Manager: list: Listing contexts for virtual host 'localhost'
30-Nov-2019 10:21:33.059 INFORMA합ES [http-apr-8080-exec-75] org.apache.catalina.core.ApplicationContext.log Manager: restart: Reloading web application '/'
30-Nov-2019 10:22:52.058 INFORMA합ES [http-apr-8080-exec-59] org.apache.catalina.core.ApplicationContext.log Manager: list: Listing contexts for virtual host 'localhost'
30-Nov-2019 10:22:52.094 INFORMA합ES [http-apr-8080-exec-78] org.apache.catalina.core.ApplicationContext.log Manager: restart: Reloading web application '/'
30-Nov-2019 10:23:18.431 INFORMA합ES [http-apr-8080-exec-77] org.apache.catalina.core.ApplicationContext.log Manager: list: Listing contexts for virtual host 'localhost'
30-Nov-2019 10:23:18.487 INFORMA합ES [http-apr-8080-exec-79] org.apache.catalina.core.ApplicationContext.log Manager: restart: Reloading web application '/'
30-Nov-2019 10:30:47.974 INFORMA합ES [http-apr-8080-exec-85] org.apache.catalina.core.ApplicationContext.log Manager: list: Listing contexts for virtual host 'localhost'
30-Nov-2019 10:30:47.978 INFORMA합ES [http-apr-8080-exec-90] org.apache.catalina.core.ApplicationContext.log Manager: list: Listing contexts for virtual host 'localhost'
30-Nov-2019 10:30:48.684 INFORMA합ES [http-apr-8080-exec-89] org.apache.catalina.core.ApplicationContext.log Manager: restart: Reloading web application '/'
30-Nov-2019 10:43:26.313 INFORMA합ES [http-apr-8080-exec-96] org.apache.catalina.core.ApplicationContext.log Manager: list: Listing contexts for virtual host 'localhost'
30-Nov-2019 10:47:55.034 INFORMA합ES [http-apr-8080-exec-97] org.apache.catalina.core.ApplicationContext.log Manager: list: Listing contexts for virtual host 'localhost'
30-Nov-2019 11:19:47.524 INFORMA합ES [http-apr-8080-exec-93] org.apache.catalina.core.ApplicationContext.log Manager: list: Listing contexts for virtual host 'localhost'
30-Nov-2019 11:19:47.752 INFORMA합ES [http-apr-8080-exec-95] org.apache.catalina.core.ApplicationContext.log Manager: restart: Reloading web application '/'
30-Nov-2019 11:38:33.595 INFORMA합ES [http-apr-8080-exec-105] org.apache.catalina.core.ApplicationContext.log Manager: list: Listing contexts for virtual host 'localhost'
30-Nov-2019 11:43:08.366 INFORMA합ES [http-apr-8080-exec-103] org.apache.catalina.core.ApplicationContext.log Manager: list: Listing contexts for virtual host 'localhost'
30-Nov-2019 11:43:08.537 INFORMA합ES [http-apr-8080-exec-107] org.apache.catalina.core.ApplicationContext.log Manager: restart: Reloading web application '/'
30-Nov-2019 11:44:13.447 INFORMA합ES [http-apr-8080-exec-109] org.apache.catalina.core.ApplicationContext.log Manager: list: Listing contexts for virtual host 'localhost'
30-Nov-2019 11:46:56.712 INFORMA합ES [http-apr-8080-exec-112] org.apache.catalina.core.ApplicationContext.log Manager: list: Listing contexts for virtual host 'localhost'
30-Nov-2019 11:46:56.772 INFORMA합ES [http-apr-8080-exec-113] org.apache.catalina.core.ApplicationContext.log Manager: restart: Reloading web application '/'
30-Nov-2019 11:50:45.213 INFORMA합ES [http-apr-8080-exec-126] org.apache.catalina.core.ApplicationContext.log Manager: list: Listing contexts for virtual host 'localhost'
30-Nov-2019 11:50:45.309 INFORMA합ES [http-apr-8080-exec-127] org.apache.catalina.core.ApplicationContext.log Manager: restart: Reloading web application '/'
30-Nov-2019 11:52:07.676 INFORMA합ES [http-apr-8080-exec-124] org.apache.catalina.core.ApplicationContext.log Manager: list: Listing contexts for virtual host 'localhost'
30-Nov-2019 11:52:07.722 INFORMA합ES [http-apr-8080-exec-129] org.apache.catalina.core.ApplicationContext.log Manager: restart: Reloading web application '/'
30-Nov-2019 11:52:48.997 INFORMA합ES [http-apr-8080-exec-125] org.apache.catalina.core.ApplicationContext.log Manager: list: Listing contexts for virtual host 'localhost'
30-Nov-2019 11:56:05.532 INFORMA합ES [http-apr-8080-exec-139] org.apache.catalina.core.ApplicationContext.log Manager: list: Listing contexts for virtual host 'localhost'
30-Nov-2019 12:03:58.797 INFORMA합ES [http-apr-8080-exec-139] org.apache.catalina.core.ApplicationContext.log Manager: list: Listing contexts for virtual host 'localhost'
30-Nov-2019 12:03:58.938 INFORMA합ES [http-apr-8080-exec-138] org.apache.catalina.core.ApplicationContext.log Manager: restart: Reloading web application '/'
30-Nov-2019 12:05:28.096 INFORMA합ES [http-apr-8080-exec-147] org.apache.catalina.core.ApplicationContext.log Manager: list: Listing contexts for virtual host 'localhost'
30-Nov-2019 12:10:13.649 INFORMA합ES [http-apr-8080-exec-144] org.apache.catalina.core.ApplicationContext.log Manager: list: Listing contexts for virtual host 'localhost'
30-Nov-2019 12:10:13.793 INFORMA합ES [http-apr-8080-exec-146] org.apache.catalina.core.ApplicationContext.log Manager: restart: Reloading web application '/'
30-Nov-2019 12:11:12.193 INFORMA합ES [http-apr-8080-exec-149] org.apache.catalina.core.ApplicationContext.log Manager: list: Listing contexts for virtual host 'localhost'
30-Nov-2019 12:13:48.352 INFORMA합ES [http-apr-8080-exec-155] org.apache.catalina.core.ApplicationContext.log Manager: list: Listing contexts for virtual host 'localhost'
30-Nov-2019 12:13:51.692 INFORMA합ES [http-apr-8080-exec-157] org.apache.catalina.core.ApplicationContext.log Manager: list: Listing contexts for virtual host 'localhost'
30-Nov-2019 12:14:03.030 INFORMA합ES [http-apr-8080-exec-154] org.apache.catalina.core.ApplicationContext.log Manager: list: Listing contexts for virtual host 'localhost'
30-Nov-2019 12:18:41.381 INFORMA합ES [http-apr-8080-exec-162] org.apache.catalina.core.ApplicationContext.log Manager: list: Listing contexts for virtual host 'localhost'
30-Nov-2019 12:18:59.392 INFORMA합ES [http-apr-8080-exec-160] org.apache.catalina.core.ApplicationContext.log Manager: list: Listing contexts for virtual host 'localhost'
30-Nov-2019 12:19:15.405 INFORMA합ES [http-apr-8080-exec-160] org.apache.catalina.core.ApplicationContext.log Manager: list: Listing contexts for virtual host 'localhost'
30-Nov-2019 12:19:50.028 INFORMA합ES [http-apr-8080-exec-154] org.apache.catalina.core.ApplicationContext.log Manager: list: Listing contexts for virtual host 'localhost'
30-Nov-2019 12:20:16.681 INFORMA합ES [http-apr-8080-exec-163] org.apache.catalina.core.ApplicationContext.log Manager: list: Listing contexts for virtual host 'localhost'
30-Nov-2019 12:24:23.886 INFORMA합ES [http-apr-8080-exec-155] org.apache.catalina.core.ApplicationContext.log Manager: list: Listing contexts for virtual host 'localhost'
30-Nov-2019 12:24:24.266 INFORMA합ES [http-apr-8080-exec-157] org.apache.catalina.core.ApplicationContext.log Manager: list: Listing contexts for virtual host 'localhost'
30-Nov-2019 12:25:02.982 INFORMA합ES [http-apr-8080-exec-162] org.apache.catalina.core.ApplicationContext.log Manager: list: Listing contexts for virtual host 'localhost'
30-Nov-2019 12:25:03.178 INFORMA합ES [http-apr-8080-exec-161] org.apache.catalina.core.ApplicationContext.log Manager: restart: Reloading web application '/'
30-Nov-2019 12:32:23.019 INFORMA합ES [http-apr-8080-exec-171] org.apache.catalina.core.ApplicationContext.log Manager: list: Listing contexts for virtual host 'localhost'
30-Nov-2019 12:35:14.779 INFORMA합ES [http-apr-8080-exec-168] org.apache.catalina.core.ApplicationContext.log Manager: list: Listing contexts for virtual host 'localhost'
30-Nov-2019 12:35:21.020 INFORMA합ES [http-apr-8080-exec-172] org.apache.catalina.core.ApplicationContext.log Manager: list: Listing contexts for virtual host 'localhost'
30-Nov-2019 12:35:35.251 INFORMA합ES [http-apr-8080-exec-171] org.apache.catalina.core.ApplicationContext.log Manager: list: Listing contexts for virtual host 'localhost'
30-Nov-2019 12:35:38.224 INFORMA합ES [http-apr-8080-exec-166] org.apache.catalina.core.ApplicationContext.log Manager: list: Listing contexts for virtual host 'localhost'
30-Nov-2019 12:37:16.436 INFORMA합ES [http-apr-8080-exec-173] org.apache.catalina.core.ApplicationContext.log Manager: list: Listing contexts for virtual host 'localhost'
30-Nov-2019 12:38:32.271 INFORMA합ES [http-apr-8080-exec-169] org.apache.catalina.core.ApplicationContext.log Manager: list: Listing contexts for virtual host 'localhost'
30-Nov-2019 12:38:32.364 INFORMA합ES [http-apr-8080-exec-168] org.apache.catalina.core.ApplicationContext.log Manager: restart: Reloading web application '/'
30-Nov-2019 12:39:19.644 INFORMA합ES [http-apr-8080-exec-165] org.apache.catalina.core.ApplicationContext.log Manager: list: Listing contexts for virtual host 'localhost'
30-Nov-2019 12:39:19.824 INFORMA합ES [http-apr-8080-exec-174] org.apache.catalina.core.ApplicationContext.log Manager: restart: Reloading web application '/'
30-Nov-2019 12:39:52.934 INFORMA합ES [http-apr-8080-exec-172] org.apache.catalina.core.ApplicationContext.log Manager: list: Listing contexts for virtual host 'localhost'
30-Nov-2019 12:39:52.970 INFORMA합ES [http-apr-8080-exec-175] org.apache.catalina.core.ApplicationContext.log Manager: restart: Reloading web application '/'
30-Nov-2019 12:40:21.046 INFORMA합ES [http-apr-8080-exec-180] org.apache.catalina.core.ApplicationContext.log Manager: list: Listing contexts for virtual host 'localhost'
30-Nov-2019 12:40:21.204 INFORMA합ES [http-apr-8080-exec-178] org.apache.catalina.core.ApplicationContext.log Manager: restart: Reloading web application '/'
30-Nov-2019 12:40:48.140 INFORMA합ES [http-apr-8080-exec-183] org.apache.catalina.core.ApplicationContext.log Manager: list: Listing contexts for virtual host 'localhost'
30-Nov-2019 12:40:48.160 INFORMA합ES [http-apr-8080-exec-176] org.apache.catalina.core.ApplicationContext.log Manager: restart: Reloading web application '/'
30-Nov-2019 12:41:16.558 INFORMA합ES [http-apr-8080-exec-169] org.apache.catalina.core.ApplicationContext.log Manager: list: Listing contexts for virtual host 'localhost'
30-Nov-2019 12:41:16.578 INFORMA합ES [http-apr-8080-exec-185] org.apache.catalina.core.ApplicationContext.log Manager: restart: Reloading web application '/'
30-Nov-2019 12:42:47.704 INFORMA합ES [http-apr-8080-exec-189] org.apache.catalina.core.ApplicationContext.log Manager: list: Listing contexts for virtual host 'localhost'
30-Nov-2019 12:42:48.220 INFORMA합ES [http-apr-8080-exec-190] org.apache.catalina.core.ApplicationContext.log Manager: restart: Reloading web application '/'
30-Nov-2019 12:43:56.997 INFORMA합ES [http-apr-8080-exec-186] org.apache.catalina.core.ApplicationContext.log Manager: list: Listing contexts for virtual host 'localhost'
30-Nov-2019 12:43:57.069 INFORMA합ES [http-apr-8080-exec-164] org.apache.catalina.core.ApplicationContext.log Manager: restart: Reloading web application '/'
30-Nov-2019 12:48:55.168 INFORMA합ES [http-apr-8080-exec-193] org.apache.catalina.core.ApplicationContext.log Manager: list: Listing contexts for virtual host 'localhost'
30-Nov-2019 12:49:46.684 INFORMA합ES [http-apr-8080-exec-194] org.apache.catalina.core.ApplicationContext.log Manager: list: Listing contexts for virtual host 'localhost'
30-Nov-2019 12:51:50.332 INFORMA합ES [http-apr-8080-exec-203] org.apache.catalina.core.ApplicationContext.log Manager: list: Listing contexts for virtual host 'localhost'
30-Nov-2019 12:51:59.017 INFORMA합ES [http-apr-8080-exec-199] org.apache.catalina.core.ApplicationContext.log Manager: list: Listing contexts for virtual host 'localhost'
30-Nov-2019 12:52:11.117 INFORMA합ES [http-apr-8080-exec-194] org.apache.catalina.core.ApplicationContext.log Manager: list: Listing contexts for virtual host 'localhost'
30-Nov-2019 12:53:01.214 INFORMA합ES [http-apr-8080-exec-196] org.apache.catalina.core.ApplicationContext.log Manager: list: Listing contexts for virtual host 'localhost'
30-Nov-2019 12:53:21.187 INFORMA합ES [http-apr-8080-exec-197] org.apache.catalina.core.ApplicationContext.log Manager: list: Listing contexts for virtual host 'localhost'
30-Nov-2019 12:53:29.070 INFORMA합ES [http-apr-8080-exec-200] org.apache.catalina.core.ApplicationContext.log Manager: list: Listing contexts for virtual host 'localhost'
30-Nov-2019 12:54:31.521 INFORMA합ES [http-apr-8080-exec-202] org.apache.catalina.core.ApplicationContext.log Manager: list: Listing contexts for virtual host 'localhost'
30-Nov-2019 12:55:41.970 INFORMA합ES [http-apr-8080-exec-198] org.apache.catalina.core.ApplicationContext.log Manager: list: Listing contexts for virtual host 'localhost'
30-Nov-2019 12:57:43.584 INFORMA합ES [http-apr-8080-exec-201] org.apache.catalina.core.ApplicationContext.log Manager: list: Listing contexts for virtual host 'localhost'
30-Nov-2019 13:00:05.987 INFORMA합ES [http-apr-8080-exec-194] org.apache.catalina.core.ApplicationContext.log Manager: list: Listing contexts for virtual host 'localhost'
30-Nov-2019 13:01:11.651 INFORMA합ES [http-apr-8080-exec-203] org.apache.catalina.core.ApplicationContext.log Manager: list: Listing contexts for virtual host 'localhost'
30-Nov-2019 13:01:15.627 INFORMA합ES [http-apr-8080-exec-197] org.apache.catalina.core.ApplicationContext.log Manager: list: Listing contexts for virtual host 'localhost'
30-Nov-2019 13:02:03.852 INFORMA합ES [http-apr-8080-exec-197] org.apache.catalina.core.ApplicationContext.log Manager: list: Listing contexts for virtual host 'localhost'
30-Nov-2019 13:06:10.393 INFORMA합ES [http-apr-8080-exec-198] org.apache.catalina.core.ApplicationContext.log Manager: list: Listing contexts for virtual host 'localhost'
30-Nov-2019 13:08:19.006 INFORMA합ES [http-apr-8080-exec-198] org.apache.catalina.core.ApplicationContext.log Manager: list: Listing contexts for virtual host 'localhost'
30-Nov-2019 13:09:08.436 INFORMA합ES [http-apr-8080-exec-201] org.apache.catalina.core.ApplicationContext.log Manager: list: Listing contexts for virtual host 'localhost'
30-Nov-2019 13:13:05.466 INFORMA합ES [http-apr-8080-exec-194] org.apache.catalina.core.ApplicationContext.log Manager: list: Listing contexts for virtual host 'localhost'
30-Nov-2019 13:13:50.224 INFORMA합ES [http-apr-8080-exec-202] org.apache.catalina.core.ApplicationContext.log Manager: list: Listing contexts for virtual host 'localhost'
30-Nov-2019 13:13:50.506 INFORMA합ES [http-apr-8080-exec-199] org.apache.catalina.core.ApplicationContext.log Manager: restart: Reloading web application '/'
30-Nov-2019 13:14:37.672 INFORMA합ES [http-apr-8080-exec-194] org.apache.catalina.core.ApplicationContext.log Manager: list: Listing contexts for virtual host 'localhost'
30-Nov-2019 13:14:37.698 INFORMA합ES [http-apr-8080-exec-196] org.apache.catalina.core.ApplicationContext.log Manager: restart: Reloading web application '/'
30-Nov-2019 13:15:10.623 INFORMA합ES [http-apr-8080-exec-203] org.apache.catalina.core.ApplicationContext.log Manager: list: Listing contexts for virtual host 'localhost'
30-Nov-2019 13:15:10.699 INFORMA합ES [http-apr-8080-exec-201] org.apache.catalina.core.ApplicationContext.log Manager: restart: Reloading web application '/'
30-Nov-2019 13:15:44.155 INFORMA합ES [http-apr-8080-exec-197] org.apache.catalina.core.ApplicationContext.log Manager: list: Listing contexts for virtual host 'localhost'
30-Nov-2019 13:15:44.225 INFORMA합ES [http-apr-8080-exec-204] org.apache.catalina.core.ApplicationContext.log Manager: restart: Reloading web application '/'
30-Nov-2019 13:16:15.027 INFORMA합ES [http-apr-8080-exec-197] org.apache.catalina.core.ApplicationContext.log Manager: list: Listing contexts for virtual host 'localhost'
30-Nov-2019 13:16:15.183 INFORMA합ES [http-apr-8080-exec-208] org.apache.catalina.core.ApplicationContext.log Manager: restart: Reloading web application '/'
30-Nov-2019 13:18:06.585 INFORMA합ES [http-apr-8080-exec-211] org.apache.catalina.core.ApplicationContext.log Manager: list: Listing contexts for virtual host 'localhost'
30-Nov-2019 13:18:06.753 INFORMA합ES [http-apr-8080-exec-198] org.apache.catalina.core.ApplicationContext.log Manager: restart: Reloading web application '/'
30-Nov-2019 13:21:26.879 INFORMA합ES [http-apr-8080-exec-200] org.apache.catalina.core.ApplicationContext.log Manager: list: Listing contexts for virtual host 'localhost'
30-Nov-2019 13:24:46.399 INFORMA합ES [http-apr-8080-exec-216] org.apache.catalina.core.ApplicationContext.log Manager: list: Listing contexts for virtual host 'localhost'
30-Nov-2019 15:06:58.258 INFORMA합ES [http-apr-8080-exec-8] org.apache.catalina.core.ApplicationContext.log Manager: init: Associated with Deployer 'Catalina:type=Deployer,host=localhost'
30-Nov-2019 15:06:58.258 INFORMA합ES [http-apr-8080-exec-8] org.apache.catalina.core.ApplicationContext.log Manager: init: Global resources are available
30-Nov-2019 15:06:58.273 INFORMA합ES [http-apr-8080-exec-8] org.apache.catalina.core.ApplicationContext.log Manager: list: Listing contexts for virtual host 'localhost'
30-Nov-2019 15:06:58.289 INFORMA합ES [http-apr-8080-exec-2] org.apache.catalina.core.ApplicationContext.log Manager: list: Listing contexts for virtual host 'localhost'
30-Nov-2019 15:06:59.508 INFORMA합ES [http-apr-8080-exec-6] org.apache.catalina.core.ApplicationContext.log Manager: restart: Reloading web application '/'
30-Nov-2019 15:35:08.053 INFORMA합ES [http-apr-8080-exec-18] org.apache.catalina.core.ApplicationContext.log Manager: list: Listing contexts for virtual host 'localhost'
30-Nov-2019 15:36:18.340 INFORMA합ES [http-apr-8080-exec-18] org.apache.catalina.core.ApplicationContext.log Manager: list: Listing contexts for virtual host 'localhost'
30-Nov-2019 15:36:18.480 INFORMA합ES [http-apr-8080-exec-14] org.apache.catalina.core.ApplicationContext.log Manager: restart: Reloading web application '/'
30-Nov-2019 15:37:12.407 INFORMA합ES [http-apr-8080-exec-19] org.apache.catalina.core.ApplicationContext.log Manager: list: Listing contexts for virtual host 'localhost'
30-Nov-2019 15:37:12.439 INFORMA합ES [http-apr-8080-exec-12] org.apache.catalina.core.ApplicationContext.log Manager: restart: Reloading web application '/'
30-Nov-2019 15:40:52.232 INFORMA합ES [44] org.apache.catalina.core.ApplicationContext.log Manager: list: Listing contexts for virtual host 'localhost'
30-Nov-2019 15:40:52.279 INFORMA합ES [http-apr-8080-exec-17] org.apache.catalina.core.ApplicationContext.log Manager: restart: Reloading web application '/'
30-Nov-2019 15:41:22.190 INFORMA합ES [http-apr-8080-exec-29] org.apache.catalina.core.ApplicationContext.log Manager: list: Listing contexts for virtual host 'localhost'
30-Nov-2019 15:41:22.284 INFORMA합ES [http-apr-8080-exec-28] org.apache.catalina.core.ApplicationContext.log Manager: restart: Reloading web application '/'
30-Nov-2019 15:41:53.172 INFORMA합ES [http-apr-8080-exec-32] org.apache.catalina.core.ApplicationContext.log Manager: list: Listing contexts for virtual host 'localhost'
30-Nov-2019 15:41:53.219 INFORMA합ES [http-apr-8080-exec-23] org.apache.catalina.core.ApplicationContext.log Manager: restart: Reloading web application '/'
30-Nov-2019 15:42:47.632 INFORMA합ES [http-apr-8080-exec-26] org.apache.catalina.core.ApplicationContext.log Manager: list: Listing contexts for virtual host 'localhost'
30-Nov-2019 15:42:47.664 INFORMA합ES [http-apr-8080-exec-34] org.apache.catalina.core.ApplicationContext.log Manager: restart: Reloading web application '/'
30-Nov-2019 15:43:13.131 INFORMA합ES [http-apr-8080-exec-30] org.apache.catalina.core.ApplicationContext.log Manager: list: Listing contexts for virtual host 'localhost'
30-Nov-2019 15:43:13.177 INFORMA합ES [http-apr-8080-exec-32] org.apache.catalina.core.ApplicationContext.log Manager: restart: Reloading web application '/'
30-Nov-2019 15:43:39.493 INFORMA합ES [http-apr-8080-exec-30] org.apache.catalina.core.ApplicationContext.log Manager: list: Listing contexts for virtual host 'localhost'
30-Nov-2019 15:43:39.509 INFORMA합ES [http-apr-8080-exec-26] org.apache.catalina.core.ApplicationContext.log Manager: restart: Reloading web application '/'
30-Nov-2019 15:49:57.127 INFORMA합ES [http-apr-8080-exec-45] org.apache.catalina.core.ApplicationContext.log Manager: list: Listing contexts for virtual host 'localhost'
30-Nov-2019 15:49:57.174 INFORMA합ES [http-apr-8080-exec-37] org.apache.catalina.core.ApplicationContext.log Manager: restart: Reloading web application '/'
30-Nov-2019 15:51:00.152 INFORMA합ES [http-apr-8080-exec-44] org.apache.catalina.core.ApplicationContext.log Manager: list: Listing contexts for virtual host 'localhost'
30-Nov-2019 15:51:00.214 INFORMA합ES [http-apr-8080-exec-43] org.apache.catalina.core.ApplicationContext.log Manager: restart: Reloading web application '/'
30-Nov-2019 15:51:23.440 INFORMA합ES [http-apr-8080-exec-48] org.apache.catalina.core.ApplicationContext.log Manager: list: Listing contexts for virtual host 'localhost'
30-Nov-2019 15:51:23.487 INFORMA합ES [http-apr-8080-exec-38] org.apache.catalina.core.ApplicationContext.log Manager: restart: Reloading web application '/'
30-Nov-2019 15:51:53.845 INFORMA합ES [http-apr-8080-exec-51] org.apache.catalina.core.ApplicationContext.log Manager: list: Listing contexts for virtual host 'localhost'
30-Nov-2019 15:51:53.876 INFORMA합ES [http-apr-8080-exec-41] org.apache.catalina.core.ApplicationContext.log Manager: restart: Reloading web application '/'
30-Nov-2019 15:52:19.735 INFORMA합ES [http-apr-8080-exec-52] org.apache.catalina.core.ApplicationContext.log Manager: list: Listing contexts for virtual host 'localhost'
30-Nov-2019 15:52:19.813 INFORMA합ES [http-apr-8080-exec-42] org.apache.catalina.core.ApplicationContext.log Manager: restart: Reloading web application '/'
30-Nov-2019 15:52:40.608 INFORMA합ES [http-apr-8080-exec-50] org.apache.catalina.core.ApplicationContext.log Manager: list: Listing contexts for virtual host 'localhost'
30-Nov-2019 15:52:40.671 INFORMA합ES [http-apr-8080-exec-52] org.apache.catalina.core.ApplicationContext.log Manager: restart: Reloading web application '/'
30-Nov-2019 15:53:53.072 INFORMA합ES [http-apr-8080-exec-50] org.apache.catalina.core.ApplicationContext.log Manager: list: Listing contexts for virtual host 'localhost'
30-Nov-2019 15:53:53.228 INFORMA합ES [http-apr-8080-exec-51] org.apache.catalina.core.ApplicationContext.log Manager: restart: Reloading web application '/'
30-Nov-2019 15:57:42.128 INFORMA합ES [http-apr-8080-exec-47] org.apache.catalina.core.ApplicationContext.log Manager: list: Listing contexts for virtual host 'localhost'
30-Nov-2019 15:57:42.159 INFORMA합ES [http-apr-8080-exec-48] org.apache.catalina.core.ApplicationContext.log Manager: restart: Reloading web application '/'
30-Nov-2019 15:58:05.412 INFORMA합ES [http-apr-8080-exec-47] org.apache.catalina.core.ApplicationContext.log Manager: list: Listing contexts for virtual host 'localhost'
30-Nov-2019 15:58:05.537 INFORMA합ES [http-apr-8080-exec-61] org.apache.catalina.core.ApplicationContext.log Manager: restart: Reloading web application '/'
30-Nov-2019 15:58:52.729 INFORMA합ES [http-apr-8080-exec-66] org.apache.catalina.core.ApplicationContext.log Manager: list: Listing contexts for virtual host 'localhost'
30-Nov-2019 15:58:52.760 INFORMA합ES [http-apr-8080-exec-64] org.apache.catalina.core.ApplicationContext.log Manager: restart: Reloading web application '/'
30-Nov-2019 15:59:20.034 INFORMA합ES [http-apr-8080-exec-65] org.apache.catalina.core.ApplicationContext.log Manager: list: Listing contexts for virtual host 'localhost'
30-Nov-2019 15:59:20.112 INFORMA합ES [http-apr-8080-exec-47] org.apache.catalina.core.ApplicationContext.log Manager: restart: Reloading web application '/'
30-Nov-2019 15:59:42.412 INFORMA합ES [http-apr-8080-exec-65] org.apache.catalina.core.ApplicationContext.log Manager: list: Listing contexts for virtual host 'localhost'
30-Nov-2019 15:59:42.428 INFORMA합ES [http-apr-8080-exec-63] org.apache.catalina.core.ApplicationContext.log Manager: restart: Reloading web application '/'
30-Nov-2019 16:00:10.272 INFORMA합ES [http-apr-8080-exec-59] org.apache.catalina.core.ApplicationContext.log Manager: list: Listing contexts for virtual host 'localhost'
30-Nov-2019 16:00:10.319 INFORMA합ES [http-apr-8080-exec-70] org.apache.catalina.core.ApplicationContext.log Manager: restart: Reloading web application '/'
30-Nov-2019 16:10:38.547 INFORMA합ES [http-apr-8080-exec-79] org.apache.catalina.core.ApplicationContext.log Manager: list: Listing contexts for virtual host 'localhost'
30-Nov-2019 16:10:38.758 INFORMA합ES [http-apr-8080-exec-80] org.apache.catalina.core.ApplicationContext.log Manager: restart: Reloading web application '/'
30-Nov-2019 16:12:04.372 INFORMA합ES [http-apr-8080-exec-83] org.apache.catalina.core.ApplicationContext.log Manager: list: Listing contexts for virtual host 'localhost'
30-Nov-2019 16:12:04.527 INFORMA합ES [http-apr-8080-exec-84] org.apache.catalina.core.ApplicationContext.log Manager: restart: Reloading web application '/'
30-Nov-2019 16:14:30.861 INFORMA합ES [http-apr-8080-exec-76] org.apache.catalina.core.ApplicationContext.log Manager: list: Listing contexts for virtual host 'localhost'
30-Nov-2019 16:14:30.896 INFORMA합ES [http-apr-8080-exec-73] org.apache.catalina.core.ApplicationContext.log Manager: restart: Reloading web application '/'
30-Nov-2019 16:17:55.907 INFORMA합ES [http-apr-8080-exec-75] org.apache.catalina.core.ApplicationContext.log Manager: list: Listing contexts for virtual host 'localhost'
30-Nov-2019 16:17:55.938 INFORMA합ES [http-apr-8080-exec-86] org.apache.catalina.core.ApplicationContext.log Manager: restart: Reloading web application '/'
30-Nov-2019 16:18:54.265 INFORMA합ES [http-apr-8080-exec-96] org.apache.catalina.core.ApplicationContext.log Manager: list: Listing contexts for virtual host 'localhost'
30-Nov-2019 16:18:54.280 INFORMA합ES [http-apr-8080-exec-99] org.apache.catalina.core.ApplicationContext.log Manager: restart: Reloading web application '/'
30-Nov-2019 16:19:09.185 INFORMA합ES [http-apr-8080-exec-95] org.apache.catalina.core.ApplicationContext.log Manager: list: Listing contexts for virtual host 'localhost'
30-Nov-2019 16:19:09.212 INFORMA합ES [http-apr-8080-exec-98] org.apache.catalina.core.ApplicationContext.log Manager: restart: Reloading web application '/'
30-Nov-2019 16:19:25.568 INFORMA합ES [http-apr-8080-exec-92] org.apache.catalina.core.ApplicationContext.log Manager: list: Listing contexts for virtual host 'localhost'
30-Nov-2019 16:19:25.599 INFORMA합ES [http-apr-8080-exec-95] org.apache.catalina.core.ApplicationContext.log Manager: restart: Reloading web application '/'
30-Nov-2019 16:19:55.081 INFORMA합ES [http-apr-8080-exec-97] org.apache.catalina.core.ApplicationContext.log Manager: list: Listing contexts for virtual host 'localhost'
30-Nov-2019 16:19:55.128 INFORMA합ES [http-apr-8080-exec-103] org.apache.catalina.core.ApplicationContext.log Manager: restart: Reloading web application '/'
30-Nov-2019 16:20:31.608 INFORMA합ES [http-apr-8080-exec-96] org.apache.catalina.core.ApplicationContext.log Manager: list: Listing contexts for virtual host 'localhost'
30-Nov-2019 16:20:31.639 INFORMA합ES [http-apr-8080-exec-105] org.apache.catalina.core.ApplicationContext.log Manager: restart: Reloading web application '/'
30-Nov-2019 16:21:12.163 INFORMA합ES [http-apr-8080-exec-107] org.apache.catalina.core.ApplicationContext.log Manager: list: Listing contexts for virtual host 'localhost'
30-Nov-2019 16:21:12.194 INFORMA합ES [http-apr-8080-exec-96] org.apache.catalina.core.ApplicationContext.log Manager: restart: Reloading web application '/'
30-Nov-2019 16:23:04.019 INFORMA합ES [http-apr-8080-exec-110] org.apache.catalina.core.ApplicationContext.log Manager: list: Listing contexts for virtual host 'localhost'
30-Nov-2019 16:23:04.034 INFORMA합ES [http-apr-8080-exec-111] org.apache.catalina.core.ApplicationContext.log Manager: restart: Reloading web application '/'
30-Nov-2019 16:40:41.673 INFORMA합ES [http-apr-8080-exec-114] org.apache.catalina.core.ApplicationContext.log Manager: list: Listing contexts for virtual host 'localhost'
30-Nov-2019 16:40:41.947 INFORMA합ES [http-apr-8080-exec-115] org.apache.catalina.core.ApplicationContext.log Manager: restart: Reloading web application '/'
30-Nov-2019 16:43:13.732 INFORMA합ES [http-apr-8080-exec-124] org.apache.catalina.core.ApplicationContext.log Manager: list: Listing contexts for virtual host 'localhost'
30-Nov-2019 16:43:13.774 INFORMA합ES [http-apr-8080-exec-129] org.apache.catalina.core.ApplicationContext.log Manager: restart: Reloading web application '/'
30-Nov-2019 17:27:14.065 INFORMA합ES [http-apr-8080-exec-137] org.apache.catalina.core.ApplicationContext.log Manager: list: Listing contexts for virtual host 'localhost'
30-Nov-2019 17:27:14.229 INFORMA합ES [http-apr-8080-exec-133] org.apache.catalina.core.ApplicationContext.log Manager: restart: Reloading web application '/'
30-Nov-2019 17:37:12.019 INFORMA합ES [http-apr-8080-exec-150] org.apache.catalina.core.ApplicationContext.log Manager: list: Listing contexts for virtual host 'localhost'
30-Nov-2019 17:37:12.144 INFORMA합ES [http-apr-8080-exec-151] org.apache.catalina.core.ApplicationContext.log Manager: restart: Reloading web application '/'
30-Nov-2019 17:38:15.309 INFORMA합ES [http-apr-8080-exec-148] org.apache.catalina.core.ApplicationContext.log Manager: list: Listing contexts for virtual host 'localhost'
30-Nov-2019 17:38:15.856 INFORMA합ES [http-apr-8080-exec-147] org.apache.catalina.core.ApplicationContext.log Manager: restart: Reloading web application '/'
30-Nov-2019 17:39:19.433 INFORMA합ES [http-apr-8080-exec-146] org.apache.catalina.core.ApplicationContext.log Manager: list: Listing contexts for virtual host 'localhost'
30-Nov-2019 17:39:19.596 INFORMA합ES [http-apr-8080-exec-155] org.apache.catalina.core.ApplicationContext.log Manager: restart: Reloading web application '/'
30-Nov-2019 17:39:49.927 INFORMA합ES [http-apr-8080-exec-149] org.apache.catalina.core.ApplicationContext.log Manager: list: Listing contexts for virtual host 'localhost'
30-Nov-2019 17:39:50.057 INFORMA합ES [http-apr-8080-exec-160] org.apache.catalina.core.ApplicationContext.log Manager: restart: Reloading web application '/'
30-Nov-2019 17:40:20.274 INFORMA합ES [http-apr-8080-exec-152] org.apache.catalina.core.ApplicationContext.log Manager: list: Listing contexts for virtual host 'localhost'
30-Nov-2019 17:40:20.489 INFORMA합ES [http-apr-8080-exec-149] org.apache.catalina.core.ApplicationContext.log Manager: restart: Reloading web application '/'
30-Nov-2019 17:47:32.943 INFORMA합ES [http-apr-8080-exec-171] org.apache.catalina.core.ApplicationContext.log Manager: list: Listing contexts for virtual host 'localhost'
30-Nov-2019 17:47:33.045 INFORMA합ES [http-apr-8080-exec-172] org.apache.catalina.core.ApplicationContext.log Manager: restart: Reloading web application '/'
30-Nov-2019 17:48:05.767 INFORMA합ES [http-apr-8080-exec-170] org.apache.catalina.core.ApplicationContext.log Manager: list: Listing contexts for virtual host 'localhost'
30-Nov-2019 17:48:05.813 INFORMA합ES [http-apr-8080-exec-174] org.apache.catalina.core.ApplicationContext.log Manager: restart: Reloading web application '/'
30-Nov-2019 17:48:31.028 INFORMA합ES [http-apr-8080-exec-176] org.apache.catalina.core.ApplicationContext.log Manager: list: Listing contexts for virtual host 'localhost'
30-Nov-2019 17:48:31.051 INFORMA합ES [http-apr-8080-exec-167] org.apache.catalina.core.ApplicationContext.log Manager: restart: Reloading web application '/'
30-Nov-2019 17:50:11.941 INFORMA합ES [http-apr-8080-exec-183] org.apache.catalina.core.ApplicationContext.log Manager: list: Listing contexts for virtual host 'localhost'
30-Nov-2019 17:50:12.160 INFORMA합ES [http-apr-8080-exec-168] org.apache.catalina.core.ApplicationContext.log Manager: restart: Reloading web application '/'
30-Nov-2019 17:51:48.063 INFORMA합ES [http-apr-8080-exec-188] org.apache.catalina.core.ApplicationContext.log Manager: list: Listing contexts for virtual host 'localhost'
30-Nov-2019 17:51:48.139 INFORMA합ES [http-apr-8080-exec-189] org.apache.catalina.core.ApplicationContext.log Manager: restart: Reloading web application '/'
30-Nov-2019 17:53:45.119 INFORMA합ES [http-apr-8080-exec-196] org.apache.catalina.core.ApplicationContext.log Manager: list: Listing contexts for virtual host 'localhost'
30-Nov-2019 17:53:45.147 INFORMA합ES [http-apr-8080-exec-197] org.apache.catalina.core.ApplicationContext.log Manager: restart: Reloading web application '/'
30-Nov-2019 17:54:14.428 INFORMA합ES [http-apr-8080-exec-191] org.apache.catalina.core.ApplicationContext.log Manager: list: Listing contexts for virtual host 'localhost'
30-Nov-2019 17:54:14.512 INFORMA합ES [http-apr-8080-exec-199] org.apache.catalina.core.ApplicationContext.log Manager: restart: Reloading web application '/'
30-Nov-2019 17:56:17.029 INFORMA합ES [http-apr-8080-exec-192] org.apache.catalina.core.ApplicationContext.log Manager: list: Listing contexts for virtual host 'localhost'
30-Nov-2019 17:56:17.177 INFORMA합ES [http-apr-8080-exec-193] org.apache.catalina.core.ApplicationContext.log Manager: restart: Reloading web application '/'
30-Nov-2019 17:56:41.982 INFORMA합ES [http-apr-8080-exec-186] org.apache.catalina.core.ApplicationContext.log Manager: list: Listing contexts for virtual host 'localhost'
30-Nov-2019 17:56:42.142 INFORMA합ES [http-apr-8080-exec-203] org.apache.catalina.core.ApplicationContext.log Manager: restart: Reloading web application '/'
30-Nov-2019 21:16:46.609 INFORMA합ES [http-apr-8080-exec-1] org.apache.catalina.core.ApplicationContext.log Manager: init: Associated with Deployer 'Catalina:type=Deployer,host=localhost'
30-Nov-2019 21:16:46.613 INFORMA합ES [http-apr-8080-exec-1] org.apache.catalina.core.ApplicationContext.log Manager: init: Global resources are available
30-Nov-2019 21:16:46.625 INFORMA합ES [http-apr-8080-exec-1] org.apache.catalina.core.ApplicationContext.log Manager: list: Listing contexts for virtual host 'localhost'
30-Nov-2019 21:16:46.685 INFORMA합ES [http-apr-8080-exec-12] org.apache.catalina.core.ApplicationContext.log Manager: list: Listing contexts for virtual host 'localhost'
30-Nov-2019 21:16:47.921 INFORMA합ES [http-apr-8080-exec-13] org.apache.catalina.core.ApplicationContext.log Manager: restart: Reloading web application '/'
30-Nov-2019 21:23:48.277 INFORMA합ES [http-apr-8080-exec-21] org.apache.catalina.core.ApplicationContext.log Manager: list: Listing contexts for virtual host 'localhost'
30-Nov-2019 21:23:48.325 INFORMA합ES [http-apr-8080-exec-24] org.apache.catalina.core.ApplicationContext.log Manager: restart: Reloading web application '/'
30-Nov-2019 21:24:25.069 INFORMA합ES [http-apr-8080-exec-19] org.apache.catalina.core.ApplicationContext.log Manager: list: Listing contexts for virtual host 'localhost'
30-Nov-2019 21:24:25.625 INFORMA합ES [http-apr-8080-exec-25] org.apache.catalina.core.ApplicationContext.log Manager: restart: Reloading web application '/'
30-Nov-2019 21:30:34.372 INFORMA합ES [http-apr-8080-exec-35] org.apache.catalina.core.ApplicationContext.log Manager: list: Listing contexts for virtual host 'localhost'
30-Nov-2019 21:30:34.432 INFORMA합ES [http-apr-8080-exec-21] org.apache.catalina.core.ApplicationContext.log Manager: restart: Reloading web application '/'
30-Nov-2019 21:31:31.315 INFORMA합ES [http-apr-8080-exec-33] org.apache.catalina.core.ApplicationContext.log Manager: list: Listing contexts for virtual host 'localhost'
30-Nov-2019 21:31:31.359 INFORMA합ES [http-apr-8080-exec-29] org.apache.catalina.core.ApplicationContext.log Manager: restart: Reloading web application '/'
30-Nov-2019 21:37:14.435 INFORMA합ES [http-apr-8080-exec-45] org.apache.catalina.core.ApplicationContext.log Manager: list: Listing contexts for virtual host 'localhost'
30-Nov-2019 21:37:14.767 INFORMA합ES [http-apr-8080-exec-46] org.apache.catalina.core.ApplicationContext.log Manager: restart: Reloading web application '/'
30-Nov-2019 21:37:52.422 INFORMA합ES [http-apr-8080-exec-39] org.apache.catalina.core.ApplicationContext.log Manager: list: Listing contexts for virtual host 'localhost'
30-Nov-2019 21:37:52.578 INFORMA합ES [http-apr-8080-exec-43] org.apache.catalina.core.ApplicationContext.log Manager: restart: Reloading web application '/'
30-Nov-2019 21:38:45.672 INFORMA합ES [http-apr-8080-exec-47] org.apache.catalina.core.ApplicationContext.log Manager: list: Listing contexts for virtual host 'localhost'
30-Nov-2019 21:38:45.788 INFORMA합ES [http-apr-8080-exec-38] org.apache.catalina.core.ApplicationContext.log Manager: restart: Reloading web application '/'
30-Nov-2019 21:39:37.388 INFORMA합ES [http-apr-8080-exec-39] org.apache.catalina.core.ApplicationContext.log Manager: list: Listing contexts for virtual host 'localhost'
30-Nov-2019 21:39:37.424 INFORMA합ES [http-apr-8080-exec-55] org.apache.catalina.core.ApplicationContext.log Manager: restart: Reloading web application '/'
30-Nov-2019 21:40:49.234 INFORMA합ES [http-apr-8080-exec-58] org.apache.catalina.core.ApplicationContext.log Manager: list: Listing contexts for virtual host 'localhost'
30-Nov-2019 21:40:49.262 INFORMA합ES [http-apr-8080-exec-59] org.apache.catalina.core.ApplicationContext.log Manager: restart: Reloading web application '/'
30-Nov-2019 21:41:24.288 INFORMA합ES [http-apr-8080-exec-57] org.apache.catalina.core.ApplicationContext.log Manager: list: Listing contexts for virtual host 'localhost'
30-Nov-2019 21:41:24.348 INFORMA합ES [http-apr-8080-exec-64] org.apache.catalina.core.ApplicationContext.log Manager: restart: Reloading web application '/'
30-Nov-2019 21:46:18.254 INFORMA합ES [http-apr-8080-exec-66] org.apache.catalina.core.ApplicationContext.log Manager: list: Listing contexts for virtual host 'localhost'
30-Nov-2019 21:46:18.290 INFORMA합ES [http-apr-8080-exec-70] org.apache.catalina.core.ApplicationContext.log Manager: restart: Reloading web application '/'
30-Nov-2019 22:43:42.327 INFORMA합ES [http-apr-8080-exec-12] org.apache.catalina.core.ApplicationContext.log Manager: init: Associated with Deployer 'Catalina:type=Deployer,host=localhost'
30-Nov-2019 22:43:42.331 INFORMA합ES [http-apr-8080-exec-12] org.apache.catalina.core.ApplicationContext.log Manager: init: Global resources are available
30-Nov-2019 22:43:42.335 INFORMA합ES [http-apr-8080-exec-12] org.apache.catalina.core.ApplicationContext.log Manager: list: Listing contexts for virtual host 'localhost'
30-Nov-2019 22:43:42.507 INFORMA합ES [http-apr-8080-exec-11] org.apache.catalina.core.ApplicationContext.log Manager: list: Listing contexts for virtual host 'localhost'
30-Nov-2019 22:43:44.303 INFORMA합ES [http-apr-8080-exec-3] org.apache.catalina.core.ApplicationContext.log Manager: restart: Reloading web application '/'
30-Nov-2019 22:48:04.144 INFORMA합ES [http-apr-8080-exec-26] org.apache.catalina.core.ApplicationContext.log Manager: list: Listing contexts for virtual host 'localhost'
30-Nov-2019 22:48:04.206 INFORMA합ES [http-apr-8080-exec-27] org.apache.catalina.core.ApplicationContext.log Manager: restart: Reloading web application '/'
30-Nov-2019 22:48:53.544 INFORMA합ES [http-apr-8080-exec-23] org.apache.catalina.core.ApplicationContext.log Manager: list: Listing contexts for virtual host 'localhost'
30-Nov-2019 22:48:53.575 INFORMA합ES [http-apr-8080-exec-28] org.apache.catalina.core.ApplicationContext.log Manager: restart: Reloading web application '/'
30-Nov-2019 23:04:26.756 INFORMA합ES [http-apr-8080-exec-32] org.apache.catalina.core.ApplicationContext.log Manager: list: Listing contexts for virtual host 'localhost'
30-Nov-2019 23:18:18.730 INFORMA합ES [http-apr-8080-exec-11] org.apache.catalina.core.ApplicationContext.log Manager: init: Associated with Deployer 'Catalina:type=Deployer,host=localhost'
30-Nov-2019 23:18:18.730 INFORMA합ES [http-apr-8080-exec-11] org.apache.catalina.core.ApplicationContext.log Manager: init: Global resources are available
30-Nov-2019 23:18:18.730 INFORMA합ES [http-apr-8080-exec-11] org.apache.catalina.core.ApplicationContext.log Manager: list: Listing contexts for virtual host 'localhost'
30-Nov-2019 23:18:18.761 INFORMA합ES [http-apr-8080-exec-3] org.apache.catalina.core.ApplicationContext.log Manager: list: Listing contexts for virtual host 'localhost'
30-Nov-2019 23:18:19.871 INFORMA합ES [http-apr-8080-exec-4] org.apache.catalina.core.ApplicationContext.log Manager: restart: Reloading web application '/'
30-Nov-2019 23:25:22.266 INFORMA합ES [http-apr-8080-exec-29] org.apache.catalina.core.ApplicationContext.log Manager: list: Listing contexts for virtual host 'localhost'
30-Nov-2019 23:25:22.360 INFORMA합ES [http-apr-8080-exec-27] org.apache.catalina.core.ApplicationContext.log Manager: restart: Reloading web application '/'
30-Nov-2019 23:26:07.304 INFORMA합ES [http-apr-8080-exec-29] org.apache.catalina.core.ApplicationContext.log Manager: list: Listing contexts for virtual host 'localhost'
30-Nov-2019 23:26:07.344 INFORMA합ES [http-apr-8080-exec-23] org.apache.catalina.core.ApplicationContext.log Manager: restart: Reloading web application '/'
